# JRE version: Java(TM) SE Runtime Environment (8.0_66-b18) (build 1.8.0_66-b18)
# Java VM: Java HotSpot(TM) 64-Bit Server VM (25.66-b18 mixed mode windows-amd64 compressed oops)
Heap:
 PSYoungGen      total 55296K, used 49882K [0x00000007bc400000, 0x00000007c0000000, 0x00000007c0000000)
  eden space 49152K, 93% used [0x00000007bc400000,0x00000007bf0f5f40,0x00000007bf400000)
  from space 6144K, 62% used [0x00000007bfa00000,0x00000007bfdc0c38,0x00000007c0000000)
  to   space 6144K, 0% used [0x00000007bf400000,0x00000007bf400000,0x00000007bfa00000)
 ParOldGen       total 376320K, used 334044K [0x0000000700000000, 0x0000000716f80000, 0x00000007bc400000)
  object space 376320K, 88% used [0x0000000700000000,0x0000000714637308,0x0000000716f80000)
 Metaspace       used 80617K, capacity 81649K, committed 82048K, reserved 1120256K
  class space    used 11909K, capacity 12096K, committed 12160K, reserved 1048576K
GC Heap History (10 events):
Event: 20741.146 GC heap before
{Heap before GC invocations=2103 (full 39):
 PSYoungGen      total 57856K, used 56436K [0x00000007bc400000, 0x00000007c0000000, 0x00000007c0000000)
  eden space 54272K, 100% used [0x00000007bc400000,0x00000007bf900000,0x00000007bf900000)
  from space 3584K, 60% used [0x00000007bf900000,0x00000007bfb1d220,0x00000007bfc80000)
  to   space 3584K, 0% used [0x00000007bfc80000,0x00000007bfc80000,0x00000007c0000000)
 ParOldGen       total 376320K, used 303759K [0x0000000700000000, 0x0000000716f80000, 0x00000007bc400000)
  object space 376320K, 80% used [0x0000000700000000,0x00000007128a3c48,0x0000000716f80000)
 Metaspace       used 80617K, capacity 81649K, committed 82048K, reserved 1120256K
  class space    used 11909K, capacity 12096K, committed 12160K, reserved 1048576K
Event: 20741.151 GC heap after
Heap after GC invocations=2103 (full 39):
 PSYoungGen      total 55808K, used 3555K [0x00000007bc400000, 0x00000007c0000000, 0x00000007c0000000)
  eden space 52224K, 0% used [0x00000007bc400000,0x00000007bc400000,0x00000007bf700000)
  from space 3584K, 99% used [0x00000007bfc80000,0x00000007bfff8e40,0x00000007c0000000)
  to   space 4608K, 0% used [0x00000007bf700000,0x00000007bf700000,0x00000007bfb80000)
 ParOldGen       total 376320K, used 304464K [0x0000000700000000, 0x0000000716f80000, 0x00000007bc400000)
  object space 376320K, 80% used [0x0000000700000000,0x00000007129541d8,0x0000000716f80000)
 Metaspace       used 80617K, capacity 81649K, committed 82048K, reserved 1120256K
  class space    used 11909K, capacity 12096K, committed 12160K, reserved 1048576K
}
Event: 20744.880 GC heap before
{Heap before GC invocations=2104 (full 39):
 PSYoungGen      total 55808K, used 55779K [0x00000007bc400000, 0x00000007c0000000, 0x00000007c0000000)
  eden space 52224K, 100% used [0x00000007bc400000,0x00000007bf700000,0x00000007bf700000)
  from space 3584K, 99% used [0x00000007bfc80000,0x00000007bfff8e40,0x00000007c0000000)
  to   space 4608K, 0% used [0x00000007bf700000,0x00000007bf700000,0x00000007bfb80000)
 ParOldGen       total 376320K, used 304464K [0x0000000700000000, 0x0000000716f80000, 0x00000007bc400000)
  object space 376320K, 80% used [0x0000000700000000,0x00000007129541d8,0x0000000716f80000)
 Metaspace       used 80617K, capacity 81649K, committed 82048K, reserved 1120256K
  class space    used 11909K, capacity 12096K, committed 12160K, reserved 1048576K
Event: 20744.885 GC heap after
Heap after GC invocations=2104 (full 39):
 PSYoungGen      total 56320K, used 4576K [0x00000007bc400000, 0x00000007c0000000, 0x00000007c0000000)
  eden space 51712K, 0% used [0x00000007bc400000,0x00000007bc400000,0x00000007bf680000)
  from space 4608K, 99% used [0x00000007bf700000,0x00000007bfb783a0,0x00000007bfb80000)
  to   space 4608K, 0% used [0x00000007bfb80000,0x00000007bfb80000,0x00000007c0000000)
 ParOldGen       total 376320K, used 305088K [0x0000000700000000, 0x0000000716f80000, 0x00000007bc400000)
  object space 376320K, 81% used [0x0000000700000000,0x00000007129f0208,0x0000000716f80000)
 Metaspace       used 80617K, capacity 81649K, committed 82048K, reserved 1120256K
  class space    used 11909K, capacity 12096K, committed 12160K, reserved 1048576K
}
Event: 20769.835 GC heap before
{Heap before GC invocations=2105 (full 39):
 PSYoungGen      total 56320K, used 56288K [0x00000007bc400000, 0x00000007c0000000, 0x00000007c0000000)
  eden space 51712K, 100% used [0x00000007bc400000,0x00000007bf680000,0x00000007bf680000)
  from space 4608K, 99% used [0x00000007bf700000,0x00000007bfb783a0,0x00000007bfb80000)
  to   space 4608K, 0% used [0x00000007bfb80000,0x00000007bfb80000,0x00000007c0000000)
 ParOldGen       total 376320K, used 305088K [0x0000000700000000, 0x0000000716f80000, 0x00000007bc400000)
  object space 376320K, 81% used [0x0000000700000000,0x00000007129f0208,0x0000000716f80000)
 Metaspace       used 80617K, capacity 81649K, committed 82048K, reserved 1120256K
  class space    used 11909K, capacity 12096K, committed 12160K, reserved 1048576K
Event: 20769.841 GC heap after
Heap after GC invocations=2105 (full 39):
 PSYoungGen      total 53760K, used 4577K [0x00000007bc400000, 0x00000007c0000000, 0x00000007c0000000)
  eden space 49152K, 0% used [0x00000007bc400000,0x00000007bc400000,0x00000007bf400000)
  from space 4608K, 99% used [0x00000007bfb80000,0x00000007bfff8668,0x00000007c0000000)
  to   space 6144K, 0% used [0x00000007bf400000,0x00000007bf400000,0x00000007bfa00000)
 ParOldGen       total 376320K, used 305936K [0x0000000700000000, 0x0000000716f80000, 0x00000007bc400000)
  object space 376320K, 81% used [0x0000000700000000,0x0000000712ac4268,0x0000000716f80000)
 Metaspace       used 80617K, capacity 81649K, committed 82048K, reserved 1120256K
  class space    used 11909K, capacity 12096K, committed 12160K, reserved 1048576K
}
Event: 20804.315 GC heap before
{Heap before GC invocations=2106 (full 39):
 PSYoungGen      total 53760K, used 53729K [0x00000007bc400000, 0x00000007c0000000, 0x00000007c0000000)
  eden space 49152K, 100% used [0x00000007bc400000,0x00000007bf400000,0x00000007bf400000)
  from space 4608K, 99% used [0x00000007bfb80000,0x00000007bfff8668,0x00000007c0000000)
  to   space 6144K, 0% used [0x00000007bf400000,0x00000007bf400000,0x00000007bfa00000)
 ParOldGen       total 376320K, used 305936K [0x0000000700000000, 0x0000000716f80000, 0x00000007bc400000)
  object space 376320K, 81% used [0x0000000700000000,0x0000000712ac4268,0x0000000716f80000)
 Metaspace       used 80617K, capacity 81649K, committed 82048K, reserved 1120256K
  class space    used 11909K, capacity 12096K, committed 12160K, reserved 1048576K
Event: 20804.334 GC heap after
Heap after GC invocations=2106 (full 39):
 PSYoungGen      total 55296K, used 3683K [0x00000007bc400000, 0x00000007c0000000, 0x00000007c0000000)
  eden space 49152K, 0% used [0x00000007bc400000,0x00000007bc400000,0x00000007bf400000)
  from space 6144K, 59% used [0x00000007bf400000,0x00000007bf798c38,0x00000007bfa00000)
  to   space 6144K, 0% used [0x00000007bfa00000,0x00000007bfa00000,0x00000007c0000000)
 ParOldGen       total 376320K, used 334044K [0x0000000700000000, 0x0000000716f80000, 0x00000007bc400000)
  object space 376320K, 88% used [0x0000000700000000,0x0000000714637308,0x0000000716f80000)
 Metaspace       used 80617K, capacity 81649K, committed 82048K, reserved 1120256K
  class space    used 11909K, capacity 12096K, committed 12160K, reserved 1048576K
}
Event: 20836.322 GC heap before
{Heap before GC invocations=2107 (full 39):
 PSYoungGen      total 55296K, used 52835K [0x00000007bc400000, 0x00000007c0000000, 0x00000007c0000000)
  eden space 49152K, 100% used [0x00000007bc400000,0x00000007bf400000,0x00000007bf400000)
  from space 6144K, 59% used [0x00000007bf400000,0x00000007bf798c38,0x00000007bfa00000)
  to   space 6144K, 0% used [0x00000007bfa00000,0x00000007bfa00000,0x00000007c0000000)
 ParOldGen       total 376320K, used 334044K [0x0000000700000000, 0x0000000716f80000, 0x00000007bc400000)
  object space 376320K, 88% used [0x0000000700000000,0x0000000714637308,0x0000000716f80000)
 Metaspace       used 80617K, capacity 81649K, committed 82048K, reserved 1120256K
  class space    used 11909K, capacity 12096K, committed 12160K, reserved 1048576K
Event: 20836.327 GC heap after
Heap after GC invocations=2107 (full 39):
 PSYoungGen      total 55296K, used 3843K [0x00000007bc400000, 0x00000007c0000000, 0x00000007c0000000)
  eden space 49152K, 0% used [0x00000007bc400000,0x00000007bc400000,0x00000007bf400000)
  from space 6144K, 62% used [0x00000007bfa00000,0x00000007bfdc0c38,0x00000007c0000000)
  to   space 6144K, 0% used [0x00000007bf400000,0x00000007bf400000,0x00000007bfa00000)
 ParOldGen       total 376320K, used 334044K [0x0000000700000000, 0x0000000716f80000, 0x00000007bc400000)
  object space 376320K, 88% used [0x0000000700000000,0x0000000714637308,0x0000000716f80000)
 Metaspace       used 80617K, capacity 81649K, committed 82048K, reserved 1120256K
  class space    used 11909K, capacity 12096K, committed 12160K, reserved 1048576K
}

