# JRE version: Java(TM) SE Runtime Environment (8.0_66-b18) (build 1.8.0_66-b18)
# Java VM: Java HotSpot(TM) 64-Bit Server VM (25.66-b18 mixed mode windows-amd64 compressed oops)
Heap:
 PSYoungGen      total 98816K, used 35761K [0x00000000f5580000, 0x00000000fbe00000, 0x0000000100000000)
  eden space 90624K, 39% used [0x00000000f5580000,0x00000000f786c598,0x00000000fae00000)
  from space 8192K, 0% used [0x00000000fb600000,0x00000000fb600000,0x00000000fbe00000)
  to   space 8192K, 0% used [0x00000000fae00000,0x00000000fae00000,0x00000000fb600000)
 ParOldGen       total 118272K, used 46757K [0x00000000e0000000, 0x00000000e7380000, 0x00000000f5580000)
  object space 118272K, 39% used [0x00000000e0000000,0x00000000e2da9680,0x00000000e7380000)
 Metaspace       used 88507K, capacity 95728K, committed 95960K, reserved 1132544K
  class space    used 10256K, capacity 12488K, committed 12544K, reserved 1048576K
GC Heap History (10 events):
Event: 1697.727 GC heap before
{Heap before GC invocations=62 (full 22):
 PSYoungGen      total 99328K, used 1536K [0x00000000f5580000, 0x00000000fbf00000, 0x0000000100000000)
  eden space 90624K, 0% used [0x00000000f5580000,0x00000000f5580000,0x00000000fae00000)
  from space 8704K, 17% used [0x00000000fb680000,0x00000000fb800000,0x00000000fbf00000)
  to   space 8704K, 0% used [0x00000000fae00000,0x00000000fae00000,0x00000000fb680000)
 ParOldGen       total 118272K, used 47098K [0x00000000e0000000, 0x00000000e7380000, 0x00000000f5580000)
  object space 118272K, 39% used [0x00000000e0000000,0x00000000e2dfea18,0x00000000e7380000)
 Metaspace       used 87727K, capacity 94860K, committed 95064K, reserved 1132544K
  class space    used 10169K, capacity 12328K, committed 12416K, reserved 1048576K
Event: 1697.897 GC heap after
Heap after GC invocations=62 (full 22):
 PSYoungGen      total 99328K, used 0K [0x00000000f5580000, 0x00000000fbf00000, 0x0000000100000000)
  eden space 90624K, 0% used [0x00000000f5580000,0x00000000f5580000,0x00000000fae00000)
  from space 8704K, 0% used [0x00000000fb680000,0x00000000fb680000,0x00000000fbf00000)
  to   space 8704K, 0% used [0x00000000fae00000,0x00000000fae00000,0x00000000fb680000)
 ParOldGen       total 118272K, used 46962K [0x00000000e0000000, 0x00000000e7380000, 0x00000000f5580000)
  object space 118272K, 39% used [0x00000000e0000000,0x00000000e2ddc8d0,0x00000000e7380000)
 Metaspace       used 87727K, capacity 94860K, committed 95064K, reserved 1132544K
  class space    used 10169K, capacity 12328K, committed 12416K, reserved 1048576K
}
Event: 1757.724 GC heap before
{Heap before GC invocations=63 (full 22):
 PSYoungGen      total 99328K, used 4919K [0x00000000f5580000, 0x00000000fbf00000, 0x0000000100000000)
  eden space 90624K, 5% used [0x00000000f5580000,0x00000000f5a4dce8,0x00000000fae00000)
  from space 8704K, 0% used [0x00000000fb680000,0x00000000fb680000,0x00000000fbf00000)
  to   space 8704K, 0% used [0x00000000fae00000,0x00000000fae00000,0x00000000fb680000)
 ParOldGen       total 118272K, used 46962K [0x00000000e0000000, 0x00000000e7380000, 0x00000000f5580000)
  object space 118272K, 39% used [0x00000000e0000000,0x00000000e2ddc8d0,0x00000000e7380000)
 Metaspace       used 87730K, capacity 94860K, committed 95064K, reserved 1132544K
  class space    used 10169K, capacity 12328K, committed 12416K, reserved 1048576K
Event: 1757.727 GC heap after
Heap after GC invocations=63 (full 22):
 PSYoungGen      total 91136K, used 288K [0x00000000f5580000, 0x00000000fbe00000, 0x0000000100000000)
  eden space 90624K, 0% used [0x00000000f5580000,0x00000000f5580000,0x00000000fae00000)
  from space 512K, 56% used [0x00000000fae00000,0x00000000fae48000,0x00000000fae80000)
  to   space 8192K, 0% used [0x00000000fb600000,0x00000000fb600000,0x00000000fbe00000)
 ParOldGen       total 118272K, used 46970K [0x00000000e0000000, 0x00000000e7380000, 0x00000000f5580000)
  object space 118272K, 39% used [0x00000000e0000000,0x00000000e2dde8d0,0x00000000e7380000)
 Metaspace       used 87730K, capacity 94860K, committed 95064K, reserved 1132544K
  class space    used 10169K, capacity 12328K, committed 12416K, reserved 1048576K
}
Event: 1757.727 GC heap before
{Heap before GC invocations=64 (full 23):
 PSYoungGen      total 91136K, used 288K [0x00000000f5580000, 0x00000000fbe00000, 0x0000000100000000)
  eden space 90624K, 0% used [0x00000000f5580000,0x00000000f5580000,0x00000000fae00000)
  from space 512K, 56% used [0x00000000fae00000,0x00000000fae48000,0x00000000fae80000)
  to   space 8192K, 0% used [0x00000000fb600000,0x00000000fb600000,0x00000000fbe00000)
 ParOldGen       total 118272K, used 46970K [0x00000000e0000000, 0x00000000e7380000, 0x00000000f5580000)
  object space 118272K, 39% used [0x00000000e0000000,0x00000000e2dde8d0,0x00000000e7380000)
 Metaspace       used 87730K, capacity 94860K, committed 95064K, reserved 1132544K
  class space    used 10169K, capacity 12328K, committed 12416K, reserved 1048576K
Event: 1757.833 GC heap after
Heap after GC invocations=64 (full 23):
 PSYoungGen      total 91136K, used 0K [0x00000000f5580000, 0x00000000fbe00000, 0x0000000100000000)
  eden space 90624K, 0% used [0x00000000f5580000,0x00000000f5580000,0x00000000fae00000)
  from space 512K, 0% used [0x00000000fae00000,0x00000000fae00000,0x00000000fae80000)
  to   space 8192K, 0% used [0x00000000fb600000,0x00000000fb600000,0x00000000fbe00000)
 ParOldGen       total 118272K, used 46451K [0x00000000e0000000, 0x00000000e7380000, 0x00000000f5580000)
  object space 118272K, 39% used [0x00000000e0000000,0x00000000e2d5cce8,0x00000000e7380000)
 Metaspace       used 87730K, capacity 94860K, committed 95064K, reserved 1132544K
  class space    used 10169K, capacity 12328K, committed 12416K, reserved 1048576K
}
Event: 1817.724 GC heap before
{Heap before GC invocations=65 (full 23):
 PSYoungGen      total 91136K, used 8404K [0x00000000f5580000, 0x00000000fbe00000, 0x0000000100000000)
  eden space 90624K, 9% used [0x00000000f5580000,0x00000000f5db5230,0x00000000fae00000)
  from space 512K, 0% used [0x00000000fae00000,0x00000000fae00000,0x00000000fae80000)
  to   space 8192K, 0% used [0x00000000fb600000,0x00000000fb600000,0x00000000fbe00000)
 ParOldGen       total 118272K, used 46451K [0x00000000e0000000, 0x00000000e7380000, 0x00000000f5580000)
  object space 118272K, 39% used [0x00000000e0000000,0x00000000e2d5cce8,0x00000000e7380000)
 Metaspace       used 87739K, capacity 94860K, committed 95064K, reserved 1132544K
  class space    used 10169K, capacity 12328K, committed 12416K, reserved 1048576K
Event: 1817.728 GC heap after
Heap after GC invocations=65 (full 23):
 PSYoungGen      total 98816K, used 736K [0x00000000f5580000, 0x00000000fbe00000, 0x0000000100000000)
  eden space 90624K, 0% used [0x00000000f5580000,0x00000000f5580000,0x00000000fae00000)
  from space 8192K, 8% used [0x00000000fb600000,0x00000000fb6b8000,0x00000000fbe00000)
  to   space 8192K, 0% used [0x00000000fae00000,0x00000000fae00000,0x00000000fb600000)
 ParOldGen       total 118272K, used 46451K [0x00000000e0000000, 0x00000000e7380000, 0x00000000f5580000)
  object space 118272K, 39% used [0x00000000e0000000,0x00000000e2d5cce8,0x00000000e7380000)
 Metaspace       used 87739K, capacity 94860K, committed 95064K, reserved 1132544K
  class space    used 10169K, capacity 12328K, committed 12416K, reserved 1048576K
}
Event: 1817.728 GC heap before
{Heap before GC invocations=66 (full 24):
 PSYoungGen      total 98816K, used 736K [0x00000000f5580000, 0x00000000fbe00000, 0x0000000100000000)
  eden space 90624K, 0% used [0x00000000f5580000,0x00000000f5580000,0x00000000fae00000)
  from space 8192K, 8% used [0x00000000fb600000,0x00000000fb6b8000,0x00000000fbe00000)
  to   space 8192K, 0% used [0x00000000fae00000,0x00000000fae00000,0x00000000fb600000)
 ParOldGen       total 118272K, used 46451K [0x00000000e0000000, 0x00000000e7380000, 0x00000000f5580000)
  object space 118272K, 39% used [0x00000000e0000000,0x00000000e2d5cce8,0x00000000e7380000)
 Metaspace       used 87739K, capacity 94860K, committed 95064K, reserved 1132544K
  class space    used 10169K, capacity 12328K, committed 12416K, reserved 1048576K
Event: 1817.844 GC heap after
Heap after GC invocations=66 (full 24):
 PSYoungGen      total 98816K, used 0K [0x00000000f5580000, 0x00000000fbe00000, 0x0000000100000000)
  eden space 90624K, 0% used [0x00000000f5580000,0x00000000f5580000,0x00000000fae00000)
  from space 8192K, 0% used [0x00000000fb600000,0x00000000fb600000,0x00000000fbe00000)
  to   space 8192K, 0% used [0x00000000fae00000,0x00000000fae00000,0x00000000fb600000)
 ParOldGen       total 118272K, used 46757K [0x00000000e0000000, 0x00000000e7380000, 0x00000000f5580000)
  object space 118272K, 39% used [0x00000000e0000000,0x00000000e2da9680,0x00000000e7380000)
 Metaspace       used 87739K, capacity 94860K, committed 95064K, reserved 1132544K
  class space    used 10169K, capacity 12328K, committed 12416K, reserved 1048576K
}

