# JRE version: Java(TM) SE Runtime Environment (8.0_66-b18) (build 1.8.0_66-b18)
# Java VM: Java HotSpot(TM) 64-Bit Server VM (25.66-b18 mixed mode windows-amd64 compressed oops)
Heap:
 PSYoungGen      total 110080K, used 43151K [0x00000000f5580000, 0x00000000fe380000, 0x0000000100000000)
  eden space 78336K, 52% used [0x00000000f5580000,0x00000000f7d99e68,0x00000000fa200000)
  from space 31744K, 6% used [0x00000000fc100000,0x00000000fc30a058,0x00000000fe000000)
  to   space 31744K, 0% used [0x00000000fa200000,0x00000000fa200000,0x00000000fc100000)
 ParOldGen       total 116224K, used 56570K [0x00000000e0000000, 0x00000000e7180000, 0x00000000f5580000)
  object space 116224K, 48% used [0x00000000e0000000,0x00000000e373e8d0,0x00000000e7180000)
 Metaspace       used 83736K, capacity 90932K, committed 91156K, reserved 1128448K
  class space    used 10078K, capacity 12308K, committed 12308K, reserved 1048576K
GC Heap History (10 events):
Event: 323.599 GC heap before
{Heap before GC invocations=17 (full 3):
 PSYoungGen      total 100352K, used 59828K [0x00000000f5580000, 0x00000000fdc00000, 0x0000000100000000)
  eden space 72704K, 51% used [0x00000000f5580000,0x00000000f7a11c50,0x00000000f9c80000)
  from space 27648K, 80% used [0x00000000f9c80000,0x00000000fb25b758,0x00000000fb780000)
  to   space 29696K, 0% used [0x00000000fbf00000,0x00000000fbf00000,0x00000000fdc00000)
 ParOldGen       total 116224K, used 43183K [0x00000000e0000000, 0x00000000e7180000, 0x00000000f5580000)
  object space 116224K, 37% used [0x00000000e0000000,0x00000000e2a2bf48,0x00000000e7180000)
 Metaspace       used 81526K, capacity 88838K, committed 88980K, reserved 1126400K
  class space    used 9906K, capacity 12079K, committed 12180K, reserved 1048576K
Event: 323.633 GC heap after
Heap after GC invocations=17 (full 3):
 PSYoungGen      total 107008K, used 20796K [0x00000000f5580000, 0x00000000fde00000, 0x0000000100000000)
  eden space 77312K, 0% used [0x00000000f5580000,0x00000000f5580000,0x00000000fa100000)
  from space 29696K, 70% used [0x00000000fbf00000,0x00000000fd34f2f8,0x00000000fdc00000)
  to   space 30720K, 0% used [0x00000000fa100000,0x00000000fa100000,0x00000000fbf00000)
 ParOldGen       total 116224K, used 43255K [0x00000000e0000000, 0x00000000e7180000, 0x00000000f5580000)
  object space 116224K, 37% used [0x00000000e0000000,0x00000000e2a3df58,0x00000000e7180000)
 Metaspace       used 81526K, capacity 88838K, committed 88980K, reserved 1126400K
  class space    used 9906K, capacity 12079K, committed 12180K, reserved 1048576K
}
Event: 323.633 GC heap before
{Heap before GC invocations=18 (full 4):
 PSYoungGen      total 107008K, used 20796K [0x00000000f5580000, 0x00000000fde00000, 0x0000000100000000)
  eden space 77312K, 0% used [0x00000000f5580000,0x00000000f5580000,0x00000000fa100000)
  from space 29696K, 70% used [0x00000000fbf00000,0x00000000fd34f2f8,0x00000000fdc00000)
  to   space 30720K, 0% used [0x00000000fa100000,0x00000000fa100000,0x00000000fbf00000)
 ParOldGen       total 116224K, used 43255K [0x00000000e0000000, 0x00000000e7180000, 0x00000000f5580000)
  object space 116224K, 37% used [0x00000000e0000000,0x00000000e2a3df58,0x00000000e7180000)
 Metaspace       used 81526K, capacity 88838K, committed 88980K, reserved 1126400K
  class space    used 9906K, capacity 12079K, committed 12180K, reserved 1048576K
Event: 323.923 GC heap after
Heap after GC invocations=18 (full 4):
 PSYoungGen      total 107008K, used 0K [0x00000000f5580000, 0x00000000fde00000, 0x0000000100000000)
  eden space 77312K, 0% used [0x00000000f5580000,0x00000000f5580000,0x00000000fa100000)
  from space 29696K, 0% used [0x00000000fbf00000,0x00000000fbf00000,0x00000000fdc00000)
  to   space 30720K, 0% used [0x00000000fa100000,0x00000000fa100000,0x00000000fbf00000)
 ParOldGen       total 116224K, used 57262K [0x00000000e0000000, 0x00000000e7180000, 0x00000000f5580000)
  object space 116224K, 49% used [0x00000000e0000000,0x00000000e37eb930,0x00000000e7180000)
 Metaspace       used 81526K, capacity 88838K, committed 88980K, reserved 1126400K
  class space    used 9906K, capacity 12079K, committed 12180K, reserved 1048576K
}
Event: 383.620 GC heap before
{Heap before GC invocations=19 (full 4):
 PSYoungGen      total 107008K, used 4271K [0x00000000f5580000, 0x00000000fde00000, 0x0000000100000000)
  eden space 77312K, 5% used [0x00000000f5580000,0x00000000f59abd90,0x00000000fa100000)
  from space 29696K, 0% used [0x00000000fbf00000,0x00000000fbf00000,0x00000000fdc00000)
  to   space 30720K, 0% used [0x00000000fa100000,0x00000000fa100000,0x00000000fbf00000)
 ParOldGen       total 116224K, used 57262K [0x00000000e0000000, 0x00000000e7180000, 0x00000000f5580000)
  object space 116224K, 49% used [0x00000000e0000000,0x00000000e37eb930,0x00000000e7180000)
 Metaspace       used 81595K, capacity 88966K, committed 89236K, reserved 1126400K
  class space    used 9913K, capacity 12143K, committed 12180K, reserved 1048576K
Event: 383.623 GC heap after
Heap after GC invocations=19 (full 4):
 PSYoungGen      total 108032K, used 320K [0x00000000f5580000, 0x00000000fe000000, 0x0000000100000000)
  eden space 77312K, 0% used [0x00000000f5580000,0x00000000f5580000,0x00000000fa100000)
  from space 30720K, 1% used [0x00000000fa100000,0x00000000fa150000,0x00000000fbf00000)
  to   space 31744K, 0% used [0x00000000fc100000,0x00000000fc100000,0x00000000fe000000)
 ParOldGen       total 116224K, used 57262K [0x00000000e0000000, 0x00000000e7180000, 0x00000000f5580000)
  object space 116224K, 49% used [0x00000000e0000000,0x00000000e37eb930,0x00000000e7180000)
 Metaspace       used 81595K, capacity 88966K, committed 89236K, reserved 1126400K
  class space    used 9913K, capacity 12143K, committed 12180K, reserved 1048576K
}
Event: 383.623 GC heap before
{Heap before GC invocations=20 (full 5):
 PSYoungGen      total 108032K, used 320K [0x00000000f5580000, 0x00000000fe000000, 0x0000000100000000)
  eden space 77312K, 0% used [0x00000000f5580000,0x00000000f5580000,0x00000000fa100000)
  from space 30720K, 1% used [0x00000000fa100000,0x00000000fa150000,0x00000000fbf00000)
  to   space 31744K, 0% used [0x00000000fc100000,0x00000000fc100000,0x00000000fe000000)
 ParOldGen       total 116224K, used 57262K [0x00000000e0000000, 0x00000000e7180000, 0x00000000f5580000)
  object space 116224K, 49% used [0x00000000e0000000,0x00000000e37eb930,0x00000000e7180000)
 Metaspace       used 81595K, capacity 88966K, committed 89236K, reserved 1126400K
  class space    used 9913K, capacity 12143K, committed 12180K, reserved 1048576K
Event: 383.961 GC heap after
Heap after GC invocations=20 (full 5):
 PSYoungGen      total 108032K, used 0K [0x00000000f5580000, 0x00000000fe000000, 0x0000000100000000)
  eden space 77312K, 0% used [0x00000000f5580000,0x00000000f5580000,0x00000000fa100000)
  from space 30720K, 0% used [0x00000000fa100000,0x00000000fa100000,0x00000000fbf00000)
  to   space 31744K, 0% used [0x00000000fc100000,0x00000000fc100000,0x00000000fe000000)
 ParOldGen       total 116224K, used 56562K [0x00000000e0000000, 0x00000000e7180000, 0x00000000f5580000)
  object space 116224K, 48% used [0x00000000e0000000,0x00000000e373c8d0,0x00000000e7180000)
 Metaspace       used 81595K, capacity 88966K, committed 89236K, reserved 1126400K
  class space    used 9913K, capacity 12143K, committed 12180K, reserved 1048576K
}
Event: 417.771 GC heap before
{Heap before GC invocations=21 (full 5):
 PSYoungGen      total 108032K, used 77312K [0x00000000f5580000, 0x00000000fe000000, 0x0000000100000000)
  eden space 77312K, 100% used [0x00000000f5580000,0x00000000fa100000,0x00000000fa100000)
  from space 30720K, 0% used [0x00000000fa100000,0x00000000fa100000,0x00000000fbf00000)
  to   space 31744K, 0% used [0x00000000fc100000,0x00000000fc100000,0x00000000fe000000)
 ParOldGen       total 116224K, used 56562K [0x00000000e0000000, 0x00000000e7180000, 0x00000000f5580000)
  object space 116224K, 48% used [0x00000000e0000000,0x00000000e373c8d0,0x00000000e7180000)
 Metaspace       used 82716K, capacity 90188K, committed 90388K, reserved 1128448K
  class space    used 9966K, capacity 12208K, committed 12308K, reserved 1048576K
Event: 417.776 GC heap after
Heap after GC invocations=21 (full 5):
 PSYoungGen      total 110080K, used 2088K [0x00000000f5580000, 0x00000000fe380000, 0x0000000100000000)
  eden space 78336K, 0% used [0x00000000f5580000,0x00000000f5580000,0x00000000fa200000)
  from space 31744K, 6% used [0x00000000fc100000,0x00000000fc30a058,0x00000000fe000000)
  to   space 31744K, 0% used [0x00000000fa200000,0x00000000fa200000,0x00000000fc100000)
 ParOldGen       total 116224K, used 56570K [0x00000000e0000000, 0x00000000e7180000, 0x00000000f5580000)
  object space 116224K, 48% used [0x00000000e0000000,0x00000000e373e8d0,0x00000000e7180000)
 Metaspace       used 82716K, capacity 90188K, committed 90388K, reserved 1128448K
  class space    used 9966K, capacity 12208K, committed 12308K, reserved 1048576K
}

