# JRE version: Java(TM) SE Runtime Environment (8.0_66-b18) (build 1.8.0_66-b18)
# Java VM: Java HotSpot(TM) 64-Bit Server VM (25.66-b18 mixed mode windows-amd64 compressed oops)
Heap:
 PSYoungGen      total 83456K, used 77190K [0x00000000f5580000, 0x00000000fad00000, 0x0000000100000000)
  eden space 78336K, 95% used [0x00000000f5580000,0x00000000f9e81858,0x00000000fa200000)
  from space 5120K, 47% used [0x00000000fa200000,0x00000000fa460000,0x00000000fa700000)
  to   space 5120K, 0% used [0x00000000fa800000,0x00000000fa800000,0x00000000fad00000)
 ParOldGen       total 116736K, used 46725K [0x00000000e0000000, 0x00000000e7200000, 0x00000000f5580000)
  object space 116736K, 40% used [0x00000000e0000000,0x00000000e2da1668,0x00000000e7200000)
 Metaspace       used 87402K, capacity 94586K, committed 94632K, reserved 1132544K
  class space    used 10186K, capacity 12454K, committed 12456K, reserved 1048576K
GC Heap History (10 events):
Event: 3451.955 GC heap before
{Heap before GC invocations=105 (full 45):
 PSYoungGen      total 81920K, used 79476K [0x00000000f5580000, 0x00000000fac00000, 0x0000000100000000)
  eden space 76800K, 100% used [0x00000000f5580000,0x00000000fa080000,0x00000000fa080000)
  from space 5120K, 52% used [0x00000000fa080000,0x00000000fa31d040,0x00000000fa580000)
  to   space 5120K, 0% used [0x00000000fa700000,0x00000000fa700000,0x00000000fac00000)
 ParOldGen       total 116736K, used 46206K [0x00000000e0000000, 0x00000000e7200000, 0x00000000f5580000)
  object space 116736K, 39% used [0x00000000e0000000,0x00000000e2d1f858,0x00000000e7200000)
 Metaspace       used 85951K, capacity 93156K, committed 93480K, reserved 1130496K
  class space    used 10062K, capacity 12259K, committed 12328K, reserved 1048576K
Event: 3451.963 GC heap after
Heap after GC invocations=105 (full 45):
 PSYoungGen      total 83456K, used 2596K [0x00000000f5580000, 0x00000000fac00000, 0x0000000100000000)
  eden space 78336K, 0% used [0x00000000f5580000,0x00000000f5580000,0x00000000fa200000)
  from space 5120K, 50% used [0x00000000fa700000,0x00000000fa989050,0x00000000fac00000)
  to   space 5120K, 0% used [0x00000000fa200000,0x00000000fa200000,0x00000000fa700000)
 ParOldGen       total 116736K, used 46214K [0x00000000e0000000, 0x00000000e7200000, 0x00000000f5580000)
  object space 116736K, 39% used [0x00000000e0000000,0x00000000e2d21858,0x00000000e7200000)
 Metaspace       used 85951K, capacity 93156K, committed 93480K, reserved 1130496K
  class space    used 10062K, capacity 12259K, committed 12328K, reserved 1048576K
}
Event: 3456.218 GC heap before
{Heap before GC invocations=106 (full 45):
 PSYoungGen      total 83456K, used 17442K [0x00000000f5580000, 0x00000000fac00000, 0x0000000100000000)
  eden space 78336K, 18% used [0x00000000f5580000,0x00000000f63ff8a8,0x00000000fa200000)
  from space 5120K, 50% used [0x00000000fa700000,0x00000000fa989050,0x00000000fac00000)
  to   space 5120K, 0% used [0x00000000fa200000,0x00000000fa200000,0x00000000fa700000)
 ParOldGen       total 116736K, used 46214K [0x00000000e0000000, 0x00000000e7200000, 0x00000000f5580000)
  object space 116736K, 39% used [0x00000000e0000000,0x00000000e2d21858,0x00000000e7200000)
 Metaspace       used 85972K, capacity 93220K, committed 93480K, reserved 1130496K
  class space    used 10062K, capacity 12259K, committed 12328K, reserved 1048576K
Event: 3456.226 GC heap after
Heap after GC invocations=106 (full 45):
 PSYoungGen      total 83456K, used 2644K [0x00000000f5580000, 0x00000000fac00000, 0x0000000100000000)
  eden space 78336K, 0% used [0x00000000f5580000,0x00000000f5580000,0x00000000fa200000)
  from space 5120K, 51% used [0x00000000fa200000,0x00000000fa495040,0x00000000fa700000)
  to   space 5120K, 0% used [0x00000000fa700000,0x00000000fa700000,0x00000000fac00000)
 ParOldGen       total 116736K, used 46222K [0x00000000e0000000, 0x00000000e7200000, 0x00000000f5580000)
  object space 116736K, 39% used [0x00000000e0000000,0x00000000e2d23858,0x00000000e7200000)
 Metaspace       used 85972K, capacity 93220K, committed 93480K, reserved 1130496K
  class space    used 10062K, capacity 12259K, committed 12328K, reserved 1048576K
}
Event: 3456.226 GC heap before
{Heap before GC invocations=107 (full 46):
 PSYoungGen      total 83456K, used 2644K [0x00000000f5580000, 0x00000000fac00000, 0x0000000100000000)
  eden space 78336K, 0% used [0x00000000f5580000,0x00000000f5580000,0x00000000fa200000)
  from space 5120K, 51% used [0x00000000fa200000,0x00000000fa495040,0x00000000fa700000)
  to   space 5120K, 0% used [0x00000000fa700000,0x00000000fa700000,0x00000000fac00000)
 ParOldGen       total 116736K, used 46222K [0x00000000e0000000, 0x00000000e7200000, 0x00000000f5580000)
  object space 116736K, 39% used [0x00000000e0000000,0x00000000e2d23858,0x00000000e7200000)
 Metaspace       used 85972K, capacity 93220K, committed 93480K, reserved 1130496K
  class space    used 10062K, capacity 12259K, committed 12328K, reserved 1048576K
Event: 3456.874 GC heap after
Heap after GC invocations=107 (full 46):
 PSYoungGen      total 83456K, used 0K [0x00000000f5580000, 0x00000000fac00000, 0x0000000100000000)
  eden space 78336K, 0% used [0x00000000f5580000,0x00000000f5580000,0x00000000fa200000)
  from space 5120K, 0% used [0x00000000fa200000,0x00000000fa200000,0x00000000fa700000)
  to   space 5120K, 0% used [0x00000000fa700000,0x00000000fa700000,0x00000000fac00000)
 ParOldGen       total 116736K, used 46709K [0x00000000e0000000, 0x00000000e7200000, 0x00000000f5580000)
  object space 116736K, 40% used [0x00000000e0000000,0x00000000e2d9d668,0x00000000e7200000)
 Metaspace       used 85972K, capacity 93220K, committed 93480K, reserved 1130496K
  class space    used 10062K, capacity 12259K, committed 12328K, reserved 1048576K
}
Event: 3489.862 GC heap before
{Heap before GC invocations=108 (full 46):
 PSYoungGen      total 83456K, used 78336K [0x00000000f5580000, 0x00000000fac00000, 0x0000000100000000)
  eden space 78336K, 100% used [0x00000000f5580000,0x00000000fa200000,0x00000000fa200000)
  from space 5120K, 0% used [0x00000000fa200000,0x00000000fa200000,0x00000000fa700000)
  to   space 5120K, 0% used [0x00000000fa700000,0x00000000fa700000,0x00000000fac00000)
 ParOldGen       total 116736K, used 46709K [0x00000000e0000000, 0x00000000e7200000, 0x00000000f5580000)
  object space 116736K, 40% used [0x00000000e0000000,0x00000000e2d9d668,0x00000000e7200000)
 Metaspace       used 86111K, capacity 93418K, committed 93736K, reserved 1130496K
  class space    used 10063K, capacity 12260K, committed 12328K, reserved 1048576K
Event: 3489.871 GC heap after
Heap after GC invocations=108 (full 46):
 PSYoungGen      total 83456K, used 1536K [0x00000000f5580000, 0x00000000fad00000, 0x0000000100000000)
  eden space 78336K, 0% used [0x00000000f5580000,0x00000000f5580000,0x00000000fa200000)
  from space 5120K, 30% used [0x00000000fa700000,0x00000000fa880000,0x00000000fac00000)
  to   space 5120K, 0% used [0x00000000fa200000,0x00000000fa200000,0x00000000fa700000)
 ParOldGen       total 116736K, used 46717K [0x00000000e0000000, 0x00000000e7200000, 0x00000000f5580000)
  object space 116736K, 40% used [0x00000000e0000000,0x00000000e2d9f668,0x00000000e7200000)
 Metaspace       used 86111K, capacity 93418K, committed 93736K, reserved 1130496K
  class space    used 10063K, capacity 12260K, committed 12328K, reserved 1048576K
}
Event: 3620.622 GC heap before
{Heap before GC invocations=109 (full 46):
 PSYoungGen      total 83456K, used 79872K [0x00000000f5580000, 0x00000000fad00000, 0x0000000100000000)
  eden space 78336K, 100% used [0x00000000f5580000,0x00000000fa200000,0x00000000fa200000)
  from space 5120K, 30% used [0x00000000fa700000,0x00000000fa880000,0x00000000fac00000)
  to   space 5120K, 0% used [0x00000000fa200000,0x00000000fa200000,0x00000000fa700000)
 ParOldGen       total 116736K, used 46717K [0x00000000e0000000, 0x00000000e7200000, 0x00000000f5580000)
  object space 116736K, 40% used [0x00000000e0000000,0x00000000e2d9f668,0x00000000e7200000)
 Metaspace       used 86308K, capacity 93494K, committed 93736K, reserved 1130496K
  class space    used 10064K, capacity 12262K, committed 12328K, reserved 1048576K
Event: 3620.632 GC heap after
Heap after GC invocations=109 (full 46):
 PSYoungGen      total 83456K, used 2432K [0x00000000f5580000, 0x00000000fad00000, 0x0000000100000000)
  eden space 78336K, 0% used [0x00000000f5580000,0x00000000f5580000,0x00000000fa200000)
  from space 5120K, 47% used [0x00000000fa200000,0x00000000fa460000,0x00000000fa700000)
  to   space 5120K, 0% used [0x00000000fa800000,0x00000000fa800000,0x00000000fad00000)
 ParOldGen       total 116736K, used 46725K [0x00000000e0000000, 0x00000000e7200000, 0x00000000f5580000)
  object space 116736K, 40% used [0x00000000e0000000,0x00000000e2da1668,0x00000000e7200000)
 Metaspace       used 86308K, capacity 93494K, committed 93736K, reserved 1130496K
  class space    used 10064K, capacity 12262K, committed 12328K, reserved 1048576K
}

