# JRE version: Java(TM) SE Runtime Environment (8.0_66-b18) (build 1.8.0_66-b18)
# Java VM: Java HotSpot(TM) 64-Bit Server VM (25.66-b18 mixed mode windows-amd64 compressed oops)
Heap:
 PSYoungGen      total 110592K, used 35605K [0x00000000f5580000, 0x00000000fde00000, 0x0000000100000000)
  eden space 81408K, 43% used [0x00000000f5580000,0x00000000f7845718,0x00000000fa500000)
  from space 29184K, 0% used [0x00000000fc180000,0x00000000fc180000,0x00000000fde00000)
  to   space 29184K, 0% used [0x00000000fa500000,0x00000000fa500000,0x00000000fc180000)
 ParOldGen       total 118784K, used 57500K [0x00000000e0000000, 0x00000000e7400000, 0x00000000f5580000)
  object space 118784K, 48% used [0x00000000e0000000,0x00000000e3827260,0x00000000e7400000)
 Metaspace       used 84033K, capacity 91308K, committed 91560K, reserved 1128448K
  class space    used 10092K, capacity 12337K, committed 12456K, reserved 1048576K
GC Heap History (10 events):
Event: 63.324 GC heap before
{Heap before GC invocations=17 (full 3):
 PSYoungGen      total 96768K, used 52742K [0x00000000f5580000, 0x00000000fd700000, 0x0000000100000000)
  eden space 70656K, 46% used [0x00000000f5580000,0x00000000f753f148,0x00000000f9a80000)
  from space 26112K, 77% used [0x00000000f9a80000,0x00000000fae42830,0x00000000fb400000)
  to   space 27648K, 0% used [0x00000000fbc00000,0x00000000fbc00000,0x00000000fd700000)
 ParOldGen       total 118784K, used 43282K [0x00000000e0000000, 0x00000000e7400000, 0x00000000f5580000)
  object space 118784K, 36% used [0x00000000e0000000,0x00000000e2a448a0,0x00000000e7400000)
 Metaspace       used 79860K, capacity 86862K, committed 87080K, reserved 1124352K
  class space    used 9662K, capacity 11732K, committed 11816K, reserved 1048576K
Event: 63.335 GC heap after
Heap after GC invocations=17 (full 3):
 PSYoungGen      total 103424K, used 20698K [0x00000000f5580000, 0x00000000fda00000, 0x0000000100000000)
  eden space 75776K, 0% used [0x00000000f5580000,0x00000000f5580000,0x00000000f9f80000)
  from space 27648K, 74% used [0x00000000fbc00000,0x00000000fd036960,0x00000000fd700000)
  to   space 29184K, 0% used [0x00000000f9f80000,0x00000000f9f80000,0x00000000fbc00000)
 ParOldGen       total 118784K, used 43290K [0x00000000e0000000, 0x00000000e7400000, 0x00000000f5580000)
  object space 118784K, 36% used [0x00000000e0000000,0x00000000e2a468a0,0x00000000e7400000)
 Metaspace       used 79860K, capacity 86862K, committed 87080K, reserved 1124352K
  class space    used 9662K, capacity 11732K, committed 11816K, reserved 1048576K
}
Event: 63.336 GC heap before
{Heap before GC invocations=18 (full 4):
 PSYoungGen      total 103424K, used 20698K [0x00000000f5580000, 0x00000000fda00000, 0x0000000100000000)
  eden space 75776K, 0% used [0x00000000f5580000,0x00000000f5580000,0x00000000f9f80000)
  from space 27648K, 74% used [0x00000000fbc00000,0x00000000fd036960,0x00000000fd700000)
  to   space 29184K, 0% used [0x00000000f9f80000,0x00000000f9f80000,0x00000000fbc00000)
 ParOldGen       total 118784K, used 43290K [0x00000000e0000000, 0x00000000e7400000, 0x00000000f5580000)
  object space 118784K, 36% used [0x00000000e0000000,0x00000000e2a468a0,0x00000000e7400000)
 Metaspace       used 79860K, capacity 86862K, committed 87080K, reserved 1124352K
  class space    used 9662K, capacity 11732K, committed 11816K, reserved 1048576K
Event: 63.629 GC heap after
Heap after GC invocations=18 (full 4):
 PSYoungGen      total 103424K, used 0K [0x00000000f5580000, 0x00000000fda00000, 0x0000000100000000)
  eden space 75776K, 0% used [0x00000000f5580000,0x00000000f5580000,0x00000000f9f80000)
  from space 27648K, 0% used [0x00000000fbc00000,0x00000000fbc00000,0x00000000fd700000)
  to   space 29184K, 0% used [0x00000000f9f80000,0x00000000f9f80000,0x00000000fbc00000)
 ParOldGen       total 118784K, used 57106K [0x00000000e0000000, 0x00000000e7400000, 0x00000000f5580000)
  object space 118784K, 48% used [0x00000000e0000000,0x00000000e37c4a80,0x00000000e7400000)
 Metaspace       used 79860K, capacity 86862K, committed 87080K, reserved 1124352K
  class space    used 9662K, capacity 11732K, committed 11816K, reserved 1048576K
}
Event: 86.998 GC heap before
{Heap before GC invocations=19 (full 4):
 PSYoungGen      total 103424K, used 75776K [0x00000000f5580000, 0x00000000fda00000, 0x0000000100000000)
  eden space 75776K, 100% used [0x00000000f5580000,0x00000000f9f80000,0x00000000f9f80000)
  from space 27648K, 0% used [0x00000000fbc00000,0x00000000fbc00000,0x00000000fd700000)
  to   space 29184K, 0% used [0x00000000f9f80000,0x00000000f9f80000,0x00000000fbc00000)
 ParOldGen       total 118784K, used 57106K [0x00000000e0000000, 0x00000000e7400000, 0x00000000f5580000)
  object space 118784K, 48% used [0x00000000e0000000,0x00000000e37c4a80,0x00000000e7400000)
 Metaspace       used 82443K, capacity 89966K, committed 90280K, reserved 1128448K
  class space    used 9945K, capacity 12107K, committed 12200K, reserved 1048576K
Event: 87.003 GC heap after
Heap after GC invocations=19 (full 4):
 PSYoungGen      total 104960K, used 5164K [0x00000000f5580000, 0x00000000fde00000, 0x0000000100000000)
  eden space 75776K, 0% used [0x00000000f5580000,0x00000000f5580000,0x00000000f9f80000)
  from space 29184K, 17% used [0x00000000f9f80000,0x00000000fa48b070,0x00000000fbc00000)
  to   space 29184K, 0% used [0x00000000fc180000,0x00000000fc180000,0x00000000fde00000)
 ParOldGen       total 118784K, used 57114K [0x00000000e0000000, 0x00000000e7400000, 0x00000000f5580000)
  object space 118784K, 48% used [0x00000000e0000000,0x00000000e37c6a80,0x00000000e7400000)
 Metaspace       used 82443K, capacity 89966K, committed 90280K, reserved 1128448K
  class space    used 9945K, capacity 12107K, committed 12200K, reserved 1048576K
}
Event: 257.274 GC heap before
{Heap before GC invocations=20 (full 4):
 PSYoungGen      total 104960K, used 25863K [0x00000000f5580000, 0x00000000fde00000, 0x0000000100000000)
  eden space 75776K, 27% used [0x00000000f5580000,0x00000000f69b6c68,0x00000000f9f80000)
  from space 29184K, 17% used [0x00000000f9f80000,0x00000000fa48b070,0x00000000fbc00000)
  to   space 29184K, 0% used [0x00000000fc180000,0x00000000fc180000,0x00000000fde00000)
 ParOldGen       total 118784K, used 57114K [0x00000000e0000000, 0x00000000e7400000, 0x00000000f5580000)
  object space 118784K, 48% used [0x00000000e0000000,0x00000000e37c6a80,0x00000000e7400000)
 Metaspace       used 82659K, capacity 90088K, committed 90280K, reserved 1128448K
  class space    used 9951K, capacity 12145K, committed 12200K, reserved 1048576K
Event: 257.279 GC heap after
Heap after GC invocations=20 (full 4):
 PSYoungGen      total 110592K, used 3367K [0x00000000f5580000, 0x00000000fde00000, 0x0000000100000000)
  eden space 81408K, 0% used [0x00000000f5580000,0x00000000f5580000,0x00000000fa500000)
  from space 29184K, 11% used [0x00000000fc180000,0x00000000fc4c9c60,0x00000000fde00000)
  to   space 29184K, 0% used [0x00000000fa500000,0x00000000fa500000,0x00000000fc180000)
 ParOldGen       total 118784K, used 57122K [0x00000000e0000000, 0x00000000e7400000, 0x00000000f5580000)
  object space 118784K, 48% used [0x00000000e0000000,0x00000000e37c8a80,0x00000000e7400000)
 Metaspace       used 82659K, capacity 90088K, committed 90280K, reserved 1128448K
  class space    used 9951K, capacity 12145K, committed 12200K, reserved 1048576K
}
Event: 257.279 GC heap before
{Heap before GC invocations=21 (full 5):
 PSYoungGen      total 110592K, used 3367K [0x00000000f5580000, 0x00000000fde00000, 0x0000000100000000)
  eden space 81408K, 0% used [0x00000000f5580000,0x00000000f5580000,0x00000000fa500000)
  from space 29184K, 11% used [0x00000000fc180000,0x00000000fc4c9c60,0x00000000fde00000)
  to   space 29184K, 0% used [0x00000000fa500000,0x00000000fa500000,0x00000000fc180000)
 ParOldGen       total 118784K, used 57122K [0x00000000e0000000, 0x00000000e7400000, 0x00000000f5580000)
  object space 118784K, 48% used [0x00000000e0000000,0x00000000e37c8a80,0x00000000e7400000)
 Metaspace       used 82659K, capacity 90088K, committed 90280K, reserved 1128448K
  class space    used 9951K, capacity 12145K, committed 12200K, reserved 1048576K
Event: 257.666 GC heap after
Heap after GC invocations=21 (full 5):
 PSYoungGen      total 110592K, used 0K [0x00000000f5580000, 0x00000000fde00000, 0x0000000100000000)
  eden space 81408K, 0% used [0x00000000f5580000,0x00000000f5580000,0x00000000fa500000)
  from space 29184K, 0% used [0x00000000fc180000,0x00000000fc180000,0x00000000fde00000)
  to   space 29184K, 0% used [0x00000000fa500000,0x00000000fa500000,0x00000000fc180000)
 ParOldGen       total 118784K, used 57500K [0x00000000e0000000, 0x00000000e7400000, 0x00000000f5580000)
  object space 118784K, 48% used [0x00000000e0000000,0x00000000e3827260,0x00000000e7400000)
 Metaspace       used 82659K, capacity 90088K, committed 90280K, reserved 1128448K
  class space    used 9951K, capacity 12145K, committed 12200K, reserved 1048576K
}

