# JRE version: Java(TM) SE Runtime Environment (8.0_66-b18) (build 1.8.0_66-b18)
# Java VM: Java HotSpot(TM) 64-Bit Server VM (25.66-b18 mixed mode windows-amd64 compressed oops)
Heap:
 PSYoungGen      total 96256K, used 35493K [0x00000000f5580000, 0x00000000fbf80000, 0x0000000100000000)
  eden space 84992K, 41% used [0x00000000f5580000,0x00000000f78297a0,0x00000000fa880000)
  from space 11264K, 0% used [0x00000000fb480000,0x00000000fb480000,0x00000000fbf80000)
  to   space 11776K, 0% used [0x00000000fa880000,0x00000000fa880000,0x00000000fb400000)
 ParOldGen       total 118784K, used 46461K [0x00000000e0000000, 0x00000000e7400000, 0x00000000f5580000)
  object space 118784K, 39% used [0x00000000e0000000,0x00000000e2d5f468,0x00000000e7400000)
 Metaspace       used 88427K, capacity 95808K, committed 96040K, reserved 1132544K
  class space    used 10248K, capacity 12519K, committed 12584K, reserved 1048576K
GC Heap History (10 events):
Event: 1154.108 GC heap before
{Heap before GC invocations=46 (full 13):
 PSYoungGen      total 88064K, used 1536K [0x00000000f5580000, 0x00000000fc500000, 0x0000000100000000)
  eden space 86528K, 0% used [0x00000000f5580000,0x00000000f5580000,0x00000000faa00000)
  from space 1536K, 100% used [0x00000000faa00000,0x00000000fab80000,0x00000000fab80000)
  to   space 13824K, 0% used [0x00000000fb780000,0x00000000fb780000,0x00000000fc500000)
 ParOldGen       total 118784K, used 46377K [0x00000000e0000000, 0x00000000e7400000, 0x00000000f5580000)
  object space 118784K, 39% used [0x00000000e0000000,0x00000000e2d4a6a8,0x00000000e7400000)
 Metaspace       used 87411K, capacity 94736K, committed 95144K, reserved 1132544K
  class space    used 10163K, capacity 12357K, committed 12456K, reserved 1048576K
Event: 1154.270 GC heap after
Heap after GC invocations=46 (full 13):
 PSYoungGen      total 88064K, used 0K [0x00000000f5580000, 0x00000000fc500000, 0x0000000100000000)
  eden space 86528K, 0% used [0x00000000f5580000,0x00000000f5580000,0x00000000faa00000)
  from space 1536K, 0% used [0x00000000faa00000,0x00000000faa00000,0x00000000fab80000)
  to   space 13824K, 0% used [0x00000000fb780000,0x00000000fb780000,0x00000000fc500000)
 ParOldGen       total 118784K, used 46272K [0x00000000e0000000, 0x00000000e7400000, 0x00000000f5580000)
  object space 118784K, 38% used [0x00000000e0000000,0x00000000e2d301e8,0x00000000e7400000)
 Metaspace       used 87411K, capacity 94736K, committed 95144K, reserved 1132544K
  class space    used 10163K, capacity 12357K, committed 12456K, reserved 1048576K
}
Event: 1209.016 GC heap before
{Heap before GC invocations=47 (full 13):
 PSYoungGen      total 88064K, used 86528K [0x00000000f5580000, 0x00000000fc500000, 0x0000000100000000)
  eden space 86528K, 100% used [0x00000000f5580000,0x00000000faa00000,0x00000000faa00000)
  from space 1536K, 0% used [0x00000000faa00000,0x00000000faa00000,0x00000000fab80000)
  to   space 13824K, 0% used [0x00000000fb780000,0x00000000fb780000,0x00000000fc500000)
 ParOldGen       total 118784K, used 46272K [0x00000000e0000000, 0x00000000e7400000, 0x00000000f5580000)
  object space 118784K, 38% used [0x00000000e0000000,0x00000000e2d301e8,0x00000000e7400000)
 Metaspace       used 87548K, capacity 94876K, committed 95144K, reserved 1132544K
  class space    used 10165K, capacity 12359K, committed 12456K, reserved 1048576K
Event: 1209.020 GC heap after
Heap after GC invocations=47 (full 13):
 PSYoungGen      total 100352K, used 2483K [0x00000000f5580000, 0x00000000fc480000, 0x0000000100000000)
  eden space 87040K, 0% used [0x00000000f5580000,0x00000000f5580000,0x00000000faa80000)
  from space 13312K, 18% used [0x00000000fb780000,0x00000000fb9ece30,0x00000000fc480000)
  to   space 13312K, 0% used [0x00000000faa80000,0x00000000faa80000,0x00000000fb780000)
 ParOldGen       total 118784K, used 46280K [0x00000000e0000000, 0x00000000e7400000, 0x00000000f5580000)
  object space 118784K, 38% used [0x00000000e0000000,0x00000000e2d321e8,0x00000000e7400000)
 Metaspace       used 87548K, capacity 94876K, committed 95144K, reserved 1132544K
  class space    used 10165K, capacity 12359K, committed 12456K, reserved 1048576K
}
Event: 1351.646 GC heap before
{Heap before GC invocations=48 (full 13):
 PSYoungGen      total 100352K, used 89523K [0x00000000f5580000, 0x00000000fc480000, 0x0000000100000000)
  eden space 87040K, 100% used [0x00000000f5580000,0x00000000faa80000,0x00000000faa80000)
  from space 13312K, 18% used [0x00000000fb780000,0x00000000fb9ece30,0x00000000fc480000)
  to   space 13312K, 0% used [0x00000000faa80000,0x00000000faa80000,0x00000000fb780000)
 ParOldGen       total 118784K, used 46280K [0x00000000e0000000, 0x00000000e7400000, 0x00000000f5580000)
  object space 118784K, 38% used [0x00000000e0000000,0x00000000e2d321e8,0x00000000e7400000)
 Metaspace       used 87666K, capacity 95068K, committed 95400K, reserved 1132544K
  class space    used 10165K, capacity 12359K, committed 12456K, reserved 1048576K
Event: 1351.649 GC heap after
Heap after GC invocations=48 (full 13):
 PSYoungGen      total 86528K, used 1527K [0x00000000f5580000, 0x00000000fc080000, 0x0000000100000000)
  eden space 84992K, 0% used [0x00000000f5580000,0x00000000f5580000,0x00000000fa880000)
  from space 1536K, 99% used [0x00000000faa80000,0x00000000fabfdc70,0x00000000fac00000)
  to   space 12288K, 0% used [0x00000000fb480000,0x00000000fb480000,0x00000000fc080000)
 ParOldGen       total 118784K, used 46288K [0x00000000e0000000, 0x00000000e7400000, 0x00000000f5580000)
  object space 118784K, 38% used [0x00000000e0000000,0x00000000e2d341e8,0x00000000e7400000)
 Metaspace       used 87666K, capacity 95068K, committed 95400K, reserved 1132544K
  class space    used 10165K, capacity 12359K, committed 12456K, reserved 1048576K
}
Event: 1356.671 GC heap before
{Heap before GC invocations=49 (full 13):
 PSYoungGen      total 86528K, used 18545K [0x00000000f5580000, 0x00000000fc080000, 0x0000000100000000)
  eden space 84992K, 20% used [0x00000000f5580000,0x00000000f661e9d8,0x00000000fa880000)
  from space 1536K, 99% used [0x00000000faa80000,0x00000000fabfdc70,0x00000000fac00000)
  to   space 12288K, 0% used [0x00000000fb480000,0x00000000fb480000,0x00000000fc080000)
 ParOldGen       total 118784K, used 46288K [0x00000000e0000000, 0x00000000e7400000, 0x00000000f5580000)
  object space 118784K, 38% used [0x00000000e0000000,0x00000000e2d341e8,0x00000000e7400000)
 Metaspace       used 87680K, capacity 95132K, committed 95400K, reserved 1132544K
  class space    used 10165K, capacity 12359K, committed 12456K, reserved 1048576K
Event: 1356.674 GC heap after
Heap after GC invocations=49 (full 13):
 PSYoungGen      total 96256K, used 2355K [0x00000000f5580000, 0x00000000fbf80000, 0x0000000100000000)
  eden space 84992K, 0% used [0x00000000f5580000,0x00000000f5580000,0x00000000fa880000)
  from space 11264K, 20% used [0x00000000fb480000,0x00000000fb6cce30,0x00000000fbf80000)
  to   space 11776K, 0% used [0x00000000fa880000,0x00000000fa880000,0x00000000fb400000)
 ParOldGen       total 118784K, used 46296K [0x00000000e0000000, 0x00000000e7400000, 0x00000000f5580000)
  object space 118784K, 38% used [0x00000000e0000000,0x00000000e2d361e8,0x00000000e7400000)
 Metaspace       used 87680K, capacity 95132K, committed 95400K, reserved 1132544K
  class space    used 10165K, capacity 12359K, committed 12456K, reserved 1048576K
}
Event: 1356.674 GC heap before
{Heap before GC invocations=50 (full 14):
 PSYoungGen      total 96256K, used 2355K [0x00000000f5580000, 0x00000000fbf80000, 0x0000000100000000)
  eden space 84992K, 0% used [0x00000000f5580000,0x00000000f5580000,0x00000000fa880000)
  from space 11264K, 20% used [0x00000000fb480000,0x00000000fb6cce30,0x00000000fbf80000)
  to   space 11776K, 0% used [0x00000000fa880000,0x00000000fa880000,0x00000000fb400000)
 ParOldGen       total 118784K, used 46296K [0x00000000e0000000, 0x00000000e7400000, 0x00000000f5580000)
  object space 118784K, 38% used [0x00000000e0000000,0x00000000e2d361e8,0x00000000e7400000)
 Metaspace       used 87680K, capacity 95132K, committed 95400K, reserved 1132544K
  class space    used 10165K, capacity 12359K, committed 12456K, reserved 1048576K
Event: 1356.867 GC heap after
Heap after GC invocations=50 (full 14):
 PSYoungGen      total 96256K, used 0K [0x00000000f5580000, 0x00000000fbf80000, 0x0000000100000000)
  eden space 84992K, 0% used [0x00000000f5580000,0x00000000f5580000,0x00000000fa880000)
  from space 11264K, 0% used [0x00000000fb480000,0x00000000fb480000,0x00000000fbf80000)
  to   space 11776K, 0% used [0x00000000fa880000,0x00000000fa880000,0x00000000fb400000)
 ParOldGen       total 118784K, used 46461K [0x00000000e0000000, 0x00000000e7400000, 0x00000000f5580000)
  object space 118784K, 39% used [0x00000000e0000000,0x00000000e2d5f468,0x00000000e7400000)
 Metaspace       used 87680K, capacity 95132K, committed 95400K, reserved 1132544K
  class space    used 10165K, capacity 12359K, committed 12456K, reserved 1048576K
}

