# JRE version: Java(TM) SE Runtime Environment (8.0_66-b18) (build 1.8.0_66-b18)
# Java VM: Java HotSpot(TM) 64-Bit Server VM (25.66-b18 mixed mode windows-amd64 compressed oops)
Heap:
 PSYoungGen      total 129024K, used 44821K [0x00000000f5580000, 0x00000000ffb80000, 0x0000000100000000)
  eden space 128000K, 35% used [0x00000000f5580000,0x00000000f81456e8,0x00000000fd280000)
  from space 1024K, 0% used [0x00000000fd280000,0x00000000fd280000,0x00000000fd380000)
  to   space 20992K, 0% used [0x00000000fe700000,0x00000000fe700000,0x00000000ffb80000)
 ParOldGen       total 107008K, used 46304K [0x00000000e0000000, 0x00000000e6880000, 0x00000000f5580000)
  object space 107008K, 43% used [0x00000000e0000000,0x00000000e2d381c8,0x00000000e6880000)
 Metaspace       used 87391K, capacity 94754K, committed 94888K, reserved 1132544K
  class space    used 10213K, capacity 12421K, committed 12456K, reserved 1048576K
GC Heap History (10 events):
Event: 742.151 GC heap before
{Heap before GC invocations=36 (full 11):
 PSYoungGen      total 143360K, used 120832K [0x00000000f5580000, 0x00000000ff980000, 0x0000000100000000)
  eden space 120832K, 100% used [0x00000000f5580000,0x00000000fcb80000,0x00000000fcb80000)
  from space 22528K, 0% used [0x00000000fe380000,0x00000000fe380000,0x00000000ff980000)
  to   space 23552K, 0% used [0x00000000fcb80000,0x00000000fcb80000,0x00000000fe280000)
 ParOldGen       total 107008K, used 46304K [0x00000000e0000000, 0x00000000e6880000, 0x00000000f5580000)
  object space 107008K, 43% used [0x00000000e0000000,0x00000000e2d382d0,0x00000000e6880000)
 Metaspace       used 86265K, capacity 93638K, committed 93736K, reserved 1130496K
  class space    used 10105K, capacity 12289K, committed 12328K, reserved 1048576K
Event: 742.159 GC heap after
Heap after GC invocations=36 (full 11):
 PSYoungGen      total 144384K, used 1634K [0x00000000f5580000, 0x00000000ffe80000, 0x0000000100000000)
  eden space 120832K, 0% used [0x00000000f5580000,0x00000000f5580000,0x00000000fcb80000)
  from space 23552K, 6% used [0x00000000fcb80000,0x00000000fcd189d0,0x00000000fe280000)
  to   space 22528K, 0% used [0x00000000fe880000,0x00000000fe880000,0x00000000ffe80000)
 ParOldGen       total 107008K, used 46312K [0x00000000e0000000, 0x00000000e6880000, 0x00000000f5580000)
  object space 107008K, 43% used [0x00000000e0000000,0x00000000e2d3a2d0,0x00000000e6880000)
 Metaspace       used 86265K, capacity 93638K, committed 93736K, reserved 1130496K
  class space    used 10105K, capacity 12289K, committed 12328K, reserved 1048576K
}
Event: 787.550 GC heap before
{Heap before GC invocations=37 (full 11):
 PSYoungGen      total 144384K, used 46180K [0x00000000f5580000, 0x00000000ffe80000, 0x0000000100000000)
  eden space 120832K, 36% used [0x00000000f5580000,0x00000000f8100670,0x00000000fcb80000)
  from space 23552K, 6% used [0x00000000fcb80000,0x00000000fcd189d0,0x00000000fe280000)
  to   space 22528K, 0% used [0x00000000fe880000,0x00000000fe880000,0x00000000ffe80000)
 ParOldGen       total 107008K, used 46312K [0x00000000e0000000, 0x00000000e6880000, 0x00000000f5580000)
  object space 107008K, 43% used [0x00000000e0000000,0x00000000e2d3a2d0,0x00000000e6880000)
 Metaspace       used 86341K, capacity 93644K, committed 93736K, reserved 1130496K
  class space    used 10105K, capacity 12290K, committed 12328K, reserved 1048576K
Event: 787.558 GC heap after
Heap after GC invocations=37 (full 11):
 PSYoungGen      total 148480K, used 1847K [0x00000000f5580000, 0x00000000ffc80000, 0x0000000100000000)
  eden space 128000K, 0% used [0x00000000f5580000,0x00000000f5580000,0x00000000fd280000)
  from space 20480K, 9% used [0x00000000fe880000,0x00000000fea4de48,0x00000000ffc80000)
  to   space 21504K, 0% used [0x00000000fd280000,0x00000000fd280000,0x00000000fe780000)
 ParOldGen       total 107008K, used 46320K [0x00000000e0000000, 0x00000000e6880000, 0x00000000f5580000)
  object space 107008K, 43% used [0x00000000e0000000,0x00000000e2d3c2d0,0x00000000e6880000)
 Metaspace       used 86341K, capacity 93644K, committed 93736K, reserved 1130496K
  class space    used 10105K, capacity 12290K, committed 12328K, reserved 1048576K
}
Event: 787.558 GC heap before
{Heap before GC invocations=38 (full 12):
 PSYoungGen      total 148480K, used 1847K [0x00000000f5580000, 0x00000000ffc80000, 0x0000000100000000)
  eden space 128000K, 0% used [0x00000000f5580000,0x00000000f5580000,0x00000000fd280000)
  from space 20480K, 9% used [0x00000000fe880000,0x00000000fea4de48,0x00000000ffc80000)
  to   space 21504K, 0% used [0x00000000fd280000,0x00000000fd280000,0x00000000fe780000)
 ParOldGen       total 107008K, used 46320K [0x00000000e0000000, 0x00000000e6880000, 0x00000000f5580000)
  object space 107008K, 43% used [0x00000000e0000000,0x00000000e2d3c2d0,0x00000000e6880000)
 Metaspace       used 86341K, capacity 93644K, committed 93736K, reserved 1130496K
  class space    used 10105K, capacity 12290K, committed 12328K, reserved 1048576K
Event: 788.420 GC heap after
Heap after GC invocations=38 (full 12):
 PSYoungGen      total 148480K, used 0K [0x00000000f5580000, 0x00000000ffc80000, 0x0000000100000000)
  eden space 128000K, 0% used [0x00000000f5580000,0x00000000f5580000,0x00000000fd280000)
  from space 20480K, 0% used [0x00000000fe880000,0x00000000fe880000,0x00000000ffc80000)
  to   space 21504K, 0% used [0x00000000fd280000,0x00000000fd280000,0x00000000fe780000)
 ParOldGen       total 107008K, used 46216K [0x00000000e0000000, 0x00000000e6880000, 0x00000000f5580000)
  object space 107008K, 43% used [0x00000000e0000000,0x00000000e2d220a8,0x00000000e6880000)
 Metaspace       used 86341K, capacity 93644K, committed 93736K, reserved 1130496K
  class space    used 10105K, capacity 12290K, committed 12328K, reserved 1048576K
}
Event: 851.004 GC heap before
{Heap before GC invocations=39 (full 12):
 PSYoungGen      total 148480K, used 29487K [0x00000000f5580000, 0x00000000ffc80000, 0x0000000100000000)
  eden space 128000K, 23% used [0x00000000f5580000,0x00000000f724bd98,0x00000000fd280000)
  from space 20480K, 0% used [0x00000000fe880000,0x00000000fe880000,0x00000000ffc80000)
  to   space 21504K, 0% used [0x00000000fd280000,0x00000000fd280000,0x00000000fe780000)
 ParOldGen       total 107008K, used 46216K [0x00000000e0000000, 0x00000000e6880000, 0x00000000f5580000)
  object space 107008K, 43% used [0x00000000e0000000,0x00000000e2d220a8,0x00000000e6880000)
 Metaspace       used 86427K, capacity 93784K, committed 93992K, reserved 1130496K
  class space    used 10107K, capacity 12292K, committed 12328K, reserved 1048576K
Event: 851.013 GC heap after
Heap after GC invocations=39 (full 12):
 PSYoungGen      total 129024K, used 871K [0x00000000f5580000, 0x00000000ffb80000, 0x0000000100000000)
  eden space 128000K, 0% used [0x00000000f5580000,0x00000000f5580000,0x00000000fd280000)
  from space 1024K, 85% used [0x00000000fd280000,0x00000000fd359c60,0x00000000fd380000)
  to   space 20992K, 0% used [0x00000000fe700000,0x00000000fe700000,0x00000000ffb80000)
 ParOldGen       total 107008K, used 46224K [0x00000000e0000000, 0x00000000e6880000, 0x00000000f5580000)
  object space 107008K, 43% used [0x00000000e0000000,0x00000000e2d240a8,0x00000000e6880000)
 Metaspace       used 86427K, capacity 93784K, committed 93992K, reserved 1130496K
  class space    used 10107K, capacity 12292K, committed 12328K, reserved 1048576K
}
Event: 851.013 GC heap before
{Heap before GC invocations=40 (full 13):
 PSYoungGen      total 129024K, used 871K [0x00000000f5580000, 0x00000000ffb80000, 0x0000000100000000)
  eden space 128000K, 0% used [0x00000000f5580000,0x00000000f5580000,0x00000000fd280000)
  from space 1024K, 85% used [0x00000000fd280000,0x00000000fd359c60,0x00000000fd380000)
  to   space 20992K, 0% used [0x00000000fe700000,0x00000000fe700000,0x00000000ffb80000)
 ParOldGen       total 107008K, used 46224K [0x00000000e0000000, 0x00000000e6880000, 0x00000000f5580000)
  object space 107008K, 43% used [0x00000000e0000000,0x00000000e2d240a8,0x00000000e6880000)
 Metaspace       used 86427K, capacity 93784K, committed 93992K, reserved 1130496K
  class space    used 10107K, capacity 12292K, committed 12328K, reserved 1048576K
Event: 851.566 GC heap after
Heap after GC invocations=40 (full 13):
 PSYoungGen      total 129024K, used 0K [0x00000000f5580000, 0x00000000ffb80000, 0x0000000100000000)
  eden space 128000K, 0% used [0x00000000f5580000,0x00000000f5580000,0x00000000fd280000)
  from space 1024K, 0% used [0x00000000fd280000,0x00000000fd280000,0x00000000fd380000)
  to   space 20992K, 0% used [0x00000000fe700000,0x00000000fe700000,0x00000000ffb80000)
 ParOldGen       total 107008K, used 46304K [0x00000000e0000000, 0x00000000e6880000, 0x00000000f5580000)
  object space 107008K, 43% used [0x00000000e0000000,0x00000000e2d381c8,0x00000000e6880000)
 Metaspace       used 86427K, capacity 93784K, committed 93992K, reserved 1130496K
  class space    used 10107K, capacity 12292K, committed 12328K, reserved 1048576K
}

