# JRE version: Java(TM) SE Runtime Environment (8.0_66-b18) (build 1.8.0_66-b18)
# Java VM: Java HotSpot(TM) 64-Bit Server VM (25.66-b18 mixed mode windows-amd64 compressed oops)
Heap:
 PSYoungGen      total 97792K, used 40419K [0x00000000f5580000, 0x00000000fd580000, 0x0000000100000000)
  eden space 69632K, 53% used [0x00000000f5580000,0x00000000f79a1518,0x00000000f9980000)
  from space 28160K, 12% used [0x00000000f9980000,0x00000000f9cd7898,0x00000000fb500000)
  to   space 28160K, 0% used [0x00000000fba00000,0x00000000fba00000,0x00000000fd580000)
 ParOldGen       total 117248K, used 57614K [0x00000000e0000000, 0x00000000e7280000, 0x00000000f5580000)
  object space 117248K, 49% used [0x00000000e0000000,0x00000000e3843b10,0x00000000e7280000)
 Metaspace       used 83278K, capacity 90392K, committed 90664K, reserved 1128448K
  class space    used 10031K, capacity 12293K, committed 12328K, reserved 1048576K
GC Heap History (10 events):
Event: 22.029 GC heap before
{Heap before GC invocations=15 (full 3):
 PSYoungGen      total 86016K, used 80970K [0x00000000f5580000, 0x00000000fcb80000, 0x0000000100000000)
  eden space 62976K, 100% used [0x00000000f5580000,0x00000000f9300000,0x00000000f9300000)
  from space 23040K, 78% used [0x00000000f9300000,0x00000000fa4929e8,0x00000000fa980000)
  to   space 24576K, 0% used [0x00000000fb380000,0x00000000fb380000,0x00000000fcb80000)
 ParOldGen       total 117248K, used 43313K [0x00000000e0000000, 0x00000000e7280000, 0x00000000f5580000)
  object space 117248K, 36% used [0x00000000e0000000,0x00000000e2a4c6e8,0x00000000e7280000)
 Metaspace       used 75474K, capacity 81936K, committed 82216K, reserved 1120256K
  class space    used 9217K, capacity 11192K, committed 11304K, reserved 1048576K
Event: 22.040 GC heap after
Heap after GC invocations=15 (full 3):
 PSYoungGen      total 94720K, used 19377K [0x00000000f5580000, 0x00000000fcd00000, 0x0000000100000000)
  eden space 70144K, 0% used [0x00000000f5580000,0x00000000f5580000,0x00000000f9a00000)
  from space 24576K, 78% used [0x00000000fb380000,0x00000000fc66c4d8,0x00000000fcb80000)
  to   space 26112K, 0% used [0x00000000f9a00000,0x00000000f9a00000,0x00000000fb380000)
 ParOldGen       total 117248K, used 43321K [0x00000000e0000000, 0x00000000e7280000, 0x00000000f5580000)
  object space 117248K, 36% used [0x00000000e0000000,0x00000000e2a4e6e8,0x00000000e7280000)
 Metaspace       used 75474K, capacity 81936K, committed 82216K, reserved 1120256K
  class space    used 9217K, capacity 11192K, committed 11304K, reserved 1048576K
}
Event: 66.917 GC heap before
{Heap before GC invocations=16 (full 3):
 PSYoungGen      total 94720K, used 77411K [0x00000000f5580000, 0x00000000fcd00000, 0x0000000100000000)
  eden space 70144K, 82% used [0x00000000f5580000,0x00000000f8e2c750,0x00000000f9a00000)
  from space 24576K, 78% used [0x00000000fb380000,0x00000000fc66c4d8,0x00000000fcb80000)
  to   space 26112K, 0% used [0x00000000f9a00000,0x00000000f9a00000,0x00000000fb380000)
 ParOldGen       total 117248K, used 43321K [0x00000000e0000000, 0x00000000e7280000, 0x00000000f5580000)
  object space 117248K, 36% used [0x00000000e0000000,0x00000000e2a4e6e8,0x00000000e7280000)
 Metaspace       used 79412K, capacity 85948K, committed 86056K, reserved 1124352K
  class space    used 9689K, capacity 11711K, committed 11816K, reserved 1048576K
Event: 66.952 GC heap after
Heap after GC invocations=16 (full 3):
 PSYoungGen      total 96256K, used 21242K [0x00000000f5580000, 0x00000000fd000000, 0x0000000100000000)
  eden space 70144K, 0% used [0x00000000f5580000,0x00000000f5580000,0x00000000f9a00000)
  from space 26112K, 81% used [0x00000000f9a00000,0x00000000faebe8f8,0x00000000fb380000)
  to   space 27648K, 0% used [0x00000000fb500000,0x00000000fb500000,0x00000000fd000000)
 ParOldGen       total 117248K, used 43329K [0x00000000e0000000, 0x00000000e7280000, 0x00000000f5580000)
  object space 117248K, 36% used [0x00000000e0000000,0x00000000e2a506e8,0x00000000e7280000)
 Metaspace       used 79412K, capacity 85948K, committed 86056K, reserved 1124352K
  class space    used 9689K, capacity 11711K, committed 11816K, reserved 1048576K
}
Event: 66.952 GC heap before
{Heap before GC invocations=17 (full 4):
 PSYoungGen      total 96256K, used 21242K [0x00000000f5580000, 0x00000000fd000000, 0x0000000100000000)
  eden space 70144K, 0% used [0x00000000f5580000,0x00000000f5580000,0x00000000f9a00000)
  from space 26112K, 81% used [0x00000000f9a00000,0x00000000faebe8f8,0x00000000fb380000)
  to   space 27648K, 0% used [0x00000000fb500000,0x00000000fb500000,0x00000000fd000000)
 ParOldGen       total 117248K, used 43329K [0x00000000e0000000, 0x00000000e7280000, 0x00000000f5580000)
  object space 117248K, 36% used [0x00000000e0000000,0x00000000e2a506e8,0x00000000e7280000)
 Metaspace       used 79412K, capacity 85948K, committed 86056K, reserved 1124352K
  class space    used 9689K, capacity 11711K, committed 11816K, reserved 1048576K
Event: 67.280 GC heap after
Heap after GC invocations=17 (full 4):
 PSYoungGen      total 96256K, used 0K [0x00000000f5580000, 0x00000000fd000000, 0x0000000100000000)
  eden space 70144K, 0% used [0x00000000f5580000,0x00000000f5580000,0x00000000f9a00000)
  from space 26112K, 0% used [0x00000000f9a00000,0x00000000f9a00000,0x00000000fb380000)
  to   space 27648K, 0% used [0x00000000fb500000,0x00000000fb500000,0x00000000fd000000)
 ParOldGen       total 117248K, used 57598K [0x00000000e0000000, 0x00000000e7280000, 0x00000000f5580000)
  object space 117248K, 49% used [0x00000000e0000000,0x00000000e383fb10,0x00000000e7280000)
 Metaspace       used 79412K, capacity 85948K, committed 86056K, reserved 1124352K
  class space    used 9689K, capacity 11711K, committed 11816K, reserved 1048576K
}
Event: 101.423 GC heap before
{Heap before GC invocations=18 (full 4):
 PSYoungGen      total 96256K, used 70144K [0x00000000f5580000, 0x00000000fd000000, 0x0000000100000000)
  eden space 70144K, 100% used [0x00000000f5580000,0x00000000f9a00000,0x00000000f9a00000)
  from space 26112K, 0% used [0x00000000f9a00000,0x00000000f9a00000,0x00000000fb380000)
  to   space 27648K, 0% used [0x00000000fb500000,0x00000000fb500000,0x00000000fd000000)
 ParOldGen       total 117248K, used 57598K [0x00000000e0000000, 0x00000000e7280000, 0x00000000f5580000)
  object space 117248K, 49% used [0x00000000e0000000,0x00000000e383fb10,0x00000000e7280000)
 Metaspace       used 81321K, capacity 88396K, committed 88744K, reserved 1126400K
  class space    used 9875K, capacity 12098K, committed 12200K, reserved 1048576K
Event: 101.429 GC heap after
Heap after GC invocations=18 (full 4):
 PSYoungGen      total 97280K, used 3825K [0x00000000f5580000, 0x00000000fd700000, 0x0000000100000000)
  eden space 69632K, 0% used [0x00000000f5580000,0x00000000f5580000,0x00000000f9980000)
  from space 27648K, 13% used [0x00000000fb500000,0x00000000fb8bc560,0x00000000fd000000)
  to   space 28160K, 0% used [0x00000000f9980000,0x00000000f9980000,0x00000000fb500000)
 ParOldGen       total 117248K, used 57606K [0x00000000e0000000, 0x00000000e7280000, 0x00000000f5580000)
  object space 117248K, 49% used [0x00000000e0000000,0x00000000e3841b10,0x00000000e7280000)
 Metaspace       used 81321K, capacity 88396K, committed 88744K, reserved 1126400K
  class space    used 9875K, capacity 12098K, committed 12200K, reserved 1048576K
}
Event: 112.239 GC heap before
{Heap before GC invocations=19 (full 4):
 PSYoungGen      total 97280K, used 73457K [0x00000000f5580000, 0x00000000fd700000, 0x0000000100000000)
  eden space 69632K, 100% used [0x00000000f5580000,0x00000000f9980000,0x00000000f9980000)
  from space 27648K, 13% used [0x00000000fb500000,0x00000000fb8bc560,0x00000000fd000000)
  to   space 28160K, 0% used [0x00000000f9980000,0x00000000f9980000,0x00000000fb500000)
 ParOldGen       total 117248K, used 57606K [0x00000000e0000000, 0x00000000e7280000, 0x00000000f5580000)
  object space 117248K, 49% used [0x00000000e0000000,0x00000000e3841b10,0x00000000e7280000)
 Metaspace       used 81957K, capacity 89108K, committed 89256K, reserved 1126400K
  class space    used 9898K, capacity 12101K, committed 12200K, reserved 1048576K
Event: 112.245 GC heap after
Heap after GC invocations=19 (full 4):
 PSYoungGen      total 97792K, used 3422K [0x00000000f5580000, 0x00000000fd580000, 0x0000000100000000)
  eden space 69632K, 0% used [0x00000000f5580000,0x00000000f5580000,0x00000000f9980000)
  from space 28160K, 12% used [0x00000000f9980000,0x00000000f9cd7898,0x00000000fb500000)
  to   space 28160K, 0% used [0x00000000fba00000,0x00000000fba00000,0x00000000fd580000)
 ParOldGen       total 117248K, used 57614K [0x00000000e0000000, 0x00000000e7280000, 0x00000000f5580000)
  object space 117248K, 49% used [0x00000000e0000000,0x00000000e3843b10,0x00000000e7280000)
 Metaspace       used 81957K, capacity 89108K, committed 89256K, reserved 1126400K
  class space    used 9898K, capacity 12101K, committed 12200K, reserved 1048576K
}

