# JRE version: Java(TM) SE Runtime Environment (8.0_66-b18) (build 1.8.0_66-b18)
# Java VM: Java HotSpot(TM) 64-Bit Server VM (25.66-b18 mixed mode windows-amd64 compressed oops)
Heap:
 PSYoungGen      total 104448K, used 76560K [0x00000000f5580000, 0x00000000fd600000, 0x0000000100000000)
  eden space 76288K, 97% used [0x00000000f5580000,0x00000000f9e3a498,0x00000000fa000000)
  from space 28160K, 7% used [0x00000000fa000000,0x00000000fa209c60,0x00000000fbb80000)
  to   space 27136K, 0% used [0x00000000fbb80000,0x00000000fbb80000,0x00000000fd600000)
 ParOldGen       total 116736K, used 46442K [0x00000000e0000000, 0x00000000e7200000, 0x00000000f5580000)
  object space 116736K, 39% used [0x00000000e0000000,0x00000000e2d5ab90,0x00000000e7200000)
 Metaspace       used 86328K, capacity 93622K, committed 93872K, reserved 1130496K
  class space    used 10133K, capacity 12391K, committed 12464K, reserved 1048576K
GC Heap History (10 events):
Event: 659.639 GC heap before
{Heap before GC invocations=27 (full 6):
 PSYoungGen      total 105472K, used 16985K [0x00000000f5580000, 0x00000000fd900000, 0x0000000100000000)
  eden space 75776K, 19% used [0x00000000f5580000,0x00000000f640c148,0x00000000f9f80000)
  from space 29696K, 7% used [0x00000000fbc00000,0x00000000fbe0a658,0x00000000fd900000)
  to   space 29184K, 0% used [0x00000000f9f80000,0x00000000f9f80000,0x00000000fbc00000)
 ParOldGen       total 116736K, used 47777K [0x00000000e0000000, 0x00000000e7200000, 0x00000000f5580000)
  object space 116736K, 40% used [0x00000000e0000000,0x00000000e2ea8608,0x00000000e7200000)
 Metaspace       used 84990K, capacity 92332K, committed 92720K, reserved 1130496K
  class space    used 10023K, capacity 12262K, committed 12336K, reserved 1048576K
Event: 659.642 GC heap after
Heap after GC invocations=27 (full 6):
 PSYoungGen      total 104960K, used 2296K [0x00000000f5580000, 0x00000000fd800000, 0x0000000100000000)
  eden space 75776K, 0% used [0x00000000f5580000,0x00000000f5580000,0x00000000f9f80000)
  from space 29184K, 7% used [0x00000000f9f80000,0x00000000fa1be2d0,0x00000000fbc00000)
  to   space 28672K, 0% used [0x00000000fbc00000,0x00000000fbc00000,0x00000000fd800000)
 ParOldGen       total 116736K, used 47785K [0x00000000e0000000, 0x00000000e7200000, 0x00000000f5580000)
  object space 116736K, 40% used [0x00000000e0000000,0x00000000e2eaa608,0x00000000e7200000)
 Metaspace       used 84990K, capacity 92332K, committed 92720K, reserved 1130496K
  class space    used 10023K, capacity 12262K, committed 12336K, reserved 1048576K
}
Event: 659.642 GC heap before
{Heap before GC invocations=28 (full 7):
 PSYoungGen      total 104960K, used 2296K [0x00000000f5580000, 0x00000000fd800000, 0x0000000100000000)
  eden space 75776K, 0% used [0x00000000f5580000,0x00000000f5580000,0x00000000f9f80000)
  from space 29184K, 7% used [0x00000000f9f80000,0x00000000fa1be2d0,0x00000000fbc00000)
  to   space 28672K, 0% used [0x00000000fbc00000,0x00000000fbc00000,0x00000000fd800000)
 ParOldGen       total 116736K, used 47785K [0x00000000e0000000, 0x00000000e7200000, 0x00000000f5580000)
  object space 116736K, 40% used [0x00000000e0000000,0x00000000e2eaa608,0x00000000e7200000)
 Metaspace       used 84990K, capacity 92332K, committed 92720K, reserved 1130496K
  class space    used 10023K, capacity 12262K, committed 12336K, reserved 1048576K
Event: 659.942 GC heap after
Heap after GC invocations=28 (full 7):
 PSYoungGen      total 104960K, used 0K [0x00000000f5580000, 0x00000000fd800000, 0x0000000100000000)
  eden space 75776K, 0% used [0x00000000f5580000,0x00000000f5580000,0x00000000f9f80000)
  from space 29184K, 0% used [0x00000000f9f80000,0x00000000f9f80000,0x00000000fbc00000)
  to   space 28672K, 0% used [0x00000000fbc00000,0x00000000fbc00000,0x00000000fd800000)
 ParOldGen       total 116736K, used 46569K [0x00000000e0000000, 0x00000000e7200000, 0x00000000f5580000)
  object space 116736K, 39% used [0x00000000e0000000,0x00000000e2d7a5a0,0x00000000e7200000)
 Metaspace       used 84983K, capacity 92320K, committed 92720K, reserved 1130496K
  class space    used 10022K, capacity 12260K, committed 12336K, reserved 1048576K
}
Event: 723.899 GC heap before
{Heap before GC invocations=29 (full 7):
 PSYoungGen      total 104960K, used 15873K [0x00000000f5580000, 0x00000000fd800000, 0x0000000100000000)
  eden space 75776K, 20% used [0x00000000f5580000,0x00000000f6500748,0x00000000f9f80000)
  from space 29184K, 0% used [0x00000000f9f80000,0x00000000f9f80000,0x00000000fbc00000)
  to   space 28672K, 0% used [0x00000000fbc00000,0x00000000fbc00000,0x00000000fd800000)
 ParOldGen       total 116736K, used 46569K [0x00000000e0000000, 0x00000000e7200000, 0x00000000f5580000)
  object space 116736K, 39% used [0x00000000e0000000,0x00000000e2d7a5a0,0x00000000e7200000)
 Metaspace       used 85027K, capacity 92320K, committed 92720K, reserved 1130496K
  class space    used 10023K, capacity 12260K, committed 12336K, reserved 1048576K
Event: 723.902 GC heap after
Heap after GC invocations=29 (full 7):
 PSYoungGen      total 103936K, used 576K [0x00000000f5580000, 0x00000000fd700000, 0x0000000100000000)
  eden space 76288K, 0% used [0x00000000f5580000,0x00000000f5580000,0x00000000fa000000)
  from space 27648K, 2% used [0x00000000fbc00000,0x00000000fbc90000,0x00000000fd700000)
  to   space 28160K, 0% used [0x00000000fa000000,0x00000000fa000000,0x00000000fbb80000)
 ParOldGen       total 116736K, used 46577K [0x00000000e0000000, 0x00000000e7200000, 0x00000000f5580000)
  object space 116736K, 39% used [0x00000000e0000000,0x00000000e2d7c5a0,0x00000000e7200000)
 Metaspace       used 85027K, capacity 92320K, committed 92720K, reserved 1130496K
  class space    used 10023K, capacity 12260K, committed 12336K, reserved 1048576K
}
Event: 723.902 GC heap before
{Heap before GC invocations=30 (full 8):
 PSYoungGen      total 103936K, used 576K [0x00000000f5580000, 0x00000000fd700000, 0x0000000100000000)
  eden space 76288K, 0% used [0x00000000f5580000,0x00000000f5580000,0x00000000fa000000)
  from space 27648K, 2% used [0x00000000fbc00000,0x00000000fbc90000,0x00000000fd700000)
  to   space 28160K, 0% used [0x00000000fa000000,0x00000000fa000000,0x00000000fbb80000)
 ParOldGen       total 116736K, used 46577K [0x00000000e0000000, 0x00000000e7200000, 0x00000000f5580000)
  object space 116736K, 39% used [0x00000000e0000000,0x00000000e2d7c5a0,0x00000000e7200000)
 Metaspace       used 85027K, capacity 92320K, committed 92720K, reserved 1130496K
  class space    used 10023K, capacity 12260K, committed 12336K, reserved 1048576K
Event: 724.174 GC heap after
Heap after GC invocations=30 (full 8):
 PSYoungGen      total 103936K, used 0K [0x00000000f5580000, 0x00000000fd700000, 0x0000000100000000)
  eden space 76288K, 0% used [0x00000000f5580000,0x00000000f5580000,0x00000000fa000000)
  from space 27648K, 0% used [0x00000000fbc00000,0x00000000fbc00000,0x00000000fd700000)
  to   space 28160K, 0% used [0x00000000fa000000,0x00000000fa000000,0x00000000fbb80000)
 ParOldGen       total 116736K, used 46434K [0x00000000e0000000, 0x00000000e7200000, 0x00000000f5580000)
  object space 116736K, 39% used [0x00000000e0000000,0x00000000e2d58b90,0x00000000e7200000)
 Metaspace       used 85027K, capacity 92320K, committed 92720K, reserved 1130496K
  class space    used 10023K, capacity 12260K, committed 12336K, reserved 1048576K
}
Event: 790.980 GC heap before
{Heap before GC invocations=31 (full 8):
 PSYoungGen      total 103936K, used 76288K [0x00000000f5580000, 0x00000000fd700000, 0x0000000100000000)
  eden space 76288K, 100% used [0x00000000f5580000,0x00000000fa000000,0x00000000fa000000)
  from space 27648K, 0% used [0x00000000fbc00000,0x00000000fbc00000,0x00000000fd700000)
  to   space 28160K, 0% used [0x00000000fa000000,0x00000000fa000000,0x00000000fbb80000)
 ParOldGen       total 116736K, used 46434K [0x00000000e0000000, 0x00000000e7200000, 0x00000000f5580000)
  object space 116736K, 39% used [0x00000000e0000000,0x00000000e2d58b90,0x00000000e7200000)
 Metaspace       used 85301K, capacity 92844K, committed 93232K, reserved 1130496K
  class space    used 10024K, capacity 12262K, committed 12336K, reserved 1048576K
Event: 790.983 GC heap after
Heap after GC invocations=31 (full 8):
 PSYoungGen      total 104448K, used 2087K [0x00000000f5580000, 0x00000000fd600000, 0x0000000100000000)
  eden space 76288K, 0% used [0x00000000f5580000,0x00000000f5580000,0x00000000fa000000)
  from space 28160K, 7% used [0x00000000fa000000,0x00000000fa209c60,0x00000000fbb80000)
  to   space 27136K, 0% used [0x00000000fbb80000,0x00000000fbb80000,0x00000000fd600000)
 ParOldGen       total 116736K, used 46442K [0x00000000e0000000, 0x00000000e7200000, 0x00000000f5580000)
  object space 116736K, 39% used [0x00000000e0000000,0x00000000e2d5ab90,0x00000000e7200000)
 Metaspace       used 85301K, capacity 92844K, committed 93232K, reserved 1130496K
  class space    used 10024K, capacity 12262K, committed 12336K, reserved 1048576K
}

