# JRE version: Java(TM) SE Runtime Environment (8.0_66-b18) (build 1.8.0_66-b18)
# Java VM: Java HotSpot(TM) 64-Bit Server VM (25.66-b18 mixed mode windows-amd64 compressed oops)
Heap:
 PSYoungGen      total 102912K, used 43083K [0x00000000f5580000, 0x00000000fdd00000, 0x0000000100000000)
  eden space 74752K, 57% used [0x00000000f5580000,0x00000000f7f92de8,0x00000000f9e80000)
  from space 28160K, 0% used [0x00000000fbc80000,0x00000000fbc80000,0x00000000fd800000)
  to   space 30720K, 0% used [0x00000000f9e80000,0x00000000f9e80000,0x00000000fbc80000)
 ParOldGen       total 118272K, used 58537K [0x00000000e0000000, 0x00000000e7380000, 0x00000000f5580000)
  object space 118272K, 49% used [0x00000000e0000000,0x00000000e392a4a8,0x00000000e7380000)
 Metaspace       used 82174K, capacity 89502K, committed 89876K, reserved 1126400K
  class space    used 9941K, capacity 12187K, committed 12308K, reserved 1048576K
GC Heap History (10 events):
Event: 7.532 GC heap before
{Heap before GC invocations=14 (full 3):
 PSYoungGen      total 82432K, used 75954K [0x00000000f5580000, 0x00000000fbc80000, 0x0000000100000000)
  eden space 62464K, 100% used [0x00000000f5580000,0x00000000f9280000,0x00000000f9280000)
  from space 19968K, 67% used [0x00000000fa900000,0x00000000fb62c878,0x00000000fbc80000)
  to   space 21504K, 0% used [0x00000000f9280000,0x00000000f9280000,0x00000000fa780000)
 ParOldGen       total 118272K, used 41401K [0x00000000e0000000, 0x00000000e7380000, 0x00000000f5580000)
  object space 118272K, 35% used [0x00000000e0000000,0x00000000e286e690,0x00000000e7380000)
 Metaspace       used 70483K, capacity 76442K, committed 76564K, reserved 1116160K
  class space    used 8572K, capacity 10401K, committed 10516K, reserved 1048576K
Event: 7.548 GC heap after
Heap after GC invocations=14 (full 3):
 PSYoungGen      total 83968K, used 20301K [0x00000000f5580000, 0x00000000fcb00000, 0x0000000100000000)
  eden space 62464K, 0% used [0x00000000f5580000,0x00000000f5580000,0x00000000f9280000)
  from space 21504K, 94% used [0x00000000f9280000,0x00000000fa6534b8,0x00000000fa780000)
  to   space 24064K, 0% used [0x00000000fb380000,0x00000000fb380000,0x00000000fcb00000)
 ParOldGen       total 118272K, used 41409K [0x00000000e0000000, 0x00000000e7380000, 0x00000000f5580000)
  object space 118272K, 35% used [0x00000000e0000000,0x00000000e2870690,0x00000000e7380000)
 Metaspace       used 70483K, capacity 76442K, committed 76564K, reserved 1116160K
  class space    used 8572K, capacity 10401K, committed 10516K, reserved 1048576K
}
Event: 17.316 GC heap before
{Heap before GC invocations=15 (full 3):
 PSYoungGen      total 83968K, used 82765K [0x00000000f5580000, 0x00000000fcb00000, 0x0000000100000000)
  eden space 62464K, 100% used [0x00000000f5580000,0x00000000f9280000,0x00000000f9280000)
  from space 21504K, 94% used [0x00000000f9280000,0x00000000fa6534b8,0x00000000fa780000)
  to   space 24064K, 0% used [0x00000000fb380000,0x00000000fb380000,0x00000000fcb00000)
 ParOldGen       total 118272K, used 41409K [0x00000000e0000000, 0x00000000e7380000, 0x00000000f5580000)
  object space 118272K, 35% used [0x00000000e0000000,0x00000000e2870690,0x00000000e7380000)
 Metaspace       used 74360K, capacity 80580K, committed 80660K, reserved 1118208K
  class space    used 9025K, capacity 10993K, committed 11028K, reserved 1048576K
Event: 17.329 GC heap after
Heap after GC invocations=15 (full 3):
 PSYoungGen      total 94208K, used 20672K [0x00000000f5580000, 0x00000000fcd00000, 0x0000000100000000)
  eden space 70144K, 0% used [0x00000000f5580000,0x00000000f5580000,0x00000000f9a00000)
  from space 24064K, 85% used [0x00000000fb380000,0x00000000fc7b0220,0x00000000fcb00000)
  to   space 26112K, 0% used [0x00000000f9a00000,0x00000000f9a00000,0x00000000fb380000)
 ParOldGen       total 118272K, used 41417K [0x00000000e0000000, 0x00000000e7380000, 0x00000000f5580000)
  object space 118272K, 35% used [0x00000000e0000000,0x00000000e2872690,0x00000000e7380000)
 Metaspace       used 74360K, capacity 80580K, committed 80660K, reserved 1118208K
  class space    used 9025K, capacity 10993K, committed 11028K, reserved 1048576K
}
Event: 34.511 GC heap before
{Heap before GC invocations=16 (full 3):
 PSYoungGen      total 94208K, used 90816K [0x00000000f5580000, 0x00000000fcd00000, 0x0000000100000000)
  eden space 70144K, 100% used [0x00000000f5580000,0x00000000f9a00000,0x00000000f9a00000)
  from space 24064K, 85% used [0x00000000fb380000,0x00000000fc7b0220,0x00000000fcb00000)
  to   space 26112K, 0% used [0x00000000f9a00000,0x00000000f9a00000,0x00000000fb380000)
 ParOldGen       total 118272K, used 41417K [0x00000000e0000000, 0x00000000e7380000, 0x00000000f5580000)
  object space 118272K, 35% used [0x00000000e0000000,0x00000000e2872690,0x00000000e7380000)
 Metaspace       used 77142K, capacity 83710K, committed 83988K, reserved 1122304K
  class space    used 9350K, capacity 11242K, committed 11284K, reserved 1048576K
Event: 34.526 GC heap after
Heap after GC invocations=16 (full 3):
 PSYoungGen      total 96256K, used 21727K [0x00000000f5580000, 0x00000000fd800000, 0x0000000100000000)
  eden space 70144K, 0% used [0x00000000f5580000,0x00000000f5580000,0x00000000f9a00000)
  from space 26112K, 83% used [0x00000000f9a00000,0x00000000faf37d98,0x00000000fb380000)
  to   space 28160K, 0% used [0x00000000fbc80000,0x00000000fbc80000,0x00000000fd800000)
 ParOldGen       total 118272K, used 41425K [0x00000000e0000000, 0x00000000e7380000, 0x00000000f5580000)
  object space 118272K, 35% used [0x00000000e0000000,0x00000000e2874690,0x00000000e7380000)
 Metaspace       used 77142K, capacity 83710K, committed 83988K, reserved 1122304K
  class space    used 9350K, capacity 11242K, committed 11284K, reserved 1048576K
}
Event: 222.727 GC heap before
{Heap before GC invocations=17 (full 3):
 PSYoungGen      total 96256K, used 84267K [0x00000000f5580000, 0x00000000fd800000, 0x0000000100000000)
  eden space 70144K, 89% used [0x00000000f5580000,0x00000000f92930b8,0x00000000f9a00000)
  from space 26112K, 83% used [0x00000000f9a00000,0x00000000faf37d98,0x00000000fb380000)
  to   space 28160K, 0% used [0x00000000fbc80000,0x00000000fbc80000,0x00000000fd800000)
 ParOldGen       total 118272K, used 41425K [0x00000000e0000000, 0x00000000e7380000, 0x00000000f5580000)
  object space 118272K, 35% used [0x00000000e0000000,0x00000000e2874690,0x00000000e7380000)
 Metaspace       used 80174K, capacity 87014K, committed 87188K, reserved 1124352K
  class space    used 9709K, capacity 11804K, committed 11924K, reserved 1048576K
Event: 222.743 GC heap after
Heap after GC invocations=17 (full 3):
 PSYoungGen      total 102912K, used 24130K [0x00000000f5580000, 0x00000000fdd00000, 0x0000000100000000)
  eden space 74752K, 0% used [0x00000000f5580000,0x00000000f5580000,0x00000000f9e80000)
  from space 28160K, 85% used [0x00000000fbc80000,0x00000000fd410b10,0x00000000fd800000)
  to   space 30720K, 0% used [0x00000000f9e80000,0x00000000f9e80000,0x00000000fbc80000)
 ParOldGen       total 118272K, used 41433K [0x00000000e0000000, 0x00000000e7380000, 0x00000000f5580000)
  object space 118272K, 35% used [0x00000000e0000000,0x00000000e2876690,0x00000000e7380000)
 Metaspace       used 80174K, capacity 87014K, committed 87188K, reserved 1124352K
  class space    used 9709K, capacity 11804K, committed 11924K, reserved 1048576K
}
Event: 222.743 GC heap before
{Heap before GC invocations=18 (full 4):
 PSYoungGen      total 102912K, used 24130K [0x00000000f5580000, 0x00000000fdd00000, 0x0000000100000000)
  eden space 74752K, 0% used [0x00000000f5580000,0x00000000f5580000,0x00000000f9e80000)
  from space 28160K, 85% used [0x00000000fbc80000,0x00000000fd410b10,0x00000000fd800000)
  to   space 30720K, 0% used [0x00000000f9e80000,0x00000000f9e80000,0x00000000fbc80000)
 ParOldGen       total 118272K, used 41433K [0x00000000e0000000, 0x00000000e7380000, 0x00000000f5580000)
  object space 118272K, 35% used [0x00000000e0000000,0x00000000e2876690,0x00000000e7380000)
 Metaspace       used 80174K, capacity 87014K, committed 87188K, reserved 1124352K
  class space    used 9709K, capacity 11804K, committed 11924K, reserved 1048576K
Event: 223.079 GC heap after
Heap after GC invocations=18 (full 4):
 PSYoungGen      total 102912K, used 0K [0x00000000f5580000, 0x00000000fdd00000, 0x0000000100000000)
  eden space 74752K, 0% used [0x00000000f5580000,0x00000000f5580000,0x00000000f9e80000)
  from space 28160K, 0% used [0x00000000fbc80000,0x00000000fbc80000,0x00000000fd800000)
  to   space 30720K, 0% used [0x00000000f9e80000,0x00000000f9e80000,0x00000000fbc80000)
 ParOldGen       total 118272K, used 58537K [0x00000000e0000000, 0x00000000e7380000, 0x00000000f5580000)
  object space 118272K, 49% used [0x00000000e0000000,0x00000000e392a4a8,0x00000000e7380000)
 Metaspace       used 80174K, capacity 87014K, committed 87188K, reserved 1124352K
  class space    used 9709K, capacity 11804K, committed 11924K, reserved 1048576K
}

