# JRE version: Java(TM) SE Runtime Environment (8.0_66-b18) (build 1.8.0_66-b18)
# Java VM: Java HotSpot(TM) 64-Bit Server VM (25.66-b18 mixed mode windows-amd64 compressed oops)
Heap:
 PSYoungGen      total 102400K, used 87397K [0x00000000f5580000, 0x00000000fda00000, 0x0000000100000000)
  eden space 100864K, 86% used [0x00000000f5580000,0x00000000faad94c8,0x00000000fb800000)
  from space 1536K, 0% used [0x00000000fb800000,0x00000000fb800000,0x00000000fb980000)
  to   space 17408K, 0% used [0x00000000fc900000,0x00000000fc900000,0x00000000fda00000)
 ParOldGen       total 114176K, used 47009K [0x00000000e0000000, 0x00000000e6f80000, 0x00000000f5580000)
  object space 114176K, 41% used [0x00000000e0000000,0x00000000e2de8480,0x00000000e6f80000)
 Metaspace       used 86863K, capacity 94084K, committed 94376K, reserved 1130496K
  class space    used 10173K, capacity 12395K, committed 12456K, reserved 1048576K
GC Heap History (10 events):
Event: 841.326 GC heap before
{Heap before GC invocations=41 (full 14):
 PSYoungGen      total 117248K, used 97198K [0x00000000f5580000, 0x00000000fe080000, 0x0000000100000000)
  eden space 95744K, 100% used [0x00000000f5580000,0x00000000fb300000,0x00000000fb300000)
  from space 21504K, 6% used [0x00000000fc700000,0x00000000fc86b8e0,0x00000000fdc00000)
  to   space 20480K, 0% used [0x00000000fb300000,0x00000000fb300000,0x00000000fc700000)
 ParOldGen       total 114176K, used 46712K [0x00000000e0000000, 0x00000000e6f80000, 0x00000000f5580000)
  object space 114176K, 40% used [0x00000000e0000000,0x00000000e2d9e3d0,0x00000000e6f80000)
 Metaspace       used 85535K, capacity 92776K, committed 92968K, reserved 1130496K
  class space    used 10061K, capacity 12263K, committed 12328K, reserved 1048576K
Event: 841.329 GC heap after
Heap after GC invocations=41 (full 14):
 PSYoungGen      total 116224K, used 1246K [0x00000000f5580000, 0x00000000fde00000, 0x0000000100000000)
  eden space 95744K, 0% used [0x00000000f5580000,0x00000000f5580000,0x00000000fb300000)
  from space 20480K, 6% used [0x00000000fb300000,0x00000000fb4378f0,0x00000000fc700000)
  to   space 19456K, 0% used [0x00000000fcb00000,0x00000000fcb00000,0x00000000fde00000)
 ParOldGen       total 114176K, used 46720K [0x00000000e0000000, 0x00000000e6f80000, 0x00000000f5580000)
  object space 114176K, 40% used [0x00000000e0000000,0x00000000e2da03d0,0x00000000e6f80000)
 Metaspace       used 85535K, capacity 92776K, committed 92968K, reserved 1130496K
  class space    used 10061K, capacity 12263K, committed 12328K, reserved 1048576K
}
Event: 848.963 GC heap before
{Heap before GC invocations=42 (full 14):
 PSYoungGen      total 116224K, used 30054K [0x00000000f5580000, 0x00000000fde00000, 0x0000000100000000)
  eden space 95744K, 30% used [0x00000000f5580000,0x00000000f71a20c8,0x00000000fb300000)
  from space 20480K, 6% used [0x00000000fb300000,0x00000000fb4378f0,0x00000000fc700000)
  to   space 19456K, 0% used [0x00000000fcb00000,0x00000000fcb00000,0x00000000fde00000)
 ParOldGen       total 114176K, used 46720K [0x00000000e0000000, 0x00000000e6f80000, 0x00000000f5580000)
  object space 114176K, 40% used [0x00000000e0000000,0x00000000e2da03d0,0x00000000e6f80000)
 Metaspace       used 85622K, capacity 92776K, committed 92968K, reserved 1130496K
  class space    used 10063K, capacity 12263K, committed 12328K, reserved 1048576K
Event: 848.965 GC heap after
Heap after GC invocations=42 (full 14):
 PSYoungGen      total 118272K, used 1838K [0x00000000f5580000, 0x00000000fdc00000, 0x0000000100000000)
  eden space 100864K, 0% used [0x00000000f5580000,0x00000000f5580000,0x00000000fb800000)
  from space 17408K, 10% used [0x00000000fcb00000,0x00000000fcccb8e0,0x00000000fdc00000)
  to   space 18432K, 0% used [0x00000000fb800000,0x00000000fb800000,0x00000000fca00000)
 ParOldGen       total 114176K, used 46728K [0x00000000e0000000, 0x00000000e6f80000, 0x00000000f5580000)
  object space 114176K, 40% used [0x00000000e0000000,0x00000000e2da23d0,0x00000000e6f80000)
 Metaspace       used 85622K, capacity 92776K, committed 92968K, reserved 1130496K
  class space    used 10063K, capacity 12263K, committed 12328K, reserved 1048576K
}
Event: 848.965 GC heap before
{Heap before GC invocations=43 (full 15):
 PSYoungGen      total 118272K, used 1838K [0x00000000f5580000, 0x00000000fdc00000, 0x0000000100000000)
  eden space 100864K, 0% used [0x00000000f5580000,0x00000000f5580000,0x00000000fb800000)
  from space 17408K, 10% used [0x00000000fcb00000,0x00000000fcccb8e0,0x00000000fdc00000)
  to   space 18432K, 0% used [0x00000000fb800000,0x00000000fb800000,0x00000000fca00000)
 ParOldGen       total 114176K, used 46728K [0x00000000e0000000, 0x00000000e6f80000, 0x00000000f5580000)
  object space 114176K, 40% used [0x00000000e0000000,0x00000000e2da23d0,0x00000000e6f80000)
 Metaspace       used 85622K, capacity 92776K, committed 92968K, reserved 1130496K
  class space    used 10063K, capacity 12263K, committed 12328K, reserved 1048576K
Event: 849.152 GC heap after
Heap after GC invocations=43 (full 15):
 PSYoungGen      total 118272K, used 0K [0x00000000f5580000, 0x00000000fdc00000, 0x0000000100000000)
  eden space 100864K, 0% used [0x00000000f5580000,0x00000000f5580000,0x00000000fb800000)
  from space 17408K, 0% used [0x00000000fcb00000,0x00000000fcb00000,0x00000000fdc00000)
  to   space 18432K, 0% used [0x00000000fb800000,0x00000000fb800000,0x00000000fca00000)
 ParOldGen       total 114176K, used 46886K [0x00000000e0000000, 0x00000000e6f80000, 0x00000000f5580000)
  object space 114176K, 41% used [0x00000000e0000000,0x00000000e2dc9b78,0x00000000e6f80000)
 Metaspace       used 85622K, capacity 92776K, committed 92968K, reserved 1130496K
  class space    used 10063K, capacity 12263K, committed 12328K, reserved 1048576K
}
Event: 988.036 GC heap before
{Heap before GC invocations=44 (full 15):
 PSYoungGen      total 118272K, used 46998K [0x00000000f5580000, 0x00000000fdc00000, 0x0000000100000000)
  eden space 100864K, 46% used [0x00000000f5580000,0x00000000f8365878,0x00000000fb800000)
  from space 17408K, 0% used [0x00000000fcb00000,0x00000000fcb00000,0x00000000fdc00000)
  to   space 18432K, 0% used [0x00000000fb800000,0x00000000fb800000,0x00000000fca00000)
 ParOldGen       total 114176K, used 46886K [0x00000000e0000000, 0x00000000e6f80000, 0x00000000f5580000)
  object space 114176K, 41% used [0x00000000e0000000,0x00000000e2dc9b78,0x00000000e6f80000)
 Metaspace       used 85826K, capacity 92986K, committed 93224K, reserved 1130496K
  class space    used 10067K, capacity 12266K, committed 12328K, reserved 1048576K
Event: 988.040 GC heap after
Heap after GC invocations=44 (full 15):
 PSYoungGen      total 102400K, used 1351K [0x00000000f5580000, 0x00000000fda00000, 0x0000000100000000)
  eden space 100864K, 0% used [0x00000000f5580000,0x00000000f5580000,0x00000000fb800000)
  from space 1536K, 87% used [0x00000000fb800000,0x00000000fb951c60,0x00000000fb980000)
  to   space 17408K, 0% used [0x00000000fc900000,0x00000000fc900000,0x00000000fda00000)
 ParOldGen       total 114176K, used 46894K [0x00000000e0000000, 0x00000000e6f80000, 0x00000000f5580000)
  object space 114176K, 41% used [0x00000000e0000000,0x00000000e2dcbb78,0x00000000e6f80000)
 Metaspace       used 85826K, capacity 92986K, committed 93224K, reserved 1130496K
  class space    used 10067K, capacity 12266K, committed 12328K, reserved 1048576K
}
Event: 988.040 GC heap before
{Heap before GC invocations=45 (full 16):
 PSYoungGen      total 102400K, used 1351K [0x00000000f5580000, 0x00000000fda00000, 0x0000000100000000)
  eden space 100864K, 0% used [0x00000000f5580000,0x00000000f5580000,0x00000000fb800000)
  from space 1536K, 87% used [0x00000000fb800000,0x00000000fb951c60,0x00000000fb980000)
  to   space 17408K, 0% used [0x00000000fc900000,0x00000000fc900000,0x00000000fda00000)
 ParOldGen       total 114176K, used 46894K [0x00000000e0000000, 0x00000000e6f80000, 0x00000000f5580000)
  object space 114176K, 41% used [0x00000000e0000000,0x00000000e2dcbb78,0x00000000e6f80000)
 Metaspace       used 85826K, capacity 92986K, committed 93224K, reserved 1130496K
  class space    used 10067K, capacity 12266K, committed 12328K, reserved 1048576K
Event: 988.332 GC heap after
Heap after GC invocations=45 (full 16):
 PSYoungGen      total 102400K, used 0K [0x00000000f5580000, 0x00000000fda00000, 0x0000000100000000)
  eden space 100864K, 0% used [0x00000000f5580000,0x00000000f5580000,0x00000000fb800000)
  from space 1536K, 0% used [0x00000000fb800000,0x00000000fb800000,0x00000000fb980000)
  to   space 17408K, 0% used [0x00000000fc900000,0x00000000fc900000,0x00000000fda00000)
 ParOldGen       total 114176K, used 47009K [0x00000000e0000000, 0x00000000e6f80000, 0x00000000f5580000)
  object space 114176K, 41% used [0x00000000e0000000,0x00000000e2de8480,0x00000000e6f80000)
 Metaspace       used 85826K, capacity 92986K, committed 93224K, reserved 1130496K
  class space    used 10067K, capacity 12266K, committed 12328K, reserved 1048576K
}

