# JRE version: Java(TM) SE Runtime Environment (8.0_66-b18) (build 1.8.0_66-b18)
# Java VM: Java HotSpot(TM) 64-Bit Server VM (25.66-b18 mixed mode windows-amd64 compressed oops)
Heap:
 PSYoungGen      total 132096K, used 115814K [0x00000000f5580000, 0x00000000fde80000, 0x0000000100000000)
  eden space 124416K, 91% used [0x00000000f5580000,0x00000000fc43fdd0,0x00000000fcf00000)
  from space 7680K, 31% used [0x00000000fcf00000,0x00000000fd159c70,0x00000000fd680000)
  to   space 7168K, 0% used [0x00000000fd780000,0x00000000fd780000,0x00000000fde80000)
 ParOldGen       total 103936K, used 46568K [0x00000000e0000000, 0x00000000e6580000, 0x00000000f5580000)
  object space 103936K, 44% used [0x00000000e0000000,0x00000000e2d7a0f0,0x00000000e6580000)
 Metaspace       used 89211K, capacity 96432K, committed 96728K, reserved 1134592K
  class space    used 10268K, capacity 12527K, committed 12544K, reserved 1048576K
GC Heap History (10 events):
Event: 2049.779 GC heap before
{Heap before GC invocations=65 (full 25):
 PSYoungGen      total 130048K, used 120320K [0x00000000f5580000, 0x00000000fdf80000, 0x0000000100000000)
  eden space 120320K, 100% used [0x00000000f5580000,0x00000000fcb00000,0x00000000fcb00000)
  from space 9728K, 0% used [0x00000000fcb00000,0x00000000fcb00000,0x00000000fd480000)
  to   space 9216K, 0% used [0x00000000fd680000,0x00000000fd680000,0x00000000fdf80000)
 ParOldGen       total 103936K, used 47132K [0x00000000e0000000, 0x00000000e6580000, 0x00000000f5580000)
  object space 103936K, 45% used [0x00000000e0000000,0x00000000e2e073e8,0x00000000e6580000)
 Metaspace       used 88065K, capacity 95232K, committed 95576K, reserved 1132544K
  class space    used 10170K, capacity 12365K, committed 12416K, reserved 1048576K
Event: 2049.782 GC heap after
Heap after GC invocations=65 (full 25):
 PSYoungGen      total 130048K, used 2023K [0x00000000f5580000, 0x00000000fde00000, 0x0000000100000000)
  eden space 122368K, 0% used [0x00000000f5580000,0x00000000f5580000,0x00000000fcd00000)
  from space 7680K, 26% used [0x00000000fd680000,0x00000000fd879c60,0x00000000fde00000)
  to   space 8704K, 0% used [0x00000000fcd00000,0x00000000fcd00000,0x00000000fd580000)
 ParOldGen       total 103936K, used 47132K [0x00000000e0000000, 0x00000000e6580000, 0x00000000f5580000)
  object space 103936K, 45% used [0x00000000e0000000,0x00000000e2e073e8,0x00000000e6580000)
 Metaspace       used 88065K, capacity 95232K, committed 95576K, reserved 1132544K
  class space    used 10170K, capacity 12365K, committed 12416K, reserved 1048576K
}
Event: 2264.969 GC heap before
{Heap before GC invocations=66 (full 25):
 PSYoungGen      total 130048K, used 124391K [0x00000000f5580000, 0x00000000fde00000, 0x0000000100000000)
  eden space 122368K, 100% used [0x00000000f5580000,0x00000000fcd00000,0x00000000fcd00000)
  from space 7680K, 26% used [0x00000000fd680000,0x00000000fd879c60,0x00000000fde00000)
  to   space 8704K, 0% used [0x00000000fcd00000,0x00000000fcd00000,0x00000000fd580000)
 ParOldGen       total 103936K, used 47132K [0x00000000e0000000, 0x00000000e6580000, 0x00000000f5580000)
  object space 103936K, 45% used [0x00000000e0000000,0x00000000e2e073e8,0x00000000e6580000)
 Metaspace       used 88281K, capacity 95564K, committed 95832K, reserved 1132544K
  class space    used 10184K, capacity 12367K, committed 12416K, reserved 1048576K
Event: 2264.977 GC heap after
Heap after GC invocations=66 (full 25):
 PSYoungGen      total 131072K, used 3047K [0x00000000f5580000, 0x00000000fdf00000, 0x0000000100000000)
  eden space 122368K, 0% used [0x00000000f5580000,0x00000000f5580000,0x00000000fcd00000)
  from space 8704K, 35% used [0x00000000fcd00000,0x00000000fcff9c60,0x00000000fd580000)
  to   space 8192K, 0% used [0x00000000fd700000,0x00000000fd700000,0x00000000fdf00000)
 ParOldGen       total 103936K, used 47140K [0x00000000e0000000, 0x00000000e6580000, 0x00000000f5580000)
  object space 103936K, 45% used [0x00000000e0000000,0x00000000e2e093e8,0x00000000e6580000)
 Metaspace       used 88281K, capacity 95564K, committed 95832K, reserved 1132544K
  class space    used 10184K, capacity 12367K, committed 12416K, reserved 1048576K
}
Event: 2274.998 GC heap before
{Heap before GC invocations=67 (full 25):
 PSYoungGen      total 131072K, used 7092K [0x00000000f5580000, 0x00000000fdf00000, 0x0000000100000000)
  eden space 122368K, 3% used [0x00000000f5580000,0x00000000f59735f0,0x00000000fcd00000)
  from space 8704K, 35% used [0x00000000fcd00000,0x00000000fcff9c60,0x00000000fd580000)
  to   space 8192K, 0% used [0x00000000fd700000,0x00000000fd700000,0x00000000fdf00000)
 ParOldGen       total 103936K, used 47140K [0x00000000e0000000, 0x00000000e6580000, 0x00000000f5580000)
  object space 103936K, 45% used [0x00000000e0000000,0x00000000e2e093e8,0x00000000e6580000)
 Metaspace       used 88282K, capacity 95564K, committed 95832K, reserved 1132544K
  class space    used 10184K, capacity 12367K, committed 12416K, reserved 1048576K
Event: 2275.001 GC heap after
Heap after GC invocations=67 (full 25):
 PSYoungGen      total 131584K, used 2407K [0x00000000f5580000, 0x00000000fde00000, 0x0000000100000000)
  eden space 124416K, 0% used [0x00000000f5580000,0x00000000f5580000,0x00000000fcf00000)
  from space 7168K, 33% used [0x00000000fd700000,0x00000000fd959c60,0x00000000fde00000)
  to   space 7680K, 0% used [0x00000000fcf00000,0x00000000fcf00000,0x00000000fd680000)
 ParOldGen       total 103936K, used 47140K [0x00000000e0000000, 0x00000000e6580000, 0x00000000f5580000)
  object space 103936K, 45% used [0x00000000e0000000,0x00000000e2e093e8,0x00000000e6580000)
 Metaspace       used 88282K, capacity 95564K, committed 95832K, reserved 1132544K
  class space    used 10184K, capacity 12367K, committed 12416K, reserved 1048576K
}
Event: 2275.001 GC heap before
{Heap before GC invocations=68 (full 26):
 PSYoungGen      total 131584K, used 2407K [0x00000000f5580000, 0x00000000fde00000, 0x0000000100000000)
  eden space 124416K, 0% used [0x00000000f5580000,0x00000000f5580000,0x00000000fcf00000)
  from space 7168K, 33% used [0x00000000fd700000,0x00000000fd959c60,0x00000000fde00000)
  to   space 7680K, 0% used [0x00000000fcf00000,0x00000000fcf00000,0x00000000fd680000)
 ParOldGen       total 103936K, used 47140K [0x00000000e0000000, 0x00000000e6580000, 0x00000000f5580000)
  object space 103936K, 45% used [0x00000000e0000000,0x00000000e2e093e8,0x00000000e6580000)
 Metaspace       used 88282K, capacity 95564K, committed 95832K, reserved 1132544K
  class space    used 10184K, capacity 12367K, committed 12416K, reserved 1048576K
Event: 2275.201 GC heap after
Heap after GC invocations=68 (full 26):
 PSYoungGen      total 131584K, used 0K [0x00000000f5580000, 0x00000000fde00000, 0x0000000100000000)
  eden space 124416K, 0% used [0x00000000f5580000,0x00000000f5580000,0x00000000fcf00000)
  from space 7168K, 0% used [0x00000000fd700000,0x00000000fd700000,0x00000000fde00000)
  to   space 7680K, 0% used [0x00000000fcf00000,0x00000000fcf00000,0x00000000fd680000)
 ParOldGen       total 103936K, used 46560K [0x00000000e0000000, 0x00000000e6580000, 0x00000000f5580000)
  object space 103936K, 44% used [0x00000000e0000000,0x00000000e2d780f0,0x00000000e6580000)
 Metaspace       used 88282K, capacity 95564K, committed 95832K, reserved 1132544K
  class space    used 10184K, capacity 12367K, committed 12416K, reserved 1048576K
}
Event: 2429.004 GC heap before
{Heap before GC invocations=69 (full 26):
 PSYoungGen      total 131584K, used 124416K [0x00000000f5580000, 0x00000000fde00000, 0x0000000100000000)
  eden space 124416K, 100% used [0x00000000f5580000,0x00000000fcf00000,0x00000000fcf00000)
  from space 7168K, 0% used [0x00000000fd700000,0x00000000fd700000,0x00000000fde00000)
  to   space 7680K, 0% used [0x00000000fcf00000,0x00000000fcf00000,0x00000000fd680000)
 ParOldGen       total 103936K, used 46560K [0x00000000e0000000, 0x00000000e6580000, 0x00000000f5580000)
  object space 103936K, 44% used [0x00000000e0000000,0x00000000e2d780f0,0x00000000e6580000)
 Metaspace       used 88401K, capacity 95820K, committed 96088K, reserved 1132544K
  class space    used 10184K, capacity 12367K, committed 12416K, reserved 1048576K
Event: 2429.011 GC heap after
Heap after GC invocations=69 (full 26):
 PSYoungGen      total 132096K, used 2407K [0x00000000f5580000, 0x00000000fde80000, 0x0000000100000000)
  eden space 124416K, 0% used [0x00000000f5580000,0x00000000f5580000,0x00000000fcf00000)
  from space 7680K, 31% used [0x00000000fcf00000,0x00000000fd159c70,0x00000000fd680000)
  to   space 7168K, 0% used [0x00000000fd780000,0x00000000fd780000,0x00000000fde80000)
 ParOldGen       total 103936K, used 46568K [0x00000000e0000000, 0x00000000e6580000, 0x00000000f5580000)
  object space 103936K, 44% used [0x00000000e0000000,0x00000000e2d7a0f0,0x00000000e6580000)
 Metaspace       used 88401K, capacity 95820K, committed 96088K, reserved 1132544K
  class space    used 10184K, capacity 12367K, committed 12416K, reserved 1048576K
}

