# JRE version: Java(TM) SE Runtime Environment (8.0_66-b18) (build 1.8.0_66-b18)
# Java VM: Java HotSpot(TM) 64-Bit Server VM (25.66-b18 mixed mode windows-amd64 compressed oops)
Heap:
 PSYoungGen      total 78848K, used 33663K [0x00000000f5580000, 0x00000000fd980000, 0x0000000100000000)
  eden space 77824K, 43% used [0x00000000f5580000,0x00000000f765fc98,0x00000000fa180000)
  from space 1024K, 0% used [0x00000000fa180000,0x00000000fa180000,0x00000000fa280000)
  to   space 28672K, 0% used [0x00000000fbd80000,0x00000000fbd80000,0x00000000fd980000)
 ParOldGen       total 117248K, used 57092K [0x00000000e0000000, 0x00000000e7280000, 0x00000000f5580000)
  object space 117248K, 48% used [0x00000000e0000000,0x00000000e37c1008,0x00000000e7280000)
 Metaspace       used 83760K, capacity 91172K, committed 91440K, reserved 1128448K
  class space    used 10052K, capacity 12270K, committed 12336K, reserved 1048576K
GC Heap History (10 events):
Event: 250.160 GC heap before
{Heap before GC invocations=23 (full 6):
 PSYoungGen      total 102400K, used 72704K [0x00000000f5580000, 0x00000000fd680000, 0x0000000100000000)
  eden space 72704K, 100% used [0x00000000f5580000,0x00000000f9c80000,0x00000000f9c80000)
  from space 29696K, 0% used [0x00000000fb980000,0x00000000fb980000,0x00000000fd680000)
  to   space 29696K, 0% used [0x00000000f9c80000,0x00000000f9c80000,0x00000000fb980000)
 ParOldGen       total 117248K, used 56283K [0x00000000e0000000, 0x00000000e7280000, 0x00000000f5580000)
  object space 117248K, 48% used [0x00000000e0000000,0x00000000e36f6ee8,0x00000000e7280000)
 Metaspace       used 82209K, capacity 89664K, committed 90032K, reserved 1126400K
  class space    used 9908K, capacity 12110K, committed 12208K, reserved 1048576K
Event: 250.163 GC heap after
Heap after GC invocations=23 (full 6):
 PSYoungGen      total 102400K, used 1888K [0x00000000f5580000, 0x00000000fdb80000, 0x0000000100000000)
  eden space 72704K, 0% used [0x00000000f5580000,0x00000000f5580000,0x00000000f9c80000)
  from space 29696K, 6% used [0x00000000f9c80000,0x00000000f9e58000,0x00000000fb980000)
  to   space 29696K, 0% used [0x00000000fbe80000,0x00000000fbe80000,0x00000000fdb80000)
 ParOldGen       total 117248K, used 56291K [0x00000000e0000000, 0x00000000e7280000, 0x00000000f5580000)
  object space 117248K, 48% used [0x00000000e0000000,0x00000000e36f8ee8,0x00000000e7280000)
 Metaspace       used 82209K, capacity 89664K, committed 90032K, reserved 1126400K
  class space    used 9908K, capacity 12110K, committed 12208K, reserved 1048576K
}
Event: 263.657 GC heap before
{Heap before GC invocations=24 (full 6):
 PSYoungGen      total 102400K, used 4979K [0x00000000f5580000, 0x00000000fdb80000, 0x0000000100000000)
  eden space 72704K, 4% used [0x00000000f5580000,0x00000000f5884d88,0x00000000f9c80000)
  from space 29696K, 6% used [0x00000000f9c80000,0x00000000f9e58000,0x00000000fb980000)
  to   space 29696K, 0% used [0x00000000fbe80000,0x00000000fbe80000,0x00000000fdb80000)
 ParOldGen       total 117248K, used 56291K [0x00000000e0000000, 0x00000000e7280000, 0x00000000f5580000)
  object space 117248K, 48% used [0x00000000e0000000,0x00000000e36f8ee8,0x00000000e7280000)
 Metaspace       used 82272K, capacity 89664K, committed 90032K, reserved 1126400K
  class space    used 9908K, capacity 12110K, committed 12208K, reserved 1048576K
Event: 263.666 GC heap after
Heap after GC invocations=24 (full 6):
 PSYoungGen      total 106496K, used 1799K [0x00000000f5580000, 0x00000000fda80000, 0x0000000100000000)
  eden space 77824K, 0% used [0x00000000f5580000,0x00000000f5580000,0x00000000fa180000)
  from space 28672K, 6% used [0x00000000fbe80000,0x00000000fc041c60,0x00000000fda80000)
  to   space 29184K, 0% used [0x00000000fa180000,0x00000000fa180000,0x00000000fbe00000)
 ParOldGen       total 117248K, used 56291K [0x00000000e0000000, 0x00000000e7280000, 0x00000000f5580000)
  object space 117248K, 48% used [0x00000000e0000000,0x00000000e36f8ee8,0x00000000e7280000)
 Metaspace       used 82272K, capacity 89664K, committed 90032K, reserved 1126400K
  class space    used 9908K, capacity 12110K, committed 12208K, reserved 1048576K
}
Event: 263.666 GC heap before
{Heap before GC invocations=25 (full 7):
 PSYoungGen      total 106496K, used 1799K [0x00000000f5580000, 0x00000000fda80000, 0x0000000100000000)
  eden space 77824K, 0% used [0x00000000f5580000,0x00000000f5580000,0x00000000fa180000)
  from space 28672K, 6% used [0x00000000fbe80000,0x00000000fc041c60,0x00000000fda80000)
  to   space 29184K, 0% used [0x00000000fa180000,0x00000000fa180000,0x00000000fbe00000)
 ParOldGen       total 117248K, used 56291K [0x00000000e0000000, 0x00000000e7280000, 0x00000000f5580000)
  object space 117248K, 48% used [0x00000000e0000000,0x00000000e36f8ee8,0x00000000e7280000)
 Metaspace       used 82272K, capacity 89664K, committed 90032K, reserved 1126400K
  class space    used 9908K, capacity 12110K, committed 12208K, reserved 1048576K
Event: 263.866 GC heap after
Heap after GC invocations=25 (full 7):
 PSYoungGen      total 106496K, used 0K [0x00000000f5580000, 0x00000000fda80000, 0x0000000100000000)
  eden space 77824K, 0% used [0x00000000f5580000,0x00000000f5580000,0x00000000fa180000)
  from space 28672K, 0% used [0x00000000fbe80000,0x00000000fbe80000,0x00000000fda80000)
  to   space 29184K, 0% used [0x00000000fa180000,0x00000000fa180000,0x00000000fbe00000)
 ParOldGen       total 117248K, used 56488K [0x00000000e0000000, 0x00000000e7280000, 0x00000000f5580000)
  object space 117248K, 48% used [0x00000000e0000000,0x00000000e372a2e8,0x00000000e7280000)
 Metaspace       used 82272K, capacity 89664K, committed 90032K, reserved 1126400K
  class space    used 9908K, capacity 12110K, committed 12208K, reserved 1048576K
}
Event: 323.658 GC heap before
{Heap before GC invocations=26 (full 7):
 PSYoungGen      total 106496K, used 8756K [0x00000000f5580000, 0x00000000fda80000, 0x0000000100000000)
  eden space 77824K, 11% used [0x00000000f5580000,0x00000000f5e0d378,0x00000000fa180000)
  from space 28672K, 0% used [0x00000000fbe80000,0x00000000fbe80000,0x00000000fda80000)
  to   space 29184K, 0% used [0x00000000fa180000,0x00000000fa180000,0x00000000fbe00000)
 ParOldGen       total 117248K, used 56488K [0x00000000e0000000, 0x00000000e7280000, 0x00000000f5580000)
  object space 117248K, 48% used [0x00000000e0000000,0x00000000e372a2e8,0x00000000e7280000)
 Metaspace       used 82683K, capacity 90112K, committed 90288K, reserved 1128448K
  class space    used 9938K, capacity 12110K, committed 12208K, reserved 1048576K
Event: 323.667 GC heap after
Heap after GC invocations=26 (full 7):
 PSYoungGen      total 78848K, used 1008K [0x00000000f5580000, 0x00000000fd980000, 0x0000000100000000)
  eden space 77824K, 0% used [0x00000000f5580000,0x00000000f5580000,0x00000000fa180000)
  from space 1024K, 98% used [0x00000000fa180000,0x00000000fa27c010,0x00000000fa280000)
  to   space 28672K, 0% used [0x00000000fbd80000,0x00000000fbd80000,0x00000000fd980000)
 ParOldGen       total 117248K, used 56560K [0x00000000e0000000, 0x00000000e7280000, 0x00000000f5580000)
  object space 117248K, 48% used [0x00000000e0000000,0x00000000e373c2f8,0x00000000e7280000)
 Metaspace       used 82683K, capacity 90112K, committed 90288K, reserved 1128448K
  class space    used 9938K, capacity 12110K, committed 12208K, reserved 1048576K
}
Event: 323.667 GC heap before
{Heap before GC invocations=27 (full 8):
 PSYoungGen      total 78848K, used 1008K [0x00000000f5580000, 0x00000000fd980000, 0x0000000100000000)
  eden space 77824K, 0% used [0x00000000f5580000,0x00000000f5580000,0x00000000fa180000)
  from space 1024K, 98% used [0x00000000fa180000,0x00000000fa27c010,0x00000000fa280000)
  to   space 28672K, 0% used [0x00000000fbd80000,0x00000000fbd80000,0x00000000fd980000)
 ParOldGen       total 117248K, used 56560K [0x00000000e0000000, 0x00000000e7280000, 0x00000000f5580000)
  object space 117248K, 48% used [0x00000000e0000000,0x00000000e373c2f8,0x00000000e7280000)
 Metaspace       used 82683K, capacity 90112K, committed 90288K, reserved 1128448K
  class space    used 9938K, capacity 12110K, committed 12208K, reserved 1048576K
Event: 323.927 GC heap after
Heap after GC invocations=27 (full 8):
 PSYoungGen      total 78848K, used 0K [0x00000000f5580000, 0x00000000fd980000, 0x0000000100000000)
  eden space 77824K, 0% used [0x00000000f5580000,0x00000000f5580000,0x00000000fa180000)
  from space 1024K, 0% used [0x00000000fa180000,0x00000000fa180000,0x00000000fa280000)
  to   space 28672K, 0% used [0x00000000fbd80000,0x00000000fbd80000,0x00000000fd980000)
 ParOldGen       total 117248K, used 57092K [0x00000000e0000000, 0x00000000e7280000, 0x00000000f5580000)
  object space 117248K, 48% used [0x00000000e0000000,0x00000000e37c1008,0x00000000e7280000)
 Metaspace       used 82683K, capacity 90112K, committed 90288K, reserved 1128448K
  class space    used 9938K, capacity 12110K, committed 12208K, reserved 1048576K
}

