# JRE version: Java(TM) SE Runtime Environment (8.0_66-b18) (build 1.8.0_66-b18)
# Java VM: Java HotSpot(TM) 64-Bit Server VM (25.66-b18 mixed mode windows-amd64 compressed oops)
Heap:
 PSYoungGen      total 107008K, used 35921K [0x00000000f5580000, 0x00000000fde00000, 0x0000000100000000)
  eden space 78848K, 45% used [0x00000000f5580000,0x00000000f7894540,0x00000000fa280000)
  from space 28160K, 0% used [0x00000000fa280000,0x00000000fa280000,0x00000000fbe00000)
  to   space 28160K, 0% used [0x00000000fc280000,0x00000000fc280000,0x00000000fde00000)
 ParOldGen       total 113152K, used 55451K [0x00000000e0000000, 0x00000000e6e80000, 0x00000000f5580000)
  object space 113152K, 49% used [0x00000000e0000000,0x00000000e3626d58,0x00000000e6e80000)
 Metaspace       used 83231K, capacity 90482K, committed 90664K, reserved 1128448K
  class space    used 10017K, capacity 12273K, committed 12328K, reserved 1048576K
GC Heap History (10 events):
Event: 220.646 GC heap before
{Heap before GC invocations=20 (full 5):
 PSYoungGen      total 105472K, used 7007K [0x00000000f5580000, 0x00000000fd980000, 0x0000000100000000)
  eden space 77312K, 9% used [0x00000000f5580000,0x00000000f5c57e78,0x00000000fa100000)
  from space 28160K, 0% used [0x00000000fbd00000,0x00000000fbd00000,0x00000000fd880000)
  to   space 28672K, 0% used [0x00000000fa100000,0x00000000fa100000,0x00000000fbd00000)
 ParOldGen       total 113152K, used 54160K [0x00000000e0000000, 0x00000000e6e80000, 0x00000000f5580000)
  object space 113152K, 47% used [0x00000000e0000000,0x00000000e34e4218,0x00000000e6e80000)
 Metaspace       used 78887K, capacity 85184K, committed 85288K, reserved 1122304K
  class space    used 9547K, capacity 11466K, committed 11560K, reserved 1048576K
Event: 220.653 GC heap after
Heap after GC invocations=20 (full 5):
 PSYoungGen      total 105984K, used 448K [0x00000000f5580000, 0x00000000fda80000, 0x0000000100000000)
  eden space 77312K, 0% used [0x00000000f5580000,0x00000000f5580000,0x00000000fa100000)
  from space 28672K, 1% used [0x00000000fa100000,0x00000000fa170010,0x00000000fbd00000)
  to   space 29184K, 0% used [0x00000000fbe00000,0x00000000fbe00000,0x00000000fda80000)
 ParOldGen       total 113152K, used 54168K [0x00000000e0000000, 0x00000000e6e80000, 0x00000000f5580000)
  object space 113152K, 47% used [0x00000000e0000000,0x00000000e34e6218,0x00000000e6e80000)
 Metaspace       used 78887K, capacity 85184K, committed 85288K, reserved 1122304K
  class space    used 9547K, capacity 11466K, committed 11560K, reserved 1048576K
}
Event: 220.653 GC heap before
{Heap before GC invocations=21 (full 6):
 PSYoungGen      total 105984K, used 448K [0x00000000f5580000, 0x00000000fda80000, 0x0000000100000000)
  eden space 77312K, 0% used [0x00000000f5580000,0x00000000f5580000,0x00000000fa100000)
  from space 28672K, 1% used [0x00000000fa100000,0x00000000fa170010,0x00000000fbd00000)
  to   space 29184K, 0% used [0x00000000fbe00000,0x00000000fbe00000,0x00000000fda80000)
 ParOldGen       total 113152K, used 54168K [0x00000000e0000000, 0x00000000e6e80000, 0x00000000f5580000)
  object space 113152K, 47% used [0x00000000e0000000,0x00000000e34e6218,0x00000000e6e80000)
 Metaspace       used 78887K, capacity 85184K, committed 85288K, reserved 1122304K
  class space    used 9547K, capacity 11466K, committed 11560K, reserved 1048576K
Event: 220.844 GC heap after
Heap after GC invocations=21 (full 6):
 PSYoungGen      total 105984K, used 0K [0x00000000f5580000, 0x00000000fda80000, 0x0000000100000000)
  eden space 77312K, 0% used [0x00000000f5580000,0x00000000f5580000,0x00000000fa100000)
  from space 28672K, 0% used [0x00000000fa100000,0x00000000fa100000,0x00000000fbd00000)
  to   space 29184K, 0% used [0x00000000fbe00000,0x00000000fbe00000,0x00000000fda80000)
 ParOldGen       total 113152K, used 54083K [0x00000000e0000000, 0x00000000e6e80000, 0x00000000f5580000)
  object space 113152K, 47% used [0x00000000e0000000,0x00000000e34d0c20,0x00000000e6e80000)
 Metaspace       used 78887K, capacity 85184K, committed 85288K, reserved 1122304K
  class space    used 9547K, capacity 11466K, committed 11560K, reserved 1048576K
}
Event: 277.989 GC heap before
{Heap before GC invocations=22 (full 6):
 PSYoungGen      total 105984K, used 77312K [0x00000000f5580000, 0x00000000fda80000, 0x0000000100000000)
  eden space 77312K, 100% used [0x00000000f5580000,0x00000000fa100000,0x00000000fa100000)
  from space 28672K, 0% used [0x00000000fa100000,0x00000000fa100000,0x00000000fbd00000)
  to   space 29184K, 0% used [0x00000000fbe00000,0x00000000fbe00000,0x00000000fda80000)
 ParOldGen       total 113152K, used 54083K [0x00000000e0000000, 0x00000000e6e80000, 0x00000000f5580000)
  object space 113152K, 47% used [0x00000000e0000000,0x00000000e34d0c20,0x00000000e6e80000)
 Metaspace       used 81869K, capacity 88494K, committed 88616K, reserved 1126400K
  class space    used 9885K, capacity 12017K, committed 12072K, reserved 1048576K
Event: 277.998 GC heap after
Heap after GC invocations=22 (full 6):
 PSYoungGen      total 108032K, used 5437K [0x00000000f5580000, 0x00000000fde00000, 0x0000000100000000)
  eden space 78848K, 0% used [0x00000000f5580000,0x00000000f5580000,0x00000000fa280000)
  from space 29184K, 18% used [0x00000000fbe00000,0x00000000fc34f630,0x00000000fda80000)
  to   space 28160K, 0% used [0x00000000fa280000,0x00000000fa280000,0x00000000fbe00000)
 ParOldGen       total 113152K, used 54091K [0x00000000e0000000, 0x00000000e6e80000, 0x00000000f5580000)
  object space 113152K, 47% used [0x00000000e0000000,0x00000000e34d2c20,0x00000000e6e80000)
 Metaspace       used 81869K, capacity 88494K, committed 88616K, reserved 1126400K
  class space    used 9885K, capacity 12017K, committed 12072K, reserved 1048576K
}
Event: 286.338 GC heap before
{Heap before GC invocations=23 (full 6):
 PSYoungGen      total 108032K, used 12110K [0x00000000f5580000, 0x00000000fde00000, 0x0000000100000000)
  eden space 78848K, 8% used [0x00000000f5580000,0x00000000f5c04560,0x00000000fa280000)
  from space 29184K, 18% used [0x00000000fbe00000,0x00000000fc34f630,0x00000000fda80000)
  to   space 28160K, 0% used [0x00000000fa280000,0x00000000fa280000,0x00000000fbe00000)
 ParOldGen       total 113152K, used 54091K [0x00000000e0000000, 0x00000000e6e80000, 0x00000000f5580000)
  object space 113152K, 47% used [0x00000000e0000000,0x00000000e34d2c20,0x00000000e6e80000)
 Metaspace       used 81928K, capacity 88686K, committed 88872K, reserved 1126400K
  class space    used 9885K, capacity 12017K, committed 12072K, reserved 1048576K
Event: 286.342 GC heap after
Heap after GC invocations=23 (full 6):
 PSYoungGen      total 107008K, used 2928K [0x00000000f5580000, 0x00000000fde00000, 0x0000000100000000)
  eden space 78848K, 0% used [0x00000000f5580000,0x00000000f5580000,0x00000000fa280000)
  from space 28160K, 10% used [0x00000000fa280000,0x00000000fa55c010,0x00000000fbe00000)
  to   space 28160K, 0% used [0x00000000fc280000,0x00000000fc280000,0x00000000fde00000)
 ParOldGen       total 113152K, used 54099K [0x00000000e0000000, 0x00000000e6e80000, 0x00000000f5580000)
  object space 113152K, 47% used [0x00000000e0000000,0x00000000e34d4c20,0x00000000e6e80000)
 Metaspace       used 81928K, capacity 88686K, committed 88872K, reserved 1126400K
  class space    used 9885K, capacity 12017K, committed 12072K, reserved 1048576K
}
Event: 286.342 GC heap before
{Heap before GC invocations=24 (full 7):
 PSYoungGen      total 107008K, used 2928K [0x00000000f5580000, 0x00000000fde00000, 0x0000000100000000)
  eden space 78848K, 0% used [0x00000000f5580000,0x00000000f5580000,0x00000000fa280000)
  from space 28160K, 10% used [0x00000000fa280000,0x00000000fa55c010,0x00000000fbe00000)
  to   space 28160K, 0% used [0x00000000fc280000,0x00000000fc280000,0x00000000fde00000)
 ParOldGen       total 113152K, used 54099K [0x00000000e0000000, 0x00000000e6e80000, 0x00000000f5580000)
  object space 113152K, 47% used [0x00000000e0000000,0x00000000e34d4c20,0x00000000e6e80000)
 Metaspace       used 81928K, capacity 88686K, committed 88872K, reserved 1126400K
  class space    used 9885K, capacity 12017K, committed 12072K, reserved 1048576K
Event: 286.713 GC heap after
Heap after GC invocations=24 (full 7):
 PSYoungGen      total 107008K, used 0K [0x00000000f5580000, 0x00000000fde00000, 0x0000000100000000)
  eden space 78848K, 0% used [0x00000000f5580000,0x00000000f5580000,0x00000000fa280000)
  from space 28160K, 0% used [0x00000000fa280000,0x00000000fa280000,0x00000000fbe00000)
  to   space 28160K, 0% used [0x00000000fc280000,0x00000000fc280000,0x00000000fde00000)
 ParOldGen       total 113152K, used 55451K [0x00000000e0000000, 0x00000000e6e80000, 0x00000000f5580000)
  object space 113152K, 49% used [0x00000000e0000000,0x00000000e3626d58,0x00000000e6e80000)
 Metaspace       used 81928K, capacity 88686K, committed 88872K, reserved 1126400K
  class space    used 9885K, capacity 12017K, committed 12072K, reserved 1048576K
}

