# JRE version: Java(TM) SE Runtime Environment (8.0_66-b18) (build 1.8.0_66-b18)
# Java VM: Java HotSpot(TM) 64-Bit Server VM (25.66-b18 mixed mode windows-amd64 compressed oops)
Heap:
 PSYoungGen      total 88064K, used 34721K [0x00000000f5580000, 0x00000000fd800000, 0x0000000100000000)
  eden space 87552K, 39% used [0x00000000f5580000,0x00000000f7768508,0x00000000fab00000)
  from space 512K, 0% used [0x00000000fab00000,0x00000000fab00000,0x00000000fab80000)
  to   space 23040K, 0% used [0x00000000fc180000,0x00000000fc180000,0x00000000fd800000)
 ParOldGen       total 113152K, used 45498K [0x00000000e0000000, 0x00000000e6e80000, 0x00000000f5580000)
  object space 113152K, 40% used [0x00000000e0000000,0x00000000e2c6e908,0x00000000e6e80000)
 Metaspace       used 84320K, capacity 91516K, committed 91736K, reserved 1128448K
  class space    used 10063K, capacity 12302K, committed 12376K, reserved 1048576K
GC Heap History (10 events):
Event: 1232.807 GC heap before
{Heap before GC invocations=41 (full 14):
 PSYoungGen      total 90624K, used 2795K [0x00000000f5580000, 0x00000000fdd00000, 0x0000000100000000)
  eden space 87552K, 0% used [0x00000000f5580000,0x00000000f5580000,0x00000000fab00000)
  from space 3072K, 90% used [0x00000000fab00000,0x00000000fadbade0,0x00000000fae00000)
  to   space 25600K, 0% used [0x00000000fc400000,0x00000000fc400000,0x00000000fdd00000)
 ParOldGen       total 113152K, used 44846K [0x00000000e0000000, 0x00000000e6e80000, 0x00000000f5580000)
  object space 113152K, 39% used [0x00000000e0000000,0x00000000e2bcb908,0x00000000e6e80000)
 Metaspace       used 83304K, capacity 90454K, committed 90840K, reserved 1128448K
  class space    used 9952K, capacity 12140K, committed 12248K, reserved 1048576K
Event: 1233.146 GC heap after
Heap after GC invocations=41 (full 14):
 PSYoungGen      total 90624K, used 0K [0x00000000f5580000, 0x00000000fdd00000, 0x0000000100000000)
  eden space 87552K, 0% used [0x00000000f5580000,0x00000000f5580000,0x00000000fab00000)
  from space 3072K, 0% used [0x00000000fab00000,0x00000000fab00000,0x00000000fae00000)
  to   space 25600K, 0% used [0x00000000fc400000,0x00000000fc400000,0x00000000fdd00000)
 ParOldGen       total 113152K, used 46019K [0x00000000e0000000, 0x00000000e6e80000, 0x00000000f5580000)
  object space 113152K, 40% used [0x00000000e0000000,0x00000000e2cf0f40,0x00000000e6e80000)
 Metaspace       used 83304K, capacity 90454K, committed 90840K, reserved 1128448K
  class space    used 9952K, capacity 12140K, committed 12248K, reserved 1048576K
}
Event: 1292.806 GC heap before
{Heap before GC invocations=42 (full 14):
 PSYoungGen      total 90624K, used 3396K [0x00000000f5580000, 0x00000000fdd00000, 0x0000000100000000)
  eden space 87552K, 3% used [0x00000000f5580000,0x00000000f58d11a0,0x00000000fab00000)
  from space 3072K, 0% used [0x00000000fab00000,0x00000000fab00000,0x00000000fae00000)
  to   space 25600K, 0% used [0x00000000fc400000,0x00000000fc400000,0x00000000fdd00000)
 ParOldGen       total 113152K, used 46019K [0x00000000e0000000, 0x00000000e6e80000, 0x00000000f5580000)
  object space 113152K, 40% used [0x00000000e0000000,0x00000000e2cf0f40,0x00000000e6e80000)
 Metaspace       used 83311K, capacity 90454K, committed 90840K, reserved 1128448K
  class space    used 9952K, capacity 12140K, committed 12248K, reserved 1048576K
Event: 1292.814 GC heap after
Heap after GC invocations=42 (full 14):
 PSYoungGen      total 111104K, used 288K [0x00000000f5580000, 0x00000000fdb00000, 0x0000000100000000)
  eden space 87552K, 0% used [0x00000000f5580000,0x00000000f5580000,0x00000000fab00000)
  from space 23552K, 1% used [0x00000000fc400000,0x00000000fc448000,0x00000000fdb00000)
  to   space 24576K, 0% used [0x00000000fab00000,0x00000000fab00000,0x00000000fc300000)
 ParOldGen       total 113152K, used 46027K [0x00000000e0000000, 0x00000000e6e80000, 0x00000000f5580000)
  object space 113152K, 40% used [0x00000000e0000000,0x00000000e2cf2f40,0x00000000e6e80000)
 Metaspace       used 83311K, capacity 90454K, committed 90840K, reserved 1128448K
  class space    used 9952K, capacity 12140K, committed 12248K, reserved 1048576K
}
Event: 1292.814 GC heap before
{Heap before GC invocations=43 (full 15):
 PSYoungGen      total 111104K, used 288K [0x00000000f5580000, 0x00000000fdb00000, 0x0000000100000000)
  eden space 87552K, 0% used [0x00000000f5580000,0x00000000f5580000,0x00000000fab00000)
  from space 23552K, 1% used [0x00000000fc400000,0x00000000fc448000,0x00000000fdb00000)
  to   space 24576K, 0% used [0x00000000fab00000,0x00000000fab00000,0x00000000fc300000)
 ParOldGen       total 113152K, used 46027K [0x00000000e0000000, 0x00000000e6e80000, 0x00000000f5580000)
  object space 113152K, 40% used [0x00000000e0000000,0x00000000e2cf2f40,0x00000000e6e80000)
 Metaspace       used 83311K, capacity 90454K, committed 90840K, reserved 1128448K
  class space    used 9952K, capacity 12140K, committed 12248K, reserved 1048576K
Event: 1292.978 GC heap after
Heap after GC invocations=43 (full 15):
 PSYoungGen      total 111104K, used 0K [0x00000000f5580000, 0x00000000fdb00000, 0x0000000100000000)
  eden space 87552K, 0% used [0x00000000f5580000,0x00000000f5580000,0x00000000fab00000)
  from space 23552K, 0% used [0x00000000fc400000,0x00000000fc400000,0x00000000fdb00000)
  to   space 24576K, 0% used [0x00000000fab00000,0x00000000fab00000,0x00000000fc300000)
 ParOldGen       total 113152K, used 45502K [0x00000000e0000000, 0x00000000e6e80000, 0x00000000f5580000)
  object space 113152K, 40% used [0x00000000e0000000,0x00000000e2c6faf8,0x00000000e6e80000)
 Metaspace       used 83311K, capacity 90454K, committed 90840K, reserved 1128448K
  class space    used 9952K, capacity 12140K, committed 12248K, reserved 1048576K
}
Event: 1352.806 GC heap before
{Heap before GC invocations=44 (full 15):
 PSYoungGen      total 111104K, used 2970K [0x00000000f5580000, 0x00000000fdb00000, 0x0000000100000000)
  eden space 87552K, 3% used [0x00000000f5580000,0x00000000f5866bb8,0x00000000fab00000)
  from space 23552K, 0% used [0x00000000fc400000,0x00000000fc400000,0x00000000fdb00000)
  to   space 24576K, 0% used [0x00000000fab00000,0x00000000fab00000,0x00000000fc300000)
 ParOldGen       total 113152K, used 45502K [0x00000000e0000000, 0x00000000e6e80000, 0x00000000f5580000)
  object space 113152K, 40% used [0x00000000e0000000,0x00000000e2c6faf8,0x00000000e6e80000)
 Metaspace       used 83319K, capacity 90454K, committed 90840K, reserved 1128448K
  class space    used 9952K, capacity 12140K, committed 12248K, reserved 1048576K
Event: 1352.810 GC heap after
Heap after GC invocations=44 (full 15):
 PSYoungGen      total 88064K, used 224K [0x00000000f5580000, 0x00000000fd800000, 0x0000000100000000)
  eden space 87552K, 0% used [0x00000000f5580000,0x00000000f5580000,0x00000000fab00000)
  from space 512K, 43% used [0x00000000fab00000,0x00000000fab38000,0x00000000fab80000)
  to   space 23040K, 0% used [0x00000000fc180000,0x00000000fc180000,0x00000000fd800000)
 ParOldGen       total 113152K, used 45510K [0x00000000e0000000, 0x00000000e6e80000, 0x00000000f5580000)
  object space 113152K, 40% used [0x00000000e0000000,0x00000000e2c71af8,0x00000000e6e80000)
 Metaspace       used 83319K, capacity 90454K, committed 90840K, reserved 1128448K
  class space    used 9952K, capacity 12140K, committed 12248K, reserved 1048576K
}
Event: 1352.810 GC heap before
{Heap before GC invocations=45 (full 16):
 PSYoungGen      total 88064K, used 224K [0x00000000f5580000, 0x00000000fd800000, 0x0000000100000000)
  eden space 87552K, 0% used [0x00000000f5580000,0x00000000f5580000,0x00000000fab00000)
  from space 512K, 43% used [0x00000000fab00000,0x00000000fab38000,0x00000000fab80000)
  to   space 23040K, 0% used [0x00000000fc180000,0x00000000fc180000,0x00000000fd800000)
 ParOldGen       total 113152K, used 45510K [0x00000000e0000000, 0x00000000e6e80000, 0x00000000f5580000)
  object space 113152K, 40% used [0x00000000e0000000,0x00000000e2c71af8,0x00000000e6e80000)
 Metaspace       used 83319K, capacity 90454K, committed 90840K, reserved 1128448K
  class space    used 9952K, capacity 12140K, committed 12248K, reserved 1048576K
Event: 1352.948 GC heap after
Heap after GC invocations=45 (full 16):
 PSYoungGen      total 88064K, used 0K [0x00000000f5580000, 0x00000000fd800000, 0x0000000100000000)
  eden space 87552K, 0% used [0x00000000f5580000,0x00000000f5580000,0x00000000fab00000)
  from space 512K, 0% used [0x00000000fab00000,0x00000000fab00000,0x00000000fab80000)
  to   space 23040K, 0% used [0x00000000fc180000,0x00000000fc180000,0x00000000fd800000)
 ParOldGen       total 113152K, used 45498K [0x00000000e0000000, 0x00000000e6e80000, 0x00000000f5580000)
  object space 113152K, 40% used [0x00000000e0000000,0x00000000e2c6e908,0x00000000e6e80000)
 Metaspace       used 83319K, capacity 90454K, committed 90840K, reserved 1128448K
  class space    used 9952K, capacity 12140K, committed 12248K, reserved 1048576K
}

