# JRE version: Java(TM) SE Runtime Environment (8.0_66-b18) (build 1.8.0_66-b18)
# Java VM: Java HotSpot(TM) 64-Bit Server VM (25.66-b18 mixed mode windows-amd64 compressed oops)
Heap:
 PSYoungGen      total 84480K, used 76339K [0x00000000f5580000, 0x00000000fd380000, 0x0000000100000000)
  eden space 81920K, 93% used [0x00000000f5580000,0x00000000fa00cfe0,0x00000000fa580000)
  from space 2560K, 0% used [0x00000000fa580000,0x00000000fa580000,0x00000000fa800000)
  to   space 23552K, 0% used [0x00000000fbc80000,0x00000000fbc80000,0x00000000fd380000)
 ParOldGen       total 117248K, used 55989K [0x00000000e0000000, 0x00000000e7280000, 0x00000000f5580000)
  object space 117248K, 47% used [0x00000000e0000000,0x00000000e36ad428,0x00000000e7280000)
 Metaspace       used 86890K, capacity 94402K, committed 94504K, reserved 1130496K
  class space    used 10181K, capacity 12555K, committed 12584K, reserved 1048576K
GC Heap History (10 events):
Event: 318.682 GC heap before
{Heap before GC invocations=31 (full 7):
 PSYoungGen      total 81920K, used 79872K [0x00000000f5580000, 0x00000000fda80000, 0x0000000100000000)
  eden space 79872K, 100% used [0x00000000f5580000,0x00000000fa380000,0x00000000fa380000)
  from space 2048K, 0% used [0x00000000fa380000,0x00000000fa380000,0x00000000fa580000)
  to   space 28160K, 0% used [0x00000000fbf00000,0x00000000fbf00000,0x00000000fda80000)
 ParOldGen       total 117248K, used 55400K [0x00000000e0000000, 0x00000000e7280000, 0x00000000f5580000)
  object space 117248K, 47% used [0x00000000e0000000,0x00000000e361a018,0x00000000e7280000)
 Metaspace       used 82361K, capacity 88758K, committed 88872K, reserved 1126400K
  class space    used 9637K, capacity 11534K, committed 11560K, reserved 1048576K
Event: 318.685 GC heap after
Heap after GC invocations=31 (full 7):
 PSYoungGen      total 108032K, used 1600K [0x00000000f5580000, 0x00000000fd980000, 0x0000000100000000)
  eden space 80896K, 0% used [0x00000000f5580000,0x00000000f5580000,0x00000000fa480000)
  from space 27136K, 5% used [0x00000000fbf00000,0x00000000fc090030,0x00000000fd980000)
  to   space 27136K, 0% used [0x00000000fa480000,0x00000000fa480000,0x00000000fbf00000)
 ParOldGen       total 117248K, used 55472K [0x00000000e0000000, 0x00000000e7280000, 0x00000000f5580000)
  object space 117248K, 47% used [0x00000000e0000000,0x00000000e362c028,0x00000000e7280000)
 Metaspace       used 82361K, capacity 88758K, committed 88872K, reserved 1126400K
  class space    used 9637K, capacity 11534K, committed 11560K, reserved 1048576K
}
Event: 333.099 GC heap before
{Heap before GC invocations=32 (full 7):
 PSYoungGen      total 108032K, used 82496K [0x00000000f5580000, 0x00000000fd980000, 0x0000000100000000)
  eden space 80896K, 100% used [0x00000000f5580000,0x00000000fa480000,0x00000000fa480000)
  from space 27136K, 5% used [0x00000000fbf00000,0x00000000fc090030,0x00000000fd980000)
  to   space 27136K, 0% used [0x00000000fa480000,0x00000000fa480000,0x00000000fbf00000)
 ParOldGen       total 117248K, used 55472K [0x00000000e0000000, 0x00000000e7280000, 0x00000000f5580000)
  object space 117248K, 47% used [0x00000000e0000000,0x00000000e362c028,0x00000000e7280000)
 Metaspace       used 82586K, capacity 88988K, committed 89256K, reserved 1126400K
  class space    used 9652K, capacity 11567K, committed 11688K, reserved 1048576K
Event: 333.103 GC heap after
Heap after GC invocations=32 (full 7):
 PSYoungGen      total 108032K, used 1597K [0x00000000f5580000, 0x00000000fd880000, 0x0000000100000000)
  eden space 80896K, 0% used [0x00000000f5580000,0x00000000f5580000,0x00000000fa480000)
  from space 27136K, 5% used [0x00000000fa480000,0x00000000fa60f790,0x00000000fbf00000)
  to   space 26112K, 0% used [0x00000000fbf00000,0x00000000fbf00000,0x00000000fd880000)
 ParOldGen       total 117248K, used 55480K [0x00000000e0000000, 0x00000000e7280000, 0x00000000f5580000)
  object space 117248K, 47% used [0x00000000e0000000,0x00000000e362e028,0x00000000e7280000)
 Metaspace       used 82586K, capacity 88988K, committed 89256K, reserved 1126400K
  class space    used 9652K, capacity 11567K, committed 11688K, reserved 1048576K
}
Event: 356.611 GC heap before
{Heap before GC invocations=33 (full 7):
 PSYoungGen      total 108032K, used 82493K [0x00000000f5580000, 0x00000000fd880000, 0x0000000100000000)
  eden space 80896K, 100% used [0x00000000f5580000,0x00000000fa480000,0x00000000fa480000)
  from space 27136K, 5% used [0x00000000fa480000,0x00000000fa60f790,0x00000000fbf00000)
  to   space 26112K, 0% used [0x00000000fbf00000,0x00000000fbf00000,0x00000000fd880000)
 ParOldGen       total 117248K, used 55480K [0x00000000e0000000, 0x00000000e7280000, 0x00000000f5580000)
  object space 117248K, 47% used [0x00000000e0000000,0x00000000e362e028,0x00000000e7280000)
 Metaspace       used 82916K, capacity 89340K, committed 89512K, reserved 1126400K
  class space    used 9678K, capacity 11599K, committed 11688K, reserved 1048576K
Event: 356.614 GC heap after
Heap after GC invocations=33 (full 7):
 PSYoungGen      total 105984K, used 1752K [0x00000000f5580000, 0x00000000fd680000, 0x0000000100000000)
  eden space 81920K, 0% used [0x00000000f5580000,0x00000000f5580000,0x00000000fa580000)
  from space 24064K, 7% used [0x00000000fbf00000,0x00000000fc0b6078,0x00000000fd680000)
  to   space 25088K, 0% used [0x00000000fa580000,0x00000000fa580000,0x00000000fbe00000)
 ParOldGen       total 117248K, used 55488K [0x00000000e0000000, 0x00000000e7280000, 0x00000000f5580000)
  object space 117248K, 47% used [0x00000000e0000000,0x00000000e3630028,0x00000000e7280000)
 Metaspace       used 82916K, capacity 89340K, committed 89512K, reserved 1126400K
  class space    used 9678K, capacity 11599K, committed 11688K, reserved 1048576K
}
Event: 361.619 GC heap before
{Heap before GC invocations=34 (full 7):
 PSYoungGen      total 105984K, used 19911K [0x00000000f5580000, 0x00000000fd680000, 0x0000000100000000)
  eden space 81920K, 22% used [0x00000000f5580000,0x00000000f673be78,0x00000000fa580000)
  from space 24064K, 7% used [0x00000000fbf00000,0x00000000fc0b6078,0x00000000fd680000)
  to   space 25088K, 0% used [0x00000000fa580000,0x00000000fa580000,0x00000000fbe00000)
 ParOldGen       total 117248K, used 55488K [0x00000000e0000000, 0x00000000e7280000, 0x00000000f5580000)
  object space 117248K, 47% used [0x00000000e0000000,0x00000000e3630028,0x00000000e7280000)
 Metaspace       used 82936K, capacity 89340K, committed 89512K, reserved 1126400K
  class space    used 9678K, capacity 11599K, committed 11688K, reserved 1048576K
Event: 361.622 GC heap after
Heap after GC invocations=34 (full 7):
 PSYoungGen      total 84480K, used 2496K [0x00000000f5580000, 0x00000000fd380000, 0x0000000100000000)
  eden space 81920K, 0% used [0x00000000f5580000,0x00000000f5580000,0x00000000fa580000)
  from space 2560K, 97% used [0x00000000fa580000,0x00000000fa7f0030,0x00000000fa800000)
  to   space 23552K, 0% used [0x00000000fbc80000,0x00000000fbc80000,0x00000000fd380000)
 ParOldGen       total 117248K, used 55488K [0x00000000e0000000, 0x00000000e7280000, 0x00000000f5580000)
  object space 117248K, 47% used [0x00000000e0000000,0x00000000e3630028,0x00000000e7280000)
 Metaspace       used 82936K, capacity 89340K, committed 89512K, reserved 1126400K
  class space    used 9678K, capacity 11599K, committed 11688K, reserved 1048576K
}
Event: 361.622 GC heap before
{Heap before GC invocations=35 (full 8):
 PSYoungGen      total 84480K, used 2496K [0x00000000f5580000, 0x00000000fd380000, 0x0000000100000000)
  eden space 81920K, 0% used [0x00000000f5580000,0x00000000f5580000,0x00000000fa580000)
  from space 2560K, 97% used [0x00000000fa580000,0x00000000fa7f0030,0x00000000fa800000)
  to   space 23552K, 0% used [0x00000000fbc80000,0x00000000fbc80000,0x00000000fd380000)
 ParOldGen       total 117248K, used 55488K [0x00000000e0000000, 0x00000000e7280000, 0x00000000f5580000)
  object space 117248K, 47% used [0x00000000e0000000,0x00000000e3630028,0x00000000e7280000)
 Metaspace       used 82936K, capacity 89340K, committed 89512K, reserved 1126400K
  class space    used 9678K, capacity 11599K, committed 11688K, reserved 1048576K
Event: 361.885 GC heap after
Heap after GC invocations=35 (full 8):
 PSYoungGen      total 84480K, used 0K [0x00000000f5580000, 0x00000000fd380000, 0x0000000100000000)
  eden space 81920K, 0% used [0x00000000f5580000,0x00000000f5580000,0x00000000fa580000)
  from space 2560K, 0% used [0x00000000fa580000,0x00000000fa580000,0x00000000fa800000)
  to   space 23552K, 0% used [0x00000000fbc80000,0x00000000fbc80000,0x00000000fd380000)
 ParOldGen       total 117248K, used 55989K [0x00000000e0000000, 0x00000000e7280000, 0x00000000f5580000)
  object space 117248K, 47% used [0x00000000e0000000,0x00000000e36ad428,0x00000000e7280000)
 Metaspace       used 82936K, capacity 89340K, committed 89512K, reserved 1126400K
  class space    used 9678K, capacity 11599K, committed 11688K, reserved 1048576K
}

