# JRE version: Java(TM) SE Runtime Environment (8.0_66-b18) (build 1.8.0_66-b18)
# Java VM: Java HotSpot(TM) 64-Bit Server VM (25.66-b18 mixed mode windows-amd64 compressed oops)
Heap:
 PSYoungGen      total 146432K, used 37800K [0x00000000f5580000, 0x0000000100000000, 0x0000000100000000)
  eden space 126464K, 29% used [0x00000000f5580000,0x00000000f7a6a188,0x00000000fd100000)
  from space 19968K, 0% used [0x00000000fd100000,0x00000000fd100000,0x00000000fe480000)
  to   space 18944K, 0% used [0x00000000fed80000,0x00000000fed80000,0x0000000100000000)
 ParOldGen       total 101888K, used 46481K [0x00000000e0000000, 0x00000000e6380000, 0x00000000f5580000)
  object space 101888K, 45% used [0x00000000e0000000,0x00000000e2d64420,0x00000000e6380000)
 Metaspace       used 87066K, capacity 94314K, committed 94552K, reserved 1132544K
  class space    used 10140K, capacity 12362K, committed 12416K, reserved 1048576K
GC Heap History (10 events):
Event: 1100.178 GC heap before
{Heap before GC invocations=33 (full 10):
 PSYoungGen      total 146944K, used 101637K [0x00000000f5580000, 0x00000000ffa80000, 0x0000000100000000)
  eden space 125952K, 80% used [0x00000000f5580000,0x00000000fb8c15a0,0x00000000fd080000)
  from space 20992K, 0% used [0x00000000fe600000,0x00000000fe600000,0x00000000ffa80000)
  to   space 21504K, 0% used [0x00000000fd080000,0x00000000fd080000,0x00000000fe580000)
 ParOldGen       total 101888K, used 46684K [0x00000000e0000000, 0x00000000e6380000, 0x00000000f5580000)
  object space 101888K, 45% used [0x00000000e0000000,0x00000000e2d970d8,0x00000000e6380000)
 Metaspace       used 85776K, capacity 93012K, committed 93144K, reserved 1130496K
  class space    used 10031K, capacity 12231K, committed 12288K, reserved 1048576K
Event: 1100.181 GC heap after
Heap after GC invocations=33 (full 10):
 PSYoungGen      total 128000K, used 1888K [0x00000000f5580000, 0x00000000ff880000, 0x0000000100000000)
  eden space 125952K, 0% used [0x00000000f5580000,0x00000000f5580000,0x00000000fd080000)
  from space 2048K, 92% used [0x00000000fd080000,0x00000000fd258000,0x00000000fd280000)
  to   space 20480K, 0% used [0x00000000fe480000,0x00000000fe480000,0x00000000ff880000)
 ParOldGen       total 101888K, used 46692K [0x00000000e0000000, 0x00000000e6380000, 0x00000000f5580000)
  object space 101888K, 45% used [0x00000000e0000000,0x00000000e2d990d8,0x00000000e6380000)
 Metaspace       used 85776K, capacity 93012K, committed 93144K, reserved 1130496K
  class space    used 10031K, capacity 12231K, committed 12288K, reserved 1048576K
}
Event: 1100.181 GC heap before
{Heap before GC invocations=34 (full 11):
 PSYoungGen      total 128000K, used 1888K [0x00000000f5580000, 0x00000000ff880000, 0x0000000100000000)
  eden space 125952K, 0% used [0x00000000f5580000,0x00000000f5580000,0x00000000fd080000)
  from space 2048K, 92% used [0x00000000fd080000,0x00000000fd258000,0x00000000fd280000)
  to   space 20480K, 0% used [0x00000000fe480000,0x00000000fe480000,0x00000000ff880000)
 ParOldGen       total 101888K, used 46692K [0x00000000e0000000, 0x00000000e6380000, 0x00000000f5580000)
  object space 101888K, 45% used [0x00000000e0000000,0x00000000e2d990d8,0x00000000e6380000)
 Metaspace       used 85776K, capacity 93012K, committed 93144K, reserved 1130496K
  class space    used 10031K, capacity 12231K, committed 12288K, reserved 1048576K
Event: 1100.400 GC heap after
Heap after GC invocations=34 (full 11):
 PSYoungGen      total 128000K, used 0K [0x00000000f5580000, 0x00000000ff880000, 0x0000000100000000)
  eden space 125952K, 0% used [0x00000000f5580000,0x00000000f5580000,0x00000000fd080000)
  from space 2048K, 0% used [0x00000000fd080000,0x00000000fd080000,0x00000000fd280000)
  to   space 20480K, 0% used [0x00000000fe480000,0x00000000fe480000,0x00000000ff880000)
 ParOldGen       total 101888K, used 46578K [0x00000000e0000000, 0x00000000e6380000, 0x00000000f5580000)
  object space 101888K, 45% used [0x00000000e0000000,0x00000000e2d7c9e8,0x00000000e6380000)
 Metaspace       used 85776K, capacity 93012K, committed 93144K, reserved 1130496K
  class space    used 10031K, capacity 12231K, committed 12288K, reserved 1048576K
}
Event: 1203.678 GC heap before
{Heap before GC invocations=35 (full 11):
 PSYoungGen      total 128000K, used 125952K [0x00000000f5580000, 0x00000000ff880000, 0x0000000100000000)
  eden space 125952K, 100% used [0x00000000f5580000,0x00000000fd080000,0x00000000fd080000)
  from space 2048K, 0% used [0x00000000fd080000,0x00000000fd080000,0x00000000fd280000)
  to   space 20480K, 0% used [0x00000000fe480000,0x00000000fe480000,0x00000000ff880000)
 ParOldGen       total 101888K, used 46578K [0x00000000e0000000, 0x00000000e6380000, 0x00000000f5580000)
  object space 101888K, 45% used [0x00000000e0000000,0x00000000e2d7c9e8,0x00000000e6380000)
 Metaspace       used 86171K, capacity 93414K, committed 93656K, reserved 1130496K
  class space    used 10038K, capacity 12234K, committed 12288K, reserved 1048576K
Event: 1203.682 GC heap after
Heap after GC invocations=35 (full 11):
 PSYoungGen      total 146944K, used 3207K [0x00000000f5580000, 0x0000000100000000, 0x0000000100000000)
  eden space 126464K, 0% used [0x00000000f5580000,0x00000000f5580000,0x00000000fd100000)
  from space 20480K, 15% used [0x00000000fe480000,0x00000000fe7a1ca0,0x00000000ff880000)
  to   space 19968K, 0% used [0x00000000fd100000,0x00000000fd100000,0x00000000fe480000)
 ParOldGen       total 101888K, used 46586K [0x00000000e0000000, 0x00000000e6380000, 0x00000000f5580000)
  object space 101888K, 45% used [0x00000000e0000000,0x00000000e2d7e9e8,0x00000000e6380000)
 Metaspace       used 86171K, capacity 93414K, committed 93656K, reserved 1130496K
  class space    used 10038K, capacity 12234K, committed 12288K, reserved 1048576K
}
Event: 1290.805 GC heap before
{Heap before GC invocations=36 (full 11):
 PSYoungGen      total 146944K, used 14688K [0x00000000f5580000, 0x0000000100000000, 0x0000000100000000)
  eden space 126464K, 9% used [0x00000000f5580000,0x00000000f60b6648,0x00000000fd100000)
  from space 20480K, 15% used [0x00000000fe480000,0x00000000fe7a1ca0,0x00000000ff880000)
  to   space 19968K, 0% used [0x00000000fd100000,0x00000000fd100000,0x00000000fe480000)
 ParOldGen       total 101888K, used 46586K [0x00000000e0000000, 0x00000000e6380000, 0x00000000f5580000)
  object space 101888K, 45% used [0x00000000e0000000,0x00000000e2d7e9e8,0x00000000e6380000)
 Metaspace       used 86174K, capacity 93414K, committed 93656K, reserved 1130496K
  class space    used 10038K, capacity 12234K, committed 12288K, reserved 1048576K
Event: 1290.811 GC heap after
Heap after GC invocations=36 (full 11):
 PSYoungGen      total 146432K, used 2279K [0x00000000f5580000, 0x0000000100000000, 0x0000000100000000)
  eden space 126464K, 0% used [0x00000000f5580000,0x00000000f5580000,0x00000000fd100000)
  from space 19968K, 11% used [0x00000000fd100000,0x00000000fd339c60,0x00000000fe480000)
  to   space 18944K, 0% used [0x00000000fed80000,0x00000000fed80000,0x0000000100000000)
 ParOldGen       total 101888K, used 46586K [0x00000000e0000000, 0x00000000e6380000, 0x00000000f5580000)
  object space 101888K, 45% used [0x00000000e0000000,0x00000000e2d7e9e8,0x00000000e6380000)
 Metaspace       used 86174K, capacity 93414K, committed 93656K, reserved 1130496K
  class space    used 10038K, capacity 12234K, committed 12288K, reserved 1048576K
}
Event: 1290.811 GC heap before
{Heap before GC invocations=37 (full 12):
 PSYoungGen      total 146432K, used 2279K [0x00000000f5580000, 0x0000000100000000, 0x0000000100000000)
  eden space 126464K, 0% used [0x00000000f5580000,0x00000000f5580000,0x00000000fd100000)
  from space 19968K, 11% used [0x00000000fd100000,0x00000000fd339c60,0x00000000fe480000)
  to   space 18944K, 0% used [0x00000000fed80000,0x00000000fed80000,0x0000000100000000)
 ParOldGen       total 101888K, used 46586K [0x00000000e0000000, 0x00000000e6380000, 0x00000000f5580000)
  object space 101888K, 45% used [0x00000000e0000000,0x00000000e2d7e9e8,0x00000000e6380000)
 Metaspace       used 86174K, capacity 93414K, committed 93656K, reserved 1130496K
  class space    used 10038K, capacity 12234K, committed 12288K, reserved 1048576K
Event: 1291.004 GC heap after
Heap after GC invocations=37 (full 12):
 PSYoungGen      total 146432K, used 0K [0x00000000f5580000, 0x0000000100000000, 0x0000000100000000)
  eden space 126464K, 0% used [0x00000000f5580000,0x00000000f5580000,0x00000000fd100000)
  from space 19968K, 0% used [0x00000000fd100000,0x00000000fd100000,0x00000000fe480000)
  to   space 18944K, 0% used [0x00000000fed80000,0x00000000fed80000,0x0000000100000000)
 ParOldGen       total 101888K, used 46481K [0x00000000e0000000, 0x00000000e6380000, 0x00000000f5580000)
  object space 101888K, 45% used [0x00000000e0000000,0x00000000e2d64420,0x00000000e6380000)
 Metaspace       used 86174K, capacity 93414K, committed 93656K, reserved 1130496K
  class space    used 10038K, capacity 12234K, committed 12288K, reserved 1048576K
}

