# JRE version: Java(TM) SE Runtime Environment (8.0_66-b18) (build 1.8.0_66-b18)
# Java VM: Java HotSpot(TM) 64-Bit Server VM (25.66-b18 mixed mode windows-amd64 compressed oops)
Heap:
 PSYoungGen      total 95232K, used 63350K [0x00000000f5580000, 0x00000000fc280000, 0x0000000100000000)
  eden space 80896K, 78% used [0x00000000f5580000,0x00000000f935d908,0x00000000fa480000)
  from space 14336K, 0% used [0x00000000fb480000,0x00000000fb480000,0x00000000fc280000)
  to   space 15360K, 0% used [0x00000000fa480000,0x00000000fa480000,0x00000000fb380000)
 ParOldGen       total 112640K, used 44284K [0x00000000e0000000, 0x00000000e6e00000, 0x00000000f5580000)
  object space 112640K, 39% used [0x00000000e0000000,0x00000000e2b3f170,0x00000000e6e00000)
 Metaspace       used 82665K, capacity 89226K, committed 89512K, reserved 1126400K
  class space    used 9808K, capacity 11881K, committed 11944K, reserved 1048576K
GC Heap History (10 events):
Event: 1037.398 GC heap before
{Heap before GC invocations=50 (full 20):
 PSYoungGen      total 97280K, used 256K [0x00000000f5580000, 0x00000000fc680000, 0x0000000100000000)
  eden space 80896K, 0% used [0x00000000f5580000,0x00000000f5580000,0x00000000fa480000)
  from space 16384K, 1% used [0x00000000fb680000,0x00000000fb6c0000,0x00000000fc680000)
  to   space 17408K, 0% used [0x00000000fa480000,0x00000000fa480000,0x00000000fb580000)
 ParOldGen       total 112640K, used 44291K [0x00000000e0000000, 0x00000000e6e00000, 0x00000000f5580000)
  object space 112640K, 39% used [0x00000000e0000000,0x00000000e2b40e08,0x00000000e6e00000)
 Metaspace       used 81445K, capacity 88004K, committed 88360K, reserved 1126400K
  class space    used 9684K, capacity 11687K, committed 11816K, reserved 1048576K
Event: 1037.486 GC heap after
Heap after GC invocations=50 (full 20):
 PSYoungGen      total 97280K, used 0K [0x00000000f5580000, 0x00000000fc680000, 0x0000000100000000)
  eden space 80896K, 0% used [0x00000000f5580000,0x00000000f5580000,0x00000000fa480000)
  from space 16384K, 0% used [0x00000000fb680000,0x00000000fb680000,0x00000000fc680000)
  to   space 17408K, 0% used [0x00000000fa480000,0x00000000fa480000,0x00000000fb580000)
 ParOldGen       total 112640K, used 44283K [0x00000000e0000000, 0x00000000e6e00000, 0x00000000f5580000)
  object space 112640K, 39% used [0x00000000e0000000,0x00000000e2b3efd8,0x00000000e6e00000)
 Metaspace       used 81445K, capacity 88004K, committed 88360K, reserved 1126400K
  class space    used 9684K, capacity 11687K, committed 11816K, reserved 1048576K
}
Event: 1097.418 GC heap before
{Heap before GC invocations=51 (full 20):
 PSYoungGen      total 97280K, used 2086K [0x00000000f5580000, 0x00000000fc680000, 0x0000000100000000)
  eden space 80896K, 2% used [0x00000000f5580000,0x00000000f57899a8,0x00000000fa480000)
  from space 16384K, 0% used [0x00000000fb680000,0x00000000fb680000,0x00000000fc680000)
  to   space 17408K, 0% used [0x00000000fa480000,0x00000000fa480000,0x00000000fb580000)
 ParOldGen       total 112640K, used 44283K [0x00000000e0000000, 0x00000000e6e00000, 0x00000000f5580000)
  object space 112640K, 39% used [0x00000000e0000000,0x00000000e2b3efd8,0x00000000e6e00000)
 Metaspace       used 81460K, capacity 88004K, committed 88360K, reserved 1126400K
  class space    used 9684K, capacity 11687K, committed 11816K, reserved 1048576K
Event: 1097.422 GC heap after
Heap after GC invocations=51 (full 20):
 PSYoungGen      total 81408K, used 256K [0x00000000f5580000, 0x00000000fc480000, 0x0000000100000000)
  eden space 80896K, 0% used [0x00000000f5580000,0x00000000f5580000,0x00000000fa480000)
  from space 512K, 50% used [0x00000000fa480000,0x00000000fa4c0000,0x00000000fa500000)
  to   space 16384K, 0% used [0x00000000fb480000,0x00000000fb480000,0x00000000fc480000)
 ParOldGen       total 112640K, used 44291K [0x00000000e0000000, 0x00000000e6e00000, 0x00000000f5580000)
  object space 112640K, 39% used [0x00000000e0000000,0x00000000e2b40fd8,0x00000000e6e00000)
 Metaspace       used 81460K, capacity 88004K, committed 88360K, reserved 1126400K
  class space    used 9684K, capacity 11687K, committed 11816K, reserved 1048576K
}
Event: 1097.422 GC heap before
{Heap before GC invocations=52 (full 21):
 PSYoungGen      total 81408K, used 256K [0x00000000f5580000, 0x00000000fc480000, 0x0000000100000000)
  eden space 80896K, 0% used [0x00000000f5580000,0x00000000f5580000,0x00000000fa480000)
  from space 512K, 50% used [0x00000000fa480000,0x00000000fa4c0000,0x00000000fa500000)
  to   space 16384K, 0% used [0x00000000fb480000,0x00000000fb480000,0x00000000fc480000)
 ParOldGen       total 112640K, used 44291K [0x00000000e0000000, 0x00000000e6e00000, 0x00000000f5580000)
  object space 112640K, 39% used [0x00000000e0000000,0x00000000e2b40fd8,0x00000000e6e00000)
 Metaspace       used 81460K, capacity 88004K, committed 88360K, reserved 1126400K
  class space    used 9684K, capacity 11687K, committed 11816K, reserved 1048576K
Event: 1097.533 GC heap after
Heap after GC invocations=52 (full 21):
 PSYoungGen      total 81408K, used 0K [0x00000000f5580000, 0x00000000fc480000, 0x0000000100000000)
  eden space 80896K, 0% used [0x00000000f5580000,0x00000000f5580000,0x00000000fa480000)
  from space 512K, 0% used [0x00000000fa480000,0x00000000fa480000,0x00000000fa500000)
  to   space 16384K, 0% used [0x00000000fb480000,0x00000000fb480000,0x00000000fc480000)
 ParOldGen       total 112640K, used 44275K [0x00000000e0000000, 0x00000000e6e00000, 0x00000000f5580000)
  object space 112640K, 39% used [0x00000000e0000000,0x00000000e2b3cea8,0x00000000e6e00000)
 Metaspace       used 81460K, capacity 88004K, committed 88360K, reserved 1126400K
  class space    used 9684K, capacity 11687K, committed 11816K, reserved 1048576K
}
Event: 1157.430 GC heap before
{Heap before GC invocations=53 (full 21):
 PSYoungGen      total 81408K, used 2321K [0x00000000f5580000, 0x00000000fc480000, 0x0000000100000000)
  eden space 80896K, 2% used [0x00000000f5580000,0x00000000f57c4490,0x00000000fa480000)
  from space 512K, 0% used [0x00000000fa480000,0x00000000fa480000,0x00000000fa500000)
  to   space 16384K, 0% used [0x00000000fb480000,0x00000000fb480000,0x00000000fc480000)
 ParOldGen       total 112640K, used 44275K [0x00000000e0000000, 0x00000000e6e00000, 0x00000000f5580000)
  object space 112640K, 39% used [0x00000000e0000000,0x00000000e2b3cea8,0x00000000e6e00000)
 Metaspace       used 81461K, capacity 88004K, committed 88360K, reserved 1126400K
  class space    used 9684K, capacity 11687K, committed 11816K, reserved 1048576K
Event: 1157.433 GC heap after
Heap after GC invocations=53 (full 21):
 PSYoungGen      total 95232K, used 256K [0x00000000f5580000, 0x00000000fc280000, 0x0000000100000000)
  eden space 80896K, 0% used [0x00000000f5580000,0x00000000f5580000,0x00000000fa480000)
  from space 14336K, 1% used [0x00000000fb480000,0x00000000fb4c0000,0x00000000fc280000)
  to   space 15360K, 0% used [0x00000000fa480000,0x00000000fa480000,0x00000000fb380000)
 ParOldGen       total 112640K, used 44275K [0x00000000e0000000, 0x00000000e6e00000, 0x00000000f5580000)
  object space 112640K, 39% used [0x00000000e0000000,0x00000000e2b3cea8,0x00000000e6e00000)
 Metaspace       used 81461K, capacity 88004K, committed 88360K, reserved 1126400K
  class space    used 9684K, capacity 11687K, committed 11816K, reserved 1048576K
}
Event: 1157.434 GC heap before
{Heap before GC invocations=54 (full 22):
 PSYoungGen      total 95232K, used 256K [0x00000000f5580000, 0x00000000fc280000, 0x0000000100000000)
  eden space 80896K, 0% used [0x00000000f5580000,0x00000000f5580000,0x00000000fa480000)
  from space 14336K, 1% used [0x00000000fb480000,0x00000000fb4c0000,0x00000000fc280000)
  to   space 15360K, 0% used [0x00000000fa480000,0x00000000fa480000,0x00000000fb380000)
 ParOldGen       total 112640K, used 44275K [0x00000000e0000000, 0x00000000e6e00000, 0x00000000f5580000)
  object space 112640K, 39% used [0x00000000e0000000,0x00000000e2b3cea8,0x00000000e6e00000)
 Metaspace       used 81461K, capacity 88004K, committed 88360K, reserved 1126400K
  class space    used 9684K, capacity 11687K, committed 11816K, reserved 1048576K
Event: 1157.555 GC heap after
Heap after GC invocations=54 (full 22):
 PSYoungGen      total 95232K, used 0K [0x00000000f5580000, 0x00000000fc280000, 0x0000000100000000)
  eden space 80896K, 0% used [0x00000000f5580000,0x00000000f5580000,0x00000000fa480000)
  from space 14336K, 0% used [0x00000000fb480000,0x00000000fb480000,0x00000000fc280000)
  to   space 15360K, 0% used [0x00000000fa480000,0x00000000fa480000,0x00000000fb380000)
 ParOldGen       total 112640K, used 44284K [0x00000000e0000000, 0x00000000e6e00000, 0x00000000f5580000)
  object space 112640K, 39% used [0x00000000e0000000,0x00000000e2b3f170,0x00000000e6e00000)
 Metaspace       used 81461K, capacity 88004K, committed 88360K, reserved 1126400K
  class space    used 9684K, capacity 11687K, committed 11816K, reserved 1048576K
}

