# JRE version: Java(TM) SE Runtime Environment (8.0_66-b18) (build 1.8.0_66-b18)
# Java VM: Java HotSpot(TM) 64-Bit Server VM (25.66-b18 mixed mode windows-amd64 compressed oops)
Heap:
 PSYoungGen      total 104448K, used 36491K [0x00000000f5580000, 0x00000000fdf00000, 0x0000000100000000)
  eden space 74240K, 42% used [0x00000000f5580000,0x00000000f7446508,0x00000000f9e00000)
  from space 30208K, 16% used [0x00000000fbb80000,0x00000000fc05c860,0x00000000fd900000)
  to   space 30208K, 0% used [0x00000000f9e00000,0x00000000f9e00000,0x00000000fbb80000)
 ParOldGen       total 113152K, used 57716K [0x00000000e0000000, 0x00000000e6e80000, 0x00000000f5580000)
  object space 113152K, 51% used [0x00000000e0000000,0x00000000e385d108,0x00000000e6e80000)
 Metaspace       used 83088K, capacity 90596K, committed 90900K, reserved 1128448K
  class space    used 10037K, capacity 12269K, committed 12308K, reserved 1048576K
GC Heap History (10 events):
Event: 8.069 GC heap before
{Heap before GC invocations=14 (full 3):
 PSYoungGen      total 88576K, used 84494K [0x00000000f5580000, 0x00000000fc400000, 0x0000000100000000)
  eden space 67072K, 100% used [0x00000000f5580000,0x00000000f9700000,0x00000000f9700000)
  from space 21504K, 81% used [0x00000000fae80000,0x00000000fbf83a50,0x00000000fc380000)
  to   space 23040K, 0% used [0x00000000f9700000,0x00000000f9700000,0x00000000fad80000)
 ParOldGen       total 113152K, used 41291K [0x00000000e0000000, 0x00000000e6e80000, 0x00000000f5580000)
  object space 113152K, 36% used [0x00000000e0000000,0x00000000e2852e90,0x00000000e6e80000)
 Metaspace       used 72157K, capacity 78296K, committed 78612K, reserved 1118208K
  class space    used 8780K, capacity 10657K, committed 10772K, reserved 1048576K
Event: 8.086 GC heap after
Heap after GC invocations=14 (full 3):
 PSYoungGen      total 90112K, used 21237K [0x00000000f5580000, 0x00000000fd200000, 0x0000000100000000)
  eden space 67072K, 0% used [0x00000000f5580000,0x00000000f5580000,0x00000000f9700000)
  from space 23040K, 92% used [0x00000000f9700000,0x00000000fabbd410,0x00000000fad80000)
  to   space 25600K, 0% used [0x00000000fb900000,0x00000000fb900000,0x00000000fd200000)
 ParOldGen       total 113152K, used 41299K [0x00000000e0000000, 0x00000000e6e80000, 0x00000000f5580000)
  object space 113152K, 36% used [0x00000000e0000000,0x00000000e2854e90,0x00000000e6e80000)
 Metaspace       used 72157K, capacity 78296K, committed 78612K, reserved 1118208K
  class space    used 8780K, capacity 10657K, committed 10772K, reserved 1048576K
}
Event: 39.828 GC heap before
{Heap before GC invocations=15 (full 3):
 PSYoungGen      total 90112K, used 88309K [0x00000000f5580000, 0x00000000fd200000, 0x0000000100000000)
  eden space 67072K, 100% used [0x00000000f5580000,0x00000000f9700000,0x00000000f9700000)
  from space 23040K, 92% used [0x00000000f9700000,0x00000000fabbd410,0x00000000fad80000)
  to   space 25600K, 0% used [0x00000000fb900000,0x00000000fb900000,0x00000000fd200000)
 ParOldGen       total 113152K, used 41299K [0x00000000e0000000, 0x00000000e6e80000, 0x00000000f5580000)
  object space 113152K, 36% used [0x00000000e0000000,0x00000000e2854e90,0x00000000e6e80000)
 Metaspace       used 75843K, capacity 82168K, committed 82452K, reserved 1120256K
  class space    used 9223K, capacity 11159K, committed 11284K, reserved 1048576K
Event: 39.845 GC heap after
Heap after GC invocations=15 (full 3):
 PSYoungGen      total 99840K, used 21703K [0x00000000f5580000, 0x00000000fd400000, 0x0000000100000000)
  eden space 74240K, 0% used [0x00000000f5580000,0x00000000f5580000,0x00000000f9e00000)
  from space 25600K, 84% used [0x00000000fb900000,0x00000000fce31fd0,0x00000000fd200000)
  to   space 27648K, 0% used [0x00000000f9e00000,0x00000000f9e00000,0x00000000fb900000)
 ParOldGen       total 113152K, used 41307K [0x00000000e0000000, 0x00000000e6e80000, 0x00000000f5580000)
  object space 113152K, 36% used [0x00000000e0000000,0x00000000e2856e90,0x00000000e6e80000)
 Metaspace       used 75843K, capacity 82168K, committed 82452K, reserved 1120256K
  class space    used 9223K, capacity 11159K, committed 11284K, reserved 1048576K
}
Event: 70.010 GC heap before
{Heap before GC invocations=16 (full 3):
 PSYoungGen      total 99840K, used 77513K [0x00000000f5580000, 0x00000000fd400000, 0x0000000100000000)
  eden space 74240K, 75% used [0x00000000f5580000,0x00000000f8c00530,0x00000000f9e00000)
  from space 25600K, 84% used [0x00000000fb900000,0x00000000fce31fd0,0x00000000fd200000)
  to   space 27648K, 0% used [0x00000000f9e00000,0x00000000f9e00000,0x00000000fb900000)
 ParOldGen       total 113152K, used 41307K [0x00000000e0000000, 0x00000000e6e80000, 0x00000000f5580000)
  object space 113152K, 36% used [0x00000000e0000000,0x00000000e2856e90,0x00000000e6e80000)
 Metaspace       used 78877K, capacity 85882K, committed 86164K, reserved 1124352K
  class space    used 9593K, capacity 11599K, committed 11668K, reserved 1048576K
Event: 70.027 GC heap after
Heap after GC invocations=16 (full 3):
 PSYoungGen      total 101888K, used 23295K [0x00000000f5580000, 0x00000000fd900000, 0x0000000100000000)
  eden space 74240K, 0% used [0x00000000f5580000,0x00000000f5580000,0x00000000f9e00000)
  from space 27648K, 84% used [0x00000000f9e00000,0x00000000fb4bfd70,0x00000000fb900000)
  to   space 30208K, 0% used [0x00000000fbb80000,0x00000000fbb80000,0x00000000fd900000)
 ParOldGen       total 113152K, used 41315K [0x00000000e0000000, 0x00000000e6e80000, 0x00000000f5580000)
  object space 113152K, 36% used [0x00000000e0000000,0x00000000e2858e90,0x00000000e6e80000)
 Metaspace       used 78877K, capacity 85882K, committed 86164K, reserved 1124352K
  class space    used 9593K, capacity 11599K, committed 11668K, reserved 1048576K
}
Event: 70.028 GC heap before
{Heap before GC invocations=17 (full 4):
 PSYoungGen      total 101888K, used 23295K [0x00000000f5580000, 0x00000000fd900000, 0x0000000100000000)
  eden space 74240K, 0% used [0x00000000f5580000,0x00000000f5580000,0x00000000f9e00000)
  from space 27648K, 84% used [0x00000000f9e00000,0x00000000fb4bfd70,0x00000000fb900000)
  to   space 30208K, 0% used [0x00000000fbb80000,0x00000000fbb80000,0x00000000fd900000)
 ParOldGen       total 113152K, used 41315K [0x00000000e0000000, 0x00000000e6e80000, 0x00000000f5580000)
  object space 113152K, 36% used [0x00000000e0000000,0x00000000e2858e90,0x00000000e6e80000)
 Metaspace       used 78877K, capacity 85882K, committed 86164K, reserved 1124352K
  class space    used 9593K, capacity 11599K, committed 11668K, reserved 1048576K
Event: 70.433 GC heap after
Heap after GC invocations=17 (full 4):
 PSYoungGen      total 101888K, used 0K [0x00000000f5580000, 0x00000000fd900000, 0x0000000100000000)
  eden space 74240K, 0% used [0x00000000f5580000,0x00000000f5580000,0x00000000f9e00000)
  from space 27648K, 0% used [0x00000000f9e00000,0x00000000f9e00000,0x00000000fb900000)
  to   space 30208K, 0% used [0x00000000fbb80000,0x00000000fbb80000,0x00000000fd900000)
 ParOldGen       total 113152K, used 57708K [0x00000000e0000000, 0x00000000e6e80000, 0x00000000f5580000)
  object space 113152K, 51% used [0x00000000e0000000,0x00000000e385b108,0x00000000e6e80000)
 Metaspace       used 78877K, capacity 85882K, committed 86164K, reserved 1124352K
  class space    used 9593K, capacity 11599K, committed 11668K, reserved 1048576K
}
Event: 328.247 GC heap before
{Heap before GC invocations=18 (full 4):
 PSYoungGen      total 101888K, used 74240K [0x00000000f5580000, 0x00000000fd900000, 0x0000000100000000)
  eden space 74240K, 100% used [0x00000000f5580000,0x00000000f9e00000,0x00000000f9e00000)
  from space 27648K, 0% used [0x00000000f9e00000,0x00000000f9e00000,0x00000000fb900000)
  to   space 30208K, 0% used [0x00000000fbb80000,0x00000000fbb80000,0x00000000fd900000)
 ParOldGen       total 113152K, used 57708K [0x00000000e0000000, 0x00000000e6e80000, 0x00000000f5580000)
  object space 113152K, 51% used [0x00000000e0000000,0x00000000e385b108,0x00000000e6e80000)
 Metaspace       used 81952K, capacity 89512K, committed 89748K, reserved 1126400K
  class space    used 9915K, capacity 12105K, committed 12180K, reserved 1048576K
Event: 328.264 GC heap after
Heap after GC invocations=18 (full 4):
 PSYoungGen      total 104448K, used 4978K [0x00000000f5580000, 0x00000000fdf00000, 0x0000000100000000)
  eden space 74240K, 0% used [0x00000000f5580000,0x00000000f5580000,0x00000000f9e00000)
  from space 30208K, 16% used [0x00000000fbb80000,0x00000000fc05c860,0x00000000fd900000)
  to   space 30208K, 0% used [0x00000000f9e00000,0x00000000f9e00000,0x00000000fbb80000)
 ParOldGen       total 113152K, used 57716K [0x00000000e0000000, 0x00000000e6e80000, 0x00000000f5580000)
  object space 113152K, 51% used [0x00000000e0000000,0x00000000e385d108,0x00000000e6e80000)
 Metaspace       used 81952K, capacity 89512K, committed 89748K, reserved 1126400K
  class space    used 9915K, capacity 12105K, committed 12180K, reserved 1048576K
}

