# JRE version: Java(TM) SE Runtime Environment (8.0_66-b18) (build 1.8.0_66-b18)
# Java VM: Java HotSpot(TM) 64-Bit Server VM (25.66-b18 mixed mode windows-amd64 compressed oops)
Heap:
 PSYoungGen      total 83456K, used 16028K [0x00000000f5580000, 0x00000000fc580000, 0x0000000100000000)
  eden space 77824K, 13% used [0x00000000f5580000,0x00000000f5fabfc0,0x00000000fa180000)
  from space 5632K, 99% used [0x00000000fa380000,0x00000000fa8fb240,0x00000000fa900000)
  to   space 18432K, 0% used [0x00000000fb380000,0x00000000fb380000,0x00000000fc580000)
 ParOldGen       total 118784K, used 44699K [0x00000000e0000000, 0x00000000e7400000, 0x00000000f5580000)
  object space 118784K, 37% used [0x00000000e0000000,0x00000000e2ba6c38,0x00000000e7400000)
 Metaspace       used 87904K, capacity 95252K, committed 95380K, reserved 1132544K
  class space    used 10418K, capacity 12635K, committed 12692K, reserved 1048576K
GC Heap History (10 events):
Event: 902.629 GC heap before
{Heap before GC invocations=32 (full 11):
 PSYoungGen      total 99328K, used 75264K [0x00000000f5580000, 0x00000000fcf00000, 0x0000000100000000)
  eden space 75264K, 100% used [0x00000000f5580000,0x00000000f9f00000,0x00000000f9f00000)
  from space 24064K, 0% used [0x00000000fb780000,0x00000000fb780000,0x00000000fcf00000)
  to   space 24576K, 0% used [0x00000000f9f00000,0x00000000f9f00000,0x00000000fb700000)
 ParOldGen       total 118784K, used 44659K [0x00000000e0000000, 0x00000000e7400000, 0x00000000f5580000)
  object space 118784K, 37% used [0x00000000e0000000,0x00000000e2b9cc38,0x00000000e7400000)
 Metaspace       used 83968K, capacity 91128K, committed 91412K, reserved 1128448K
  class space    used 10007K, capacity 12188K, committed 12308K, reserved 1048576K
Event: 902.644 GC heap after
Heap after GC invocations=32 (full 11):
 PSYoungGen      total 99840K, used 2638K [0x00000000f5580000, 0x00000000fd500000, 0x0000000100000000)
  eden space 75264K, 0% used [0x00000000f5580000,0x00000000f5580000,0x00000000f9f00000)
  from space 24576K, 10% used [0x00000000f9f00000,0x00000000fa1938c0,0x00000000fb700000)
  to   space 23552K, 0% used [0x00000000fbe00000,0x00000000fbe00000,0x00000000fd500000)
 ParOldGen       total 118784K, used 44667K [0x00000000e0000000, 0x00000000e7400000, 0x00000000f5580000)
  object space 118784K, 37% used [0x00000000e0000000,0x00000000e2b9ec38,0x00000000e7400000)
 Metaspace       used 83968K, capacity 91128K, committed 91412K, reserved 1128448K
  class space    used 10007K, capacity 12188K, committed 12308K, reserved 1048576K
}
Event: 1036.120 GC heap before
{Heap before GC invocations=33 (full 11):
 PSYoungGen      total 99840K, used 77902K [0x00000000f5580000, 0x00000000fd500000, 0x0000000100000000)
  eden space 75264K, 100% used [0x00000000f5580000,0x00000000f9f00000,0x00000000f9f00000)
  from space 24576K, 10% used [0x00000000f9f00000,0x00000000fa1938c0,0x00000000fb700000)
  to   space 23552K, 0% used [0x00000000fbe00000,0x00000000fbe00000,0x00000000fd500000)
 ParOldGen       total 118784K, used 44667K [0x00000000e0000000, 0x00000000e7400000, 0x00000000f5580000)
  object space 118784K, 37% used [0x00000000e0000000,0x00000000e2b9ec38,0x00000000e7400000)
 Metaspace       used 84387K, capacity 91748K, committed 91924K, reserved 1128448K
  class space    used 10022K, capacity 12222K, committed 12308K, reserved 1048576K
Event: 1036.136 GC heap after
Heap after GC invocations=33 (full 11):
 PSYoungGen      total 100864K, used 4527K [0x00000000f5580000, 0x00000000fd080000, 0x0000000100000000)
  eden space 81920K, 0% used [0x00000000f5580000,0x00000000f5580000,0x00000000fa580000)
  from space 18944K, 23% used [0x00000000fbe00000,0x00000000fc26bca0,0x00000000fd080000)
  to   space 22016K, 0% used [0x00000000fa580000,0x00000000fa580000,0x00000000fbb00000)
 ParOldGen       total 118784K, used 44675K [0x00000000e0000000, 0x00000000e7400000, 0x00000000f5580000)
  object space 118784K, 37% used [0x00000000e0000000,0x00000000e2ba0c38,0x00000000e7400000)
 Metaspace       used 84387K, capacity 91748K, committed 91924K, reserved 1128448K
  class space    used 10022K, capacity 12222K, committed 12308K, reserved 1048576K
}
Event: 1161.205 GC heap before
{Heap before GC invocations=34 (full 11):
 PSYoungGen      total 100864K, used 86447K [0x00000000f5580000, 0x00000000fd080000, 0x0000000100000000)
  eden space 81920K, 100% used [0x00000000f5580000,0x00000000fa580000,0x00000000fa580000)
  from space 18944K, 23% used [0x00000000fbe00000,0x00000000fc26bca0,0x00000000fd080000)
  to   space 22016K, 0% used [0x00000000fa580000,0x00000000fa580000,0x00000000fbb00000)
 ParOldGen       total 118784K, used 44675K [0x00000000e0000000, 0x00000000e7400000, 0x00000000f5580000)
  object space 118784K, 37% used [0x00000000e0000000,0x00000000e2ba0c38,0x00000000e7400000)
 Metaspace       used 85612K, capacity 93058K, committed 93332K, reserved 1130496K
  class space    used 10186K, capacity 12361K, committed 12436K, reserved 1048576K
Event: 1161.219 GC heap after
Heap after GC invocations=34 (full 11):
 PSYoungGen      total 103936K, used 5680K [0x00000000f5580000, 0x00000000fd300000, 0x0000000100000000)
  eden space 81920K, 0% used [0x00000000f5580000,0x00000000f5580000,0x00000000fa580000)
  from space 22016K, 25% used [0x00000000fa580000,0x00000000fab0c0d8,0x00000000fbb00000)
  to   space 20480K, 0% used [0x00000000fbf00000,0x00000000fbf00000,0x00000000fd300000)
 ParOldGen       total 118784K, used 44683K [0x00000000e0000000, 0x00000000e7400000, 0x00000000f5580000)
  object space 118784K, 37% used [0x00000000e0000000,0x00000000e2ba2c38,0x00000000e7400000)
 Metaspace       used 85612K, capacity 93058K, committed 93332K, reserved 1130496K
  class space    used 10186K, capacity 12361K, committed 12436K, reserved 1048576K
}
Event: 1228.680 GC heap before
{Heap before GC invocations=35 (full 11):
 PSYoungGen      total 103936K, used 87600K [0x00000000f5580000, 0x00000000fd300000, 0x0000000100000000)
  eden space 81920K, 100% used [0x00000000f5580000,0x00000000fa580000,0x00000000fa580000)
  from space 22016K, 25% used [0x00000000fa580000,0x00000000fab0c0d8,0x00000000fbb00000)
  to   space 20480K, 0% used [0x00000000fbf00000,0x00000000fbf00000,0x00000000fd300000)
 ParOldGen       total 118784K, used 44683K [0x00000000e0000000, 0x00000000e7400000, 0x00000000f5580000)
  object space 118784K, 37% used [0x00000000e0000000,0x00000000e2ba2c38,0x00000000e7400000)
 Metaspace       used 86832K, capacity 94296K, committed 94484K, reserved 1130496K
  class space    used 10320K, capacity 12471K, committed 12564K, reserved 1048576K
Event: 1228.699 GC heap after
Heap after GC invocations=35 (full 11):
 PSYoungGen      total 90624K, used 7788K [0x00000000f5580000, 0x00000000fc980000, 0x0000000100000000)
  eden space 79872K, 0% used [0x00000000f5580000,0x00000000f5580000,0x00000000fa380000)
  from space 10752K, 72% used [0x00000000fbf00000,0x00000000fc69b370,0x00000000fc980000)
  to   space 19456K, 0% used [0x00000000fa380000,0x00000000fa380000,0x00000000fb680000)
 ParOldGen       total 118784K, used 44691K [0x00000000e0000000, 0x00000000e7400000, 0x00000000f5580000)
  object space 118784K, 37% used [0x00000000e0000000,0x00000000e2ba4c38,0x00000000e7400000)
 Metaspace       used 86832K, capacity 94296K, committed 94484K, reserved 1130496K
  class space    used 10320K, capacity 12471K, committed 12564K, reserved 1048576K
}
Event: 1252.946 GC heap before
{Heap before GC invocations=36 (full 11):
 PSYoungGen      total 90624K, used 87660K [0x00000000f5580000, 0x00000000fc980000, 0x0000000100000000)
  eden space 79872K, 100% used [0x00000000f5580000,0x00000000fa380000,0x00000000fa380000)
  from space 10752K, 72% used [0x00000000fbf00000,0x00000000fc69b370,0x00000000fc980000)
  to   space 19456K, 0% used [0x00000000fa380000,0x00000000fa380000,0x00000000fb680000)
 ParOldGen       total 118784K, used 44691K [0x00000000e0000000, 0x00000000e7400000, 0x00000000f5580000)
  object space 118784K, 37% used [0x00000000e0000000,0x00000000e2ba4c38,0x00000000e7400000)
 Metaspace       used 87525K, capacity 94864K, committed 95124K, reserved 1132544K
  class space    used 10378K, capacity 12571K, committed 12692K, reserved 1048576K
Event: 1252.962 GC heap after
Heap after GC invocations=36 (full 11):
 PSYoungGen      total 83456K, used 5612K [0x00000000f5580000, 0x00000000fc580000, 0x0000000100000000)
  eden space 77824K, 0% used [0x00000000f5580000,0x00000000f5580000,0x00000000fa180000)
  from space 5632K, 99% used [0x00000000fa380000,0x00000000fa8fb240,0x00000000fa900000)
  to   space 18432K, 0% used [0x00000000fb380000,0x00000000fb380000,0x00000000fc580000)
 ParOldGen       total 118784K, used 44699K [0x00000000e0000000, 0x00000000e7400000, 0x00000000f5580000)
  object space 118784K, 37% used [0x00000000e0000000,0x00000000e2ba6c38,0x00000000e7400000)
 Metaspace       used 87525K, capacity 94864K, committed 95124K, reserved 1132544K
  class space    used 10378K, capacity 12571K, committed 12692K, reserved 1048576K
}

