# JRE version: Java(TM) SE Runtime Environment (8.0_66-b18) (build 1.8.0_66-b18)
# Java VM: Java HotSpot(TM) 64-Bit Server VM (25.66-b18 mixed mode windows-amd64 compressed oops)
Heap:
 PSYoungGen      total 101376K, used 26697K [0x00000000f5580000, 0x00000000fca80000, 0x0000000100000000)
  eden space 81408K, 29% used [0x00000000f5580000,0x00000000f6d1e8e8,0x00000000fa500000)
  from space 19968K, 12% used [0x00000000fa500000,0x00000000fa773e20,0x00000000fb880000)
  to   space 18432K, 0% used [0x00000000fb880000,0x00000000fb880000,0x00000000fca80000)
 ParOldGen       total 118784K, used 45864K [0x00000000e0000000, 0x00000000e7400000, 0x00000000f5580000)
  object space 118784K, 38% used [0x00000000e0000000,0x00000000e2cca1a8,0x00000000e7400000)
 Metaspace       used 86809K, capacity 93996K, committed 94228K, reserved 1130496K
  class space    used 10203K, capacity 12443K, committed 12564K, reserved 1048576K
GC Heap History (10 events):
Event: 1027.416 GC heap before
{Heap before GC invocations=43 (full 14):
 PSYoungGen      total 102400K, used 3491K [0x00000000f5580000, 0x00000000fd000000, 0x0000000100000000)
  eden space 81408K, 4% used [0x00000000f5580000,0x00000000f58e8d00,0x00000000fa500000)
  from space 20992K, 0% used [0x00000000fbb80000,0x00000000fbb80000,0x00000000fd000000)
  to   space 22016K, 0% used [0x00000000fa500000,0x00000000fa500000,0x00000000fba80000)
 ParOldGen       total 118784K, used 45887K [0x00000000e0000000, 0x00000000e7400000, 0x00000000f5580000)
  object space 118784K, 38% used [0x00000000e0000000,0x00000000e2ccffa8,0x00000000e7400000)
 Metaspace       used 85726K, capacity 92918K, committed 93332K, reserved 1130496K
  class space    used 10114K, capacity 12314K, committed 12436K, reserved 1048576K
Event: 1027.420 GC heap after
Heap after GC invocations=43 (full 14):
 PSYoungGen      total 81920K, used 288K [0x00000000f5580000, 0x00000000fce00000, 0x0000000100000000)
  eden space 81408K, 0% used [0x00000000f5580000,0x00000000f5580000,0x00000000fa500000)
  from space 512K, 56% used [0x00000000fa500000,0x00000000fa548000,0x00000000fa580000)
  to   space 20992K, 0% used [0x00000000fb980000,0x00000000fb980000,0x00000000fce00000)
 ParOldGen       total 118784K, used 45895K [0x00000000e0000000, 0x00000000e7400000, 0x00000000f5580000)
  object space 118784K, 38% used [0x00000000e0000000,0x00000000e2cd1fa8,0x00000000e7400000)
 Metaspace       used 85726K, capacity 92918K, committed 93332K, reserved 1130496K
  class space    used 10114K, capacity 12314K, committed 12436K, reserved 1048576K
}
Event: 1027.420 GC heap before
{Heap before GC invocations=44 (full 15):
 PSYoungGen      total 81920K, used 288K [0x00000000f5580000, 0x00000000fce00000, 0x0000000100000000)
  eden space 81408K, 0% used [0x00000000f5580000,0x00000000f5580000,0x00000000fa500000)
  from space 512K, 56% used [0x00000000fa500000,0x00000000fa548000,0x00000000fa580000)
  to   space 20992K, 0% used [0x00000000fb980000,0x00000000fb980000,0x00000000fce00000)
 ParOldGen       total 118784K, used 45895K [0x00000000e0000000, 0x00000000e7400000, 0x00000000f5580000)
  object space 118784K, 38% used [0x00000000e0000000,0x00000000e2cd1fa8,0x00000000e7400000)
 Metaspace       used 85726K, capacity 92918K, committed 93332K, reserved 1130496K
  class space    used 10114K, capacity 12314K, committed 12436K, reserved 1048576K
Event: 1027.573 GC heap after
Heap after GC invocations=44 (full 15):
 PSYoungGen      total 81920K, used 0K [0x00000000f5580000, 0x00000000fce00000, 0x0000000100000000)
  eden space 81408K, 0% used [0x00000000f5580000,0x00000000f5580000,0x00000000fa500000)
  from space 512K, 0% used [0x00000000fa500000,0x00000000fa500000,0x00000000fa580000)
  to   space 20992K, 0% used [0x00000000fb980000,0x00000000fb980000,0x00000000fce00000)
 ParOldGen       total 118784K, used 45880K [0x00000000e0000000, 0x00000000e7400000, 0x00000000f5580000)
  object space 118784K, 38% used [0x00000000e0000000,0x00000000e2cce3a8,0x00000000e7400000)
 Metaspace       used 85726K, capacity 92918K, committed 93332K, reserved 1130496K
  class space    used 10114K, capacity 12314K, committed 12436K, reserved 1048576K
}
Event: 1087.427 GC heap before
{Heap before GC invocations=45 (full 15):
 PSYoungGen      total 81920K, used 7331K [0x00000000f5580000, 0x00000000fce00000, 0x0000000100000000)
  eden space 81408K, 9% used [0x00000000f5580000,0x00000000f5ca8e70,0x00000000fa500000)
  from space 512K, 0% used [0x00000000fa500000,0x00000000fa500000,0x00000000fa580000)
  to   space 20992K, 0% used [0x00000000fb980000,0x00000000fb980000,0x00000000fce00000)
 ParOldGen       total 118784K, used 45880K [0x00000000e0000000, 0x00000000e7400000, 0x00000000f5580000)
  object space 118784K, 38% used [0x00000000e0000000,0x00000000e2cce3a8,0x00000000e7400000)
 Metaspace       used 85742K, capacity 92918K, committed 93332K, reserved 1130496K
  class space    used 10114K, capacity 12314K, committed 12436K, reserved 1048576K
Event: 1087.429 GC heap after
Heap after GC invocations=45 (full 15):
 PSYoungGen      total 100352K, used 256K [0x00000000f5580000, 0x00000000fcc00000, 0x0000000100000000)
  eden space 81408K, 0% used [0x00000000f5580000,0x00000000f5580000,0x00000000fa500000)
  from space 18944K, 1% used [0x00000000fb980000,0x00000000fb9c0000,0x00000000fcc00000)
  to   space 19968K, 0% used [0x00000000fa500000,0x00000000fa500000,0x00000000fb880000)
 ParOldGen       total 118784K, used 45880K [0x00000000e0000000, 0x00000000e7400000, 0x00000000f5580000)
  object space 118784K, 38% used [0x00000000e0000000,0x00000000e2cce3a8,0x00000000e7400000)
 Metaspace       used 85742K, capacity 92918K, committed 93332K, reserved 1130496K
  class space    used 10114K, capacity 12314K, committed 12436K, reserved 1048576K
}
Event: 1087.429 GC heap before
{Heap before GC invocations=46 (full 16):
 PSYoungGen      total 100352K, used 256K [0x00000000f5580000, 0x00000000fcc00000, 0x0000000100000000)
  eden space 81408K, 0% used [0x00000000f5580000,0x00000000f5580000,0x00000000fa500000)
  from space 18944K, 1% used [0x00000000fb980000,0x00000000fb9c0000,0x00000000fcc00000)
  to   space 19968K, 0% used [0x00000000fa500000,0x00000000fa500000,0x00000000fb880000)
 ParOldGen       total 118784K, used 45880K [0x00000000e0000000, 0x00000000e7400000, 0x00000000f5580000)
  object space 118784K, 38% used [0x00000000e0000000,0x00000000e2cce3a8,0x00000000e7400000)
 Metaspace       used 85742K, capacity 92918K, committed 93332K, reserved 1130496K
  class space    used 10114K, capacity 12314K, committed 12436K, reserved 1048576K
Event: 1087.660 GC heap after
Heap after GC invocations=46 (full 16):
 PSYoungGen      total 100352K, used 0K [0x00000000f5580000, 0x00000000fcc00000, 0x0000000100000000)
  eden space 81408K, 0% used [0x00000000f5580000,0x00000000f5580000,0x00000000fa500000)
  from space 18944K, 0% used [0x00000000fb980000,0x00000000fb980000,0x00000000fcc00000)
  to   space 19968K, 0% used [0x00000000fa500000,0x00000000fa500000,0x00000000fb880000)
 ParOldGen       total 118784K, used 45856K [0x00000000e0000000, 0x00000000e7400000, 0x00000000f5580000)
  object space 118784K, 38% used [0x00000000e0000000,0x00000000e2cc81a8,0x00000000e7400000)
 Metaspace       used 85724K, capacity 92888K, committed 93332K, reserved 1130496K
  class space    used 10112K, capacity 12309K, committed 12436K, reserved 1048576K
}
Event: 1159.789 GC heap before
{Heap before GC invocations=47 (full 16):
 PSYoungGen      total 100352K, used 81408K [0x00000000f5580000, 0x00000000fcc00000, 0x0000000100000000)
  eden space 81408K, 100% used [0x00000000f5580000,0x00000000fa500000,0x00000000fa500000)
  from space 18944K, 0% used [0x00000000fb980000,0x00000000fb980000,0x00000000fcc00000)
  to   space 19968K, 0% used [0x00000000fa500000,0x00000000fa500000,0x00000000fb880000)
 ParOldGen       total 118784K, used 45856K [0x00000000e0000000, 0x00000000e7400000, 0x00000000f5580000)
  object space 118784K, 38% used [0x00000000e0000000,0x00000000e2cc81a8,0x00000000e7400000)
 Metaspace       used 86180K, capacity 93314K, committed 93588K, reserved 1130496K
  class space    used 10136K, capacity 12346K, committed 12436K, reserved 1048576K
Event: 1159.793 GC heap after
Heap after GC invocations=47 (full 16):
 PSYoungGen      total 101376K, used 2511K [0x00000000f5580000, 0x00000000fca80000, 0x0000000100000000)
  eden space 81408K, 0% used [0x00000000f5580000,0x00000000f5580000,0x00000000fa500000)
  from space 19968K, 12% used [0x00000000fa500000,0x00000000fa773e20,0x00000000fb880000)
  to   space 18432K, 0% used [0x00000000fb880000,0x00000000fb880000,0x00000000fca80000)
 ParOldGen       total 118784K, used 45864K [0x00000000e0000000, 0x00000000e7400000, 0x00000000f5580000)
  object space 118784K, 38% used [0x00000000e0000000,0x00000000e2cca1a8,0x00000000e7400000)
 Metaspace       used 86180K, capacity 93314K, committed 93588K, reserved 1130496K
  class space    used 10136K, capacity 12346K, committed 12436K, reserved 1048576K
}

