# JRE version: Java(TM) SE Runtime Environment (8.0_66-b18) (build 1.8.0_66-b18)
# Java VM: Java HotSpot(TM) 64-Bit Server VM (25.66-b18 mixed mode windows-amd64 compressed oops)
Heap:
 PSYoungGen      total 114176K, used 35989K [0x00000000f5580000, 0x00000000fdd00000, 0x0000000100000000)
  eden space 91648K, 39% used [0x00000000f5580000,0x00000000f78a56a8,0x00000000faf00000)
  from space 22528K, 0% used [0x00000000fc700000,0x00000000fc700000,0x00000000fdd00000)
  to   space 23552K, 0% used [0x00000000faf00000,0x00000000faf00000,0x00000000fc600000)
 ParOldGen       total 116736K, used 48059K [0x00000000e0000000, 0x00000000e7200000, 0x00000000f5580000)
  object space 116736K, 41% used [0x00000000e0000000,0x00000000e2eeef20,0x00000000e7200000)
 Metaspace       used 87239K, capacity 94694K, committed 95152K, reserved 1132544K
  class space    used 10335K, capacity 12600K, committed 12720K, reserved 1048576K
GC Heap History (10 events):
Event: 491.750 GC heap before
{Heap before GC invocations=34 (full 10):
 PSYoungGen      total 90112K, used 89600K [0x00000000f5580000, 0x00000000fe300000, 0x0000000100000000)
  eden space 89600K, 100% used [0x00000000f5580000,0x00000000fad00000,0x00000000fad00000)
  from space 512K, 0% used [0x00000000fad00000,0x00000000fad00000,0x00000000fad80000)
  to   space 27648K, 0% used [0x00000000fc800000,0x00000000fc800000,0x00000000fe300000)
 ParOldGen       total 116736K, used 57372K [0x00000000e0000000, 0x00000000e7200000, 0x00000000f5580000)
  object space 116736K, 49% used [0x00000000e0000000,0x00000000e3807060,0x00000000e7200000)
 Metaspace       used 84849K, capacity 92258K, committed 92464K, reserved 1130496K
  class space    used 10036K, capacity 12274K, committed 12336K, reserved 1048576K
Event: 491.754 GC heap after
Heap after GC invocations=34 (full 10):
 PSYoungGen      total 117760K, used 2179K [0x00000000f5580000, 0x00000000fe200000, 0x0000000100000000)
  eden space 91136K, 0% used [0x00000000f5580000,0x00000000f5580000,0x00000000fae80000)
  from space 26624K, 8% used [0x00000000fc800000,0x00000000fca20e40,0x00000000fe200000)
  to   space 26112K, 0% used [0x00000000fae80000,0x00000000fae80000,0x00000000fc800000)
 ParOldGen       total 116736K, used 57380K [0x00000000e0000000, 0x00000000e7200000, 0x00000000f5580000)
  object space 116736K, 49% used [0x00000000e0000000,0x00000000e3809060,0x00000000e7200000)
 Metaspace       used 84849K, capacity 92258K, committed 92464K, reserved 1130496K
  class space    used 10036K, capacity 12274K, committed 12336K, reserved 1048576K
}
Event: 509.324 GC heap before
{Heap before GC invocations=35 (full 10):
 PSYoungGen      total 117760K, used 90795K [0x00000000f5580000, 0x00000000fe200000, 0x0000000100000000)
  eden space 91136K, 97% used [0x00000000f5580000,0x00000000fac09e70,0x00000000fae80000)
  from space 26624K, 8% used [0x00000000fc800000,0x00000000fca20e40,0x00000000fe200000)
  to   space 26112K, 0% used [0x00000000fae80000,0x00000000fae80000,0x00000000fc800000)
 ParOldGen       total 116736K, used 57380K [0x00000000e0000000, 0x00000000e7200000, 0x00000000f5580000)
  object space 116736K, 49% used [0x00000000e0000000,0x00000000e3809060,0x00000000e7200000)
 Metaspace       used 86360K, capacity 93814K, committed 94000K, reserved 1130496K
  class space    used 10248K, capacity 12516K, committed 12592K, reserved 1048576K
Event: 509.336 GC heap after
Heap after GC invocations=35 (full 10):
 PSYoungGen      total 96256K, used 5044K [0x00000000f5580000, 0x00000000fdf00000, 0x0000000100000000)
  eden space 91136K, 0% used [0x00000000f5580000,0x00000000f5580000,0x00000000fae80000)
  from space 5120K, 98% used [0x00000000fae80000,0x00000000fb36d010,0x00000000fb380000)
  to   space 24576K, 0% used [0x00000000fc700000,0x00000000fc700000,0x00000000fdf00000)
 ParOldGen       total 116736K, used 57388K [0x00000000e0000000, 0x00000000e7200000, 0x00000000f5580000)
  object space 116736K, 49% used [0x00000000e0000000,0x00000000e380b060,0x00000000e7200000)
 Metaspace       used 86360K, capacity 93814K, committed 94000K, reserved 1130496K
  class space    used 10248K, capacity 12516K, committed 12592K, reserved 1048576K
}
Event: 509.336 GC heap before
{Heap before GC invocations=36 (full 11):
 PSYoungGen      total 96256K, used 5044K [0x00000000f5580000, 0x00000000fdf00000, 0x0000000100000000)
  eden space 91136K, 0% used [0x00000000f5580000,0x00000000f5580000,0x00000000fae80000)
  from space 5120K, 98% used [0x00000000fae80000,0x00000000fb36d010,0x00000000fb380000)
  to   space 24576K, 0% used [0x00000000fc700000,0x00000000fc700000,0x00000000fdf00000)
 ParOldGen       total 116736K, used 57388K [0x00000000e0000000, 0x00000000e7200000, 0x00000000f5580000)
  object space 116736K, 49% used [0x00000000e0000000,0x00000000e380b060,0x00000000e7200000)
 Metaspace       used 86360K, capacity 93814K, committed 94000K, reserved 1130496K
  class space    used 10248K, capacity 12516K, committed 12592K, reserved 1048576K
Event: 509.599 GC heap after
Heap after GC invocations=36 (full 11):
 PSYoungGen      total 96256K, used 0K [0x00000000f5580000, 0x00000000fdf00000, 0x0000000100000000)
  eden space 91136K, 0% used [0x00000000f5580000,0x00000000f5580000,0x00000000fae80000)
  from space 5120K, 0% used [0x00000000fae80000,0x00000000fae80000,0x00000000fb380000)
  to   space 24576K, 0% used [0x00000000fc700000,0x00000000fc700000,0x00000000fdf00000)
 ParOldGen       total 116736K, used 50118K [0x00000000e0000000, 0x00000000e7200000, 0x00000000f5580000)
  object space 116736K, 42% used [0x00000000e0000000,0x00000000e30f1a40,0x00000000e7200000)
 Metaspace       used 86318K, capacity 93744K, committed 94000K, reserved 1130496K
  class space    used 10240K, capacity 12501K, committed 12592K, reserved 1048576K
}
Event: 569.336 GC heap before
{Heap before GC invocations=37 (full 11):
 PSYoungGen      total 96256K, used 25422K [0x00000000f5580000, 0x00000000fdf00000, 0x0000000100000000)
  eden space 91136K, 27% used [0x00000000f5580000,0x00000000f6e53ac0,0x00000000fae80000)
  from space 5120K, 0% used [0x00000000fae80000,0x00000000fae80000,0x00000000fb380000)
  to   space 24576K, 0% used [0x00000000fc700000,0x00000000fc700000,0x00000000fdf00000)
 ParOldGen       total 116736K, used 50118K [0x00000000e0000000, 0x00000000e7200000, 0x00000000f5580000)
  object space 116736K, 42% used [0x00000000e0000000,0x00000000e30f1a40,0x00000000e7200000)
 Metaspace       used 86388K, capacity 93762K, committed 94000K, reserved 1130496K
  class space    used 10242K, capacity 12504K, committed 12592K, reserved 1048576K
Event: 569.346 GC heap after
Heap after GC invocations=37 (full 11):
 PSYoungGen      total 114176K, used 871K [0x00000000f5580000, 0x00000000fdd00000, 0x0000000100000000)
  eden space 91648K, 0% used [0x00000000f5580000,0x00000000f5580000,0x00000000faf00000)
  from space 22528K, 3% used [0x00000000fc700000,0x00000000fc7d9c60,0x00000000fdd00000)
  to   space 23552K, 0% used [0x00000000faf00000,0x00000000faf00000,0x00000000fc600000)
 ParOldGen       total 116736K, used 50126K [0x00000000e0000000, 0x00000000e7200000, 0x00000000f5580000)
  object space 116736K, 42% used [0x00000000e0000000,0x00000000e30f3a40,0x00000000e7200000)
 Metaspace       used 86388K, capacity 93762K, committed 94000K, reserved 1130496K
  class space    used 10242K, capacity 12504K, committed 12592K, reserved 1048576K
}
Event: 569.346 GC heap before
{Heap before GC invocations=38 (full 12):
 PSYoungGen      total 114176K, used 871K [0x00000000f5580000, 0x00000000fdd00000, 0x0000000100000000)
  eden space 91648K, 0% used [0x00000000f5580000,0x00000000f5580000,0x00000000faf00000)
  from space 22528K, 3% used [0x00000000fc700000,0x00000000fc7d9c60,0x00000000fdd00000)
  to   space 23552K, 0% used [0x00000000faf00000,0x00000000faf00000,0x00000000fc600000)
 ParOldGen       total 116736K, used 50126K [0x00000000e0000000, 0x00000000e7200000, 0x00000000f5580000)
  object space 116736K, 42% used [0x00000000e0000000,0x00000000e30f3a40,0x00000000e7200000)
 Metaspace       used 86388K, capacity 93762K, committed 94000K, reserved 1130496K
  class space    used 10242K, capacity 12504K, committed 12592K, reserved 1048576K
Event: 569.676 GC heap after
Heap after GC invocations=38 (full 12):
 PSYoungGen      total 114176K, used 0K [0x00000000f5580000, 0x00000000fdd00000, 0x0000000100000000)
  eden space 91648K, 0% used [0x00000000f5580000,0x00000000f5580000,0x00000000faf00000)
  from space 22528K, 0% used [0x00000000fc700000,0x00000000fc700000,0x00000000fdd00000)
  to   space 23552K, 0% used [0x00000000faf00000,0x00000000faf00000,0x00000000fc600000)
 ParOldGen       total 116736K, used 48059K [0x00000000e0000000, 0x00000000e7200000, 0x00000000f5580000)
  object space 116736K, 41% used [0x00000000e0000000,0x00000000e2eeef20,0x00000000e7200000)
 Metaspace       used 86388K, capacity 93762K, committed 94000K, reserved 1130496K
  class space    used 10242K, capacity 12504K, committed 12592K, reserved 1048576K
}

