# JRE version: Java(TM) SE Runtime Environment (8.0_66-b18) (build 1.8.0_66-b18)
# Java VM: Java HotSpot(TM) 64-Bit Server VM (25.66-b18 mixed mode windows-amd64 compressed oops)
Heap:
 PSYoungGen      total 105984K, used 34273K [0x00000000f5580000, 0x00000000fe100000, 0x0000000100000000)
  eden space 73216K, 46% used [0x00000000f5580000,0x00000000f76f8760,0x00000000f9d00000)
  from space 32768K, 0% used [0x00000000f9d00000,0x00000000f9d00000,0x00000000fbd00000)
  to   space 33792K, 0% used [0x00000000fc000000,0x00000000fc000000,0x00000000fe100000)
 ParOldGen       total 118272K, used 57758K [0x00000000e0000000, 0x00000000e7380000, 0x00000000f5580000)
  object space 118272K, 48% used [0x00000000e0000000,0x00000000e3867b38,0x00000000e7380000)
 Metaspace       used 83819K, capacity 90892K, committed 91156K, reserved 1128448K
  class space    used 10056K, capacity 12261K, committed 12308K, reserved 1048576K
GC Heap History (10 events):
Event: 18.949 GC heap before
{Heap before GC invocations=15 (full 3):
 PSYoungGen      total 88064K, used 86940K [0x00000000f5580000, 0x00000000fcf00000, 0x0000000100000000)
  eden space 65024K, 100% used [0x00000000f5580000,0x00000000f9500000,0x00000000f9500000)
  from space 23040K, 95% used [0x00000000f9500000,0x00000000faa67070,0x00000000fab80000)
  to   space 25600K, 0% used [0x00000000fb600000,0x00000000fb600000,0x00000000fcf00000)
 ParOldGen       total 118272K, used 40924K [0x00000000e0000000, 0x00000000e7380000, 0x00000000f5580000)
  object space 118272K, 34% used [0x00000000e0000000,0x00000000e27f7348,0x00000000e7380000)
 Metaspace       used 76355K, capacity 82824K, committed 83092K, reserved 1120256K
  class space    used 9295K, capacity 11293K, committed 11412K, reserved 1048576K
Event: 18.966 GC heap after
Heap after GC invocations=15 (full 3):
 PSYoungGen      total 96256K, used 22552K [0x00000000f5580000, 0x00000000fd280000, 0x0000000100000000)
  eden space 70656K, 0% used [0x00000000f5580000,0x00000000f5580000,0x00000000f9a80000)
  from space 25600K, 88% used [0x00000000fb600000,0x00000000fcc06340,0x00000000fcf00000)
  to   space 28160K, 0% used [0x00000000f9a80000,0x00000000f9a80000,0x00000000fb600000)
 ParOldGen       total 118272K, used 40932K [0x00000000e0000000, 0x00000000e7380000, 0x00000000f5580000)
  object space 118272K, 34% used [0x00000000e0000000,0x00000000e27f9348,0x00000000e7380000)
 Metaspace       used 76355K, capacity 82824K, committed 83092K, reserved 1120256K
  class space    used 9295K, capacity 11293K, committed 11412K, reserved 1048576K
}
Event: 30.827 GC heap before
{Heap before GC invocations=16 (full 3):
 PSYoungGen      total 96256K, used 93208K [0x00000000f5580000, 0x00000000fd280000, 0x0000000100000000)
  eden space 70656K, 100% used [0x00000000f5580000,0x00000000f9a80000,0x00000000f9a80000)
  from space 25600K, 88% used [0x00000000fb600000,0x00000000fcc06340,0x00000000fcf00000)
  to   space 28160K, 0% used [0x00000000f9a80000,0x00000000f9a80000,0x00000000fb600000)
 ParOldGen       total 118272K, used 40932K [0x00000000e0000000, 0x00000000e7380000, 0x00000000f5580000)
  object space 118272K, 34% used [0x00000000e0000000,0x00000000e27f9348,0x00000000e7380000)
 Metaspace       used 78178K, capacity 84768K, committed 85012K, reserved 1122304K
  class space    used 9431K, capacity 11427K, committed 11540K, reserved 1048576K
Event: 30.839 GC heap after
Heap after GC invocations=16 (full 3):
 PSYoungGen      total 98816K, used 21842K [0x00000000f5580000, 0x00000000fda00000, 0x0000000100000000)
  eden space 70656K, 0% used [0x00000000f5580000,0x00000000f5580000,0x00000000f9a80000)
  from space 28160K, 77% used [0x00000000f9a80000,0x00000000fafd4928,0x00000000fb600000)
  to   space 29696K, 0% used [0x00000000fbd00000,0x00000000fbd00000,0x00000000fda00000)
 ParOldGen       total 118272K, used 40940K [0x00000000e0000000, 0x00000000e7380000, 0x00000000f5580000)
  object space 118272K, 34% used [0x00000000e0000000,0x00000000e27fb348,0x00000000e7380000)
 Metaspace       used 78178K, capacity 84768K, committed 85012K, reserved 1122304K
  class space    used 9431K, capacity 11427K, committed 11540K, reserved 1048576K
}
Event: 68.132 GC heap before
{Heap before GC invocations=17 (full 3):
 PSYoungGen      total 98816K, used 92498K [0x00000000f5580000, 0x00000000fda00000, 0x0000000100000000)
  eden space 70656K, 100% used [0x00000000f5580000,0x00000000f9a80000,0x00000000f9a80000)
  from space 28160K, 77% used [0x00000000f9a80000,0x00000000fafd4928,0x00000000fb600000)
  to   space 29696K, 0% used [0x00000000fbd00000,0x00000000fbd00000,0x00000000fda00000)
 ParOldGen       total 118272K, used 40940K [0x00000000e0000000, 0x00000000e7380000, 0x00000000f5580000)
  object space 118272K, 34% used [0x00000000e0000000,0x00000000e27fb348,0x00000000e7380000)
 Metaspace       used 81546K, capacity 88502K, committed 88852K, reserved 1126400K
  class space    used 9838K, capacity 11955K, committed 12052K, reserved 1048576K
Event: 68.148 GC heap after
Heap after GC invocations=17 (full 3):
 PSYoungGen      total 102912K, used 25285K [0x00000000f5580000, 0x00000000fdf00000, 0x0000000100000000)
  eden space 73216K, 0% used [0x00000000f5580000,0x00000000f5580000,0x00000000f9d00000)
  from space 29696K, 85% used [0x00000000fbd00000,0x00000000fd5b15c8,0x00000000fda00000)
  to   space 32768K, 0% used [0x00000000f9d00000,0x00000000f9d00000,0x00000000fbd00000)
 ParOldGen       total 118272K, used 40948K [0x00000000e0000000, 0x00000000e7380000, 0x00000000f5580000)
  object space 118272K, 34% used [0x00000000e0000000,0x00000000e27fd348,0x00000000e7380000)
 Metaspace       used 81546K, capacity 88502K, committed 88852K, reserved 1126400K
  class space    used 9838K, capacity 11955K, committed 12052K, reserved 1048576K
}
Event: 249.752 GC heap before
{Heap before GC invocations=18 (full 3):
 PSYoungGen      total 102912K, used 62542K [0x00000000f5580000, 0x00000000fdf00000, 0x0000000100000000)
  eden space 73216K, 50% used [0x00000000f5580000,0x00000000f79e2280,0x00000000f9d00000)
  from space 29696K, 85% used [0x00000000fbd00000,0x00000000fd5b15c8,0x00000000fda00000)
  to   space 32768K, 0% used [0x00000000f9d00000,0x00000000f9d00000,0x00000000fbd00000)
 ParOldGen       total 118272K, used 40948K [0x00000000e0000000, 0x00000000e7380000, 0x00000000f5580000)
  object space 118272K, 34% used [0x00000000e0000000,0x00000000e27fd348,0x00000000e7380000)
 Metaspace       used 82483K, capacity 89704K, committed 90004K, reserved 1126400K
  class space    used 9915K, capacity 12101K, committed 12180K, reserved 1048576K
Event: 249.765 GC heap after
Heap after GC invocations=18 (full 3):
 PSYoungGen      total 105984K, used 23635K [0x00000000f5580000, 0x00000000fe100000, 0x0000000100000000)
  eden space 73216K, 0% used [0x00000000f5580000,0x00000000f5580000,0x00000000f9d00000)
  from space 32768K, 72% used [0x00000000f9d00000,0x00000000fb414e88,0x00000000fbd00000)
  to   space 33792K, 0% used [0x00000000fc000000,0x00000000fc000000,0x00000000fe100000)
 ParOldGen       total 118272K, used 40956K [0x00000000e0000000, 0x00000000e7380000, 0x00000000f5580000)
  object space 118272K, 34% used [0x00000000e0000000,0x00000000e27ff348,0x00000000e7380000)
 Metaspace       used 82483K, capacity 89704K, committed 90004K, reserved 1126400K
  class space    used 9915K, capacity 12101K, committed 12180K, reserved 1048576K
}
Event: 249.765 GC heap before
{Heap before GC invocations=19 (full 4):
 PSYoungGen      total 105984K, used 23635K [0x00000000f5580000, 0x00000000fe100000, 0x0000000100000000)
  eden space 73216K, 0% used [0x00000000f5580000,0x00000000f5580000,0x00000000f9d00000)
  from space 32768K, 72% used [0x00000000f9d00000,0x00000000fb414e88,0x00000000fbd00000)
  to   space 33792K, 0% used [0x00000000fc000000,0x00000000fc000000,0x00000000fe100000)
 ParOldGen       total 118272K, used 40956K [0x00000000e0000000, 0x00000000e7380000, 0x00000000f5580000)
  object space 118272K, 34% used [0x00000000e0000000,0x00000000e27ff348,0x00000000e7380000)
 Metaspace       used 82483K, capacity 89704K, committed 90004K, reserved 1126400K
  class space    used 9915K, capacity 12101K, committed 12180K, reserved 1048576K
Event: 250.144 GC heap after
Heap after GC invocations=19 (full 4):
 PSYoungGen      total 105984K, used 0K [0x00000000f5580000, 0x00000000fe100000, 0x0000000100000000)
  eden space 73216K, 0% used [0x00000000f5580000,0x00000000f5580000,0x00000000f9d00000)
  from space 32768K, 0% used [0x00000000f9d00000,0x00000000f9d00000,0x00000000fbd00000)
  to   space 33792K, 0% used [0x00000000fc000000,0x00000000fc000000,0x00000000fe100000)
 ParOldGen       total 118272K, used 57758K [0x00000000e0000000, 0x00000000e7380000, 0x00000000f5580000)
  object space 118272K, 48% used [0x00000000e0000000,0x00000000e3867b38,0x00000000e7380000)
 Metaspace       used 82483K, capacity 89704K, committed 90004K, reserved 1126400K
  class space    used 9915K, capacity 12101K, committed 12180K, reserved 1048576K
}

