# JRE version: Java(TM) SE Runtime Environment (8.0_66-b18) (build 1.8.0_66-b18)
# Java VM: Java HotSpot(TM) 64-Bit Server VM (25.66-b18 mixed mode windows-amd64 compressed oops)
Heap:
 PSYoungGen      total 92160K, used 65652K [0x00000000f5580000, 0x00000000fcd00000, 0x0000000100000000)
  eden space 65024K, 93% used [0x00000000f5580000,0x00000000f912a7b8,0x00000000f9500000)
  from space 27136K, 16% used [0x00000000f9500000,0x00000000f99729b0,0x00000000faf80000)
  to   space 27136K, 0% used [0x00000000fb280000,0x00000000fb280000,0x00000000fcd00000)
 ParOldGen       total 118784K, used 54987K [0x00000000e0000000, 0x00000000e7400000, 0x00000000f5580000)
  object space 118784K, 46% used [0x00000000e0000000,0x00000000e35b2c98,0x00000000e7400000)
 Metaspace       used 83429K, capacity 90882K, committed 90928K, reserved 1128448K
  class space    used 10059K, capacity 12301K, committed 12336K, reserved 1048576K
GC Heap History (10 events):
Event: 39.410 GC heap before
{Heap before GC invocations=15 (full 3):
 PSYoungGen      total 82944K, used 76755K [0x00000000f5580000, 0x00000000fc400000, 0x0000000100000000)
  eden space 60416K, 100% used [0x00000000f5580000,0x00000000f9080000,0x00000000f9080000)
  from space 22528K, 72% used [0x00000000f9080000,0x00000000fa074e68,0x00000000fa680000)
  to   space 23552K, 0% used [0x00000000fad00000,0x00000000fad00000,0x00000000fc400000)
 ParOldGen       total 118784K, used 43274K [0x00000000e0000000, 0x00000000e7400000, 0x00000000f5580000)
  object space 118784K, 36% used [0x00000000e0000000,0x00000000e2a429d8,0x00000000e7400000)
 Metaspace       used 75732K, capacity 82398K, committed 82736K, reserved 1120256K
  class space    used 9223K, capacity 11187K, committed 11312K, reserved 1048576K
Event: 39.460 GC heap after
Heap after GC invocations=15 (full 3):
 PSYoungGen      total 86528K, used 23474K [0x00000000f5580000, 0x00000000fc900000, 0x0000000100000000)
  eden space 62976K, 0% used [0x00000000f5580000,0x00000000f5580000,0x00000000f9300000)
  from space 23552K, 99% used [0x00000000fad00000,0x00000000fc3ecaf0,0x00000000fc400000)
  to   space 26624K, 0% used [0x00000000f9300000,0x00000000f9300000,0x00000000fad00000)
 ParOldGen       total 118784K, used 43282K [0x00000000e0000000, 0x00000000e7400000, 0x00000000f5580000)
  object space 118784K, 36% used [0x00000000e0000000,0x00000000e2a449d8,0x00000000e7400000)
 Metaspace       used 75732K, capacity 82398K, committed 82736K, reserved 1120256K
  class space    used 9223K, capacity 11187K, committed 11312K, reserved 1048576K
}
Event: 71.007 GC heap before
{Heap before GC invocations=16 (full 3):
 PSYoungGen      total 86528K, used 33102K [0x00000000f5580000, 0x00000000fc900000, 0x0000000100000000)
  eden space 62976K, 15% used [0x00000000f5580000,0x00000000f5ee6d60,0x00000000f9300000)
  from space 23552K, 99% used [0x00000000fad00000,0x00000000fc3ecaf0,0x00000000fc400000)
  to   space 26624K, 0% used [0x00000000f9300000,0x00000000f9300000,0x00000000fad00000)
 ParOldGen       total 118784K, used 43282K [0x00000000e0000000, 0x00000000e7400000, 0x00000000f5580000)
  object space 118784K, 36% used [0x00000000e0000000,0x00000000e2a449d8,0x00000000e7400000)
 Metaspace       used 76533K, capacity 83426K, committed 83632K, reserved 1122304K
  class space    used 9329K, capacity 11383K, committed 11440K, reserved 1048576K
Event: 71.033 GC heap after
Heap after GC invocations=16 (full 3):
 PSYoungGen      total 89600K, used 18393K [0x00000000f5580000, 0x00000000fca00000, 0x0000000100000000)
  eden space 62976K, 0% used [0x00000000f5580000,0x00000000f5580000,0x00000000f9300000)
  from space 26624K, 69% used [0x00000000f9300000,0x00000000fa4f6490,0x00000000fad00000)
  to   space 27136K, 0% used [0x00000000faf80000,0x00000000faf80000,0x00000000fca00000)
 ParOldGen       total 118784K, used 43290K [0x00000000e0000000, 0x00000000e7400000, 0x00000000f5580000)
  object space 118784K, 36% used [0x00000000e0000000,0x00000000e2a469d8,0x00000000e7400000)
 Metaspace       used 76533K, capacity 83426K, committed 83632K, reserved 1122304K
  class space    used 9329K, capacity 11383K, committed 11440K, reserved 1048576K
}
Event: 71.033 GC heap before
{Heap before GC invocations=17 (full 4):
 PSYoungGen      total 89600K, used 18393K [0x00000000f5580000, 0x00000000fca00000, 0x0000000100000000)
  eden space 62976K, 0% used [0x00000000f5580000,0x00000000f5580000,0x00000000f9300000)
  from space 26624K, 69% used [0x00000000f9300000,0x00000000fa4f6490,0x00000000fad00000)
  to   space 27136K, 0% used [0x00000000faf80000,0x00000000faf80000,0x00000000fca00000)
 ParOldGen       total 118784K, used 43290K [0x00000000e0000000, 0x00000000e7400000, 0x00000000f5580000)
  object space 118784K, 36% used [0x00000000e0000000,0x00000000e2a469d8,0x00000000e7400000)
 Metaspace       used 76533K, capacity 83426K, committed 83632K, reserved 1122304K
  class space    used 9329K, capacity 11383K, committed 11440K, reserved 1048576K
Event: 71.772 GC heap after
Heap after GC invocations=17 (full 4):
 PSYoungGen      total 89600K, used 0K [0x00000000f5580000, 0x00000000fca00000, 0x0000000100000000)
  eden space 62976K, 0% used [0x00000000f5580000,0x00000000f5580000,0x00000000f9300000)
  from space 26624K, 0% used [0x00000000f9300000,0x00000000f9300000,0x00000000fad00000)
  to   space 27136K, 0% used [0x00000000faf80000,0x00000000faf80000,0x00000000fca00000)
 ParOldGen       total 118784K, used 54971K [0x00000000e0000000, 0x00000000e7400000, 0x00000000f5580000)
  object space 118784K, 46% used [0x00000000e0000000,0x00000000e35aec98,0x00000000e7400000)
 Metaspace       used 76533K, capacity 83426K, committed 83632K, reserved 1122304K
  class space    used 9329K, capacity 11383K, committed 11440K, reserved 1048576K
}
Event: 235.628 GC heap before
{Heap before GC invocations=18 (full 4):
 PSYoungGen      total 89600K, used 62976K [0x00000000f5580000, 0x00000000fca00000, 0x0000000100000000)
  eden space 62976K, 100% used [0x00000000f5580000,0x00000000f9300000,0x00000000f9300000)
  from space 26624K, 0% used [0x00000000f9300000,0x00000000f9300000,0x00000000fad00000)
  to   space 27136K, 0% used [0x00000000faf80000,0x00000000faf80000,0x00000000fca00000)
 ParOldGen       total 118784K, used 54971K [0x00000000e0000000, 0x00000000e7400000, 0x00000000f5580000)
  object space 118784K, 46% used [0x00000000e0000000,0x00000000e35aec98,0x00000000e7400000)
 Metaspace       used 80491K, capacity 87802K, committed 87856K, reserved 1124352K
  class space    used 9806K, capacity 12026K, committed 12080K, reserved 1048576K
Event: 235.645 GC heap after
Heap after GC invocations=18 (full 4):
 PSYoungGen      total 92160K, used 5724K [0x00000000f5580000, 0x00000000fcc00000, 0x0000000100000000)
  eden space 65024K, 0% used [0x00000000f5580000,0x00000000f5580000,0x00000000f9500000)
  from space 27136K, 21% used [0x00000000faf80000,0x00000000fb517020,0x00000000fca00000)
  to   space 27136K, 0% used [0x00000000f9500000,0x00000000f9500000,0x00000000faf80000)
 ParOldGen       total 118784K, used 54979K [0x00000000e0000000, 0x00000000e7400000, 0x00000000f5580000)
  object space 118784K, 46% used [0x00000000e0000000,0x00000000e35b0c98,0x00000000e7400000)
 Metaspace       used 80491K, capacity 87802K, committed 87856K, reserved 1124352K
  class space    used 9806K, capacity 12026K, committed 12080K, reserved 1048576K
}
Event: 303.963 GC heap before
{Heap before GC invocations=19 (full 4):
 PSYoungGen      total 92160K, used 70748K [0x00000000f5580000, 0x00000000fcc00000, 0x0000000100000000)
  eden space 65024K, 100% used [0x00000000f5580000,0x00000000f9500000,0x00000000f9500000)
  from space 27136K, 21% used [0x00000000faf80000,0x00000000fb517020,0x00000000fca00000)
  to   space 27136K, 0% used [0x00000000f9500000,0x00000000f9500000,0x00000000faf80000)
 ParOldGen       total 118784K, used 54979K [0x00000000e0000000, 0x00000000e7400000, 0x00000000f5580000)
  object space 118784K, 46% used [0x00000000e0000000,0x00000000e35b0c98,0x00000000e7400000)
 Metaspace       used 81740K, capacity 89060K, committed 89264K, reserved 1126400K
  class space    used 9907K, capacity 12103K, committed 12208K, reserved 1048576K
Event: 303.979 GC heap after
Heap after GC invocations=19 (full 4):
 PSYoungGen      total 92160K, used 4554K [0x00000000f5580000, 0x00000000fcd00000, 0x0000000100000000)
  eden space 65024K, 0% used [0x00000000f5580000,0x00000000f5580000,0x00000000f9500000)
  from space 27136K, 16% used [0x00000000f9500000,0x00000000f99729b0,0x00000000faf80000)
  to   space 27136K, 0% used [0x00000000fb280000,0x00000000fb280000,0x00000000fcd00000)
 ParOldGen       total 118784K, used 54987K [0x00000000e0000000, 0x00000000e7400000, 0x00000000f5580000)
  object space 118784K, 46% used [0x00000000e0000000,0x00000000e35b2c98,0x00000000e7400000)
 Metaspace       used 81740K, capacity 89060K, committed 89264K, reserved 1126400K
  class space    used 9907K, capacity 12103K, committed 12208K, reserved 1048576K
}

