# JRE version: Java(TM) SE Runtime Environment (8.0_66-b18) (build 1.8.0_66-b18)
# Java VM: Java HotSpot(TM) 64-Bit Server VM (25.66-b18 mixed mode windows-amd64 compressed oops)
Heap:
 PSYoungGen      total 143872K, used 42550K [0x00000000f5580000, 0x00000000fff00000, 0x0000000100000000)
  eden space 115200K, 36% used [0x00000000f5580000,0x00000000f7f0d950,0x00000000fc600000)
  from space 28672K, 0% used [0x00000000fe300000,0x00000000fe300000,0x00000000fff00000)
  to   space 29184K, 0% used [0x00000000fc600000,0x00000000fc600000,0x00000000fe280000)
 ParOldGen       total 98304K, used 65565K [0x00000000e0000000, 0x00000000e6000000, 0x00000000f5580000)
  object space 98304K, 66% used [0x00000000e0000000,0x00000000e40074b0,0x00000000e6000000)
 Metaspace       used 94491K, capacity 102640K, committed 102808K, reserved 1138688K
  class space    used 11380K, capacity 13857K, committed 13976K, reserved 1048576K
GC Heap History (10 events):
Event: 190.471 GC heap before
{Heap before GC invocations=25 (full 5):
 PSYoungGen      total 118784K, used 19175K [0x00000000f5580000, 0x0000000100000000, 0x0000000100000000)
  eden space 116224K, 14% used [0x00000000f5580000,0x00000000f65bc210,0x00000000fc700000)
  from space 2560K, 99% used [0x00000000fc700000,0x00000000fc97dcf8,0x00000000fc980000)
  to   space 29696K, 0% used [0x00000000fe300000,0x00000000fe300000,0x0000000100000000)
 ParOldGen       total 98304K, used 67829K [0x00000000e0000000, 0x00000000e6000000, 0x00000000f5580000)
  object space 98304K, 68% used [0x00000000e0000000,0x00000000e423d400,0x00000000e6000000)
 Metaspace       used 92519K, capacity 100510K, committed 100632K, reserved 1136640K
  class space    used 11224K, capacity 13558K, committed 13592K, reserved 1048576K
Event: 190.482 GC heap after
Heap after GC invocations=25 (full 5):
 PSYoungGen      total 144896K, used 2300K [0x00000000f5580000, 0x0000000100000000, 0x0000000100000000)
  eden space 115200K, 0% used [0x00000000f5580000,0x00000000f5580000,0x00000000fc600000)
  from space 29696K, 7% used [0x00000000fe300000,0x00000000fe53f0f0,0x0000000100000000)
  to   space 29696K, 0% used [0x00000000fc600000,0x00000000fc600000,0x00000000fe300000)
 ParOldGen       total 98304K, used 67837K [0x00000000e0000000, 0x00000000e6000000, 0x00000000f5580000)
  object space 98304K, 69% used [0x00000000e0000000,0x00000000e423f400,0x00000000e6000000)
 Metaspace       used 92519K, capacity 100510K, committed 100632K, reserved 1136640K
  class space    used 11224K, capacity 13558K, committed 13592K, reserved 1048576K
}
Event: 190.482 GC heap before
{Heap before GC invocations=26 (full 6):
 PSYoungGen      total 144896K, used 2300K [0x00000000f5580000, 0x0000000100000000, 0x0000000100000000)
  eden space 115200K, 0% used [0x00000000f5580000,0x00000000f5580000,0x00000000fc600000)
  from space 29696K, 7% used [0x00000000fe300000,0x00000000fe53f0f0,0x0000000100000000)
  to   space 29696K, 0% used [0x00000000fc600000,0x00000000fc600000,0x00000000fe300000)
 ParOldGen       total 98304K, used 67837K [0x00000000e0000000, 0x00000000e6000000, 0x00000000f5580000)
  object space 98304K, 69% used [0x00000000e0000000,0x00000000e423f400,0x00000000e6000000)
 Metaspace       used 92519K, capacity 100510K, committed 100632K, reserved 1136640K
  class space    used 11224K, capacity 13558K, committed 13592K, reserved 1048576K
Event: 190.784 GC heap after
Heap after GC invocations=26 (full 6):
 PSYoungGen      total 144896K, used 0K [0x00000000f5580000, 0x0000000100000000, 0x0000000100000000)
  eden space 115200K, 0% used [0x00000000f5580000,0x00000000f5580000,0x00000000fc600000)
  from space 29696K, 0% used [0x00000000fe300000,0x00000000fe300000,0x0000000100000000)
  to   space 29696K, 0% used [0x00000000fc600000,0x00000000fc600000,0x00000000fe300000)
 ParOldGen       total 98304K, used 65472K [0x00000000e0000000, 0x00000000e6000000, 0x00000000f5580000)
  object space 98304K, 66% used [0x00000000e0000000,0x00000000e3ff00f0,0x00000000e6000000)
 Metaspace       used 92519K, capacity 100510K, committed 100632K, reserved 1136640K
  class space    used 11224K, capacity 13558K, committed 13592K, reserved 1048576K
}
Event: 249.108 GC heap before
{Heap before GC invocations=27 (full 6):
 PSYoungGen      total 144896K, used 115200K [0x00000000f5580000, 0x0000000100000000, 0x0000000100000000)
  eden space 115200K, 100% used [0x00000000f5580000,0x00000000fc600000,0x00000000fc600000)
  from space 29696K, 0% used [0x00000000fe300000,0x00000000fe300000,0x0000000100000000)
  to   space 29696K, 0% used [0x00000000fc600000,0x00000000fc600000,0x00000000fe300000)
 ParOldGen       total 98304K, used 65472K [0x00000000e0000000, 0x00000000e6000000, 0x00000000f5580000)
  object space 98304K, 66% used [0x00000000e0000000,0x00000000e3ff00f0,0x00000000e6000000)
 Metaspace       used 93060K, capacity 101150K, committed 101272K, reserved 1136640K
  class space    used 11239K, capacity 13622K, committed 13720K, reserved 1048576K
Event: 249.112 GC heap after
Heap after GC invocations=27 (full 6):
 PSYoungGen      total 144896K, used 2126K [0x00000000f5580000, 0x0000000100000000, 0x0000000100000000)
  eden space 115200K, 0% used [0x00000000f5580000,0x00000000f5580000,0x00000000fc600000)
  from space 29696K, 7% used [0x00000000fc600000,0x00000000fc8138d0,0x00000000fe300000)
  to   space 29696K, 0% used [0x00000000fe300000,0x00000000fe300000,0x0000000100000000)
 ParOldGen       total 98304K, used 65480K [0x00000000e0000000, 0x00000000e6000000, 0x00000000f5580000)
  object space 98304K, 66% used [0x00000000e0000000,0x00000000e3ff20f0,0x00000000e6000000)
 Metaspace       used 93060K, capacity 101150K, committed 101272K, reserved 1136640K
  class space    used 11239K, capacity 13622K, committed 13720K, reserved 1048576K
}
Event: 267.552 GC heap before
{Heap before GC invocations=28 (full 6):
 PSYoungGen      total 144896K, used 57957K [0x00000000f5580000, 0x0000000100000000, 0x0000000100000000)
  eden space 115200K, 48% used [0x00000000f5580000,0x00000000f8c05e70,0x00000000fc600000)
  from space 29696K, 7% used [0x00000000fc600000,0x00000000fc8138d0,0x00000000fe300000)
  to   space 29696K, 0% used [0x00000000fe300000,0x00000000fe300000,0x0000000100000000)
 ParOldGen       total 98304K, used 65480K [0x00000000e0000000, 0x00000000e6000000, 0x00000000f5580000)
  object space 98304K, 66% used [0x00000000e0000000,0x00000000e3ff20f0,0x00000000e6000000)
 Metaspace       used 93159K, capacity 101342K, committed 101528K, reserved 1136640K
  class space    used 11240K, capacity 13622K, committed 13720K, reserved 1048576K
Event: 267.562 GC heap after
Heap after GC invocations=28 (full 6):
 PSYoungGen      total 143872K, used 2190K [0x00000000f5580000, 0x00000000fff00000, 0x0000000100000000)
  eden space 115200K, 0% used [0x00000000f5580000,0x00000000f5580000,0x00000000fc600000)
  from space 28672K, 7% used [0x00000000fe300000,0x00000000fe5238d0,0x00000000fff00000)
  to   space 29184K, 0% used [0x00000000fc600000,0x00000000fc600000,0x00000000fe280000)
 ParOldGen       total 98304K, used 65488K [0x00000000e0000000, 0x00000000e6000000, 0x00000000f5580000)
  object space 98304K, 66% used [0x00000000e0000000,0x00000000e3ff40f0,0x00000000e6000000)
 Metaspace       used 93159K, capacity 101342K, committed 101528K, reserved 1136640K
  class space    used 11240K, capacity 13622K, committed 13720K, reserved 1048576K
}
Event: 267.562 GC heap before
{Heap before GC invocations=29 (full 7):
 PSYoungGen      total 143872K, used 2190K [0x00000000f5580000, 0x00000000fff00000, 0x0000000100000000)
  eden space 115200K, 0% used [0x00000000f5580000,0x00000000f5580000,0x00000000fc600000)
  from space 28672K, 7% used [0x00000000fe300000,0x00000000fe5238d0,0x00000000fff00000)
  to   space 29184K, 0% used [0x00000000fc600000,0x00000000fc600000,0x00000000fe280000)
 ParOldGen       total 98304K, used 65488K [0x00000000e0000000, 0x00000000e6000000, 0x00000000f5580000)
  object space 98304K, 66% used [0x00000000e0000000,0x00000000e3ff40f0,0x00000000e6000000)
 Metaspace       used 93159K, capacity 101342K, committed 101528K, reserved 1136640K
  class space    used 11240K, capacity 13622K, committed 13720K, reserved 1048576K
Event: 267.824 GC heap after
Heap after GC invocations=29 (full 7):
 PSYoungGen      total 143872K, used 0K [0x00000000f5580000, 0x00000000fff00000, 0x0000000100000000)
  eden space 115200K, 0% used [0x00000000f5580000,0x00000000f5580000,0x00000000fc600000)
  from space 28672K, 0% used [0x00000000fe300000,0x00000000fe300000,0x00000000fff00000)
  to   space 29184K, 0% used [0x00000000fc600000,0x00000000fc600000,0x00000000fe280000)
 ParOldGen       total 98304K, used 65565K [0x00000000e0000000, 0x00000000e6000000, 0x00000000f5580000)
  object space 98304K, 66% used [0x00000000e0000000,0x00000000e40074b0,0x00000000e6000000)
 Metaspace       used 93159K, capacity 101342K, committed 101528K, reserved 1136640K
  class space    used 11240K, capacity 13622K, committed 13720K, reserved 1048576K
}

