# JRE version: Java(TM) SE Runtime Environment (8.0_66-b18) (build 1.8.0_66-b18)
# Java VM: Java HotSpot(TM) 64-Bit Server VM (25.66-b18 mixed mode windows-amd64 compressed oops)
Heap:
 PSYoungGen      total 110080K, used 38551K [0x00000000f5580000, 0x00000000fe100000, 0x0000000100000000)
  eden space 78848K, 48% used [0x00000000f5580000,0x00000000f7b25ce8,0x00000000fa280000)
  from space 31232K, 0% used [0x00000000fc180000,0x00000000fc180000,0x00000000fe000000)
  to   space 31744K, 0% used [0x00000000fa280000,0x00000000fa280000,0x00000000fc180000)
 ParOldGen       total 115712K, used 57960K [0x00000000e0000000, 0x00000000e7100000, 0x00000000f5580000)
  object space 115712K, 50% used [0x00000000e0000000,0x00000000e389a0e0,0x00000000e7100000)
 Metaspace       used 84552K, capacity 91788K, committed 92072K, reserved 1128448K
  class space    used 10088K, capacity 12369K, committed 12456K, reserved 1048576K
GC Heap History (10 events):
Event: 72.167 GC heap before
{Heap before GC invocations=17 (full 3):
 PSYoungGen      total 101888K, used 94855K [0x00000000f5580000, 0x00000000fdc80000, 0x0000000100000000)
  eden space 74240K, 100% used [0x00000000f5580000,0x00000000f9e00000,0x00000000f9e00000)
  from space 27648K, 74% used [0x00000000f9e00000,0x00000000fb221e98,0x00000000fb900000)
  to   space 28672K, 0% used [0x00000000fc080000,0x00000000fc080000,0x00000000fdc80000)
 ParOldGen       total 115712K, used 42388K [0x00000000e0000000, 0x00000000e7100000, 0x00000000f5580000)
  object space 115712K, 36% used [0x00000000e0000000,0x00000000e29652b0,0x00000000e7100000)
 Metaspace       used 81427K, capacity 88256K, committed 88488K, reserved 1126400K
  class space    used 9801K, capacity 11857K, committed 11944K, reserved 1048576K
Event: 72.183 GC heap after
Heap after GC invocations=17 (full 3):
 PSYoungGen      total 107520K, used 23530K [0x00000000f5580000, 0x00000000fdf00000, 0x0000000100000000)
  eden space 78848K, 0% used [0x00000000f5580000,0x00000000f5580000,0x00000000fa280000)
  from space 28672K, 82% used [0x00000000fc080000,0x00000000fd77a828,0x00000000fdc80000)
  to   space 30720K, 0% used [0x00000000fa280000,0x00000000fa280000,0x00000000fc080000)
 ParOldGen       total 115712K, used 42396K [0x00000000e0000000, 0x00000000e7100000, 0x00000000f5580000)
  object space 115712K, 36% used [0x00000000e0000000,0x00000000e29672b0,0x00000000e7100000)
 Metaspace       used 81427K, capacity 88256K, committed 88488K, reserved 1126400K
  class space    used 9801K, capacity 11857K, committed 11944K, reserved 1048576K
}
Event: 77.334 GC heap before
{Heap before GC invocations=18 (full 3):
 PSYoungGen      total 107520K, used 47993K [0x00000000f5580000, 0x00000000fdf00000, 0x0000000100000000)
  eden space 78848K, 31% used [0x00000000f5580000,0x00000000f6d63e28,0x00000000fa280000)
  from space 28672K, 82% used [0x00000000fc080000,0x00000000fd77a828,0x00000000fdc80000)
  to   space 30720K, 0% used [0x00000000fa280000,0x00000000fa280000,0x00000000fc080000)
 ParOldGen       total 115712K, used 42396K [0x00000000e0000000, 0x00000000e7100000, 0x00000000f5580000)
  object space 115712K, 36% used [0x00000000e0000000,0x00000000e29672b0,0x00000000e7100000)
 Metaspace       used 81616K, capacity 88512K, committed 88744K, reserved 1126400K
  class space    used 9801K, capacity 11857K, committed 11944K, reserved 1048576K
Event: 77.344 GC heap after
Heap after GC invocations=18 (full 3):
 PSYoungGen      total 109568K, used 20454K [0x00000000f5580000, 0x00000000fe000000, 0x0000000100000000)
  eden space 78848K, 0% used [0x00000000f5580000,0x00000000f5580000,0x00000000fa280000)
  from space 30720K, 66% used [0x00000000fa280000,0x00000000fb679920,0x00000000fc080000)
  to   space 31232K, 0% used [0x00000000fc180000,0x00000000fc180000,0x00000000fe000000)
 ParOldGen       total 115712K, used 42404K [0x00000000e0000000, 0x00000000e7100000, 0x00000000f5580000)
  object space 115712K, 36% used [0x00000000e0000000,0x00000000e29692b0,0x00000000e7100000)
 Metaspace       used 81616K, capacity 88512K, committed 88744K, reserved 1126400K
  class space    used 9801K, capacity 11857K, committed 11944K, reserved 1048576K
}
Event: 77.344 GC heap before
{Heap before GC invocations=19 (full 4):
 PSYoungGen      total 109568K, used 20454K [0x00000000f5580000, 0x00000000fe000000, 0x0000000100000000)
  eden space 78848K, 0% used [0x00000000f5580000,0x00000000f5580000,0x00000000fa280000)
  from space 30720K, 66% used [0x00000000fa280000,0x00000000fb679920,0x00000000fc080000)
  to   space 31232K, 0% used [0x00000000fc180000,0x00000000fc180000,0x00000000fe000000)
 ParOldGen       total 115712K, used 42404K [0x00000000e0000000, 0x00000000e7100000, 0x00000000f5580000)
  object space 115712K, 36% used [0x00000000e0000000,0x00000000e29692b0,0x00000000e7100000)
 Metaspace       used 81616K, capacity 88512K, committed 88744K, reserved 1126400K
  class space    used 9801K, capacity 11857K, committed 11944K, reserved 1048576K
Event: 77.629 GC heap after
Heap after GC invocations=19 (full 4):
 PSYoungGen      total 109568K, used 0K [0x00000000f5580000, 0x00000000fe000000, 0x0000000100000000)
  eden space 78848K, 0% used [0x00000000f5580000,0x00000000f5580000,0x00000000fa280000)
  from space 30720K, 0% used [0x00000000fa280000,0x00000000fa280000,0x00000000fc080000)
  to   space 31232K, 0% used [0x00000000fc180000,0x00000000fc180000,0x00000000fe000000)
 ParOldGen       total 115712K, used 56043K [0x00000000e0000000, 0x00000000e7100000, 0x00000000f5580000)
  object space 115712K, 48% used [0x00000000e0000000,0x00000000e36bad50,0x00000000e7100000)
 Metaspace       used 81616K, capacity 88512K, committed 88744K, reserved 1126400K
  class space    used 9801K, capacity 11857K, committed 11944K, reserved 1048576K
}
Event: 144.694 GC heap before
{Heap before GC invocations=20 (full 4):
 PSYoungGen      total 109568K, used 72674K [0x00000000f5580000, 0x00000000fe000000, 0x0000000100000000)
  eden space 78848K, 92% used [0x00000000f5580000,0x00000000f9c78940,0x00000000fa280000)
  from space 30720K, 0% used [0x00000000fa280000,0x00000000fa280000,0x00000000fc080000)
  to   space 31232K, 0% used [0x00000000fc180000,0x00000000fc180000,0x00000000fe000000)
 ParOldGen       total 115712K, used 56043K [0x00000000e0000000, 0x00000000e7100000, 0x00000000f5580000)
  object space 115712K, 48% used [0x00000000e0000000,0x00000000e36bad50,0x00000000e7100000)
 Metaspace       used 83167K, capacity 90632K, committed 90792K, reserved 1128448K
  class space    used 9943K, capacity 12177K, committed 12200K, reserved 1048576K
Event: 144.698 GC heap after
Heap after GC invocations=20 (full 4):
 PSYoungGen      total 110080K, used 3511K [0x00000000f5580000, 0x00000000fe100000, 0x0000000100000000)
  eden space 78848K, 0% used [0x00000000f5580000,0x00000000f5580000,0x00000000fa280000)
  from space 31232K, 11% used [0x00000000fc180000,0x00000000fc4ede30,0x00000000fe000000)
  to   space 31744K, 0% used [0x00000000fa280000,0x00000000fa280000,0x00000000fc180000)
 ParOldGen       total 115712K, used 56051K [0x00000000e0000000, 0x00000000e7100000, 0x00000000f5580000)
  object space 115712K, 48% used [0x00000000e0000000,0x00000000e36bcd50,0x00000000e7100000)
 Metaspace       used 83167K, capacity 90632K, committed 90792K, reserved 1128448K
  class space    used 9943K, capacity 12177K, committed 12200K, reserved 1048576K
}
Event: 144.698 GC heap before
{Heap before GC invocations=21 (full 5):
 PSYoungGen      total 110080K, used 3511K [0x00000000f5580000, 0x00000000fe100000, 0x0000000100000000)
  eden space 78848K, 0% used [0x00000000f5580000,0x00000000f5580000,0x00000000fa280000)
  from space 31232K, 11% used [0x00000000fc180000,0x00000000fc4ede30,0x00000000fe000000)
  to   space 31744K, 0% used [0x00000000fa280000,0x00000000fa280000,0x00000000fc180000)
 ParOldGen       total 115712K, used 56051K [0x00000000e0000000, 0x00000000e7100000, 0x00000000f5580000)
  object space 115712K, 48% used [0x00000000e0000000,0x00000000e36bcd50,0x00000000e7100000)
 Metaspace       used 83167K, capacity 90632K, committed 90792K, reserved 1128448K
  class space    used 9943K, capacity 12177K, committed 12200K, reserved 1048576K
Event: 145.090 GC heap after
Heap after GC invocations=21 (full 5):
 PSYoungGen      total 110080K, used 0K [0x00000000f5580000, 0x00000000fe100000, 0x0000000100000000)
  eden space 78848K, 0% used [0x00000000f5580000,0x00000000f5580000,0x00000000fa280000)
  from space 31232K, 0% used [0x00000000fc180000,0x00000000fc180000,0x00000000fe000000)
  to   space 31744K, 0% used [0x00000000fa280000,0x00000000fa280000,0x00000000fc180000)
 ParOldGen       total 115712K, used 57960K [0x00000000e0000000, 0x00000000e7100000, 0x00000000f5580000)
  object space 115712K, 50% used [0x00000000e0000000,0x00000000e389a0e0,0x00000000e7100000)
 Metaspace       used 83167K, capacity 90632K, committed 90792K, reserved 1128448K
  class space    used 9943K, capacity 12177K, committed 12200K, reserved 1048576K
}

