# JRE version: Java(TM) SE Runtime Environment (8.0_66-b18) (build 1.8.0_66-b18)
# Java VM: Java HotSpot(TM) 64-Bit Server VM (25.66-b18 mixed mode windows-amd64 compressed oops)
Heap:
 PSYoungGen      total 118784K, used 64361K [0x00000000f5580000, 0x00000000fe980000, 0x0000000100000000)
  eden space 87040K, 73% used [0x00000000f5580000,0x00000000f945a428,0x00000000faa80000)
  from space 31744K, 0% used [0x00000000fca80000,0x00000000fca80000,0x00000000fe980000)
  to   space 32256K, 0% used [0x00000000faa80000,0x00000000faa80000,0x00000000fca00000)
 ParOldGen       total 115200K, used 46484K [0x00000000e0000000, 0x00000000e7080000, 0x00000000f5580000)
  object space 115200K, 40% used [0x00000000e0000000,0x00000000e2d651a0,0x00000000e7080000)
 Metaspace       used 84219K, capacity 91352K, committed 91696K, reserved 1128448K
  class space    used 10052K, capacity 12279K, committed 12336K, reserved 1048576K
GC Heap History (10 events):
Event: 395.979 GC heap before
{Heap before GC invocations=21 (full 5):
 PSYoungGen      total 118784K, used 2887K [0x00000000f5580000, 0x00000000fea80000, 0x0000000100000000)
  eden space 86528K, 0% used [0x00000000f5580000,0x00000000f5580000,0x00000000faa00000)
  from space 32256K, 8% used [0x00000000fca00000,0x00000000fccd1c80,0x00000000fe980000)
  to   space 32768K, 0% used [0x00000000faa00000,0x00000000faa00000,0x00000000fca00000)
 ParOldGen       total 115200K, used 58010K [0x00000000e0000000, 0x00000000e7080000, 0x00000000f5580000)
  object space 115200K, 50% used [0x00000000e0000000,0x00000000e38a6a38,0x00000000e7080000)
 Metaspace       used 82851K, capacity 90098K, committed 90544K, reserved 1128448K
  class space    used 9943K, capacity 12101K, committed 12208K, reserved 1048576K
Event: 396.355 GC heap after
Heap after GC invocations=21 (full 5):
 PSYoungGen      total 118784K, used 0K [0x00000000f5580000, 0x00000000fea80000, 0x0000000100000000)
  eden space 86528K, 0% used [0x00000000f5580000,0x00000000f5580000,0x00000000faa00000)
  from space 32256K, 0% used [0x00000000fca00000,0x00000000fca00000,0x00000000fe980000)
  to   space 32768K, 0% used [0x00000000faa00000,0x00000000faa00000,0x00000000fca00000)
 ParOldGen       total 115200K, used 57560K [0x00000000e0000000, 0x00000000e7080000, 0x00000000f5580000)
  object space 115200K, 49% used [0x00000000e0000000,0x00000000e3836070,0x00000000e7080000)
 Metaspace       used 82851K, capacity 90098K, committed 90544K, reserved 1128448K
  class space    used 9943K, capacity 12101K, committed 12208K, reserved 1048576K
}
Event: 455.998 GC heap before
{Heap before GC invocations=22 (full 5):
 PSYoungGen      total 118784K, used 5038K [0x00000000f5580000, 0x00000000fea80000, 0x0000000100000000)
  eden space 86528K, 5% used [0x00000000f5580000,0x00000000f5a6bb10,0x00000000faa00000)
  from space 32256K, 0% used [0x00000000fca00000,0x00000000fca00000,0x00000000fe980000)
  to   space 32768K, 0% used [0x00000000faa00000,0x00000000faa00000,0x00000000fca00000)
 ParOldGen       total 115200K, used 57560K [0x00000000e0000000, 0x00000000e7080000, 0x00000000f5580000)
  object space 115200K, 49% used [0x00000000e0000000,0x00000000e3836070,0x00000000e7080000)
 Metaspace       used 82873K, capacity 90098K, committed 90544K, reserved 1128448K
  class space    used 9945K, capacity 12101K, committed 12208K, reserved 1048576K
Event: 456.001 GC heap after
Heap after GC invocations=22 (full 5):
 PSYoungGen      total 119296K, used 320K [0x00000000f5580000, 0x00000000fea80000, 0x0000000100000000)
  eden space 86528K, 0% used [0x00000000f5580000,0x00000000f5580000,0x00000000faa00000)
  from space 32768K, 0% used [0x00000000faa00000,0x00000000faa50000,0x00000000fca00000)
  to   space 32768K, 0% used [0x00000000fca80000,0x00000000fca80000,0x00000000fea80000)
 ParOldGen       total 115200K, used 57568K [0x00000000e0000000, 0x00000000e7080000, 0x00000000f5580000)
  object space 115200K, 49% used [0x00000000e0000000,0x00000000e3838070,0x00000000e7080000)
 Metaspace       used 82873K, capacity 90098K, committed 90544K, reserved 1128448K
  class space    used 9945K, capacity 12101K, committed 12208K, reserved 1048576K
}
Event: 456.001 GC heap before
{Heap before GC invocations=23 (full 6):
 PSYoungGen      total 119296K, used 320K [0x00000000f5580000, 0x00000000fea80000, 0x0000000100000000)
  eden space 86528K, 0% used [0x00000000f5580000,0x00000000f5580000,0x00000000faa00000)
  from space 32768K, 0% used [0x00000000faa00000,0x00000000faa50000,0x00000000fca00000)
  to   space 32768K, 0% used [0x00000000fca80000,0x00000000fca80000,0x00000000fea80000)
 ParOldGen       total 115200K, used 57568K [0x00000000e0000000, 0x00000000e7080000, 0x00000000f5580000)
  object space 115200K, 49% used [0x00000000e0000000,0x00000000e3838070,0x00000000e7080000)
 Metaspace       used 82873K, capacity 90098K, committed 90544K, reserved 1128448K
  class space    used 9945K, capacity 12101K, committed 12208K, reserved 1048576K
Event: 456.323 GC heap after
Heap after GC invocations=23 (full 6):
 PSYoungGen      total 119296K, used 0K [0x00000000f5580000, 0x00000000fea80000, 0x0000000100000000)
  eden space 86528K, 0% used [0x00000000f5580000,0x00000000f5580000,0x00000000faa00000)
  from space 32768K, 0% used [0x00000000faa00000,0x00000000faa00000,0x00000000fca00000)
  to   space 32768K, 0% used [0x00000000fca80000,0x00000000fca80000,0x00000000fea80000)
 ParOldGen       total 115200K, used 56954K [0x00000000e0000000, 0x00000000e7080000, 0x00000000f5580000)
  object space 115200K, 49% used [0x00000000e0000000,0x00000000e379e920,0x00000000e7080000)
 Metaspace       used 82873K, capacity 90098K, committed 90544K, reserved 1128448K
  class space    used 9945K, capacity 12101K, committed 12208K, reserved 1048576K
}
Event: 516.007 GC heap before
{Heap before GC invocations=24 (full 6):
 PSYoungGen      total 119296K, used 49703K [0x00000000f5580000, 0x00000000fea80000, 0x0000000100000000)
  eden space 86528K, 57% used [0x00000000f5580000,0x00000000f8609f18,0x00000000faa00000)
  from space 32768K, 0% used [0x00000000faa00000,0x00000000faa00000,0x00000000fca00000)
  to   space 32768K, 0% used [0x00000000fca80000,0x00000000fca80000,0x00000000fea80000)
 ParOldGen       total 115200K, used 56954K [0x00000000e0000000, 0x00000000e7080000, 0x00000000f5580000)
  object space 115200K, 49% used [0x00000000e0000000,0x00000000e379e920,0x00000000e7080000)
 Metaspace       used 83203K, capacity 90292K, committed 90544K, reserved 1128448K
  class space    used 9949K, capacity 12103K, committed 12208K, reserved 1048576K
Event: 516.010 GC heap after
Heap after GC invocations=24 (full 6):
 PSYoungGen      total 118784K, used 1792K [0x00000000f5580000, 0x00000000fe980000, 0x0000000100000000)
  eden space 87040K, 0% used [0x00000000f5580000,0x00000000f5580000,0x00000000faa80000)
  from space 31744K, 5% used [0x00000000fca80000,0x00000000fcc40000,0x00000000fe980000)
  to   space 32256K, 0% used [0x00000000faa80000,0x00000000faa80000,0x00000000fca00000)
 ParOldGen       total 115200K, used 56962K [0x00000000e0000000, 0x00000000e7080000, 0x00000000f5580000)
  object space 115200K, 49% used [0x00000000e0000000,0x00000000e37a0920,0x00000000e7080000)
 Metaspace       used 83203K, capacity 90292K, committed 90544K, reserved 1128448K
  class space    used 9949K, capacity 12103K, committed 12208K, reserved 1048576K
}
Event: 516.010 GC heap before
{Heap before GC invocations=25 (full 7):
 PSYoungGen      total 118784K, used 1792K [0x00000000f5580000, 0x00000000fe980000, 0x0000000100000000)
  eden space 87040K, 0% used [0x00000000f5580000,0x00000000f5580000,0x00000000faa80000)
  from space 31744K, 5% used [0x00000000fca80000,0x00000000fcc40000,0x00000000fe980000)
  to   space 32256K, 0% used [0x00000000faa80000,0x00000000faa80000,0x00000000fca00000)
 ParOldGen       total 115200K, used 56962K [0x00000000e0000000, 0x00000000e7080000, 0x00000000f5580000)
  object space 115200K, 49% used [0x00000000e0000000,0x00000000e37a0920,0x00000000e7080000)
 Metaspace       used 83203K, capacity 90292K, committed 90544K, reserved 1128448K
  class space    used 9949K, capacity 12103K, committed 12208K, reserved 1048576K
Event: 516.240 GC heap after
Heap after GC invocations=25 (full 7):
 PSYoungGen      total 118784K, used 0K [0x00000000f5580000, 0x00000000fe980000, 0x0000000100000000)
  eden space 87040K, 0% used [0x00000000f5580000,0x00000000f5580000,0x00000000faa80000)
  from space 31744K, 0% used [0x00000000fca80000,0x00000000fca80000,0x00000000fe980000)
  to   space 32256K, 0% used [0x00000000faa80000,0x00000000faa80000,0x00000000fca00000)
 ParOldGen       total 115200K, used 46484K [0x00000000e0000000, 0x00000000e7080000, 0x00000000f5580000)
  object space 115200K, 40% used [0x00000000e0000000,0x00000000e2d651a0,0x00000000e7080000)
 Metaspace       used 83143K, capacity 90192K, committed 90544K, reserved 1128448K
  class space    used 9938K, capacity 12083K, committed 12208K, reserved 1048576K
}

