# JRE version: Java(TM) SE Runtime Environment (8.0_66-b18) (build 1.8.0_66-b18)
# Java VM: Java HotSpot(TM) 64-Bit Server VM (25.66-b18 mixed mode windows-amd64 compressed oops)
Heap:
 PSYoungGen      total 148480K, used 98012K [0x00000000f5580000, 0x00000000ffe00000, 0x0000000100000000)
  eden space 125440K, 78% used [0x00000000f5580000,0x00000000fb537098,0x00000000fd000000)
  from space 23040K, 0% used [0x00000000fe780000,0x00000000fe780000,0x00000000ffe00000)
  to   space 23552K, 0% used [0x00000000fd000000,0x00000000fd000000,0x00000000fe700000)
 ParOldGen       total 101376K, used 57678K [0x00000000e0000000, 0x00000000e6300000, 0x00000000f5580000)
  object space 101376K, 56% used [0x00000000e0000000,0x00000000e3853a48,0x00000000e6300000)
 Metaspace       used 84749K, capacity 91916K, committed 92200K, reserved 1128448K
  class space    used 10094K, capacity 12297K, committed 12328K, reserved 1048576K
GC Heap History (10 events):
Event: 180.736 GC heap before
{Heap before GC invocations=21 (full 5):
 PSYoungGen      total 131072K, used 105984K [0x00000000f5580000, 0x00000000fed00000, 0x0000000100000000)
  eden space 105984K, 100% used [0x00000000f5580000,0x00000000fbd00000,0x00000000fbd00000)
  from space 25088K, 0% used [0x00000000fbd00000,0x00000000fbd00000,0x00000000fd580000)
  to   space 24064K, 0% used [0x00000000fd580000,0x00000000fd580000,0x00000000fed00000)
 ParOldGen       total 101376K, used 59810K [0x00000000e0000000, 0x00000000e6300000, 0x00000000f5580000)
  object space 101376K, 58% used [0x00000000e0000000,0x00000000e3a68b80,0x00000000e6300000)
 Metaspace       used 82506K, capacity 89660K, committed 90024K, reserved 1126400K
  class space    used 9948K, capacity 12103K, committed 12200K, reserved 1048576K
Event: 180.740 GC heap after
Heap after GC invocations=21 (full 5):
 PSYoungGen      total 131072K, used 3079K [0x00000000f5580000, 0x00000000fff00000, 0x0000000100000000)
  eden space 107008K, 0% used [0x00000000f5580000,0x00000000f5580000,0x00000000fbe00000)
  from space 24064K, 12% used [0x00000000fd580000,0x00000000fd881c60,0x00000000fed00000)
  to   space 24064K, 0% used [0x00000000fbe00000,0x00000000fbe00000,0x00000000fd580000)
 ParOldGen       total 101376K, used 59818K [0x00000000e0000000, 0x00000000e6300000, 0x00000000f5580000)
  object space 101376K, 59% used [0x00000000e0000000,0x00000000e3a6ab80,0x00000000e6300000)
 Metaspace       used 82506K, capacity 89660K, committed 90024K, reserved 1126400K
  class space    used 9948K, capacity 12103K, committed 12200K, reserved 1048576K
}
Event: 191.785 GC heap before
{Heap before GC invocations=22 (full 5):
 PSYoungGen      total 131072K, used 7637K [0x00000000f5580000, 0x00000000fff00000, 0x0000000100000000)
  eden space 107008K, 4% used [0x00000000f5580000,0x00000000f59f3810,0x00000000fbe00000)
  from space 24064K, 12% used [0x00000000fd580000,0x00000000fd881c60,0x00000000fed00000)
  to   space 24064K, 0% used [0x00000000fbe00000,0x00000000fbe00000,0x00000000fd580000)
 ParOldGen       total 101376K, used 59818K [0x00000000e0000000, 0x00000000e6300000, 0x00000000f5580000)
  object space 101376K, 59% used [0x00000000e0000000,0x00000000e3a6ab80,0x00000000e6300000)
 Metaspace       used 82534K, capacity 89660K, committed 90024K, reserved 1126400K
  class space    used 9948K, capacity 12103K, committed 12200K, reserved 1048576K
Event: 191.789 GC heap after
Heap after GC invocations=22 (full 5):
 PSYoungGen      total 131072K, used 2375K [0x00000000f5580000, 0x00000000fff00000, 0x0000000100000000)
  eden space 107008K, 0% used [0x00000000f5580000,0x00000000f5580000,0x00000000fbe00000)
  from space 24064K, 9% used [0x00000000fbe00000,0x00000000fc051c60,0x00000000fd580000)
  to   space 24064K, 0% used [0x00000000fe780000,0x00000000fe780000,0x00000000fff00000)
 ParOldGen       total 101376K, used 59826K [0x00000000e0000000, 0x00000000e6300000, 0x00000000f5580000)
  object space 101376K, 59% used [0x00000000e0000000,0x00000000e3a6cb80,0x00000000e6300000)
 Metaspace       used 82534K, capacity 89660K, committed 90024K, reserved 1126400K
  class space    used 9948K, capacity 12103K, committed 12200K, reserved 1048576K
}
Event: 191.789 GC heap before
{Heap before GC invocations=23 (full 6):
 PSYoungGen      total 131072K, used 2375K [0x00000000f5580000, 0x00000000fff00000, 0x0000000100000000)
  eden space 107008K, 0% used [0x00000000f5580000,0x00000000f5580000,0x00000000fbe00000)
  from space 24064K, 9% used [0x00000000fbe00000,0x00000000fc051c60,0x00000000fd580000)
  to   space 24064K, 0% used [0x00000000fe780000,0x00000000fe780000,0x00000000fff00000)
 ParOldGen       total 101376K, used 59826K [0x00000000e0000000, 0x00000000e6300000, 0x00000000f5580000)
  object space 101376K, 59% used [0x00000000e0000000,0x00000000e3a6cb80,0x00000000e6300000)
 Metaspace       used 82534K, capacity 89660K, committed 90024K, reserved 1126400K
  class space    used 9948K, capacity 12103K, committed 12200K, reserved 1048576K
Event: 192.080 GC heap after
Heap after GC invocations=23 (full 6):
 PSYoungGen      total 131072K, used 0K [0x00000000f5580000, 0x00000000fff00000, 0x0000000100000000)
  eden space 107008K, 0% used [0x00000000f5580000,0x00000000f5580000,0x00000000fbe00000)
  from space 24064K, 0% used [0x00000000fbe00000,0x00000000fbe00000,0x00000000fd580000)
  to   space 24064K, 0% used [0x00000000fe780000,0x00000000fe780000,0x00000000fff00000)
 ParOldGen       total 101376K, used 57175K [0x00000000e0000000, 0x00000000e6300000, 0x00000000f5580000)
  object space 101376K, 56% used [0x00000000e0000000,0x00000000e37d5f78,0x00000000e6300000)
 Metaspace       used 82534K, capacity 89660K, committed 90024K, reserved 1126400K
  class space    used 9948K, capacity 12103K, committed 12200K, reserved 1048576K
}
Event: 251.801 GC heap before
{Heap before GC invocations=24 (full 6):
 PSYoungGen      total 131072K, used 103210K [0x00000000f5580000, 0x00000000fff00000, 0x0000000100000000)
  eden space 107008K, 96% used [0x00000000f5580000,0x00000000fba4a8b8,0x00000000fbe00000)
  from space 24064K, 0% used [0x00000000fbe00000,0x00000000fbe00000,0x00000000fd580000)
  to   space 24064K, 0% used [0x00000000fe780000,0x00000000fe780000,0x00000000fff00000)
 ParOldGen       total 101376K, used 57175K [0x00000000e0000000, 0x00000000e6300000, 0x00000000f5580000)
  object space 101376K, 56% used [0x00000000e0000000,0x00000000e37d5f78,0x00000000e6300000)
 Metaspace       used 83165K, capacity 90376K, committed 90536K, reserved 1128448K
  class space    used 9952K, capacity 12105K, committed 12200K, reserved 1048576K
Event: 251.805 GC heap after
Heap after GC invocations=24 (full 6):
 PSYoungGen      total 148480K, used 2606K [0x00000000f5580000, 0x00000000ffe00000, 0x0000000100000000)
  eden space 125440K, 0% used [0x00000000f5580000,0x00000000f5580000,0x00000000fd000000)
  from space 23040K, 11% used [0x00000000fe780000,0x00000000fea0b8d0,0x00000000ffe00000)
  to   space 23552K, 0% used [0x00000000fd000000,0x00000000fd000000,0x00000000fe700000)
 ParOldGen       total 101376K, used 57183K [0x00000000e0000000, 0x00000000e6300000, 0x00000000f5580000)
  object space 101376K, 56% used [0x00000000e0000000,0x00000000e37d7f78,0x00000000e6300000)
 Metaspace       used 83165K, capacity 90376K, committed 90536K, reserved 1128448K
  class space    used 9952K, capacity 12105K, committed 12200K, reserved 1048576K
}
Event: 251.805 GC heap before
{Heap before GC invocations=25 (full 7):
 PSYoungGen      total 148480K, used 2606K [0x00000000f5580000, 0x00000000ffe00000, 0x0000000100000000)
  eden space 125440K, 0% used [0x00000000f5580000,0x00000000f5580000,0x00000000fd000000)
  from space 23040K, 11% used [0x00000000fe780000,0x00000000fea0b8d0,0x00000000ffe00000)
  to   space 23552K, 0% used [0x00000000fd000000,0x00000000fd000000,0x00000000fe700000)
 ParOldGen       total 101376K, used 57183K [0x00000000e0000000, 0x00000000e6300000, 0x00000000f5580000)
  object space 101376K, 56% used [0x00000000e0000000,0x00000000e37d7f78,0x00000000e6300000)
 Metaspace       used 83165K, capacity 90376K, committed 90536K, reserved 1128448K
  class space    used 9952K, capacity 12105K, committed 12200K, reserved 1048576K
Event: 252.023 GC heap after
Heap after GC invocations=25 (full 7):
 PSYoungGen      total 148480K, used 0K [0x00000000f5580000, 0x00000000ffe00000, 0x0000000100000000)
  eden space 125440K, 0% used [0x00000000f5580000,0x00000000f5580000,0x00000000fd000000)
  from space 23040K, 0% used [0x00000000fe780000,0x00000000fe780000,0x00000000ffe00000)
  to   space 23552K, 0% used [0x00000000fd000000,0x00000000fd000000,0x00000000fe700000)
 ParOldGen       total 101376K, used 57678K [0x00000000e0000000, 0x00000000e6300000, 0x00000000f5580000)
  object space 101376K, 56% used [0x00000000e0000000,0x00000000e3853a48,0x00000000e6300000)
 Metaspace       used 83165K, capacity 90376K, committed 90536K, reserved 1128448K
  class space    used 9952K, capacity 12105K, committed 12200K, reserved 1048576K
}

