# JRE version: Java(TM) SE Runtime Environment (8.0_66-b18) (build 1.8.0_66-b18)
# Java VM: Java HotSpot(TM) 64-Bit Server VM (25.66-b18 mixed mode windows-amd64 compressed oops)
Heap:
 PSYoungGen      total 108032K, used 47808K [0x00000000f5580000, 0x00000000fd500000, 0x0000000100000000)
  eden space 85504K, 54% used [0x00000000f5580000,0x00000000f8310a30,0x00000000fa900000)
  from space 22528K, 5% used [0x00000000fbf00000,0x00000000fc01f8e0,0x00000000fd500000)
  to   space 22528K, 0% used [0x00000000fa900000,0x00000000fa900000,0x00000000fbf00000)
 ParOldGen       total 117760K, used 46030K [0x00000000e0000000, 0x00000000e7300000, 0x00000000f5580000)
  object space 117760K, 39% used [0x00000000e0000000,0x00000000e2cf39e8,0x00000000e7300000)
 Metaspace       used 86059K, capacity 93460K, committed 93616K, reserved 1130496K
  class space    used 10140K, capacity 12397K, committed 12464K, reserved 1048576K
GC Heap History (10 events):
Event: 477.222 GC heap before
{Heap before GC invocations=29 (full 8):
 PSYoungGen      total 84992K, used 1939K [0x00000000f5580000, 0x00000000fd780000, 0x0000000100000000)
  eden space 82944K, 0% used [0x00000000f5580000,0x00000000f5580000,0x00000000fa680000)
  from space 2048K, 94% used [0x00000000fa680000,0x00000000fa864e30,0x00000000fa880000)
  to   space 25088K, 0% used [0x00000000fbf00000,0x00000000fbf00000,0x00000000fd780000)
 ParOldGen       total 117760K, used 57360K [0x00000000e0000000, 0x00000000e7300000, 0x00000000f5580000)
  object space 117760K, 48% used [0x00000000e0000000,0x00000000e3804008,0x00000000e7300000)
 Metaspace       used 84341K, capacity 91882K, committed 92208K, reserved 1128448K
  class space    used 10016K, capacity 12250K, committed 12336K, reserved 1048576K
Event: 478.120 GC heap after
Heap after GC invocations=29 (full 8):
 PSYoungGen      total 84992K, used 0K [0x00000000f5580000, 0x00000000fd780000, 0x0000000100000000)
  eden space 82944K, 0% used [0x00000000f5580000,0x00000000f5580000,0x00000000fa680000)
  from space 2048K, 0% used [0x00000000fa680000,0x00000000fa680000,0x00000000fa880000)
  to   space 25088K, 0% used [0x00000000fbf00000,0x00000000fbf00000,0x00000000fd780000)
 ParOldGen       total 117760K, used 48352K [0x00000000e0000000, 0x00000000e7300000, 0x00000000f5580000)
  object space 117760K, 41% used [0x00000000e0000000,0x00000000e2f38160,0x00000000e7300000)
 Metaspace       used 84299K, capacity 91812K, committed 92208K, reserved 1128448K
  class space    used 10008K, capacity 12235K, committed 12336K, reserved 1048576K
}
Event: 526.621 GC heap before
{Heap before GC invocations=30 (full 8):
 PSYoungGen      total 84992K, used 82944K [0x00000000f5580000, 0x00000000fd780000, 0x0000000100000000)
  eden space 82944K, 100% used [0x00000000f5580000,0x00000000fa680000,0x00000000fa680000)
  from space 2048K, 0% used [0x00000000fa680000,0x00000000fa680000,0x00000000fa880000)
  to   space 25088K, 0% used [0x00000000fbf00000,0x00000000fbf00000,0x00000000fd780000)
 ParOldGen       total 117760K, used 48352K [0x00000000e0000000, 0x00000000e7300000, 0x00000000f5580000)
  object space 117760K, 41% used [0x00000000e0000000,0x00000000e2f38160,0x00000000e7300000)
 Metaspace       used 84856K, capacity 92496K, committed 92720K, reserved 1130496K
  class space    used 10030K, capacity 12269K, committed 12336K, reserved 1048576K
Event: 526.631 GC heap after
Heap after GC invocations=30 (full 8):
 PSYoungGen      total 108544K, used 1760K [0x00000000f5580000, 0x00000000fd700000, 0x0000000100000000)
  eden space 83968K, 0% used [0x00000000f5580000,0x00000000f5580000,0x00000000fa780000)
  from space 24576K, 7% used [0x00000000fbf00000,0x00000000fc0b8020,0x00000000fd700000)
  to   space 24064K, 0% used [0x00000000fa780000,0x00000000fa780000,0x00000000fbf00000)
 ParOldGen       total 117760K, used 48360K [0x00000000e0000000, 0x00000000e7300000, 0x00000000f5580000)
  object space 117760K, 41% used [0x00000000e0000000,0x00000000e2f3a160,0x00000000e7300000)
 Metaspace       used 84856K, capacity 92496K, committed 92720K, reserved 1130496K
  class space    used 10030K, capacity 12269K, committed 12336K, reserved 1048576K
}
Event: 537.227 GC heap before
{Heap before GC invocations=31 (full 8):
 PSYoungGen      total 108544K, used 6857K [0x00000000f5580000, 0x00000000fd700000, 0x0000000100000000)
  eden space 83968K, 6% used [0x00000000f5580000,0x00000000f5a7a3e8,0x00000000fa780000)
  from space 24576K, 7% used [0x00000000fbf00000,0x00000000fc0b8020,0x00000000fd700000)
  to   space 24064K, 0% used [0x00000000fa780000,0x00000000fa780000,0x00000000fbf00000)
 ParOldGen       total 117760K, used 48360K [0x00000000e0000000, 0x00000000e7300000, 0x00000000f5580000)
  object space 117760K, 41% used [0x00000000e0000000,0x00000000e2f3a160,0x00000000e7300000)
 Metaspace       used 84864K, capacity 92496K, committed 92720K, reserved 1130496K
  class space    used 10030K, capacity 12269K, committed 12336K, reserved 1048576K
Event: 537.235 GC heap after
Heap after GC invocations=31 (full 8):
 PSYoungGen      total 108032K, used 1536K [0x00000000f5580000, 0x00000000fd600000, 0x0000000100000000)
  eden space 83968K, 0% used [0x00000000f5580000,0x00000000f5580000,0x00000000fa780000)
  from space 24064K, 6% used [0x00000000fa780000,0x00000000fa900000,0x00000000fbf00000)
  to   space 23552K, 0% used [0x00000000fbf00000,0x00000000fbf00000,0x00000000fd600000)
 ParOldGen       total 117760K, used 48360K [0x00000000e0000000, 0x00000000e7300000, 0x00000000f5580000)
  object space 117760K, 41% used [0x00000000e0000000,0x00000000e2f3a160,0x00000000e7300000)
 Metaspace       used 84864K, capacity 92496K, committed 92720K, reserved 1130496K
  class space    used 10030K, capacity 12269K, committed 12336K, reserved 1048576K
}
Event: 537.235 GC heap before
{Heap before GC invocations=32 (full 9):
 PSYoungGen      total 108032K, used 1536K [0x00000000f5580000, 0x00000000fd600000, 0x0000000100000000)
  eden space 83968K, 0% used [0x00000000f5580000,0x00000000f5580000,0x00000000fa780000)
  from space 24064K, 6% used [0x00000000fa780000,0x00000000fa900000,0x00000000fbf00000)
  to   space 23552K, 0% used [0x00000000fbf00000,0x00000000fbf00000,0x00000000fd600000)
 ParOldGen       total 117760K, used 48360K [0x00000000e0000000, 0x00000000e7300000, 0x00000000f5580000)
  object space 117760K, 41% used [0x00000000e0000000,0x00000000e2f3a160,0x00000000e7300000)
 Metaspace       used 84864K, capacity 92496K, committed 92720K, reserved 1130496K
  class space    used 10030K, capacity 12269K, committed 12336K, reserved 1048576K
Event: 538.298 GC heap after
Heap after GC invocations=32 (full 9):
 PSYoungGen      total 108032K, used 0K [0x00000000f5580000, 0x00000000fd600000, 0x0000000100000000)
  eden space 83968K, 0% used [0x00000000f5580000,0x00000000f5580000,0x00000000fa780000)
  from space 24064K, 0% used [0x00000000fa780000,0x00000000fa780000,0x00000000fbf00000)
  to   space 23552K, 0% used [0x00000000fbf00000,0x00000000fbf00000,0x00000000fd600000)
 ParOldGen       total 117760K, used 46022K [0x00000000e0000000, 0x00000000e7300000, 0x00000000f5580000)
  object space 117760K, 39% used [0x00000000e0000000,0x00000000e2cf19e8,0x00000000e7300000)
 Metaspace       used 84856K, capacity 92484K, committed 92720K, reserved 1130496K
  class space    used 10029K, capacity 12267K, committed 12336K, reserved 1048576K
}
Event: 578.857 GC heap before
{Heap before GC invocations=33 (full 9):
 PSYoungGen      total 108032K, used 83968K [0x00000000f5580000, 0x00000000fd600000, 0x0000000100000000)
  eden space 83968K, 100% used [0x00000000f5580000,0x00000000fa780000,0x00000000fa780000)
  from space 24064K, 0% used [0x00000000fa780000,0x00000000fa780000,0x00000000fbf00000)
  to   space 23552K, 0% used [0x00000000fbf00000,0x00000000fbf00000,0x00000000fd600000)
 ParOldGen       total 117760K, used 46022K [0x00000000e0000000, 0x00000000e7300000, 0x00000000f5580000)
  object space 117760K, 39% used [0x00000000e0000000,0x00000000e2cf19e8,0x00000000e7300000)
 Metaspace       used 85101K, capacity 92624K, committed 92976K, reserved 1130496K
  class space    used 10038K, capacity 12269K, committed 12336K, reserved 1048576K
Event: 578.866 GC heap after
Heap after GC invocations=33 (full 9):
 PSYoungGen      total 108032K, used 1150K [0x00000000f5580000, 0x00000000fd500000, 0x0000000100000000)
  eden space 85504K, 0% used [0x00000000f5580000,0x00000000f5580000,0x00000000fa900000)
  from space 22528K, 5% used [0x00000000fbf00000,0x00000000fc01f8e0,0x00000000fd500000)
  to   space 22528K, 0% used [0x00000000fa900000,0x00000000fa900000,0x00000000fbf00000)
 ParOldGen       total 117760K, used 46030K [0x00000000e0000000, 0x00000000e7300000, 0x00000000f5580000)
  object space 117760K, 39% used [0x00000000e0000000,0x00000000e2cf39e8,0x00000000e7300000)
 Metaspace       used 85101K, capacity 92624K, committed 92976K, reserved 1130496K
  class space    used 10038K, capacity 12269K, committed 12336K, reserved 1048576K
}

