# JRE version: Java(TM) SE Runtime Environment (8.0_66-b18) (build 1.8.0_66-b18)
# Java VM: Java HotSpot(TM) 64-Bit Server VM (25.66-b18 mixed mode windows-amd64 compressed oops)
Heap:
 PSYoungGen      total 80896K, used 33906K [0x00000000f5580000, 0x00000000fc780000, 0x0000000100000000)
  eden space 77824K, 39% used [0x00000000f5580000,0x00000000f739d910,0x00000000fa180000)
  from space 3072K, 99% used [0x00000000fa380000,0x00000000fa67f190,0x00000000fa680000)
  to   space 19456K, 0% used [0x00000000fb480000,0x00000000fb480000,0x00000000fc780000)
 ParOldGen       total 119808K, used 57039K [0x00000000e0000000, 0x00000000e7500000, 0x00000000f5580000)
  object space 119808K, 47% used [0x00000000e0000000,0x00000000e37b3e78,0x00000000e7500000)
 Metaspace       used 86940K, capacity 94370K, committed 94632K, reserved 1132544K
  class space    used 10147K, capacity 12410K, committed 12456K, reserved 1048576K
GC Heap History (10 events):
Event: 354.669 GC heap before
{Heap before GC invocations=29 (full 6):
 PSYoungGen      total 102912K, used 80215K [0x00000000f5580000, 0x00000000fd200000, 0x0000000100000000)
  eden space 78336K, 100% used [0x00000000f5580000,0x00000000fa200000,0x00000000fa200000)
  from space 24576K, 7% used [0x00000000fba00000,0x00000000fbbd5c80,0x00000000fd200000)
  to   space 24576K, 0% used [0x00000000fa200000,0x00000000fa200000,0x00000000fba00000)
 ParOldGen       total 119808K, used 56999K [0x00000000e0000000, 0x00000000e7500000, 0x00000000f5580000)
  object space 119808K, 47% used [0x00000000e0000000,0x00000000e37a9e78,0x00000000e7500000)
 Metaspace       used 85119K, capacity 92338K, committed 92584K, reserved 1130496K
  class space    used 10007K, capacity 12184K, committed 12200K, reserved 1048576K
Event: 354.672 GC heap after
Heap after GC invocations=29 (full 6):
 PSYoungGen      total 81920K, used 3482K [0x00000000f5580000, 0x00000000fd000000, 0x0000000100000000)
  eden space 78336K, 0% used [0x00000000f5580000,0x00000000f5580000,0x00000000fa200000)
  from space 3584K, 97% used [0x00000000fa200000,0x00000000fa5668d0,0x00000000fa580000)
  to   space 23040K, 0% used [0x00000000fb980000,0x00000000fb980000,0x00000000fd000000)
 ParOldGen       total 119808K, used 57007K [0x00000000e0000000, 0x00000000e7500000, 0x00000000f5580000)
  object space 119808K, 47% used [0x00000000e0000000,0x00000000e37abe78,0x00000000e7500000)
 Metaspace       used 85119K, capacity 92338K, committed 92584K, reserved 1130496K
  class space    used 10007K, capacity 12184K, committed 12200K, reserved 1048576K
}
Event: 382.931 GC heap before
{Heap before GC invocations=30 (full 6):
 PSYoungGen      total 81920K, used 81818K [0x00000000f5580000, 0x00000000fd000000, 0x0000000100000000)
  eden space 78336K, 100% used [0x00000000f5580000,0x00000000fa200000,0x00000000fa200000)
  from space 3584K, 97% used [0x00000000fa200000,0x00000000fa5668d0,0x00000000fa580000)
  to   space 23040K, 0% used [0x00000000fb980000,0x00000000fb980000,0x00000000fd000000)
 ParOldGen       total 119808K, used 57007K [0x00000000e0000000, 0x00000000e7500000, 0x00000000f5580000)
  object space 119808K, 47% used [0x00000000e0000000,0x00000000e37abe78,0x00000000e7500000)
 Metaspace       used 85461K, capacity 92786K, committed 92968K, reserved 1130496K
  class space    used 10025K, capacity 12248K, committed 12328K, reserved 1048576K
Event: 382.936 GC heap after
Heap after GC invocations=30 (full 6):
 PSYoungGen      total 101376K, used 1671K [0x00000000f5580000, 0x00000000fcf00000, 0x0000000100000000)
  eden space 79360K, 0% used [0x00000000f5580000,0x00000000f5580000,0x00000000fa300000)
  from space 22016K, 7% used [0x00000000fb980000,0x00000000fbb21c90,0x00000000fcf00000)
  to   space 22528K, 0% used [0x00000000fa300000,0x00000000fa300000,0x00000000fb900000)
 ParOldGen       total 119808K, used 57015K [0x00000000e0000000, 0x00000000e7500000, 0x00000000f5580000)
  object space 119808K, 47% used [0x00000000e0000000,0x00000000e37ade78,0x00000000e7500000)
 Metaspace       used 85461K, capacity 92786K, committed 92968K, reserved 1130496K
  class space    used 10025K, capacity 12248K, committed 12328K, reserved 1048576K
}
Event: 408.532 GC heap before
{Heap before GC invocations=31 (full 6):
 PSYoungGen      total 101376K, used 81031K [0x00000000f5580000, 0x00000000fcf00000, 0x0000000100000000)
  eden space 79360K, 100% used [0x00000000f5580000,0x00000000fa300000,0x00000000fa300000)
  from space 22016K, 7% used [0x00000000fb980000,0x00000000fbb21c90,0x00000000fcf00000)
  to   space 22528K, 0% used [0x00000000fa300000,0x00000000fa300000,0x00000000fb900000)
 ParOldGen       total 119808K, used 57015K [0x00000000e0000000, 0x00000000e7500000, 0x00000000f5580000)
  object space 119808K, 47% used [0x00000000e0000000,0x00000000e37ade78,0x00000000e7500000)
 Metaspace       used 85714K, capacity 93118K, committed 93480K, reserved 1130496K
  class space    used 10037K, capacity 12250K, committed 12328K, reserved 1048576K
Event: 408.536 GC heap after
Heap after GC invocations=31 (full 6):
 PSYoungGen      total 101888K, used 2327K [0x00000000f5580000, 0x00000000fce00000, 0x0000000100000000)
  eden space 79360K, 0% used [0x00000000f5580000,0x00000000f5580000,0x00000000fa300000)
  from space 22528K, 10% used [0x00000000fa300000,0x00000000fa545c70,0x00000000fb900000)
  to   space 21504K, 0% used [0x00000000fb900000,0x00000000fb900000,0x00000000fce00000)
 ParOldGen       total 119808K, used 57023K [0x00000000e0000000, 0x00000000e7500000, 0x00000000f5580000)
  object space 119808K, 47% used [0x00000000e0000000,0x00000000e37afe78,0x00000000e7500000)
 Metaspace       used 85714K, capacity 93118K, committed 93480K, reserved 1130496K
  class space    used 10037K, capacity 12250K, committed 12328K, reserved 1048576K
}
Event: 413.580 GC heap before
{Heap before GC invocations=32 (full 6):
 PSYoungGen      total 101888K, used 81687K [0x00000000f5580000, 0x00000000fce00000, 0x0000000100000000)
  eden space 79360K, 100% used [0x00000000f5580000,0x00000000fa300000,0x00000000fa300000)
  from space 22528K, 10% used [0x00000000fa300000,0x00000000fa545c70,0x00000000fb900000)
  to   space 21504K, 0% used [0x00000000fb900000,0x00000000fb900000,0x00000000fce00000)
 ParOldGen       total 119808K, used 57023K [0x00000000e0000000, 0x00000000e7500000, 0x00000000f5580000)
  object space 119808K, 47% used [0x00000000e0000000,0x00000000e37afe78,0x00000000e7500000)
 Metaspace       used 85883K, capacity 93246K, committed 93480K, reserved 1130496K
  class space    used 10037K, capacity 12250K, committed 12328K, reserved 1048576K
Event: 413.584 GC heap after
Heap after GC invocations=32 (full 6):
 PSYoungGen      total 98816K, used 1781K [0x00000000f5580000, 0x00000000fcb80000, 0x0000000100000000)
  eden space 79872K, 0% used [0x00000000f5580000,0x00000000f5580000,0x00000000fa380000)
  from space 18944K, 9% used [0x00000000fb900000,0x00000000fbabd550,0x00000000fcb80000)
  to   space 20480K, 0% used [0x00000000fa380000,0x00000000fa380000,0x00000000fb780000)
 ParOldGen       total 119808K, used 57031K [0x00000000e0000000, 0x00000000e7500000, 0x00000000f5580000)
  object space 119808K, 47% used [0x00000000e0000000,0x00000000e37b1e78,0x00000000e7500000)
 Metaspace       used 85883K, capacity 93246K, committed 93480K, reserved 1130496K
  class space    used 10037K, capacity 12250K, committed 12328K, reserved 1048576K
}
Event: 435.223 GC heap before
{Heap before GC invocations=33 (full 6):
 PSYoungGen      total 98816K, used 81653K [0x00000000f5580000, 0x00000000fcb80000, 0x0000000100000000)
  eden space 79872K, 100% used [0x00000000f5580000,0x00000000fa380000,0x00000000fa380000)
  from space 18944K, 9% used [0x00000000fb900000,0x00000000fbabd550,0x00000000fcb80000)
  to   space 20480K, 0% used [0x00000000fa380000,0x00000000fa380000,0x00000000fb780000)
 ParOldGen       total 119808K, used 57031K [0x00000000e0000000, 0x00000000e7500000, 0x00000000f5580000)
  object space 119808K, 47% used [0x00000000e0000000,0x00000000e37b1e78,0x00000000e7500000)
 Metaspace       used 86089K, capacity 93534K, committed 93736K, reserved 1130496K
  class space    used 10047K, capacity 12282K, committed 12328K, reserved 1048576K
Event: 435.227 GC heap after
Heap after GC invocations=33 (full 6):
 PSYoungGen      total 80896K, used 3068K [0x00000000f5580000, 0x00000000fc780000, 0x0000000100000000)
  eden space 77824K, 0% used [0x00000000f5580000,0x00000000f5580000,0x00000000fa180000)
  from space 3072K, 99% used [0x00000000fa380000,0x00000000fa67f190,0x00000000fa680000)
  to   space 19456K, 0% used [0x00000000fb480000,0x00000000fb480000,0x00000000fc780000)
 ParOldGen       total 119808K, used 57039K [0x00000000e0000000, 0x00000000e7500000, 0x00000000f5580000)
  object space 119808K, 47% used [0x00000000e0000000,0x00000000e37b3e78,0x00000000e7500000)
 Metaspace       used 86089K, capacity 93534K, committed 93736K, reserved 1130496K
  class space    used 10047K, capacity 12282K, committed 12328K, reserved 1048576K
}

