# JRE version: Java(TM) SE Runtime Environment (8.0_66-b18) (build 1.8.0_66-b18)
# Java VM: Java HotSpot(TM) 64-Bit Server VM (25.66-b18 mixed mode windows-amd64 compressed oops)
Heap:
 PSYoungGen      total 110080K, used 34232K [0x00000000f5580000, 0x00000000fe480000, 0x0000000100000000)
  eden space 77824K, 43% used [0x00000000f5580000,0x00000000f76ee2c0,0x00000000fa180000)
  from space 32256K, 0% used [0x00000000fa180000,0x00000000fa180000,0x00000000fc100000)
  to   space 32256K, 0% used [0x00000000fc500000,0x00000000fc500000,0x00000000fe480000)
 ParOldGen       total 116736K, used 57138K [0x00000000e0000000, 0x00000000e7200000, 0x00000000f5580000)
  object space 116736K, 48% used [0x00000000e0000000,0x00000000e37cc9f8,0x00000000e7200000)
 Metaspace       used 84787K, capacity 91948K, committed 92120K, reserved 1128448K
  class space    used 10127K, capacity 12401K, committed 12504K, reserved 1048576K
GC Heap History (10 events):
Event: 161.200 GC heap before
{Heap before GC invocations=19 (full 4):
 PSYoungGen      total 105472K, used 58637K [0x00000000f5580000, 0x00000000fdf80000, 0x0000000100000000)
  eden space 75776K, 77% used [0x00000000f5580000,0x00000000f8ec3548,0x00000000f9f80000)
  from space 29696K, 0% used [0x00000000fbe80000,0x00000000fbe80000,0x00000000fdb80000)
  to   space 31744K, 0% used [0x00000000f9f80000,0x00000000f9f80000,0x00000000fbe80000)
 ParOldGen       total 116736K, used 57699K [0x00000000e0000000, 0x00000000e7200000, 0x00000000f5580000)
  object space 116736K, 49% used [0x00000000e0000000,0x00000000e3858c80,0x00000000e7200000)
 Metaspace       used 82019K, capacity 89316K, committed 89432K, reserved 1126400K
  class space    used 9873K, capacity 12037K, committed 12120K, reserved 1048576K
Event: 161.205 GC heap after
Heap after GC invocations=19 (full 4):
 PSYoungGen      total 107520K, used 3765K [0x00000000f5580000, 0x00000000fe080000, 0x0000000100000000)
  eden space 75776K, 0% used [0x00000000f5580000,0x00000000f5580000,0x00000000f9f80000)
  from space 31744K, 11% used [0x00000000f9f80000,0x00000000fa32d4b8,0x00000000fbe80000)
  to   space 32256K, 0% used [0x00000000fc100000,0x00000000fc100000,0x00000000fe080000)
 ParOldGen       total 116736K, used 57707K [0x00000000e0000000, 0x00000000e7200000, 0x00000000f5580000)
  object space 116736K, 49% used [0x00000000e0000000,0x00000000e385ac80,0x00000000e7200000)
 Metaspace       used 82019K, capacity 89316K, committed 89432K, reserved 1126400K
  class space    used 9873K, capacity 12037K, committed 12120K, reserved 1048576K
}
Event: 161.205 GC heap before
{Heap before GC invocations=20 (full 5):
 PSYoungGen      total 107520K, used 3765K [0x00000000f5580000, 0x00000000fe080000, 0x0000000100000000)
  eden space 75776K, 0% used [0x00000000f5580000,0x00000000f5580000,0x00000000f9f80000)
  from space 31744K, 11% used [0x00000000f9f80000,0x00000000fa32d4b8,0x00000000fbe80000)
  to   space 32256K, 0% used [0x00000000fc100000,0x00000000fc100000,0x00000000fe080000)
 ParOldGen       total 116736K, used 57707K [0x00000000e0000000, 0x00000000e7200000, 0x00000000f5580000)
  object space 116736K, 49% used [0x00000000e0000000,0x00000000e385ac80,0x00000000e7200000)
 Metaspace       used 82019K, capacity 89316K, committed 89432K, reserved 1126400K
  class space    used 9873K, capacity 12037K, committed 12120K, reserved 1048576K
Event: 161.548 GC heap after
Heap after GC invocations=20 (full 5):
 PSYoungGen      total 107520K, used 0K [0x00000000f5580000, 0x00000000fe080000, 0x0000000100000000)
  eden space 75776K, 0% used [0x00000000f5580000,0x00000000f5580000,0x00000000f9f80000)
  from space 31744K, 0% used [0x00000000f9f80000,0x00000000f9f80000,0x00000000fbe80000)
  to   space 32256K, 0% used [0x00000000fc100000,0x00000000fc100000,0x00000000fe080000)
 ParOldGen       total 116736K, used 58105K [0x00000000e0000000, 0x00000000e7200000, 0x00000000f5580000)
  object space 116736K, 49% used [0x00000000e0000000,0x00000000e38be7f0,0x00000000e7200000)
 Metaspace       used 82019K, capacity 89316K, committed 89432K, reserved 1126400K
  class space    used 9873K, capacity 12037K, committed 12120K, reserved 1048576K
}
Event: 199.295 GC heap before
{Heap before GC invocations=21 (full 5):
 PSYoungGen      total 107520K, used 75776K [0x00000000f5580000, 0x00000000fe080000, 0x0000000100000000)
  eden space 75776K, 100% used [0x00000000f5580000,0x00000000f9f80000,0x00000000f9f80000)
  from space 31744K, 0% used [0x00000000f9f80000,0x00000000f9f80000,0x00000000fbe80000)
  to   space 32256K, 0% used [0x00000000fc100000,0x00000000fc100000,0x00000000fe080000)
 ParOldGen       total 116736K, used 58105K [0x00000000e0000000, 0x00000000e7200000, 0x00000000f5580000)
  object space 116736K, 49% used [0x00000000e0000000,0x00000000e38be7f0,0x00000000e7200000)
 Metaspace       used 83319K, capacity 90600K, committed 90840K, reserved 1128448K
  class space    used 9984K, capacity 12209K, committed 12248K, reserved 1048576K
Event: 199.298 GC heap after
Heap after GC invocations=21 (full 5):
 PSYoungGen      total 110080K, used 1620K [0x00000000f5580000, 0x00000000fe480000, 0x0000000100000000)
  eden space 77824K, 0% used [0x00000000f5580000,0x00000000f5580000,0x00000000fa180000)
  from space 32256K, 5% used [0x00000000fc100000,0x00000000fc295158,0x00000000fe080000)
  to   space 32256K, 0% used [0x00000000fa180000,0x00000000fa180000,0x00000000fc100000)
 ParOldGen       total 116736K, used 58113K [0x00000000e0000000, 0x00000000e7200000, 0x00000000f5580000)
  object space 116736K, 49% used [0x00000000e0000000,0x00000000e38c07f0,0x00000000e7200000)
 Metaspace       used 83319K, capacity 90600K, committed 90840K, reserved 1128448K
  class space    used 9984K, capacity 12209K, committed 12248K, reserved 1048576K
}
Event: 221.206 GC heap before
{Heap before GC invocations=22 (full 5):
 PSYoungGen      total 110080K, used 22223K [0x00000000f5580000, 0x00000000fe480000, 0x0000000100000000)
  eden space 77824K, 26% used [0x00000000f5580000,0x00000000f699ec40,0x00000000fa180000)
  from space 32256K, 5% used [0x00000000fc100000,0x00000000fc295158,0x00000000fe080000)
  to   space 32256K, 0% used [0x00000000fa180000,0x00000000fa180000,0x00000000fc100000)
 ParOldGen       total 116736K, used 58113K [0x00000000e0000000, 0x00000000e7200000, 0x00000000f5580000)
  object space 116736K, 49% used [0x00000000e0000000,0x00000000e38c07f0,0x00000000e7200000)
 Metaspace       used 83459K, capacity 90792K, committed 90840K, reserved 1128448K
  class space    used 9984K, capacity 12209K, committed 12248K, reserved 1048576K
Event: 221.210 GC heap after
Heap after GC invocations=22 (full 5):
 PSYoungGen      total 110080K, used 1824K [0x00000000f5580000, 0x00000000fe480000, 0x0000000100000000)
  eden space 77824K, 0% used [0x00000000f5580000,0x00000000f5580000,0x00000000fa180000)
  from space 32256K, 5% used [0x00000000fa180000,0x00000000fa348000,0x00000000fc100000)
  to   space 32256K, 0% used [0x00000000fc500000,0x00000000fc500000,0x00000000fe480000)
 ParOldGen       total 116736K, used 58121K [0x00000000e0000000, 0x00000000e7200000, 0x00000000f5580000)
  object space 116736K, 49% used [0x00000000e0000000,0x00000000e38c27f0,0x00000000e7200000)
 Metaspace       used 83459K, capacity 90792K, committed 90840K, reserved 1128448K
  class space    used 9984K, capacity 12209K, committed 12248K, reserved 1048576K
}
Event: 221.210 GC heap before
{Heap before GC invocations=23 (full 6):
 PSYoungGen      total 110080K, used 1824K [0x00000000f5580000, 0x00000000fe480000, 0x0000000100000000)
  eden space 77824K, 0% used [0x00000000f5580000,0x00000000f5580000,0x00000000fa180000)
  from space 32256K, 5% used [0x00000000fa180000,0x00000000fa348000,0x00000000fc100000)
  to   space 32256K, 0% used [0x00000000fc500000,0x00000000fc500000,0x00000000fe480000)
 ParOldGen       total 116736K, used 58121K [0x00000000e0000000, 0x00000000e7200000, 0x00000000f5580000)
  object space 116736K, 49% used [0x00000000e0000000,0x00000000e38c27f0,0x00000000e7200000)
 Metaspace       used 83459K, capacity 90792K, committed 90840K, reserved 1128448K
  class space    used 9984K, capacity 12209K, committed 12248K, reserved 1048576K
Event: 221.487 GC heap after
Heap after GC invocations=23 (full 6):
 PSYoungGen      total 110080K, used 0K [0x00000000f5580000, 0x00000000fe480000, 0x0000000100000000)
  eden space 77824K, 0% used [0x00000000f5580000,0x00000000f5580000,0x00000000fa180000)
  from space 32256K, 0% used [0x00000000fa180000,0x00000000fa180000,0x00000000fc100000)
  to   space 32256K, 0% used [0x00000000fc500000,0x00000000fc500000,0x00000000fe480000)
 ParOldGen       total 116736K, used 57138K [0x00000000e0000000, 0x00000000e7200000, 0x00000000f5580000)
  object space 116736K, 48% used [0x00000000e0000000,0x00000000e37cc9f8,0x00000000e7200000)
 Metaspace       used 83459K, capacity 90792K, committed 90840K, reserved 1128448K
  class space    used 9984K, capacity 12209K, committed 12248K, reserved 1048576K
}

