# JRE version: Java(TM) SE Runtime Environment (8.0_66-b18) (build 1.8.0_66-b18)
# Java VM: Java HotSpot(TM) 64-Bit Server VM (25.66-b18 mixed mode windows-amd64 compressed oops)
Heap:
 PSYoungGen      total 106496K, used 36141K [0x00000000f5580000, 0x00000000fdb80000, 0x0000000100000000)
  eden space 75776K, 47% used [0x00000000f5580000,0x00000000f78cb648,0x00000000f9f80000)
  from space 30720K, 0% used [0x00000000fbd80000,0x00000000fbd80000,0x00000000fdb80000)
  to   space 30720K, 0% used [0x00000000f9f80000,0x00000000f9f80000,0x00000000fbd80000)
 ParOldGen       total 115712K, used 56952K [0x00000000e0000000, 0x00000000e7100000, 0x00000000f5580000)
  object space 115712K, 49% used [0x00000000e0000000,0x00000000e379e318,0x00000000e7100000)
 Metaspace       used 83407K, capacity 90822K, committed 90900K, reserved 1128448K
  class space    used 10055K, capacity 12303K, committed 12308K, reserved 1048576K
GC Heap History (10 events):
Event: 262.534 GC heap before
{Heap before GC invocations=19 (full 5):
 PSYoungGen      total 105984K, used 3729K [0x00000000f5580000, 0x00000000fda80000, 0x0000000100000000)
  eden space 75776K, 0% used [0x00000000f5580000,0x00000000f5580000,0x00000000f9f80000)
  from space 30208K, 12% used [0x00000000fbd00000,0x00000000fc0a47e0,0x00000000fda80000)
  to   space 30208K, 0% used [0x00000000f9f80000,0x00000000f9f80000,0x00000000fbd00000)
 ParOldGen       total 115712K, used 57397K [0x00000000e0000000, 0x00000000e7100000, 0x00000000f5580000)
  object space 115712K, 49% used [0x00000000e0000000,0x00000000e380d4a0,0x00000000e7100000)
 Metaspace       used 81417K, capacity 88898K, committed 89108K, reserved 1126400K
  class space    used 9863K, capacity 12047K, committed 12052K, reserved 1048576K
Event: 262.915 GC heap after
Heap after GC invocations=19 (full 5):
 PSYoungGen      total 105984K, used 0K [0x00000000f5580000, 0x00000000fda80000, 0x0000000100000000)
  eden space 75776K, 0% used [0x00000000f5580000,0x00000000f5580000,0x00000000f9f80000)
  from space 30208K, 0% used [0x00000000fbd00000,0x00000000fbd00000,0x00000000fda80000)
  to   space 30208K, 0% used [0x00000000f9f80000,0x00000000f9f80000,0x00000000fbd00000)
 ParOldGen       total 115712K, used 58149K [0x00000000e0000000, 0x00000000e7100000, 0x00000000f5580000)
  object space 115712K, 50% used [0x00000000e0000000,0x00000000e38c9638,0x00000000e7100000)
 Metaspace       used 81417K, capacity 88898K, committed 89108K, reserved 1126400K
  class space    used 9863K, capacity 12047K, committed 12052K, reserved 1048576K
}
Event: 322.543 GC heap before
{Heap before GC invocations=20 (full 5):
 PSYoungGen      total 105984K, used 27575K [0x00000000f5580000, 0x00000000fda80000, 0x0000000100000000)
  eden space 75776K, 36% used [0x00000000f5580000,0x00000000f706dc48,0x00000000f9f80000)
  from space 30208K, 0% used [0x00000000fbd00000,0x00000000fbd00000,0x00000000fda80000)
  to   space 30208K, 0% used [0x00000000f9f80000,0x00000000f9f80000,0x00000000fbd00000)
 ParOldGen       total 115712K, used 58149K [0x00000000e0000000, 0x00000000e7100000, 0x00000000f5580000)
  object space 115712K, 50% used [0x00000000e0000000,0x00000000e38c9638,0x00000000e7100000)
 Metaspace       used 82295K, capacity 89698K, committed 90004K, reserved 1126400K
  class space    used 9933K, capacity 12143K, committed 12180K, reserved 1048576K
Event: 322.546 GC heap after
Heap after GC invocations=20 (full 5):
 PSYoungGen      total 105984K, used 1440K [0x00000000f5580000, 0x00000000fdb80000, 0x0000000100000000)
  eden space 75776K, 0% used [0x00000000f5580000,0x00000000f5580000,0x00000000f9f80000)
  from space 30208K, 4% used [0x00000000f9f80000,0x00000000fa0e8000,0x00000000fbd00000)
  to   space 30720K, 0% used [0x00000000fbd80000,0x00000000fbd80000,0x00000000fdb80000)
 ParOldGen       total 115712K, used 58221K [0x00000000e0000000, 0x00000000e7100000, 0x00000000f5580000)
  object space 115712K, 50% used [0x00000000e0000000,0x00000000e38db648,0x00000000e7100000)
 Metaspace       used 82295K, capacity 89698K, committed 90004K, reserved 1126400K
  class space    used 9933K, capacity 12143K, committed 12180K, reserved 1048576K
}
Event: 322.546 GC heap before
{Heap before GC invocations=21 (full 6):
 PSYoungGen      total 105984K, used 1440K [0x00000000f5580000, 0x00000000fdb80000, 0x0000000100000000)
  eden space 75776K, 0% used [0x00000000f5580000,0x00000000f5580000,0x00000000f9f80000)
  from space 30208K, 4% used [0x00000000f9f80000,0x00000000fa0e8000,0x00000000fbd00000)
  to   space 30720K, 0% used [0x00000000fbd80000,0x00000000fbd80000,0x00000000fdb80000)
 ParOldGen       total 115712K, used 58221K [0x00000000e0000000, 0x00000000e7100000, 0x00000000f5580000)
  object space 115712K, 50% used [0x00000000e0000000,0x00000000e38db648,0x00000000e7100000)
 Metaspace       used 82295K, capacity 89698K, committed 90004K, reserved 1126400K
  class space    used 9933K, capacity 12143K, committed 12180K, reserved 1048576K
Event: 322.834 GC heap after
Heap after GC invocations=21 (full 6):
 PSYoungGen      total 105984K, used 0K [0x00000000f5580000, 0x00000000fdb80000, 0x0000000100000000)
  eden space 75776K, 0% used [0x00000000f5580000,0x00000000f5580000,0x00000000f9f80000)
  from space 30208K, 0% used [0x00000000f9f80000,0x00000000f9f80000,0x00000000fbd00000)
  to   space 30720K, 0% used [0x00000000fbd80000,0x00000000fbd80000,0x00000000fdb80000)
 ParOldGen       total 115712K, used 57341K [0x00000000e0000000, 0x00000000e7100000, 0x00000000f5580000)
  object space 115712K, 49% used [0x00000000e0000000,0x00000000e37ff768,0x00000000e7100000)
 Metaspace       used 82295K, capacity 89698K, committed 90004K, reserved 1126400K
  class space    used 9933K, capacity 12143K, committed 12180K, reserved 1048576K
}
Event: 382.560 GC heap before
{Heap before GC invocations=22 (full 6):
 PSYoungGen      total 105984K, used 5983K [0x00000000f5580000, 0x00000000fdb80000, 0x0000000100000000)
  eden space 75776K, 7% used [0x00000000f5580000,0x00000000f5b57ce8,0x00000000f9f80000)
  from space 30208K, 0% used [0x00000000f9f80000,0x00000000f9f80000,0x00000000fbd00000)
  to   space 30720K, 0% used [0x00000000fbd80000,0x00000000fbd80000,0x00000000fdb80000)
 ParOldGen       total 115712K, used 57341K [0x00000000e0000000, 0x00000000e7100000, 0x00000000f5580000)
  object space 115712K, 49% used [0x00000000e0000000,0x00000000e37ff768,0x00000000e7100000)
 Metaspace       used 82308K, capacity 89698K, committed 90004K, reserved 1126400K
  class space    used 9933K, capacity 12143K, committed 12180K, reserved 1048576K
Event: 382.562 GC heap after
Heap after GC invocations=22 (full 6):
 PSYoungGen      total 106496K, used 384K [0x00000000f5580000, 0x00000000fdb80000, 0x0000000100000000)
  eden space 75776K, 0% used [0x00000000f5580000,0x00000000f5580000,0x00000000f9f80000)
  from space 30720K, 1% used [0x00000000fbd80000,0x00000000fbde0000,0x00000000fdb80000)
  to   space 30720K, 0% used [0x00000000f9f80000,0x00000000f9f80000,0x00000000fbd80000)
 ParOldGen       total 115712K, used 57341K [0x00000000e0000000, 0x00000000e7100000, 0x00000000f5580000)
  object space 115712K, 49% used [0x00000000e0000000,0x00000000e37ff768,0x00000000e7100000)
 Metaspace       used 82308K, capacity 89698K, committed 90004K, reserved 1126400K
  class space    used 9933K, capacity 12143K, committed 12180K, reserved 1048576K
}
Event: 382.562 GC heap before
{Heap before GC invocations=23 (full 7):
 PSYoungGen      total 106496K, used 384K [0x00000000f5580000, 0x00000000fdb80000, 0x0000000100000000)
  eden space 75776K, 0% used [0x00000000f5580000,0x00000000f5580000,0x00000000f9f80000)
  from space 30720K, 1% used [0x00000000fbd80000,0x00000000fbde0000,0x00000000fdb80000)
  to   space 30720K, 0% used [0x00000000f9f80000,0x00000000f9f80000,0x00000000fbd80000)
 ParOldGen       total 115712K, used 57341K [0x00000000e0000000, 0x00000000e7100000, 0x00000000f5580000)
  object space 115712K, 49% used [0x00000000e0000000,0x00000000e37ff768,0x00000000e7100000)
 Metaspace       used 82308K, capacity 89698K, committed 90004K, reserved 1126400K
  class space    used 9933K, capacity 12143K, committed 12180K, reserved 1048576K
Event: 382.777 GC heap after
Heap after GC invocations=23 (full 7):
 PSYoungGen      total 106496K, used 0K [0x00000000f5580000, 0x00000000fdb80000, 0x0000000100000000)
  eden space 75776K, 0% used [0x00000000f5580000,0x00000000f5580000,0x00000000f9f80000)
  from space 30720K, 0% used [0x00000000fbd80000,0x00000000fbd80000,0x00000000fdb80000)
  to   space 30720K, 0% used [0x00000000f9f80000,0x00000000f9f80000,0x00000000fbd80000)
 ParOldGen       total 115712K, used 56952K [0x00000000e0000000, 0x00000000e7100000, 0x00000000f5580000)
  object space 115712K, 49% used [0x00000000e0000000,0x00000000e379e318,0x00000000e7100000)
 Metaspace       used 82308K, capacity 89698K, committed 90004K, reserved 1126400K
  class space    used 9933K, capacity 12143K, committed 12180K, reserved 1048576K
}

