# JRE version: Java(TM) SE Runtime Environment (8.0_66-b18) (build 1.8.0_66-b18)
# Java VM: Java HotSpot(TM) 64-Bit Server VM (25.66-b18 mixed mode windows-amd64 compressed oops)
Heap:
 PSYoungGen      total 117248K, used 77597K [0x00000000f5580000, 0x00000000fea00000, 0x0000000100000000)
  eden space 88064K, 88% used [0x00000000f5580000,0x00000000fa147758,0x00000000fab80000)
  from space 29184K, 0% used [0x00000000fab80000,0x00000000fab80000,0x00000000fc800000)
  to   space 29184K, 0% used [0x00000000fcd80000,0x00000000fcd80000,0x00000000fea00000)
 ParOldGen       total 107520K, used 57798K [0x00000000e0000000, 0x00000000e6900000, 0x00000000f5580000)
  object space 107520K, 53% used [0x00000000e0000000,0x00000000e3871860,0x00000000e6900000)
 Metaspace       used 83831K, capacity 90938K, committed 91056K, reserved 1128448K
  class space    used 10011K, capacity 12178K, committed 12208K, reserved 1048576K
GC Heap History (10 events):
Event: 308.874 GC heap before
{Heap before GC invocations=17 (full 4):
 PSYoungGen      total 112640K, used 82159K [0x00000000f5580000, 0x00000000fe580000, 0x0000000100000000)
  eden space 85504K, 96% used [0x00000000f5580000,0x00000000fa5bbf10,0x00000000fa900000)
  from space 27136K, 0% used [0x00000000fc600000,0x00000000fc600000,0x00000000fe080000)
  to   space 29696K, 0% used [0x00000000fa900000,0x00000000fa900000,0x00000000fc600000)
 ParOldGen       total 107520K, used 57015K [0x00000000e0000000, 0x00000000e6900000, 0x00000000f5580000)
  object space 107520K, 53% used [0x00000000e0000000,0x00000000e37adde8,0x00000000e6900000)
 Metaspace       used 80764K, capacity 87892K, committed 88240K, reserved 1126400K
  class space    used 9771K, capacity 11848K, committed 11952K, reserved 1048576K
Event: 308.891 GC heap after
Heap after GC invocations=17 (full 4):
 PSYoungGen      total 115200K, used 5297K [0x00000000f5580000, 0x00000000fe480000, 0x0000000100000000)
  eden space 85504K, 0% used [0x00000000f5580000,0x00000000f5580000,0x00000000fa900000)
  from space 29696K, 17% used [0x00000000fa900000,0x00000000fae2c708,0x00000000fc600000)
  to   space 29184K, 0% used [0x00000000fc800000,0x00000000fc800000,0x00000000fe480000)
 ParOldGen       total 107520K, used 57087K [0x00000000e0000000, 0x00000000e6900000, 0x00000000f5580000)
  object space 107520K, 53% used [0x00000000e0000000,0x00000000e37bfdf8,0x00000000e6900000)
 Metaspace       used 80764K, capacity 87892K, committed 88240K, reserved 1126400K
  class space    used 9771K, capacity 11848K, committed 11952K, reserved 1048576K
}
Event: 308.891 GC heap before
{Heap before GC invocations=18 (full 5):
 PSYoungGen      total 115200K, used 5297K [0x00000000f5580000, 0x00000000fe480000, 0x0000000100000000)
  eden space 85504K, 0% used [0x00000000f5580000,0x00000000f5580000,0x00000000fa900000)
  from space 29696K, 17% used [0x00000000fa900000,0x00000000fae2c708,0x00000000fc600000)
  to   space 29184K, 0% used [0x00000000fc800000,0x00000000fc800000,0x00000000fe480000)
 ParOldGen       total 107520K, used 57087K [0x00000000e0000000, 0x00000000e6900000, 0x00000000f5580000)
  object space 107520K, 53% used [0x00000000e0000000,0x00000000e37bfdf8,0x00000000e6900000)
 Metaspace       used 80764K, capacity 87892K, committed 88240K, reserved 1126400K
  class space    used 9771K, capacity 11848K, committed 11952K, reserved 1048576K
Event: 309.316 GC heap after
Heap after GC invocations=18 (full 5):
 PSYoungGen      total 115200K, used 0K [0x00000000f5580000, 0x00000000fe480000, 0x0000000100000000)
  eden space 85504K, 0% used [0x00000000f5580000,0x00000000f5580000,0x00000000fa900000)
  from space 29696K, 0% used [0x00000000fa900000,0x00000000fa900000,0x00000000fc600000)
  to   space 29184K, 0% used [0x00000000fc800000,0x00000000fc800000,0x00000000fe480000)
 ParOldGen       total 107520K, used 58991K [0x00000000e0000000, 0x00000000e6900000, 0x00000000f5580000)
  object space 107520K, 54% used [0x00000000e0000000,0x00000000e399bf00,0x00000000e6900000)
 Metaspace       used 80764K, capacity 87892K, committed 88240K, reserved 1126400K
  class space    used 9771K, capacity 11848K, committed 11952K, reserved 1048576K
}
Event: 340.178 GC heap before
{Heap before GC invocations=19 (full 5):
 PSYoungGen      total 115200K, used 85504K [0x00000000f5580000, 0x00000000fe480000, 0x0000000100000000)
  eden space 85504K, 100% used [0x00000000f5580000,0x00000000fa900000,0x00000000fa900000)
  from space 29696K, 0% used [0x00000000fa900000,0x00000000fa900000,0x00000000fc600000)
  to   space 29184K, 0% used [0x00000000fc800000,0x00000000fc800000,0x00000000fe480000)
 ParOldGen       total 107520K, used 58991K [0x00000000e0000000, 0x00000000e6900000, 0x00000000f5580000)
  object space 107520K, 54% used [0x00000000e0000000,0x00000000e399bf00,0x00000000e6900000)
 Metaspace       used 82171K, capacity 89286K, committed 89520K, reserved 1126400K
  class space    used 9865K, capacity 11947K, committed 11952K, reserved 1048576K
Event: 340.184 GC heap after
Heap after GC invocations=19 (full 5):
 PSYoungGen      total 117248K, used 3232K [0x00000000f5580000, 0x00000000fea00000, 0x0000000100000000)
  eden space 88064K, 0% used [0x00000000f5580000,0x00000000f5580000,0x00000000fab80000)
  from space 29184K, 11% used [0x00000000fc800000,0x00000000fcb28020,0x00000000fe480000)
  to   space 29184K, 0% used [0x00000000fab80000,0x00000000fab80000,0x00000000fc800000)
 ParOldGen       total 107520K, used 58999K [0x00000000e0000000, 0x00000000e6900000, 0x00000000f5580000)
  object space 107520K, 54% used [0x00000000e0000000,0x00000000e399df00,0x00000000e6900000)
 Metaspace       used 82171K, capacity 89286K, committed 89520K, reserved 1126400K
  class space    used 9865K, capacity 11947K, committed 11952K, reserved 1048576K
}
Event: 368.881 GC heap before
{Heap before GC invocations=20 (full 5):
 PSYoungGen      total 117248K, used 23780K [0x00000000f5580000, 0x00000000fea00000, 0x0000000100000000)
  eden space 88064K, 23% used [0x00000000f5580000,0x00000000f6991098,0x00000000fab80000)
  from space 29184K, 11% used [0x00000000fc800000,0x00000000fcb28020,0x00000000fe480000)
  to   space 29184K, 0% used [0x00000000fab80000,0x00000000fab80000,0x00000000fc800000)
 ParOldGen       total 107520K, used 58999K [0x00000000e0000000, 0x00000000e6900000, 0x00000000f5580000)
  object space 107520K, 54% used [0x00000000e0000000,0x00000000e399df00,0x00000000e6900000)
 Metaspace       used 82363K, capacity 89612K, committed 89776K, reserved 1126400K
  class space    used 9880K, capacity 11949K, committed 11952K, reserved 1048576K
Event: 368.885 GC heap after
Heap after GC invocations=20 (full 5):
 PSYoungGen      total 117248K, used 2816K [0x00000000f5580000, 0x00000000fea00000, 0x0000000100000000)
  eden space 88064K, 0% used [0x00000000f5580000,0x00000000f5580000,0x00000000fab80000)
  from space 29184K, 9% used [0x00000000fab80000,0x00000000fae40000,0x00000000fc800000)
  to   space 29184K, 0% used [0x00000000fcd80000,0x00000000fcd80000,0x00000000fea00000)
 ParOldGen       total 107520K, used 59007K [0x00000000e0000000, 0x00000000e6900000, 0x00000000f5580000)
  object space 107520K, 54% used [0x00000000e0000000,0x00000000e399ff00,0x00000000e6900000)
 Metaspace       used 82363K, capacity 89612K, committed 89776K, reserved 1126400K
  class space    used 9880K, capacity 11949K, committed 11952K, reserved 1048576K
}
Event: 368.885 GC heap before
{Heap before GC invocations=21 (full 6):
 PSYoungGen      total 117248K, used 2816K [0x00000000f5580000, 0x00000000fea00000, 0x0000000100000000)
  eden space 88064K, 0% used [0x00000000f5580000,0x00000000f5580000,0x00000000fab80000)
  from space 29184K, 9% used [0x00000000fab80000,0x00000000fae40000,0x00000000fc800000)
  to   space 29184K, 0% used [0x00000000fcd80000,0x00000000fcd80000,0x00000000fea00000)
 ParOldGen       total 107520K, used 59007K [0x00000000e0000000, 0x00000000e6900000, 0x00000000f5580000)
  object space 107520K, 54% used [0x00000000e0000000,0x00000000e399ff00,0x00000000e6900000)
 Metaspace       used 82363K, capacity 89612K, committed 89776K, reserved 1126400K
  class space    used 9880K, capacity 11949K, committed 11952K, reserved 1048576K
Event: 369.227 GC heap after
Heap after GC invocations=21 (full 6):
 PSYoungGen      total 117248K, used 0K [0x00000000f5580000, 0x00000000fea00000, 0x0000000100000000)
  eden space 88064K, 0% used [0x00000000f5580000,0x00000000f5580000,0x00000000fab80000)
  from space 29184K, 0% used [0x00000000fab80000,0x00000000fab80000,0x00000000fc800000)
  to   space 29184K, 0% used [0x00000000fcd80000,0x00000000fcd80000,0x00000000fea00000)
 ParOldGen       total 107520K, used 57798K [0x00000000e0000000, 0x00000000e6900000, 0x00000000f5580000)
  object space 107520K, 53% used [0x00000000e0000000,0x00000000e3871860,0x00000000e6900000)
 Metaspace       used 82363K, capacity 89612K, committed 89776K, reserved 1126400K
  class space    used 9880K, capacity 11949K, committed 11952K, reserved 1048576K
}

