# JRE version: Java(TM) SE Runtime Environment (8.0_66-b18) (build 1.8.0_66-b18)
# Java VM: Java HotSpot(TM) 64-Bit Server VM (25.66-b18 mixed mode windows-amd64 compressed oops)
Heap:
 PSYoungGen      total 96768K, used 42412K [0x00000000f5580000, 0x00000000fbf00000, 0x0000000100000000)
  eden space 86528K, 49% used [0x00000000f5580000,0x00000000f7eeb158,0x00000000faa00000)
  from space 10240K, 0% used [0x00000000fb500000,0x00000000fb500000,0x00000000fbf00000)
  to   space 10752K, 0% used [0x00000000faa00000,0x00000000faa00000,0x00000000fb480000)
 ParOldGen       total 107520K, used 51899K [0x00000000e0000000, 0x00000000e6900000, 0x00000000f5580000)
  object space 107520K, 48% used [0x00000000e0000000,0x00000000e32aef68,0x00000000e6900000)
 Metaspace       used 93613K, capacity 101484K, committed 101808K, reserved 1136640K
  class space    used 11289K, capacity 13663K, committed 13744K, reserved 1048576K
GC Heap History (10 events):
Event: 1754.464 GC heap before
{Heap before GC invocations=77 (full 31):
 PSYoungGen      total 97792K, used 224K [0x00000000f5580000, 0x00000000fc200000, 0x0000000100000000)
  eden space 86528K, 0% used [0x00000000f5580000,0x00000000f5580000,0x00000000faa00000)
  from space 11264K, 1% used [0x00000000fb700000,0x00000000fb738000,0x00000000fc200000)
  to   space 12288K, 0% used [0x00000000faa00000,0x00000000faa00000,0x00000000fb600000)
 ParOldGen       total 107520K, used 51898K [0x00000000e0000000, 0x00000000e6900000, 0x00000000f5580000)
  object space 107520K, 48% used [0x00000000e0000000,0x00000000e32aebd8,0x00000000e6900000)
 Metaspace       used 92654K, capacity 100562K, committed 100912K, reserved 1136640K
  class space    used 11189K, capacity 13468K, committed 13616K, reserved 1048576K
Event: 1754.574 GC heap after
Heap after GC invocations=77 (full 31):
 PSYoungGen      total 97792K, used 0K [0x00000000f5580000, 0x00000000fc200000, 0x0000000100000000)
  eden space 86528K, 0% used [0x00000000f5580000,0x00000000f5580000,0x00000000faa00000)
  from space 11264K, 0% used [0x00000000fb700000,0x00000000fb700000,0x00000000fc200000)
  to   space 12288K, 0% used [0x00000000faa00000,0x00000000faa00000,0x00000000fb600000)
 ParOldGen       total 107520K, used 51898K [0x00000000e0000000, 0x00000000e6900000, 0x00000000f5580000)
  object space 107520K, 48% used [0x00000000e0000000,0x00000000e32aebd8,0x00000000e6900000)
 Metaspace       used 92654K, capacity 100562K, committed 100912K, reserved 1136640K
  class space    used 11189K, capacity 13468K, committed 13616K, reserved 1048576K
}
Event: 1814.464 GC heap before
{Heap before GC invocations=78 (full 31):
 PSYoungGen      total 97792K, used 9484K [0x00000000f5580000, 0x00000000fc200000, 0x0000000100000000)
  eden space 86528K, 10% used [0x00000000f5580000,0x00000000f5ec31d0,0x00000000faa00000)
  from space 11264K, 0% used [0x00000000fb700000,0x00000000fb700000,0x00000000fc200000)
  to   space 12288K, 0% used [0x00000000faa00000,0x00000000faa00000,0x00000000fb600000)
 ParOldGen       total 107520K, used 51898K [0x00000000e0000000, 0x00000000e6900000, 0x00000000f5580000)
  object space 107520K, 48% used [0x00000000e0000000,0x00000000e32aebd8,0x00000000e6900000)
 Metaspace       used 92672K, capacity 100562K, committed 100912K, reserved 1136640K
  class space    used 11189K, capacity 13468K, committed 13616K, reserved 1048576K
Event: 1814.473 GC heap after
Heap after GC invocations=78 (full 31):
 PSYoungGen      total 87040K, used 512K [0x00000000f5580000, 0x00000000fc000000, 0x0000000100000000)
  eden space 86528K, 0% used [0x00000000f5580000,0x00000000f5580000,0x00000000faa00000)
  from space 512K, 100% used [0x00000000faa00000,0x00000000faa80000,0x00000000faa80000)
  to   space 11264K, 0% used [0x00000000fb500000,0x00000000fb500000,0x00000000fc000000)
 ParOldGen       total 107520K, used 51906K [0x00000000e0000000, 0x00000000e6900000, 0x00000000f5580000)
  object space 107520K, 48% used [0x00000000e0000000,0x00000000e32b0bd8,0x00000000e6900000)
 Metaspace       used 92672K, capacity 100562K, committed 100912K, reserved 1136640K
  class space    used 11189K, capacity 13468K, committed 13616K, reserved 1048576K
}
Event: 1814.473 GC heap before
{Heap before GC invocations=79 (full 32):
 PSYoungGen      total 87040K, used 512K [0x00000000f5580000, 0x00000000fc000000, 0x0000000100000000)
  eden space 86528K, 0% used [0x00000000f5580000,0x00000000f5580000,0x00000000faa00000)
  from space 512K, 100% used [0x00000000faa00000,0x00000000faa80000,0x00000000faa80000)
  to   space 11264K, 0% used [0x00000000fb500000,0x00000000fb500000,0x00000000fc000000)
 ParOldGen       total 107520K, used 51906K [0x00000000e0000000, 0x00000000e6900000, 0x00000000f5580000)
  object space 107520K, 48% used [0x00000000e0000000,0x00000000e32b0bd8,0x00000000e6900000)
 Metaspace       used 92672K, capacity 100562K, committed 100912K, reserved 1136640K
  class space    used 11189K, capacity 13468K, committed 13616K, reserved 1048576K
Event: 1814.620 GC heap after
Heap after GC invocations=79 (full 32):
 PSYoungGen      total 87040K, used 0K [0x00000000f5580000, 0x00000000fc000000, 0x0000000100000000)
  eden space 86528K, 0% used [0x00000000f5580000,0x00000000f5580000,0x00000000faa00000)
  from space 512K, 0% used [0x00000000faa00000,0x00000000faa00000,0x00000000faa80000)
  to   space 11264K, 0% used [0x00000000fb500000,0x00000000fb500000,0x00000000fc000000)
 ParOldGen       total 107520K, used 52045K [0x00000000e0000000, 0x00000000e6900000, 0x00000000f5580000)
  object space 107520K, 48% used [0x00000000e0000000,0x00000000e32d37b8,0x00000000e6900000)
 Metaspace       used 92672K, capacity 100562K, committed 100912K, reserved 1136640K
  class space    used 11189K, capacity 13468K, committed 13616K, reserved 1048576K
}
Event: 1874.479 GC heap before
{Heap before GC invocations=80 (full 32):
 PSYoungGen      total 87040K, used 3923K [0x00000000f5580000, 0x00000000fc000000, 0x0000000100000000)
  eden space 86528K, 4% used [0x00000000f5580000,0x00000000f5954d90,0x00000000faa00000)
  from space 512K, 0% used [0x00000000faa00000,0x00000000faa00000,0x00000000faa80000)
  to   space 11264K, 0% used [0x00000000fb500000,0x00000000fb500000,0x00000000fc000000)
 ParOldGen       total 107520K, used 52045K [0x00000000e0000000, 0x00000000e6900000, 0x00000000f5580000)
  object space 107520K, 48% used [0x00000000e0000000,0x00000000e32d37b8,0x00000000e6900000)
 Metaspace       used 92675K, capacity 100562K, committed 100912K, reserved 1136640K
  class space    used 11189K, capacity 13468K, committed 13616K, reserved 1048576K
Event: 1874.487 GC heap after
Heap after GC invocations=80 (full 32):
 PSYoungGen      total 96768K, used 224K [0x00000000f5580000, 0x00000000fbf00000, 0x0000000100000000)
  eden space 86528K, 0% used [0x00000000f5580000,0x00000000f5580000,0x00000000faa00000)
  from space 10240K, 2% used [0x00000000fb500000,0x00000000fb538000,0x00000000fbf00000)
  to   space 10752K, 0% used [0x00000000faa00000,0x00000000faa00000,0x00000000fb480000)
 ParOldGen       total 107520K, used 52053K [0x00000000e0000000, 0x00000000e6900000, 0x00000000f5580000)
  object space 107520K, 48% used [0x00000000e0000000,0x00000000e32d57b8,0x00000000e6900000)
 Metaspace       used 92675K, capacity 100562K, committed 100912K, reserved 1136640K
  class space    used 11189K, capacity 13468K, committed 13616K, reserved 1048576K
}
Event: 1874.487 GC heap before
{Heap before GC invocations=81 (full 33):
 PSYoungGen      total 96768K, used 224K [0x00000000f5580000, 0x00000000fbf00000, 0x0000000100000000)
  eden space 86528K, 0% used [0x00000000f5580000,0x00000000f5580000,0x00000000faa00000)
  from space 10240K, 2% used [0x00000000fb500000,0x00000000fb538000,0x00000000fbf00000)
  to   space 10752K, 0% used [0x00000000faa00000,0x00000000faa00000,0x00000000fb480000)
 ParOldGen       total 107520K, used 52053K [0x00000000e0000000, 0x00000000e6900000, 0x00000000f5580000)
  object space 107520K, 48% used [0x00000000e0000000,0x00000000e32d57b8,0x00000000e6900000)
 Metaspace       used 92675K, capacity 100562K, committed 100912K, reserved 1136640K
  class space    used 11189K, capacity 13468K, committed 13616K, reserved 1048576K
Event: 1874.638 GC heap after
Heap after GC invocations=81 (full 33):
 PSYoungGen      total 96768K, used 0K [0x00000000f5580000, 0x00000000fbf00000, 0x0000000100000000)
  eden space 86528K, 0% used [0x00000000f5580000,0x00000000f5580000,0x00000000faa00000)
  from space 10240K, 0% used [0x00000000fb500000,0x00000000fb500000,0x00000000fbf00000)
  to   space 10752K, 0% used [0x00000000faa00000,0x00000000faa00000,0x00000000fb480000)
 ParOldGen       total 107520K, used 51899K [0x00000000e0000000, 0x00000000e6900000, 0x00000000f5580000)
  object space 107520K, 48% used [0x00000000e0000000,0x00000000e32aef68,0x00000000e6900000)
 Metaspace       used 92675K, capacity 100562K, committed 100912K, reserved 1136640K
  class space    used 11189K, capacity 13468K, committed 13616K, reserved 1048576K
}

