# JRE version: Java(TM) SE Runtime Environment (8.0_66-b18) (build 1.8.0_66-b18)
# Java VM: Java HotSpot(TM) 64-Bit Server VM (25.66-b18 mixed mode windows-amd64 compressed oops)
Heap:
 PSYoungGen      total 79872K, used 66775K [0x00000000f5580000, 0x00000000fd480000, 0x0000000100000000)
  eden space 75776K, 88% used [0x00000000f5580000,0x00000000f96b5d20,0x00000000f9f80000)
  from space 4096K, 0% used [0x00000000f9f80000,0x00000000f9f80000,0x00000000fa380000)
  to   space 27136K, 0% used [0x00000000fba00000,0x00000000fba00000,0x00000000fd480000)
 ParOldGen       total 117760K, used 57546K [0x00000000e0000000, 0x00000000e7300000, 0x00000000f5580000)
  object space 117760K, 48% used [0x00000000e0000000,0x00000000e3832ab8,0x00000000e7300000)
 Metaspace       used 84384K, capacity 91340K, committed 91440K, reserved 1128448K
  class space    used 10087K, capacity 12325K, committed 12336K, reserved 1048576K
GC Heap History (10 events):
Event: 131.853 GC heap before
{Heap before GC invocations=19 (full 5):
 PSYoungGen      total 98304K, used 1494K [0x00000000f5580000, 0x00000000fd380000, 0x0000000100000000)
  eden space 70656K, 0% used [0x00000000f5580000,0x00000000f5580000,0x00000000f9a80000)
  from space 27648K, 5% used [0x00000000fb680000,0x00000000fb7f5a40,0x00000000fd180000)
  to   space 28672K, 0% used [0x00000000f9a80000,0x00000000f9a80000,0x00000000fb680000)
 ParOldGen       total 117760K, used 56775K [0x00000000e0000000, 0x00000000e7300000, 0x00000000f5580000)
  object space 117760K, 48% used [0x00000000e0000000,0x00000000e3771ce0,0x00000000e7300000)
 Metaspace       used 78887K, capacity 85438K, committed 85552K, reserved 1124352K
  class space    used 9560K, capacity 11557K, committed 11568K, reserved 1048576K
Event: 132.178 GC heap after
Heap after GC invocations=19 (full 5):
 PSYoungGen      total 98304K, used 0K [0x00000000f5580000, 0x00000000fd380000, 0x0000000100000000)
  eden space 70656K, 0% used [0x00000000f5580000,0x00000000f5580000,0x00000000f9a80000)
  from space 27648K, 0% used [0x00000000fb680000,0x00000000fb680000,0x00000000fd180000)
  to   space 28672K, 0% used [0x00000000f9a80000,0x00000000f9a80000,0x00000000fb680000)
 ParOldGen       total 117760K, used 54994K [0x00000000e0000000, 0x00000000e7300000, 0x00000000f5580000)
  object space 117760K, 46% used [0x00000000e0000000,0x00000000e35b4930,0x00000000e7300000)
 Metaspace       used 78887K, capacity 85438K, committed 85552K, reserved 1124352K
  class space    used 9560K, capacity 11557K, committed 11568K, reserved 1048576K
}
Event: 166.605 GC heap before
{Heap before GC invocations=20 (full 5):
 PSYoungGen      total 98304K, used 70656K [0x00000000f5580000, 0x00000000fd380000, 0x0000000100000000)
  eden space 70656K, 100% used [0x00000000f5580000,0x00000000f9a80000,0x00000000f9a80000)
  from space 27648K, 0% used [0x00000000fb680000,0x00000000fb680000,0x00000000fd180000)
  to   space 28672K, 0% used [0x00000000f9a80000,0x00000000f9a80000,0x00000000fb680000)
 ParOldGen       total 117760K, used 54994K [0x00000000e0000000, 0x00000000e7300000, 0x00000000f5580000)
  object space 117760K, 46% used [0x00000000e0000000,0x00000000e35b4930,0x00000000e7300000)
 Metaspace       used 80649K, capacity 87418K, committed 87600K, reserved 1124352K
  class space    used 9726K, capacity 11812K, committed 11824K, reserved 1048576K
Event: 166.610 GC heap after
Heap after GC invocations=20 (full 5):
 PSYoungGen      total 99328K, used 2288K [0x00000000f5580000, 0x00000000fd880000, 0x0000000100000000)
  eden space 70656K, 0% used [0x00000000f5580000,0x00000000f5580000,0x00000000f9a80000)
  from space 28672K, 7% used [0x00000000f9a80000,0x00000000f9cbc110,0x00000000fb680000)
  to   space 28672K, 0% used [0x00000000fbc80000,0x00000000fbc80000,0x00000000fd880000)
 ParOldGen       total 117760K, used 55002K [0x00000000e0000000, 0x00000000e7300000, 0x00000000f5580000)
  object space 117760K, 46% used [0x00000000e0000000,0x00000000e35b6930,0x00000000e7300000)
 Metaspace       used 80649K, capacity 87418K, committed 87600K, reserved 1124352K
  class space    used 9726K, capacity 11812K, committed 11824K, reserved 1048576K
}
Event: 342.857 GC heap before
{Heap before GC invocations=21 (full 5):
 PSYoungGen      total 99328K, used 72944K [0x00000000f5580000, 0x00000000fd880000, 0x0000000100000000)
  eden space 70656K, 100% used [0x00000000f5580000,0x00000000f9a80000,0x00000000f9a80000)
  from space 28672K, 7% used [0x00000000f9a80000,0x00000000f9cbc110,0x00000000fb680000)
  to   space 28672K, 0% used [0x00000000fbc80000,0x00000000fbc80000,0x00000000fd880000)
 ParOldGen       total 117760K, used 55002K [0x00000000e0000000, 0x00000000e7300000, 0x00000000f5580000)
  object space 117760K, 46% used [0x00000000e0000000,0x00000000e35b6930,0x00000000e7300000)
 Metaspace       used 83121K, capacity 90190K, committed 90288K, reserved 1128448K
  class space    used 9964K, capacity 12159K, committed 12208K, reserved 1048576K
Event: 342.863 GC heap after
Heap after GC invocations=21 (full 5):
 PSYoungGen      total 101376K, used 5641K [0x00000000f5580000, 0x00000000fd580000, 0x0000000100000000)
  eden space 75776K, 0% used [0x00000000f5580000,0x00000000f5580000,0x00000000f9f80000)
  from space 25600K, 22% used [0x00000000fbc80000,0x00000000fc202718,0x00000000fd580000)
  to   space 27648K, 0% used [0x00000000f9f80000,0x00000000f9f80000,0x00000000fba80000)
 ParOldGen       total 117760K, used 55074K [0x00000000e0000000, 0x00000000e7300000, 0x00000000f5580000)
  object space 117760K, 46% used [0x00000000e0000000,0x00000000e35c8940,0x00000000e7300000)
 Metaspace       used 83121K, capacity 90190K, committed 90288K, reserved 1128448K
  class space    used 9964K, capacity 12159K, committed 12208K, reserved 1048576K
}
Event: 347.756 GC heap before
{Heap before GC invocations=22 (full 5):
 PSYoungGen      total 101376K, used 8362K [0x00000000f5580000, 0x00000000fd580000, 0x0000000100000000)
  eden space 75776K, 3% used [0x00000000f5580000,0x00000000f58283f8,0x00000000f9f80000)
  from space 25600K, 22% used [0x00000000fbc80000,0x00000000fc202718,0x00000000fd580000)
  to   space 27648K, 0% used [0x00000000f9f80000,0x00000000f9f80000,0x00000000fba80000)
 ParOldGen       total 117760K, used 55074K [0x00000000e0000000, 0x00000000e7300000, 0x00000000f5580000)
  object space 117760K, 46% used [0x00000000e0000000,0x00000000e35c8940,0x00000000e7300000)
 Metaspace       used 83157K, capacity 90216K, committed 90544K, reserved 1128448K
  class space    used 9970K, capacity 12165K, committed 12208K, reserved 1048576K
Event: 347.760 GC heap after
Heap after GC invocations=22 (full 5):
 PSYoungGen      total 79872K, used 3991K [0x00000000f5580000, 0x00000000fd480000, 0x0000000100000000)
  eden space 75776K, 0% used [0x00000000f5580000,0x00000000f5580000,0x00000000f9f80000)
  from space 4096K, 97% used [0x00000000f9f80000,0x00000000fa365c70,0x00000000fa380000)
  to   space 27136K, 0% used [0x00000000fba00000,0x00000000fba00000,0x00000000fd480000)
 ParOldGen       total 117760K, used 55082K [0x00000000e0000000, 0x00000000e7300000, 0x00000000f5580000)
  object space 117760K, 46% used [0x00000000e0000000,0x00000000e35ca940,0x00000000e7300000)
 Metaspace       used 83157K, capacity 90216K, committed 90544K, reserved 1128448K
  class space    used 9970K, capacity 12165K, committed 12208K, reserved 1048576K
}
Event: 347.760 GC heap before
{Heap before GC invocations=23 (full 6):
 PSYoungGen      total 79872K, used 3991K [0x00000000f5580000, 0x00000000fd480000, 0x0000000100000000)
  eden space 75776K, 0% used [0x00000000f5580000,0x00000000f5580000,0x00000000f9f80000)
  from space 4096K, 97% used [0x00000000f9f80000,0x00000000fa365c70,0x00000000fa380000)
  to   space 27136K, 0% used [0x00000000fba00000,0x00000000fba00000,0x00000000fd480000)
 ParOldGen       total 117760K, used 55082K [0x00000000e0000000, 0x00000000e7300000, 0x00000000f5580000)
  object space 117760K, 46% used [0x00000000e0000000,0x00000000e35ca940,0x00000000e7300000)
 Metaspace       used 83157K, capacity 90216K, committed 90544K, reserved 1128448K
  class space    used 9970K, capacity 12165K, committed 12208K, reserved 1048576K
Event: 348.141 GC heap after
Heap after GC invocations=23 (full 6):
 PSYoungGen      total 79872K, used 0K [0x00000000f5580000, 0x00000000fd480000, 0x0000000100000000)
  eden space 75776K, 0% used [0x00000000f5580000,0x00000000f5580000,0x00000000f9f80000)
  from space 4096K, 0% used [0x00000000f9f80000,0x00000000f9f80000,0x00000000fa380000)
  to   space 27136K, 0% used [0x00000000fba00000,0x00000000fba00000,0x00000000fd480000)
 ParOldGen       total 117760K, used 57546K [0x00000000e0000000, 0x00000000e7300000, 0x00000000f5580000)
  object space 117760K, 48% used [0x00000000e0000000,0x00000000e3832ab8,0x00000000e7300000)
 Metaspace       used 83157K, capacity 90216K, committed 90544K, reserved 1128448K
  class space    used 9970K, capacity 12165K, committed 12208K, reserved 1048576K
}

