# JRE version: Java(TM) SE Runtime Environment (8.0_66-b18) (build 1.8.0_66-b18)
# Java VM: Java HotSpot(TM) 64-Bit Server VM (25.66-b18 mixed mode windows-amd64 compressed oops)
Heap:
 PSYoungGen      total 102912K, used 33144K [0x00000000f5580000, 0x00000000fcd00000, 0x0000000100000000)
  eden space 82432K, 37% used [0x00000000f5580000,0x00000000f73762c8,0x00000000fa600000)
  from space 20480K, 12% used [0x00000000fa600000,0x00000000fa868000,0x00000000fba00000)
  to   space 19456K, 0% used [0x00000000fba00000,0x00000000fba00000,0x00000000fcd00000)
 ParOldGen       total 116736K, used 59747K [0x00000000e0000000, 0x00000000e7200000, 0x00000000f5580000)
  object space 116736K, 51% used [0x00000000e0000000,0x00000000e3a58db8,0x00000000e7200000)
 Metaspace       used 88613K, capacity 96164K, committed 96552K, reserved 1132544K
  class space    used 10483K, capacity 12720K, committed 12840K, reserved 1048576K
GC Heap History (10 events):
Event: 361.237 GC heap before
{Heap before GC invocations=32 (full 8):
 PSYoungGen      total 102912K, used 2878K [0x00000000f5580000, 0x00000000fcf80000, 0x0000000100000000)
  eden space 81920K, 0% used [0x00000000f5580000,0x00000000f5580000,0x00000000fa580000)
  from space 20992K, 13% used [0x00000000fbb00000,0x00000000fbdcf8f0,0x00000000fcf80000)
  to   space 21504K, 0% used [0x00000000fa580000,0x00000000fa580000,0x00000000fba80000)
 ParOldGen       total 116736K, used 59257K [0x00000000e0000000, 0x00000000e7200000, 0x00000000f5580000)
  object space 116736K, 50% used [0x00000000e0000000,0x00000000e39de4a8,0x00000000e7200000)
 Metaspace       used 87315K, capacity 94754K, committed 95016K, reserved 1132544K
  class space    used 10385K, capacity 12491K, committed 12584K, reserved 1048576K
Event: 361.585 GC heap after
Heap after GC invocations=32 (full 8):
 PSYoungGen      total 102912K, used 0K [0x00000000f5580000, 0x00000000fcf80000, 0x0000000100000000)
  eden space 81920K, 0% used [0x00000000f5580000,0x00000000f5580000,0x00000000fa580000)
  from space 20992K, 0% used [0x00000000fbb00000,0x00000000fbb00000,0x00000000fcf80000)
  to   space 21504K, 0% used [0x00000000fa580000,0x00000000fa580000,0x00000000fba80000)
 ParOldGen       total 116736K, used 60198K [0x00000000e0000000, 0x00000000e7200000, 0x00000000f5580000)
  object space 116736K, 51% used [0x00000000e0000000,0x00000000e3ac9a20,0x00000000e7200000)
 Metaspace       used 87315K, capacity 94754K, committed 95016K, reserved 1132544K
  class space    used 10385K, capacity 12491K, committed 12584K, reserved 1048576K
}
Event: 421.257 GC heap before
{Heap before GC invocations=33 (full 8):
 PSYoungGen      total 102912K, used 5112K [0x00000000f5580000, 0x00000000fcf80000, 0x0000000100000000)
  eden space 81920K, 6% used [0x00000000f5580000,0x00000000f5a7e160,0x00000000fa580000)
  from space 20992K, 0% used [0x00000000fbb00000,0x00000000fbb00000,0x00000000fcf80000)
  to   space 21504K, 0% used [0x00000000fa580000,0x00000000fa580000,0x00000000fba80000)
 ParOldGen       total 116736K, used 60198K [0x00000000e0000000, 0x00000000e7200000, 0x00000000f5580000)
  object space 116736K, 51% used [0x00000000e0000000,0x00000000e3ac9a20,0x00000000e7200000)
 Metaspace       used 87403K, capacity 94882K, committed 95016K, reserved 1132544K
  class space    used 10391K, capacity 12555K, committed 12584K, reserved 1048576K
Event: 421.266 GC heap after
Heap after GC invocations=33 (full 8):
 PSYoungGen      total 82432K, used 352K [0x00000000f5580000, 0x00000000fce80000, 0x0000000100000000)
  eden space 81920K, 0% used [0x00000000f5580000,0x00000000f5580000,0x00000000fa580000)
  from space 512K, 68% used [0x00000000fa580000,0x00000000fa5d8000,0x00000000fa600000)
  to   space 20992K, 0% used [0x00000000fba00000,0x00000000fba00000,0x00000000fce80000)
 ParOldGen       total 116736K, used 60206K [0x00000000e0000000, 0x00000000e7200000, 0x00000000f5580000)
  object space 116736K, 51% used [0x00000000e0000000,0x00000000e3acba20,0x00000000e7200000)
 Metaspace       used 87403K, capacity 94882K, committed 95016K, reserved 1132544K
  class space    used 10391K, capacity 12555K, committed 12584K, reserved 1048576K
}
Event: 421.266 GC heap before
{Heap before GC invocations=34 (full 9):
 PSYoungGen      total 82432K, used 352K [0x00000000f5580000, 0x00000000fce80000, 0x0000000100000000)
  eden space 81920K, 0% used [0x00000000f5580000,0x00000000f5580000,0x00000000fa580000)
  from space 512K, 68% used [0x00000000fa580000,0x00000000fa5d8000,0x00000000fa600000)
  to   space 20992K, 0% used [0x00000000fba00000,0x00000000fba00000,0x00000000fce80000)
 ParOldGen       total 116736K, used 60206K [0x00000000e0000000, 0x00000000e7200000, 0x00000000f5580000)
  object space 116736K, 51% used [0x00000000e0000000,0x00000000e3acba20,0x00000000e7200000)
 Metaspace       used 87403K, capacity 94882K, committed 95016K, reserved 1132544K
  class space    used 10391K, capacity 12555K, committed 12584K, reserved 1048576K
Event: 421.555 GC heap after
Heap after GC invocations=34 (full 9):
 PSYoungGen      total 82432K, used 0K [0x00000000f5580000, 0x00000000fce80000, 0x0000000100000000)
  eden space 81920K, 0% used [0x00000000f5580000,0x00000000f5580000,0x00000000fa580000)
  from space 512K, 0% used [0x00000000fa580000,0x00000000fa580000,0x00000000fa600000)
  to   space 20992K, 0% used [0x00000000fba00000,0x00000000fba00000,0x00000000fce80000)
 ParOldGen       total 116736K, used 59731K [0x00000000e0000000, 0x00000000e7200000, 0x00000000f5580000)
  object space 116736K, 51% used [0x00000000e0000000,0x00000000e3a54db8,0x00000000e7200000)
 Metaspace       used 87403K, capacity 94882K, committed 95016K, reserved 1132544K
  class space    used 10391K, capacity 12555K, committed 12584K, reserved 1048576K
}
Event: 469.537 GC heap before
{Heap before GC invocations=35 (full 9):
 PSYoungGen      total 82432K, used 81920K [0x00000000f5580000, 0x00000000fce80000, 0x0000000100000000)
  eden space 81920K, 100% used [0x00000000f5580000,0x00000000fa580000,0x00000000fa580000)
  from space 512K, 0% used [0x00000000fa580000,0x00000000fa580000,0x00000000fa600000)
  to   space 20992K, 0% used [0x00000000fba00000,0x00000000fba00000,0x00000000fce80000)
 ParOldGen       total 116736K, used 59731K [0x00000000e0000000, 0x00000000e7200000, 0x00000000f5580000)
  object space 116736K, 51% used [0x00000000e0000000,0x00000000e3a54db8,0x00000000e7200000)
 Metaspace       used 87648K, capacity 95112K, committed 95400K, reserved 1132544K
  class space    used 10394K, capacity 12588K, committed 12712K, reserved 1048576K
Event: 469.541 GC heap after
Heap after GC invocations=35 (full 9):
 PSYoungGen      total 103424K, used 1824K [0x00000000f5580000, 0x00000000fce80000, 0x0000000100000000)
  eden space 82432K, 0% used [0x00000000f5580000,0x00000000f5580000,0x00000000fa600000)
  from space 20992K, 8% used [0x00000000fba00000,0x00000000fbbc8000,0x00000000fce80000)
  to   space 20480K, 0% used [0x00000000fa600000,0x00000000fa600000,0x00000000fba00000)
 ParOldGen       total 116736K, used 59739K [0x00000000e0000000, 0x00000000e7200000, 0x00000000f5580000)
  object space 116736K, 51% used [0x00000000e0000000,0x00000000e3a56db8,0x00000000e7200000)
 Metaspace       used 87648K, capacity 95112K, committed 95400K, reserved 1132544K
  class space    used 10394K, capacity 12588K, committed 12712K, reserved 1048576K
}
Event: 490.257 GC heap before
{Heap before GC invocations=36 (full 9):
 PSYoungGen      total 103424K, used 84256K [0x00000000f5580000, 0x00000000fce80000, 0x0000000100000000)
  eden space 82432K, 100% used [0x00000000f5580000,0x00000000fa600000,0x00000000fa600000)
  from space 20992K, 8% used [0x00000000fba00000,0x00000000fbbc8000,0x00000000fce80000)
  to   space 20480K, 0% used [0x00000000fa600000,0x00000000fa600000,0x00000000fba00000)
 ParOldGen       total 116736K, used 59739K [0x00000000e0000000, 0x00000000e7200000, 0x00000000f5580000)
  object space 116736K, 51% used [0x00000000e0000000,0x00000000e3a56db8,0x00000000e7200000)
 Metaspace       used 87931K, capacity 95552K, committed 95912K, reserved 1132544K
  class space    used 10408K, capacity 12624K, committed 12712K, reserved 1048576K
Event: 490.262 GC heap after
Heap after GC invocations=36 (full 9):
 PSYoungGen      total 102912K, used 2464K [0x00000000f5580000, 0x00000000fcd00000, 0x0000000100000000)
  eden space 82432K, 0% used [0x00000000f5580000,0x00000000f5580000,0x00000000fa600000)
  from space 20480K, 12% used [0x00000000fa600000,0x00000000fa868000,0x00000000fba00000)
  to   space 19456K, 0% used [0x00000000fba00000,0x00000000fba00000,0x00000000fcd00000)
 ParOldGen       total 116736K, used 59747K [0x00000000e0000000, 0x00000000e7200000, 0x00000000f5580000)
  object space 116736K, 51% used [0x00000000e0000000,0x00000000e3a58db8,0x00000000e7200000)
 Metaspace       used 87931K, capacity 95552K, committed 95912K, reserved 1132544K
  class space    used 10408K, capacity 12624K, committed 12712K, reserved 1048576K
}

