# JRE version: Java(TM) SE Runtime Environment (8.0_66-b18) (build 1.8.0_66-b18)
# Java VM: Java HotSpot(TM) 64-Bit Server VM (25.66-b18 mixed mode windows-amd64 compressed oops)
Heap:
 PSYoungGen      total 102912K, used 64261K [0x00000000f5580000, 0x00000000fd900000, 0x0000000100000000)
  eden space 73216K, 83% used [0x00000000f5580000,0x00000000f90ebb20,0x00000000f9d00000)
  from space 29696K, 11% used [0x00000000fbc00000,0x00000000fbf55c80,0x00000000fd900000)
  to   space 30720K, 0% used [0x00000000f9d00000,0x00000000f9d00000,0x00000000fbb00000)
 ParOldGen       total 121856K, used 56890K [0x00000000e0000000, 0x00000000e7700000, 0x00000000f5580000)
  object space 121856K, 46% used [0x00000000e0000000,0x00000000e378ea10,0x00000000e7700000)
 Metaspace       used 84512K, capacity 91884K, committed 91952K, reserved 1128448K
  class space    used 10105K, capacity 12336K, committed 12336K, reserved 1048576K
GC Heap History (10 events):
Event: 44.399 GC heap before
{Heap before GC invocations=16 (full 3):
 PSYoungGen      total 91136K, used 86614K [0x00000000f5580000, 0x00000000fca00000, 0x0000000100000000)
  eden space 66048K, 100% used [0x00000000f5580000,0x00000000f9600000,0x00000000f9600000)
  from space 25088K, 81% used [0x00000000fb000000,0x00000000fc4158f8,0x00000000fc880000)
  to   space 26624K, 0% used [0x00000000f9600000,0x00000000f9600000,0x00000000fb000000)
 ParOldGen       total 121856K, used 41516K [0x00000000e0000000, 0x00000000e7700000, 0x00000000f5580000)
  object space 121856K, 34% used [0x00000000e0000000,0x00000000e288b180,0x00000000e7700000)
 Metaspace       used 77768K, capacity 84168K, committed 84400K, reserved 1122304K
  class space    used 9422K, capacity 11335K, committed 11440K, reserved 1048576K
Event: 44.411 GC heap after
Heap after GC invocations=16 (full 3):
 PSYoungGen      total 92672K, used 22265K [0x00000000f5580000, 0x00000000fd380000, 0x0000000100000000)
  eden space 66048K, 0% used [0x00000000f5580000,0x00000000f5580000,0x00000000f9600000)
  from space 26624K, 83% used [0x00000000f9600000,0x00000000fabbe6f8,0x00000000fb000000)
  to   space 28672K, 0% used [0x00000000fb780000,0x00000000fb780000,0x00000000fd380000)
 ParOldGen       total 121856K, used 41524K [0x00000000e0000000, 0x00000000e7700000, 0x00000000f5580000)
  object space 121856K, 34% used [0x00000000e0000000,0x00000000e288d180,0x00000000e7700000)
 Metaspace       used 77768K, capacity 84168K, committed 84400K, reserved 1122304K
  class space    used 9422K, capacity 11335K, committed 11440K, reserved 1048576K
}
Event: 64.845 GC heap before
{Heap before GC invocations=17 (full 3):
 PSYoungGen      total 92672K, used 81308K [0x00000000f5580000, 0x00000000fd380000, 0x0000000100000000)
  eden space 66048K, 89% used [0x00000000f5580000,0x00000000f8f28c38,0x00000000f9600000)
  from space 26624K, 83% used [0x00000000f9600000,0x00000000fabbe6f8,0x00000000fb000000)
  to   space 28672K, 0% used [0x00000000fb780000,0x00000000fb780000,0x00000000fd380000)
 ParOldGen       total 121856K, used 41524K [0x00000000e0000000, 0x00000000e7700000, 0x00000000f5580000)
  object space 121856K, 34% used [0x00000000e0000000,0x00000000e288d180,0x00000000e7700000)
 Metaspace       used 79850K, capacity 86632K, committed 86704K, reserved 1124352K
  class space    used 9657K, capacity 11660K, committed 11696K, reserved 1048576K
Event: 64.860 GC heap after
Heap after GC invocations=17 (full 3):
 PSYoungGen      total 98304K, used 22626K [0x00000000f5580000, 0x00000000fd780000, 0x0000000100000000)
  eden space 69632K, 0% used [0x00000000f5580000,0x00000000f5580000,0x00000000f9980000)
  from space 28672K, 78% used [0x00000000fb780000,0x00000000fcd98a38,0x00000000fd380000)
  to   space 30720K, 0% used [0x00000000f9980000,0x00000000f9980000,0x00000000fb780000)
 ParOldGen       total 121856K, used 41532K [0x00000000e0000000, 0x00000000e7700000, 0x00000000f5580000)
  object space 121856K, 34% used [0x00000000e0000000,0x00000000e288f180,0x00000000e7700000)
 Metaspace       used 79850K, capacity 86632K, committed 86704K, reserved 1124352K
  class space    used 9657K, capacity 11660K, committed 11696K, reserved 1048576K
}
Event: 64.860 GC heap before
{Heap before GC invocations=18 (full 4):
 PSYoungGen      total 98304K, used 22626K [0x00000000f5580000, 0x00000000fd780000, 0x0000000100000000)
  eden space 69632K, 0% used [0x00000000f5580000,0x00000000f5580000,0x00000000f9980000)
  from space 28672K, 78% used [0x00000000fb780000,0x00000000fcd98a38,0x00000000fd380000)
  to   space 30720K, 0% used [0x00000000f9980000,0x00000000f9980000,0x00000000fb780000)
 ParOldGen       total 121856K, used 41532K [0x00000000e0000000, 0x00000000e7700000, 0x00000000f5580000)
  object space 121856K, 34% used [0x00000000e0000000,0x00000000e288f180,0x00000000e7700000)
 Metaspace       used 79850K, capacity 86632K, committed 86704K, reserved 1124352K
  class space    used 9657K, capacity 11660K, committed 11696K, reserved 1048576K
Event: 65.163 GC heap after
Heap after GC invocations=18 (full 4):
 PSYoungGen      total 98304K, used 0K [0x00000000f5580000, 0x00000000fd780000, 0x0000000100000000)
  eden space 69632K, 0% used [0x00000000f5580000,0x00000000f5580000,0x00000000f9980000)
  from space 28672K, 0% used [0x00000000fb780000,0x00000000fb780000,0x00000000fd380000)
  to   space 30720K, 0% used [0x00000000f9980000,0x00000000f9980000,0x00000000fb780000)
 ParOldGen       total 121856K, used 56874K [0x00000000e0000000, 0x00000000e7700000, 0x00000000f5580000)
  object space 121856K, 46% used [0x00000000e0000000,0x00000000e378aa10,0x00000000e7700000)
 Metaspace       used 79850K, capacity 86632K, committed 86704K, reserved 1124352K
  class space    used 9657K, capacity 11660K, committed 11696K, reserved 1048576K
}
Event: 172.188 GC heap before
{Heap before GC invocations=19 (full 4):
 PSYoungGen      total 98304K, used 69632K [0x00000000f5580000, 0x00000000fd780000, 0x0000000100000000)
  eden space 69632K, 100% used [0x00000000f5580000,0x00000000f9980000,0x00000000f9980000)
  from space 28672K, 0% used [0x00000000fb780000,0x00000000fb780000,0x00000000fd380000)
  to   space 30720K, 0% used [0x00000000f9980000,0x00000000f9980000,0x00000000fb780000)
 ParOldGen       total 121856K, used 56874K [0x00000000e0000000, 0x00000000e7700000, 0x00000000f5580000)
  object space 121856K, 46% used [0x00000000e0000000,0x00000000e378aa10,0x00000000e7700000)
 Metaspace       used 82484K, capacity 89820K, committed 90032K, reserved 1126400K
  class space    used 9942K, capacity 12142K, committed 12208K, reserved 1048576K
Event: 172.194 GC heap after
Heap after GC invocations=19 (full 4):
 PSYoungGen      total 100352K, used 5279K [0x00000000f5580000, 0x00000000fda00000, 0x0000000100000000)
  eden space 69632K, 0% used [0x00000000f5580000,0x00000000f5580000,0x00000000f9980000)
  from space 30720K, 17% used [0x00000000f9980000,0x00000000f9ea7f30,0x00000000fb780000)
  to   space 30720K, 0% used [0x00000000fbc00000,0x00000000fbc00000,0x00000000fda00000)
 ParOldGen       total 121856K, used 56882K [0x00000000e0000000, 0x00000000e7700000, 0x00000000f5580000)
  object space 121856K, 46% used [0x00000000e0000000,0x00000000e378ca10,0x00000000e7700000)
 Metaspace       used 82484K, capacity 89820K, committed 90032K, reserved 1126400K
  class space    used 9942K, capacity 12142K, committed 12208K, reserved 1048576K
}
Event: 208.539 GC heap before
{Heap before GC invocations=20 (full 4):
 PSYoungGen      total 100352K, used 74911K [0x00000000f5580000, 0x00000000fda00000, 0x0000000100000000)
  eden space 69632K, 100% used [0x00000000f5580000,0x00000000f9980000,0x00000000f9980000)
  from space 30720K, 17% used [0x00000000f9980000,0x00000000f9ea7f30,0x00000000fb780000)
  to   space 30720K, 0% used [0x00000000fbc00000,0x00000000fbc00000,0x00000000fda00000)
 ParOldGen       total 121856K, used 56882K [0x00000000e0000000, 0x00000000e7700000, 0x00000000f5580000)
  object space 121856K, 46% used [0x00000000e0000000,0x00000000e378ca10,0x00000000e7700000)
 Metaspace       used 82906K, capacity 90210K, committed 90544K, reserved 1128448K
  class space    used 9950K, capacity 12143K, committed 12208K, reserved 1048576K
Event: 208.543 GC heap after
Heap after GC invocations=20 (full 4):
 PSYoungGen      total 102912K, used 3415K [0x00000000f5580000, 0x00000000fd900000, 0x0000000100000000)
  eden space 73216K, 0% used [0x00000000f5580000,0x00000000f5580000,0x00000000f9d00000)
  from space 29696K, 11% used [0x00000000fbc00000,0x00000000fbf55c80,0x00000000fd900000)
  to   space 30720K, 0% used [0x00000000f9d00000,0x00000000f9d00000,0x00000000fbb00000)
 ParOldGen       total 121856K, used 56890K [0x00000000e0000000, 0x00000000e7700000, 0x00000000f5580000)
  object space 121856K, 46% used [0x00000000e0000000,0x00000000e378ea10,0x00000000e7700000)
 Metaspace       used 82906K, capacity 90210K, committed 90544K, reserved 1128448K
  class space    used 9950K, capacity 12143K, committed 12208K, reserved 1048576K
}

