# JRE version: Java(TM) SE Runtime Environment (8.0_66-b18) (build 1.8.0_66-b18)
# Java VM: Java HotSpot(TM) 64-Bit Server VM (25.66-b18 mixed mode windows-amd64 compressed oops)
Heap:
 PSYoungGen      total 84480K, used 29504K [0x00000000f5580000, 0x00000000fad80000, 0x0000000100000000)
  eden space 79872K, 34% used [0x00000000f5580000,0x00000000f70905f0,0x00000000fa380000)
  from space 4608K, 38% used [0x00000000fa900000,0x00000000faabfc60,0x00000000fad80000)
  to   space 5120K, 0% used [0x00000000fa380000,0x00000000fa380000,0x00000000fa880000)
 ParOldGen       total 121344K, used 46711K [0x00000000e0000000, 0x00000000e7680000, 0x00000000f5580000)
  object space 121344K, 38% used [0x00000000e0000000,0x00000000e2d9dfb8,0x00000000e7680000)
 Metaspace       used 88547K, capacity 95742K, committed 95920K, reserved 1132544K
  class space    used 10214K, capacity 12433K, committed 12464K, reserved 1048576K
GC Heap History (10 events):
Event: 1640.934 GC heap before
{Heap before GC invocations=67 (full 22):
 PSYoungGen      total 84480K, used 78848K [0x00000000f5580000, 0x00000000fae80000, 0x0000000100000000)
  eden space 78848K, 100% used [0x00000000f5580000,0x00000000fa280000,0x00000000fa280000)
  from space 5632K, 0% used [0x00000000fa900000,0x00000000fa900000,0x00000000fae80000)
  to   space 6144K, 0% used [0x00000000fa280000,0x00000000fa280000,0x00000000fa880000)
 ParOldGen       total 121344K, used 46592K [0x00000000e0000000, 0x00000000e7680000, 0x00000000f5580000)
  object space 121344K, 38% used [0x00000000e0000000,0x00000000e2d801e0,0x00000000e7680000)
 Metaspace       used 87483K, capacity 94840K, committed 95024K, reserved 1132544K
  class space    used 10111K, capacity 12303K, committed 12336K, reserved 1048576K
Event: 1640.938 GC heap after
Heap after GC invocations=67 (full 22):
 PSYoungGen      total 84992K, used 2274K [0x00000000f5580000, 0x00000000faf00000, 0x0000000100000000)
  eden space 78848K, 0% used [0x00000000f5580000,0x00000000f5580000,0x00000000fa280000)
  from space 6144K, 37% used [0x00000000fa280000,0x00000000fa4b8ba0,0x00000000fa880000)
  to   space 6144K, 0% used [0x00000000fa900000,0x00000000fa900000,0x00000000faf00000)
 ParOldGen       total 121344K, used 46600K [0x00000000e0000000, 0x00000000e7680000, 0x00000000f5580000)
  object space 121344K, 38% used [0x00000000e0000000,0x00000000e2d821e0,0x00000000e7680000)
 Metaspace       used 87483K, capacity 94840K, committed 95024K, reserved 1132544K
  class space    used 10111K, capacity 12303K, committed 12336K, reserved 1048576K
}
Event: 1645.922 GC heap before
{Heap before GC invocations=68 (full 22):
 PSYoungGen      total 84992K, used 17048K [0x00000000f5580000, 0x00000000faf00000, 0x0000000100000000)
  eden space 78848K, 18% used [0x00000000f5580000,0x00000000f63ed788,0x00000000fa280000)
  from space 6144K, 37% used [0x00000000fa280000,0x00000000fa4b8ba0,0x00000000fa880000)
  to   space 6144K, 0% used [0x00000000fa900000,0x00000000fa900000,0x00000000faf00000)
 ParOldGen       total 121344K, used 46600K [0x00000000e0000000, 0x00000000e7680000, 0x00000000f5580000)
  object space 121344K, 38% used [0x00000000e0000000,0x00000000e2d821e0,0x00000000e7680000)
 Metaspace       used 87502K, capacity 94840K, committed 95024K, reserved 1132544K
  class space    used 10111K, capacity 12303K, committed 12336K, reserved 1048576K
Event: 1645.926 GC heap after
Heap after GC invocations=68 (full 22):
 PSYoungGen      total 84480K, used 2265K [0x00000000f5580000, 0x00000000fae00000, 0x0000000100000000)
  eden space 79360K, 0% used [0x00000000f5580000,0x00000000f5580000,0x00000000fa300000)
  from space 5120K, 44% used [0x00000000fa900000,0x00000000fab367f0,0x00000000fae00000)
  to   space 5632K, 0% used [0x00000000fa300000,0x00000000fa300000,0x00000000fa880000)
 ParOldGen       total 121344K, used 46600K [0x00000000e0000000, 0x00000000e7680000, 0x00000000f5580000)
  object space 121344K, 38% used [0x00000000e0000000,0x00000000e2d821e0,0x00000000e7680000)
 Metaspace       used 87502K, capacity 94840K, committed 95024K, reserved 1132544K
  class space    used 10111K, capacity 12303K, committed 12336K, reserved 1048576K
}
Event: 1645.926 GC heap before
{Heap before GC invocations=69 (full 23):
 PSYoungGen      total 84480K, used 2265K [0x00000000f5580000, 0x00000000fae00000, 0x0000000100000000)
  eden space 79360K, 0% used [0x00000000f5580000,0x00000000f5580000,0x00000000fa300000)
  from space 5120K, 44% used [0x00000000fa900000,0x00000000fab367f0,0x00000000fae00000)
  to   space 5632K, 0% used [0x00000000fa300000,0x00000000fa300000,0x00000000fa880000)
 ParOldGen       total 121344K, used 46600K [0x00000000e0000000, 0x00000000e7680000, 0x00000000f5580000)
  object space 121344K, 38% used [0x00000000e0000000,0x00000000e2d821e0,0x00000000e7680000)
 Metaspace       used 87502K, capacity 94840K, committed 95024K, reserved 1132544K
  class space    used 10111K, capacity 12303K, committed 12336K, reserved 1048576K
Event: 1646.048 GC heap after
Heap after GC invocations=69 (full 23):
 PSYoungGen      total 84480K, used 0K [0x00000000f5580000, 0x00000000fae00000, 0x0000000100000000)
  eden space 79360K, 0% used [0x00000000f5580000,0x00000000f5580000,0x00000000fa300000)
  from space 5120K, 0% used [0x00000000fa900000,0x00000000fa900000,0x00000000fae00000)
  to   space 5632K, 0% used [0x00000000fa300000,0x00000000fa300000,0x00000000fa880000)
 ParOldGen       total 121344K, used 46703K [0x00000000e0000000, 0x00000000e7680000, 0x00000000f5580000)
  object space 121344K, 38% used [0x00000000e0000000,0x00000000e2d9bfb8,0x00000000e7680000)
 Metaspace       used 87502K, capacity 94840K, committed 95024K, reserved 1132544K
  class space    used 10111K, capacity 12303K, committed 12336K, reserved 1048576K
}
Event: 1704.513 GC heap before
{Heap before GC invocations=70 (full 23):
 PSYoungGen      total 84480K, used 79360K [0x00000000f5580000, 0x00000000fae00000, 0x0000000100000000)
  eden space 79360K, 100% used [0x00000000f5580000,0x00000000fa300000,0x00000000fa300000)
  from space 5120K, 0% used [0x00000000fa900000,0x00000000fa900000,0x00000000fae00000)
  to   space 5632K, 0% used [0x00000000fa300000,0x00000000fa300000,0x00000000fa880000)
 ParOldGen       total 121344K, used 46703K [0x00000000e0000000, 0x00000000e7680000, 0x00000000f5580000)
  object space 121344K, 38% used [0x00000000e0000000,0x00000000e2d9bfb8,0x00000000e7680000)
 Metaspace       used 87605K, capacity 94840K, committed 95024K, reserved 1132544K
  class space    used 10111K, capacity 12303K, committed 12336K, reserved 1048576K
Event: 1704.516 GC heap after
Heap after GC invocations=70 (full 23):
 PSYoungGen      total 84992K, used 1191K [0x00000000f5580000, 0x00000000fae80000, 0x0000000100000000)
  eden space 79360K, 0% used [0x00000000f5580000,0x00000000f5580000,0x00000000fa300000)
  from space 5632K, 21% used [0x00000000fa300000,0x00000000fa429c80,0x00000000fa880000)
  to   space 5632K, 0% used [0x00000000fa900000,0x00000000fa900000,0x00000000fae80000)
 ParOldGen       total 121344K, used 46703K [0x00000000e0000000, 0x00000000e7680000, 0x00000000f5580000)
  object space 121344K, 38% used [0x00000000e0000000,0x00000000e2d9bfb8,0x00000000e7680000)
 Metaspace       used 87605K, capacity 94840K, committed 95024K, reserved 1132544K
  class space    used 10111K, capacity 12303K, committed 12336K, reserved 1048576K
}
Event: 1722.774 GC heap before
{Heap before GC invocations=71 (full 23):
 PSYoungGen      total 84992K, used 80551K [0x00000000f5580000, 0x00000000fae80000, 0x0000000100000000)
  eden space 79360K, 100% used [0x00000000f5580000,0x00000000fa300000,0x00000000fa300000)
  from space 5632K, 21% used [0x00000000fa300000,0x00000000fa429c80,0x00000000fa880000)
  to   space 5632K, 0% used [0x00000000fa900000,0x00000000fa900000,0x00000000fae80000)
 ParOldGen       total 121344K, used 46703K [0x00000000e0000000, 0x00000000e7680000, 0x00000000f5580000)
  object space 121344K, 38% used [0x00000000e0000000,0x00000000e2d9bfb8,0x00000000e7680000)
 Metaspace       used 87823K, capacity 94938K, committed 95152K, reserved 1132544K
  class space    used 10129K, capacity 12337K, committed 12464K, reserved 1048576K
Event: 1722.778 GC heap after
Heap after GC invocations=71 (full 23):
 PSYoungGen      total 84480K, used 1791K [0x00000000f5580000, 0x00000000fad80000, 0x0000000100000000)
  eden space 79872K, 0% used [0x00000000f5580000,0x00000000f5580000,0x00000000fa380000)
  from space 4608K, 38% used [0x00000000fa900000,0x00000000faabfc60,0x00000000fad80000)
  to   space 5120K, 0% used [0x00000000fa380000,0x00000000fa380000,0x00000000fa880000)
 ParOldGen       total 121344K, used 46711K [0x00000000e0000000, 0x00000000e7680000, 0x00000000f5580000)
  object space 121344K, 38% used [0x00000000e0000000,0x00000000e2d9dfb8,0x00000000e7680000)
 Metaspace       used 87823K, capacity 94938K, committed 95152K, reserved 1132544K
  class space    used 10129K, capacity 12337K, committed 12464K, reserved 1048576K
}

