# JRE version: Java(TM) SE Runtime Environment (8.0_66-b18) (build 1.8.0_66-b18)
# Java VM: Java HotSpot(TM) 64-Bit Server VM (25.66-b18 mixed mode windows-amd64 compressed oops)
Heap:
 PSYoungGen      total 107520K, used 35677K [0x00000000f5580000, 0x00000000fde00000, 0x0000000100000000)
  eden space 76800K, 46% used [0x00000000f5580000,0x00000000f7857620,0x00000000fa080000)
  from space 30720K, 0% used [0x00000000fbf00000,0x00000000fbf00000,0x00000000fdd00000)
  to   space 31232K, 0% used [0x00000000fa080000,0x00000000fa080000,0x00000000fbf00000)
 ParOldGen       total 119808K, used 57150K [0x00000000e0000000, 0x00000000e7500000, 0x00000000f5580000)
  object space 119808K, 47% used [0x00000000e0000000,0x00000000e37cf898,0x00000000e7500000)
 Metaspace       used 83731K, capacity 91086K, committed 91176K, reserved 1128448K
  class space    used 10072K, capacity 12303K, committed 12328K, reserved 1048576K
GC Heap History (10 events):
Event: 63.823 GC heap before
{Heap before GC invocations=17 (full 3):
 PSYoungGen      total 95232K, used 86705K [0x00000000f5580000, 0x00000000fd600000, 0x0000000100000000)
  eden space 68096K, 95% used [0x00000000f5580000,0x00000000f9548e60,0x00000000f9800000)
  from space 27136K, 78% used [0x00000000f9800000,0x00000000face3780,0x00000000fb280000)
  to   space 28672K, 0% used [0x00000000fba00000,0x00000000fba00000,0x00000000fd600000)
 ParOldGen       total 119808K, used 41407K [0x00000000e0000000, 0x00000000e7500000, 0x00000000f5580000)
  object space 119808K, 34% used [0x00000000e0000000,0x00000000e286fd68,0x00000000e7500000)
 Metaspace       used 79291K, capacity 85944K, committed 86184K, reserved 1124352K
  class space    used 9604K, capacity 11618K, committed 11688K, reserved 1048576K
Event: 63.837 GC heap after
Heap after GC invocations=17 (full 3):
 PSYoungGen      total 100864K, used 23409K [0x00000000f5580000, 0x00000000fda00000, 0x0000000100000000)
  eden space 72192K, 0% used [0x00000000f5580000,0x00000000f5580000,0x00000000f9c00000)
  from space 28672K, 81% used [0x00000000fba00000,0x00000000fd0dc7a0,0x00000000fd600000)
  to   space 30720K, 0% used [0x00000000f9c00000,0x00000000f9c00000,0x00000000fba00000)
 ParOldGen       total 119808K, used 41415K [0x00000000e0000000, 0x00000000e7500000, 0x00000000f5580000)
  object space 119808K, 34% used [0x00000000e0000000,0x00000000e2871d68,0x00000000e7500000)
 Metaspace       used 79291K, capacity 85944K, committed 86184K, reserved 1124352K
  class space    used 9604K, capacity 11618K, committed 11688K, reserved 1048576K
}
Event: 63.837 GC heap before
{Heap before GC invocations=18 (full 4):
 PSYoungGen      total 100864K, used 23409K [0x00000000f5580000, 0x00000000fda00000, 0x0000000100000000)
  eden space 72192K, 0% used [0x00000000f5580000,0x00000000f5580000,0x00000000f9c00000)
  from space 28672K, 81% used [0x00000000fba00000,0x00000000fd0dc7a0,0x00000000fd600000)
  to   space 30720K, 0% used [0x00000000f9c00000,0x00000000f9c00000,0x00000000fba00000)
 ParOldGen       total 119808K, used 41415K [0x00000000e0000000, 0x00000000e7500000, 0x00000000f5580000)
  object space 119808K, 34% used [0x00000000e0000000,0x00000000e2871d68,0x00000000e7500000)
 Metaspace       used 79291K, capacity 85944K, committed 86184K, reserved 1124352K
  class space    used 9604K, capacity 11618K, committed 11688K, reserved 1048576K
Event: 64.190 GC heap after
Heap after GC invocations=18 (full 4):
 PSYoungGen      total 100864K, used 0K [0x00000000f5580000, 0x00000000fda00000, 0x0000000100000000)
  eden space 72192K, 0% used [0x00000000f5580000,0x00000000f5580000,0x00000000f9c00000)
  from space 28672K, 0% used [0x00000000fba00000,0x00000000fba00000,0x00000000fd600000)
  to   space 30720K, 0% used [0x00000000f9c00000,0x00000000f9c00000,0x00000000fba00000)
 ParOldGen       total 119808K, used 57540K [0x00000000e0000000, 0x00000000e7500000, 0x00000000f5580000)
  object space 119808K, 48% used [0x00000000e0000000,0x00000000e3831298,0x00000000e7500000)
 Metaspace       used 79291K, capacity 85944K, committed 86184K, reserved 1124352K
  class space    used 9604K, capacity 11618K, committed 11688K, reserved 1048576K
}
Event: 83.236 GC heap before
{Heap before GC invocations=19 (full 4):
 PSYoungGen      total 100864K, used 72192K [0x00000000f5580000, 0x00000000fda00000, 0x0000000100000000)
  eden space 72192K, 100% used [0x00000000f5580000,0x00000000f9c00000,0x00000000f9c00000)
  from space 28672K, 0% used [0x00000000fba00000,0x00000000fba00000,0x00000000fd600000)
  to   space 30720K, 0% used [0x00000000f9c00000,0x00000000f9c00000,0x00000000fba00000)
 ParOldGen       total 119808K, used 57540K [0x00000000e0000000, 0x00000000e7500000, 0x00000000f5580000)
  object space 119808K, 48% used [0x00000000e0000000,0x00000000e3831298,0x00000000e7500000)
 Metaspace       used 81962K, capacity 89520K, committed 89768K, reserved 1126400K
  class space    used 9899K, capacity 12105K, committed 12200K, reserved 1048576K
Event: 83.242 GC heap after
Heap after GC invocations=19 (full 4):
 PSYoungGen      total 102912K, used 4929K [0x00000000f5580000, 0x00000000fdd00000, 0x0000000100000000)
  eden space 72192K, 0% used [0x00000000f5580000,0x00000000f5580000,0x00000000f9c00000)
  from space 30720K, 16% used [0x00000000f9c00000,0x00000000fa0d0708,0x00000000fba00000)
  to   space 30720K, 0% used [0x00000000fbf00000,0x00000000fbf00000,0x00000000fdd00000)
 ParOldGen       total 119808K, used 57548K [0x00000000e0000000, 0x00000000e7500000, 0x00000000f5580000)
  object space 119808K, 48% used [0x00000000e0000000,0x00000000e3833298,0x00000000e7500000)
 Metaspace       used 81962K, capacity 89520K, committed 89768K, reserved 1126400K
  class space    used 9899K, capacity 12105K, committed 12200K, reserved 1048576K
}
Event: 260.055 GC heap before
{Heap before GC invocations=20 (full 4):
 PSYoungGen      total 102912K, used 30859K [0x00000000f5580000, 0x00000000fdd00000, 0x0000000100000000)
  eden space 72192K, 35% used [0x00000000f5580000,0x00000000f6ed25a8,0x00000000f9c00000)
  from space 30720K, 16% used [0x00000000f9c00000,0x00000000fa0d0708,0x00000000fba00000)
  to   space 30720K, 0% used [0x00000000fbf00000,0x00000000fbf00000,0x00000000fdd00000)
 ParOldGen       total 119808K, used 57548K [0x00000000e0000000, 0x00000000e7500000, 0x00000000f5580000)
  object space 119808K, 48% used [0x00000000e0000000,0x00000000e3833298,0x00000000e7500000)
 Metaspace       used 82382K, capacity 89866K, committed 90024K, reserved 1126400K
  class space    used 9932K, capacity 12111K, committed 12200K, reserved 1048576K
Event: 260.059 GC heap after
Heap after GC invocations=20 (full 4):
 PSYoungGen      total 107520K, used 3282K [0x00000000f5580000, 0x00000000fde00000, 0x0000000100000000)
  eden space 76800K, 0% used [0x00000000f5580000,0x00000000f5580000,0x00000000fa080000)
  from space 30720K, 10% used [0x00000000fbf00000,0x00000000fc234a90,0x00000000fdd00000)
  to   space 31232K, 0% used [0x00000000fa080000,0x00000000fa080000,0x00000000fbf00000)
 ParOldGen       total 119808K, used 57556K [0x00000000e0000000, 0x00000000e7500000, 0x00000000f5580000)
  object space 119808K, 48% used [0x00000000e0000000,0x00000000e3835298,0x00000000e7500000)
 Metaspace       used 82382K, capacity 89866K, committed 90024K, reserved 1126400K
  class space    used 9932K, capacity 12111K, committed 12200K, reserved 1048576K
}
Event: 260.059 GC heap before
{Heap before GC invocations=21 (full 5):
 PSYoungGen      total 107520K, used 3282K [0x00000000f5580000, 0x00000000fde00000, 0x0000000100000000)
  eden space 76800K, 0% used [0x00000000f5580000,0x00000000f5580000,0x00000000fa080000)
  from space 30720K, 10% used [0x00000000fbf00000,0x00000000fc234a90,0x00000000fdd00000)
  to   space 31232K, 0% used [0x00000000fa080000,0x00000000fa080000,0x00000000fbf00000)
 ParOldGen       total 119808K, used 57556K [0x00000000e0000000, 0x00000000e7500000, 0x00000000f5580000)
  object space 119808K, 48% used [0x00000000e0000000,0x00000000e3835298,0x00000000e7500000)
 Metaspace       used 82382K, capacity 89866K, committed 90024K, reserved 1126400K
  class space    used 9932K, capacity 12111K, committed 12200K, reserved 1048576K
Event: 260.433 GC heap after
Heap after GC invocations=21 (full 5):
 PSYoungGen      total 107520K, used 0K [0x00000000f5580000, 0x00000000fde00000, 0x0000000100000000)
  eden space 76800K, 0% used [0x00000000f5580000,0x00000000f5580000,0x00000000fa080000)
  from space 30720K, 0% used [0x00000000fbf00000,0x00000000fbf00000,0x00000000fdd00000)
  to   space 31232K, 0% used [0x00000000fa080000,0x00000000fa080000,0x00000000fbf00000)
 ParOldGen       total 119808K, used 57150K [0x00000000e0000000, 0x00000000e7500000, 0x00000000f5580000)
  object space 119808K, 47% used [0x00000000e0000000,0x00000000e37cf898,0x00000000e7500000)
 Metaspace       used 82382K, capacity 89866K, committed 90024K, reserved 1126400K
  class space    used 9932K, capacity 12111K, committed 12200K, reserved 1048576K
}

