# JRE version: Java(TM) SE Runtime Environment (8.0_66-b18) (build 1.8.0_66-b18)
# Java VM: Java HotSpot(TM) 64-Bit Server VM (25.66-b18 mixed mode windows-amd64 compressed oops)
Heap:
 PSYoungGen      total 127488K, used 44500K [0x00000000f5580000, 0x00000000ff800000, 0x0000000100000000)
  eden space 88576K, 50% used [0x00000000f5580000,0x00000000f80f5278,0x00000000fac00000)
  from space 38912K, 0% used [0x00000000fac00000,0x00000000fac00000,0x00000000fd200000)
  to   space 38912K, 0% used [0x00000000fd200000,0x00000000fd200000,0x00000000ff800000)
 ParOldGen       total 111616K, used 65724K [0x00000000e0000000, 0x00000000e6d00000, 0x00000000f5580000)
  object space 111616K, 58% used [0x00000000e0000000,0x00000000e402f290,0x00000000e6d00000)
 Metaspace       used 93666K, capacity 101750K, committed 101912K, reserved 1136640K
  class space    used 11356K, capacity 13755K, committed 13872K, reserved 1048576K
GC Heap History (10 events):
Event: 110.907 GC heap before
{Heap before GC invocations=23 (full 4):
 PSYoungGen      total 121856K, used 83968K [0x00000000f5580000, 0x00000000ff600000, 0x0000000100000000)
  eden space 83968K, 100% used [0x00000000f5580000,0x00000000fa780000,0x00000000fa780000)
  from space 37888K, 0% used [0x00000000fce00000,0x00000000fce00000,0x00000000ff300000)
  to   space 39424K, 0% used [0x00000000fa780000,0x00000000fa780000,0x00000000fce00000)
 ParOldGen       total 111616K, used 61662K [0x00000000e0000000, 0x00000000e6d00000, 0x00000000f5580000)
  object space 111616K, 55% used [0x00000000e0000000,0x00000000e3c37a10,0x00000000e6d00000)
 Metaspace       used 90741K, capacity 98202K, committed 98328K, reserved 1134592K
  class space    used 11059K, capacity 13343K, committed 13360K, reserved 1048576K
Event: 110.917 GC heap after
Heap after GC invocations=23 (full 4):
 PSYoungGen      total 123392K, used 7220K [0x00000000f5580000, 0x00000000ff800000, 0x0000000100000000)
  eden space 83968K, 0% used [0x00000000f5580000,0x00000000f5580000,0x00000000fa780000)
  from space 39424K, 18% used [0x00000000fa780000,0x00000000fae8d118,0x00000000fce00000)
  to   space 38912K, 0% used [0x00000000fd200000,0x00000000fd200000,0x00000000ff800000)
 ParOldGen       total 111616K, used 61670K [0x00000000e0000000, 0x00000000e6d00000, 0x00000000f5580000)
  object space 111616K, 55% used [0x00000000e0000000,0x00000000e3c39a10,0x00000000e6d00000)
 Metaspace       used 90741K, capacity 98202K, committed 98328K, reserved 1134592K
  class space    used 11059K, capacity 13343K, committed 13360K, reserved 1048576K
}
Event: 125.517 GC heap before
{Heap before GC invocations=24 (full 4):
 PSYoungGen      total 123392K, used 20421K [0x00000000f5580000, 0x00000000ff800000, 0x0000000100000000)
  eden space 83968K, 15% used [0x00000000f5580000,0x00000000f6264420,0x00000000fa780000)
  from space 39424K, 18% used [0x00000000fa780000,0x00000000fae8d118,0x00000000fce00000)
  to   space 38912K, 0% used [0x00000000fd200000,0x00000000fd200000,0x00000000ff800000)
 ParOldGen       total 111616K, used 61670K [0x00000000e0000000, 0x00000000e6d00000, 0x00000000f5580000)
  object space 111616K, 55% used [0x00000000e0000000,0x00000000e3c39a10,0x00000000e6d00000)
 Metaspace       used 91695K, capacity 99370K, committed 99480K, reserved 1134592K
  class space    used 11189K, capacity 13455K, committed 13488K, reserved 1048576K
Event: 125.532 GC heap after
Heap after GC invocations=24 (full 4):
 PSYoungGen      total 127488K, used 4875K [0x00000000f5580000, 0x00000000ff800000, 0x0000000100000000)
  eden space 88576K, 0% used [0x00000000f5580000,0x00000000f5580000,0x00000000fac00000)
  from space 38912K, 12% used [0x00000000fd200000,0x00000000fd6c2e90,0x00000000ff800000)
  to   space 38912K, 0% used [0x00000000fac00000,0x00000000fac00000,0x00000000fd200000)
 ParOldGen       total 111616K, used 61678K [0x00000000e0000000, 0x00000000e6d00000, 0x00000000f5580000)
  object space 111616K, 55% used [0x00000000e0000000,0x00000000e3c3ba10,0x00000000e6d00000)
 Metaspace       used 91695K, capacity 99370K, committed 99480K, reserved 1134592K
  class space    used 11189K, capacity 13455K, committed 13488K, reserved 1048576K
}
Event: 125.532 GC heap before
{Heap before GC invocations=25 (full 5):
 PSYoungGen      total 127488K, used 4875K [0x00000000f5580000, 0x00000000ff800000, 0x0000000100000000)
  eden space 88576K, 0% used [0x00000000f5580000,0x00000000f5580000,0x00000000fac00000)
  from space 38912K, 12% used [0x00000000fd200000,0x00000000fd6c2e90,0x00000000ff800000)
  to   space 38912K, 0% used [0x00000000fac00000,0x00000000fac00000,0x00000000fd200000)
 ParOldGen       total 111616K, used 61678K [0x00000000e0000000, 0x00000000e6d00000, 0x00000000f5580000)
  object space 111616K, 55% used [0x00000000e0000000,0x00000000e3c3ba10,0x00000000e6d00000)
 Metaspace       used 91695K, capacity 99370K, committed 99480K, reserved 1134592K
  class space    used 11189K, capacity 13455K, committed 13488K, reserved 1048576K
Event: 126.015 GC heap after
Heap after GC invocations=25 (full 5):
 PSYoungGen      total 127488K, used 0K [0x00000000f5580000, 0x00000000ff800000, 0x0000000100000000)
  eden space 88576K, 0% used [0x00000000f5580000,0x00000000f5580000,0x00000000fac00000)
  from space 38912K, 0% used [0x00000000fd200000,0x00000000fd200000,0x00000000ff800000)
  to   space 38912K, 0% used [0x00000000fac00000,0x00000000fac00000,0x00000000fd200000)
 ParOldGen       total 111616K, used 65861K [0x00000000e0000000, 0x00000000e6d00000, 0x00000000f5580000)
  object space 111616K, 59% used [0x00000000e0000000,0x00000000e4051670,0x00000000e6d00000)
 Metaspace       used 91695K, capacity 99370K, committed 99480K, reserved 1134592K
  class space    used 11189K, capacity 13455K, committed 13488K, reserved 1048576K
}
Event: 185.524 GC heap before
{Heap before GC invocations=26 (full 5):
 PSYoungGen      total 127488K, used 73536K [0x00000000f5580000, 0x00000000ff800000, 0x0000000100000000)
  eden space 88576K, 83% used [0x00000000f5580000,0x00000000f9d50070,0x00000000fac00000)
  from space 38912K, 0% used [0x00000000fd200000,0x00000000fd200000,0x00000000ff800000)
  to   space 38912K, 0% used [0x00000000fac00000,0x00000000fac00000,0x00000000fd200000)
 ParOldGen       total 111616K, used 65861K [0x00000000e0000000, 0x00000000e6d00000, 0x00000000f5580000)
  object space 111616K, 59% used [0x00000000e0000000,0x00000000e4051670,0x00000000e6d00000)
 Metaspace       used 92408K, capacity 100316K, committed 100376K, reserved 1136640K
  class space    used 11229K, capacity 13560K, committed 13616K, reserved 1048576K
Event: 185.536 GC heap after
Heap after GC invocations=26 (full 5):
 PSYoungGen      total 127488K, used 2330K [0x00000000f5580000, 0x00000000ff800000, 0x0000000100000000)
  eden space 88576K, 0% used [0x00000000f5580000,0x00000000f5580000,0x00000000fac00000)
  from space 38912K, 5% used [0x00000000fac00000,0x00000000fae46980,0x00000000fd200000)
  to   space 38912K, 0% used [0x00000000fd200000,0x00000000fd200000,0x00000000ff800000)
 ParOldGen       total 111616K, used 65869K [0x00000000e0000000, 0x00000000e6d00000, 0x00000000f5580000)
  object space 111616K, 59% used [0x00000000e0000000,0x00000000e4053670,0x00000000e6d00000)
 Metaspace       used 92408K, capacity 100316K, committed 100376K, reserved 1136640K
  class space    used 11229K, capacity 13560K, committed 13616K, reserved 1048576K
}
Event: 185.537 GC heap before
{Heap before GC invocations=27 (full 6):
 PSYoungGen      total 127488K, used 2330K [0x00000000f5580000, 0x00000000ff800000, 0x0000000100000000)
  eden space 88576K, 0% used [0x00000000f5580000,0x00000000f5580000,0x00000000fac00000)
  from space 38912K, 5% used [0x00000000fac00000,0x00000000fae46980,0x00000000fd200000)
  to   space 38912K, 0% used [0x00000000fd200000,0x00000000fd200000,0x00000000ff800000)
 ParOldGen       total 111616K, used 65869K [0x00000000e0000000, 0x00000000e6d00000, 0x00000000f5580000)
  object space 111616K, 59% used [0x00000000e0000000,0x00000000e4053670,0x00000000e6d00000)
 Metaspace       used 92408K, capacity 100316K, committed 100376K, reserved 1136640K
  class space    used 11229K, capacity 13560K, committed 13616K, reserved 1048576K
Event: 185.874 GC heap after
Heap after GC invocations=27 (full 6):
 PSYoungGen      total 127488K, used 0K [0x00000000f5580000, 0x00000000ff800000, 0x0000000100000000)
  eden space 88576K, 0% used [0x00000000f5580000,0x00000000f5580000,0x00000000fac00000)
  from space 38912K, 0% used [0x00000000fac00000,0x00000000fac00000,0x00000000fd200000)
  to   space 38912K, 0% used [0x00000000fd200000,0x00000000fd200000,0x00000000ff800000)
 ParOldGen       total 111616K, used 65724K [0x00000000e0000000, 0x00000000e6d00000, 0x00000000f5580000)
  object space 111616K, 58% used [0x00000000e0000000,0x00000000e402f290,0x00000000e6d00000)
 Metaspace       used 92408K, capacity 100316K, committed 100376K, reserved 1136640K
  class space    used 11229K, capacity 13560K, committed 13616K, reserved 1048576K
}

