# JRE version: Java(TM) SE Runtime Environment (8.0_66-b18) (build 1.8.0_66-b18)
# Java VM: Java HotSpot(TM) 64-Bit Server VM (25.66-b18 mixed mode windows-amd64 compressed oops)
Heap:
 PSYoungGen      total 145920K, used 50844K [0x00000000f5580000, 0x0000000100000000, 0x0000000100000000)
  eden space 117248K, 43% used [0x00000000f5580000,0x00000000f8727318,0x00000000fc800000)
  from space 28672K, 0% used [0x00000000fe400000,0x00000000fe400000,0x0000000100000000)
  to   space 28672K, 0% used [0x00000000fc800000,0x00000000fc800000,0x00000000fe400000)
 ParOldGen       total 96768K, used 67982K [0x00000000e0000000, 0x00000000e5e80000, 0x00000000f5580000)
  object space 96768K, 70% used [0x00000000e0000000,0x00000000e42638b0,0x00000000e5e80000)
 Metaspace       used 92853K, capacity 100894K, committed 101092K, reserved 1136640K
  class space    used 11300K, capacity 13681K, committed 13796K, reserved 1048576K
GC Heap History (10 events):
Event: 52.291 GC heap before
{Heap before GC invocations=19 (full 3):
 PSYoungGen      total 142336K, used 142328K [0x00000000f5580000, 0x0000000100000000, 0x0000000100000000)
  eden space 117248K, 100% used [0x00000000f5580000,0x00000000fc800000,0x00000000fc800000)
  from space 25088K, 99% used [0x00000000fc800000,0x00000000fe07e2b0,0x00000000fe080000)
  to   space 30208K, 0% used [0x00000000fe280000,0x00000000fe280000,0x0000000100000000)
 ParOldGen       total 96768K, used 40507K [0x00000000e0000000, 0x00000000e5e80000, 0x00000000f5580000)
  object space 96768K, 41% used [0x00000000e0000000,0x00000000e278ed98,0x00000000e5e80000)
 Metaspace       used 85936K, capacity 92718K, committed 92900K, reserved 1130496K
  class space    used 10426K, capacity 12453K, committed 12516K, reserved 1048576K
Event: 52.307 GC heap after
Heap after GC invocations=19 (full 3):
 PSYoungGen      total 145408K, used 14806K [0x00000000f5580000, 0x0000000100000000, 0x0000000100000000)
  eden space 115200K, 0% used [0x00000000f5580000,0x00000000f5580000,0x00000000fc600000)
  from space 30208K, 49% used [0x00000000fe280000,0x00000000ff0f5a98,0x0000000100000000)
  to   space 29184K, 0% used [0x00000000fc600000,0x00000000fc600000,0x00000000fe280000)
 ParOldGen       total 96768K, used 51870K [0x00000000e0000000, 0x00000000e5e80000, 0x00000000f5580000)
  object space 96768K, 53% used [0x00000000e0000000,0x00000000e32a7a78,0x00000000e5e80000)
 Metaspace       used 85936K, capacity 92718K, committed 92900K, reserved 1130496K
  class space    used 10426K, capacity 12453K, committed 12516K, reserved 1048576K
}
Event: 64.668 GC heap before
{Heap before GC invocations=20 (full 3):
 PSYoungGen      total 145408K, used 64419K [0x00000000f5580000, 0x0000000100000000, 0x0000000100000000)
  eden space 115200K, 43% used [0x00000000f5580000,0x00000000f85f32a8,0x00000000fc600000)
  from space 30208K, 49% used [0x00000000fe280000,0x00000000ff0f5a98,0x0000000100000000)
  to   space 29184K, 0% used [0x00000000fc600000,0x00000000fc600000,0x00000000fe280000)
 ParOldGen       total 96768K, used 51870K [0x00000000e0000000, 0x00000000e5e80000, 0x00000000f5580000)
  object space 96768K, 53% used [0x00000000e0000000,0x00000000e32a7a78,0x00000000e5e80000)
 Metaspace       used 87830K, capacity 95142K, committed 95332K, reserved 1132544K
  class space    used 10668K, capacity 12790K, committed 12900K, reserved 1048576K
Event: 64.678 GC heap after
Heap after GC invocations=20 (full 3):
 PSYoungGen      total 144384K, used 17410K [0x00000000f5580000, 0x0000000100000000, 0x0000000100000000)
  eden space 115200K, 0% used [0x00000000f5580000,0x00000000f5580000,0x00000000fc600000)
  from space 29184K, 59% used [0x00000000fc600000,0x00000000fd7008c8,0x00000000fe280000)
  to   space 28672K, 0% used [0x00000000fe400000,0x00000000fe400000,0x0000000100000000)
 ParOldGen       total 96768K, used 51878K [0x00000000e0000000, 0x00000000e5e80000, 0x00000000f5580000)
  object space 96768K, 53% used [0x00000000e0000000,0x00000000e32a9a78,0x00000000e5e80000)
 Metaspace       used 87830K, capacity 95142K, committed 95332K, reserved 1132544K
  class space    used 10668K, capacity 12790K, committed 12900K, reserved 1048576K
}
Event: 64.679 GC heap before
{Heap before GC invocations=21 (full 4):
 PSYoungGen      total 144384K, used 17410K [0x00000000f5580000, 0x0000000100000000, 0x0000000100000000)
  eden space 115200K, 0% used [0x00000000f5580000,0x00000000f5580000,0x00000000fc600000)
  from space 29184K, 59% used [0x00000000fc600000,0x00000000fd7008c8,0x00000000fe280000)
  to   space 28672K, 0% used [0x00000000fe400000,0x00000000fe400000,0x0000000100000000)
 ParOldGen       total 96768K, used 51878K [0x00000000e0000000, 0x00000000e5e80000, 0x00000000f5580000)
  object space 96768K, 53% used [0x00000000e0000000,0x00000000e32a9a78,0x00000000e5e80000)
 Metaspace       used 87830K, capacity 95142K, committed 95332K, reserved 1132544K
  class space    used 10668K, capacity 12790K, committed 12900K, reserved 1048576K
Event: 65.101 GC heap after
Heap after GC invocations=21 (full 4):
 PSYoungGen      total 144384K, used 0K [0x00000000f5580000, 0x0000000100000000, 0x0000000100000000)
  eden space 115200K, 0% used [0x00000000f5580000,0x00000000f5580000,0x00000000fc600000)
  from space 29184K, 0% used [0x00000000fc600000,0x00000000fc600000,0x00000000fe280000)
  to   space 28672K, 0% used [0x00000000fe400000,0x00000000fe400000,0x0000000100000000)
 ParOldGen       total 96768K, used 64026K [0x00000000e0000000, 0x00000000e5e80000, 0x00000000f5580000)
  object space 96768K, 66% used [0x00000000e0000000,0x00000000e3e86948,0x00000000e5e80000)
 Metaspace       used 87830K, capacity 95142K, committed 95332K, reserved 1132544K
  class space    used 10668K, capacity 12790K, committed 12900K, reserved 1048576K
}
Event: 124.964 GC heap before
{Heap before GC invocations=22 (full 4):
 PSYoungGen      total 144384K, used 79585K [0x00000000f5580000, 0x0000000100000000, 0x0000000100000000)
  eden space 115200K, 69% used [0x00000000f5580000,0x00000000fa3384d0,0x00000000fc600000)
  from space 29184K, 0% used [0x00000000fc600000,0x00000000fc600000,0x00000000fe280000)
  to   space 28672K, 0% used [0x00000000fe400000,0x00000000fe400000,0x0000000100000000)
 ParOldGen       total 96768K, used 64026K [0x00000000e0000000, 0x00000000e5e80000, 0x00000000f5580000)
  object space 96768K, 66% used [0x00000000e0000000,0x00000000e3e86948,0x00000000e5e80000)
 Metaspace       used 91479K, capacity 99204K, committed 99556K, reserved 1134592K
  class space    used 11163K, capacity 13422K, committed 13540K, reserved 1048576K
Event: 124.981 GC heap after
Heap after GC invocations=22 (full 4):
 PSYoungGen      total 145920K, used 6330K [0x00000000f5580000, 0x0000000100000000, 0x0000000100000000)
  eden space 117248K, 0% used [0x00000000f5580000,0x00000000f5580000,0x00000000fc800000)
  from space 28672K, 22% used [0x00000000fe400000,0x00000000fea2ea80,0x0000000100000000)
  to   space 28672K, 0% used [0x00000000fc800000,0x00000000fc800000,0x00000000fe400000)
 ParOldGen       total 96768K, used 64034K [0x00000000e0000000, 0x00000000e5e80000, 0x00000000f5580000)
  object space 96768K, 66% used [0x00000000e0000000,0x00000000e3e88948,0x00000000e5e80000)
 Metaspace       used 91479K, capacity 99204K, committed 99556K, reserved 1134592K
  class space    used 11163K, capacity 13422K, committed 13540K, reserved 1048576K
}
Event: 124.981 GC heap before
{Heap before GC invocations=23 (full 5):
 PSYoungGen      total 145920K, used 6330K [0x00000000f5580000, 0x0000000100000000, 0x0000000100000000)
  eden space 117248K, 0% used [0x00000000f5580000,0x00000000f5580000,0x00000000fc800000)
  from space 28672K, 22% used [0x00000000fe400000,0x00000000fea2ea80,0x0000000100000000)
  to   space 28672K, 0% used [0x00000000fc800000,0x00000000fc800000,0x00000000fe400000)
 ParOldGen       total 96768K, used 64034K [0x00000000e0000000, 0x00000000e5e80000, 0x00000000f5580000)
  object space 96768K, 66% used [0x00000000e0000000,0x00000000e3e88948,0x00000000e5e80000)
 Metaspace       used 91479K, capacity 99204K, committed 99556K, reserved 1134592K
  class space    used 11163K, capacity 13422K, committed 13540K, reserved 1048576K
Event: 125.501 GC heap after
Heap after GC invocations=23 (full 5):
 PSYoungGen      total 145920K, used 0K [0x00000000f5580000, 0x0000000100000000, 0x0000000100000000)
  eden space 117248K, 0% used [0x00000000f5580000,0x00000000f5580000,0x00000000fc800000)
  from space 28672K, 0% used [0x00000000fe400000,0x00000000fe400000,0x0000000100000000)
  to   space 28672K, 0% used [0x00000000fc800000,0x00000000fc800000,0x00000000fe400000)
 ParOldGen       total 96768K, used 67982K [0x00000000e0000000, 0x00000000e5e80000, 0x00000000f5580000)
  object space 96768K, 70% used [0x00000000e0000000,0x00000000e42638b0,0x00000000e5e80000)
 Metaspace       used 91479K, capacity 99204K, committed 99556K, reserved 1134592K
  class space    used 11163K, capacity 13422K, committed 13540K, reserved 1048576K
}

