# JRE version: Java(TM) SE Runtime Environment (8.0_66-b18) (build 1.8.0_66-b18)
# Java VM: Java HotSpot(TM) 64-Bit Server VM (25.66-b18 mixed mode windows-amd64 compressed oops)
Heap:
 PSYoungGen      total 86016K, used 33406K [0x00000000f5580000, 0x00000000fc180000, 0x0000000100000000)
  eden space 83968K, 39% used [0x00000000f5580000,0x00000000f761f818,0x00000000fa780000)
  from space 2048K, 0% used [0x00000000fa780000,0x00000000fa780000,0x00000000fa980000)
  to   space 13312K, 0% used [0x00000000fb480000,0x00000000fb480000,0x00000000fc180000)
 ParOldGen       total 119808K, used 46554K [0x00000000e0000000, 0x00000000e7500000, 0x00000000f5580000)
  object space 119808K, 38% used [0x00000000e0000000,0x00000000e2d76a88,0x00000000e7500000)
 Metaspace       used 88365K, capacity 95652K, committed 96020K, reserved 1132544K
  class space    used 10186K, capacity 12463K, committed 12564K, reserved 1048576K
GC Heap History (10 events):
Event: 567.756 GC heap before
{Heap before GC invocations=46 (full 12):
 PSYoungGen      total 98816K, used 1536K [0x00000000f5580000, 0x00000000fc600000, 0x0000000100000000)
  eden space 83456K, 0% used [0x00000000f5580000,0x00000000f5580000,0x00000000fa700000)
  from space 15360K, 10% used [0x00000000fb700000,0x00000000fb880000,0x00000000fc600000)
  to   space 15872K, 0% used [0x00000000fa700000,0x00000000fa700000,0x00000000fb680000)
 ParOldGen       total 119808K, used 47514K [0x00000000e0000000, 0x00000000e7500000, 0x00000000f5580000)
  object space 119808K, 39% used [0x00000000e0000000,0x00000000e2e66890,0x00000000e7500000)
 Metaspace       used 87247K, capacity 94560K, committed 94996K, reserved 1132544K
  class space    used 10084K, capacity 12271K, committed 12308K, reserved 1048576K
Event: 568.079 GC heap after
Heap after GC invocations=46 (full 12):
 PSYoungGen      total 98816K, used 0K [0x00000000f5580000, 0x00000000fc600000, 0x0000000100000000)
  eden space 83456K, 0% used [0x00000000f5580000,0x00000000f5580000,0x00000000fa700000)
  from space 15360K, 0% used [0x00000000fb700000,0x00000000fb700000,0x00000000fc600000)
  to   space 15872K, 0% used [0x00000000fa700000,0x00000000fa700000,0x00000000fb680000)
 ParOldGen       total 119808K, used 46526K [0x00000000e0000000, 0x00000000e7500000, 0x00000000f5580000)
  object space 119808K, 38% used [0x00000000e0000000,0x00000000e2d6fa60,0x00000000e7500000)
 Metaspace       used 87243K, capacity 94554K, committed 94996K, reserved 1132544K
  class space    used 10084K, capacity 12270K, committed 12308K, reserved 1048576K
}
Event: 601.368 GC heap before
{Heap before GC invocations=47 (full 12):
 PSYoungGen      total 98816K, used 83456K [0x00000000f5580000, 0x00000000fc600000, 0x0000000100000000)
  eden space 83456K, 100% used [0x00000000f5580000,0x00000000fa700000,0x00000000fa700000)
  from space 15360K, 0% used [0x00000000fb700000,0x00000000fb700000,0x00000000fc600000)
  to   space 15872K, 0% used [0x00000000fa700000,0x00000000fa700000,0x00000000fb680000)
 ParOldGen       total 119808K, used 46526K [0x00000000e0000000, 0x00000000e7500000, 0x00000000f5580000)
  object space 119808K, 38% used [0x00000000e0000000,0x00000000e2d6fa60,0x00000000e7500000)
 Metaspace       used 87318K, capacity 94682K, committed 94996K, reserved 1132544K
  class space    used 10085K, capacity 12270K, committed 12308K, reserved 1048576K
Event: 601.371 GC heap after
Heap after GC invocations=47 (full 12):
 PSYoungGen      total 84480K, used 832K [0x00000000f5580000, 0x00000000fc480000, 0x0000000100000000)
  eden space 83456K, 0% used [0x00000000f5580000,0x00000000f5580000,0x00000000fa700000)
  from space 1024K, 81% used [0x00000000fa700000,0x00000000fa7d0000,0x00000000fa800000)
  to   space 14848K, 0% used [0x00000000fb600000,0x00000000fb600000,0x00000000fc480000)
 ParOldGen       total 119808K, used 46526K [0x00000000e0000000, 0x00000000e7500000, 0x00000000f5580000)
  object space 119808K, 38% used [0x00000000e0000000,0x00000000e2d6fa60,0x00000000e7500000)
 Metaspace       used 87318K, capacity 94682K, committed 94996K, reserved 1132544K
  class space    used 10085K, capacity 12270K, committed 12308K, reserved 1048576K
}
Event: 622.112 GC heap before
{Heap before GC invocations=48 (full 12):
 PSYoungGen      total 84480K, used 84288K [0x00000000f5580000, 0x00000000fc480000, 0x0000000100000000)
  eden space 83456K, 100% used [0x00000000f5580000,0x00000000fa700000,0x00000000fa700000)
  from space 1024K, 81% used [0x00000000fa700000,0x00000000fa7d0000,0x00000000fa800000)
  to   space 14848K, 0% used [0x00000000fb600000,0x00000000fb600000,0x00000000fc480000)
 ParOldGen       total 119808K, used 46526K [0x00000000e0000000, 0x00000000e7500000, 0x00000000f5580000)
  object space 119808K, 38% used [0x00000000e0000000,0x00000000e2d6fa60,0x00000000e7500000)
 Metaspace       used 87464K, capacity 94682K, committed 94996K, reserved 1132544K
  class space    used 10085K, capacity 12270K, committed 12308K, reserved 1048576K
Event: 622.116 GC heap after
Heap after GC invocations=48 (full 12):
 PSYoungGen      total 96768K, used 1888K [0x00000000f5580000, 0x00000000fc280000, 0x0000000100000000)
  eden space 83968K, 0% used [0x00000000f5580000,0x00000000f5580000,0x00000000fa780000)
  from space 12800K, 14% used [0x00000000fb600000,0x00000000fb7d8000,0x00000000fc280000)
  to   space 13824K, 0% used [0x00000000fa780000,0x00000000fa780000,0x00000000fb500000)
 ParOldGen       total 119808K, used 46534K [0x00000000e0000000, 0x00000000e7500000, 0x00000000f5580000)
  object space 119808K, 38% used [0x00000000e0000000,0x00000000e2d71a60,0x00000000e7500000)
 Metaspace       used 87464K, capacity 94682K, committed 94996K, reserved 1132544K
  class space    used 10085K, capacity 12270K, committed 12308K, reserved 1048576K
}
Event: 629.747 GC heap before
{Heap before GC invocations=49 (full 12):
 PSYoungGen      total 96768K, used 55845K [0x00000000f5580000, 0x00000000fc280000, 0x0000000100000000)
  eden space 83968K, 64% used [0x00000000f5580000,0x00000000f8a317a0,0x00000000fa780000)
  from space 12800K, 14% used [0x00000000fb600000,0x00000000fb7d8000,0x00000000fc280000)
  to   space 13824K, 0% used [0x00000000fa780000,0x00000000fa780000,0x00000000fb500000)
 ParOldGen       total 119808K, used 46534K [0x00000000e0000000, 0x00000000e7500000, 0x00000000f5580000)
  object space 119808K, 38% used [0x00000000e0000000,0x00000000e2d71a60,0x00000000e7500000)
 Metaspace       used 87519K, capacity 94746K, committed 94996K, reserved 1132544K
  class space    used 10086K, capacity 12270K, committed 12308K, reserved 1048576K
Event: 629.751 GC heap after
Heap after GC invocations=49 (full 12):
 PSYoungGen      total 86016K, used 1952K [0x00000000f5580000, 0x00000000fc180000, 0x0000000100000000)
  eden space 83968K, 0% used [0x00000000f5580000,0x00000000f5580000,0x00000000fa780000)
  from space 2048K, 95% used [0x00000000fa780000,0x00000000fa968000,0x00000000fa980000)
  to   space 13312K, 0% used [0x00000000fb480000,0x00000000fb480000,0x00000000fc180000)
 ParOldGen       total 119808K, used 46542K [0x00000000e0000000, 0x00000000e7500000, 0x00000000f5580000)
  object space 119808K, 38% used [0x00000000e0000000,0x00000000e2d73a60,0x00000000e7500000)
 Metaspace       used 87519K, capacity 94746K, committed 94996K, reserved 1132544K
  class space    used 10086K, capacity 12270K, committed 12308K, reserved 1048576K
}
Event: 629.751 GC heap before
{Heap before GC invocations=50 (full 13):
 PSYoungGen      total 86016K, used 1952K [0x00000000f5580000, 0x00000000fc180000, 0x0000000100000000)
  eden space 83968K, 0% used [0x00000000f5580000,0x00000000f5580000,0x00000000fa780000)
  from space 2048K, 95% used [0x00000000fa780000,0x00000000fa968000,0x00000000fa980000)
  to   space 13312K, 0% used [0x00000000fb480000,0x00000000fb480000,0x00000000fc180000)
 ParOldGen       total 119808K, used 46542K [0x00000000e0000000, 0x00000000e7500000, 0x00000000f5580000)
  object space 119808K, 38% used [0x00000000e0000000,0x00000000e2d73a60,0x00000000e7500000)
 Metaspace       used 87519K, capacity 94746K, committed 94996K, reserved 1132544K
  class space    used 10086K, capacity 12270K, committed 12308K, reserved 1048576K
Event: 630.038 GC heap after
Heap after GC invocations=50 (full 13):
 PSYoungGen      total 86016K, used 0K [0x00000000f5580000, 0x00000000fc180000, 0x0000000100000000)
  eden space 83968K, 0% used [0x00000000f5580000,0x00000000f5580000,0x00000000fa780000)
  from space 2048K, 0% used [0x00000000fa780000,0x00000000fa780000,0x00000000fa980000)
  to   space 13312K, 0% used [0x00000000fb480000,0x00000000fb480000,0x00000000fc180000)
 ParOldGen       total 119808K, used 46554K [0x00000000e0000000, 0x00000000e7500000, 0x00000000f5580000)
  object space 119808K, 38% used [0x00000000e0000000,0x00000000e2d76a88,0x00000000e7500000)
 Metaspace       used 87519K, capacity 94746K, committed 94996K, reserved 1132544K
  class space    used 10086K, capacity 12270K, committed 12308K, reserved 1048576K
}

