# JRE version: Java(TM) SE Runtime Environment (8.0_66-b18) (build 1.8.0_66-b18)
# Java VM: Java HotSpot(TM) 64-Bit Server VM (25.66-b18 mixed mode windows-amd64 compressed oops)
Heap:
 PSYoungGen      total 105472K, used 12314K [0x00000000f5580000, 0x00000000fde00000, 0x0000000100000000)
  eden space 76288K, 9% used [0x00000000f5580000,0x00000000f5c70448,0x00000000fa000000)
  from space 29184K, 17% used [0x00000000fbc80000,0x00000000fc1965b8,0x00000000fd900000)
  to   space 29184K, 0% used [0x00000000fa000000,0x00000000fa000000,0x00000000fbc80000)
 ParOldGen       total 115712K, used 57861K [0x00000000e0000000, 0x00000000e7100000, 0x00000000f5580000)
  object space 115712K, 50% used [0x00000000e0000000,0x00000000e3881740,0x00000000e7100000)
 Metaspace       used 82845K, capacity 90340K, committed 90536K, reserved 1128448K
  class space    used 10038K, capacity 12338K, committed 12456K, reserved 1048576K
GC Heap History (10 events):
Event: 15.121 GC heap before
{Heap before GC invocations=14 (full 3):
 PSYoungGen      total 92160K, used 85545K [0x00000000f5580000, 0x00000000fc680000, 0x0000000100000000)
  eden space 69632K, 100% used [0x00000000f5580000,0x00000000f9980000,0x00000000f9980000)
  from space 22528K, 70% used [0x00000000fb080000,0x00000000fc00a520,0x00000000fc680000)
  to   space 23040K, 0% used [0x00000000f9980000,0x00000000f9980000,0x00000000fb000000)
 ParOldGen       total 115712K, used 43302K [0x00000000e0000000, 0x00000000e7100000, 0x00000000f5580000)
  object space 115712K, 37% used [0x00000000e0000000,0x00000000e2a49b08,0x00000000e7100000)
 Metaspace       used 70244K, capacity 76328K, committed 76456K, reserved 1116160K
  class space    used 8517K, capacity 10308K, committed 10408K, reserved 1048576K
Event: 15.146 GC heap after
Heap after GC invocations=14 (full 3):
 PSYoungGen      total 92672K, used 19350K [0x00000000f5580000, 0x00000000fd300000, 0x0000000100000000)
  eden space 69632K, 0% used [0x00000000f5580000,0x00000000f5580000,0x00000000f9980000)
  from space 23040K, 83% used [0x00000000f9980000,0x00000000fac65b80,0x00000000fb000000)
  to   space 25088K, 0% used [0x00000000fba80000,0x00000000fba80000,0x00000000fd300000)
 ParOldGen       total 115712K, used 43310K [0x00000000e0000000, 0x00000000e7100000, 0x00000000f5580000)
  object space 115712K, 37% used [0x00000000e0000000,0x00000000e2a4bb08,0x00000000e7100000)
 Metaspace       used 70244K, capacity 76328K, committed 76456K, reserved 1116160K
  class space    used 8517K, capacity 10308K, committed 10408K, reserved 1048576K
}
Event: 35.553 GC heap before
{Heap before GC invocations=15 (full 3):
 PSYoungGen      total 92672K, used 88982K [0x00000000f5580000, 0x00000000fd300000, 0x0000000100000000)
  eden space 69632K, 100% used [0x00000000f5580000,0x00000000f9980000,0x00000000f9980000)
  from space 23040K, 83% used [0x00000000f9980000,0x00000000fac65b80,0x00000000fb000000)
  to   space 25088K, 0% used [0x00000000fba80000,0x00000000fba80000,0x00000000fd300000)
 ParOldGen       total 115712K, used 43310K [0x00000000e0000000, 0x00000000e7100000, 0x00000000f5580000)
  object space 115712K, 37% used [0x00000000e0000000,0x00000000e2a4bb08,0x00000000e7100000)
 Metaspace       used 76439K, capacity 82744K, committed 82984K, reserved 1120256K
  class space    used 9330K, capacity 11268K, committed 11304K, reserved 1048576K
Event: 35.569 GC heap after
Heap after GC invocations=15 (full 3):
 PSYoungGen      total 100864K, used 22159K [0x00000000f5580000, 0x00000000fd600000, 0x0000000100000000)
  eden space 75776K, 0% used [0x00000000f5580000,0x00000000f5580000,0x00000000f9f80000)
  from space 25088K, 88% used [0x00000000fba80000,0x00000000fd023ff0,0x00000000fd300000)
  to   space 27648K, 0% used [0x00000000f9f80000,0x00000000f9f80000,0x00000000fba80000)
 ParOldGen       total 115712K, used 43318K [0x00000000e0000000, 0x00000000e7100000, 0x00000000f5580000)
  object space 115712K, 37% used [0x00000000e0000000,0x00000000e2a4db08,0x00000000e7100000)
 Metaspace       used 76439K, capacity 82744K, committed 82984K, reserved 1120256K
  class space    used 9330K, capacity 11268K, committed 11304K, reserved 1048576K
}
Event: 68.491 GC heap before
{Heap before GC invocations=16 (full 3):
 PSYoungGen      total 100864K, used 76663K [0x00000000f5580000, 0x00000000fd600000, 0x0000000100000000)
  eden space 75776K, 71% used [0x00000000f5580000,0x00000000f8ab9f48,0x00000000f9f80000)
  from space 25088K, 88% used [0x00000000fba80000,0x00000000fd023ff0,0x00000000fd300000)
  to   space 27648K, 0% used [0x00000000f9f80000,0x00000000f9f80000,0x00000000fba80000)
 ParOldGen       total 115712K, used 43318K [0x00000000e0000000, 0x00000000e7100000, 0x00000000f5580000)
  object space 115712K, 37% used [0x00000000e0000000,0x00000000e2a4db08,0x00000000e7100000)
 Metaspace       used 79599K, capacity 86712K, committed 86824K, reserved 1124352K
  class space    used 9707K, capacity 11794K, committed 11816K, reserved 1048576K
Event: 68.504 GC heap after
Heap after GC invocations=16 (full 3):
 PSYoungGen      total 103424K, used 21417K [0x00000000f5580000, 0x00000000fd900000, 0x0000000100000000)
  eden space 75776K, 0% used [0x00000000f5580000,0x00000000f5580000,0x00000000f9f80000)
  from space 27648K, 77% used [0x00000000f9f80000,0x00000000fb46a6f8,0x00000000fba80000)
  to   space 29184K, 0% used [0x00000000fbc80000,0x00000000fbc80000,0x00000000fd900000)
 ParOldGen       total 115712K, used 43326K [0x00000000e0000000, 0x00000000e7100000, 0x00000000f5580000)
  object space 115712K, 37% used [0x00000000e0000000,0x00000000e2a4fb08,0x00000000e7100000)
 Metaspace       used 79599K, capacity 86712K, committed 86824K, reserved 1124352K
  class space    used 9707K, capacity 11794K, committed 11816K, reserved 1048576K
}
Event: 68.504 GC heap before
{Heap before GC invocations=17 (full 4):
 PSYoungGen      total 103424K, used 21417K [0x00000000f5580000, 0x00000000fd900000, 0x0000000100000000)
  eden space 75776K, 0% used [0x00000000f5580000,0x00000000f5580000,0x00000000f9f80000)
  from space 27648K, 77% used [0x00000000f9f80000,0x00000000fb46a6f8,0x00000000fba80000)
  to   space 29184K, 0% used [0x00000000fbc80000,0x00000000fbc80000,0x00000000fd900000)
 ParOldGen       total 115712K, used 43326K [0x00000000e0000000, 0x00000000e7100000, 0x00000000f5580000)
  object space 115712K, 37% used [0x00000000e0000000,0x00000000e2a4fb08,0x00000000e7100000)
 Metaspace       used 79599K, capacity 86712K, committed 86824K, reserved 1124352K
  class space    used 9707K, capacity 11794K, committed 11816K, reserved 1048576K
Event: 68.778 GC heap after
Heap after GC invocations=17 (full 4):
 PSYoungGen      total 103424K, used 0K [0x00000000f5580000, 0x00000000fd900000, 0x0000000100000000)
  eden space 75776K, 0% used [0x00000000f5580000,0x00000000f5580000,0x00000000f9f80000)
  from space 27648K, 0% used [0x00000000f9f80000,0x00000000f9f80000,0x00000000fba80000)
  to   space 29184K, 0% used [0x00000000fbc80000,0x00000000fbc80000,0x00000000fd900000)
 ParOldGen       total 115712K, used 57853K [0x00000000e0000000, 0x00000000e7100000, 0x00000000f5580000)
  object space 115712K, 49% used [0x00000000e0000000,0x00000000e387f740,0x00000000e7100000)
 Metaspace       used 79599K, capacity 86712K, committed 86824K, reserved 1124352K
  class space    used 9707K, capacity 11794K, committed 11816K, reserved 1048576K
}
Event: 144.500 GC heap before
{Heap before GC invocations=18 (full 4):
 PSYoungGen      total 103424K, used 75776K [0x00000000f5580000, 0x00000000fd900000, 0x0000000100000000)
  eden space 75776K, 100% used [0x00000000f5580000,0x00000000f9f80000,0x00000000f9f80000)
  from space 27648K, 0% used [0x00000000f9f80000,0x00000000f9f80000,0x00000000fba80000)
  to   space 29184K, 0% used [0x00000000fbc80000,0x00000000fbc80000,0x00000000fd900000)
 ParOldGen       total 115712K, used 57853K [0x00000000e0000000, 0x00000000e7100000, 0x00000000f5580000)
  object space 115712K, 49% used [0x00000000e0000000,0x00000000e387f740,0x00000000e7100000)
 Metaspace       used 82534K, capacity 90016K, committed 90152K, reserved 1126400K
  class space    used 10004K, capacity 12274K, committed 12328K, reserved 1048576K
Event: 144.509 GC heap after
Heap after GC invocations=18 (full 4):
 PSYoungGen      total 105472K, used 5209K [0x00000000f5580000, 0x00000000fde00000, 0x0000000100000000)
  eden space 76288K, 0% used [0x00000000f5580000,0x00000000f5580000,0x00000000fa000000)
  from space 29184K, 17% used [0x00000000fbc80000,0x00000000fc1965b8,0x00000000fd900000)
  to   space 29184K, 0% used [0x00000000fa000000,0x00000000fa000000,0x00000000fbc80000)
 ParOldGen       total 115712K, used 57861K [0x00000000e0000000, 0x00000000e7100000, 0x00000000f5580000)
  object space 115712K, 50% used [0x00000000e0000000,0x00000000e3881740,0x00000000e7100000)
 Metaspace       used 82534K, capacity 90016K, committed 90152K, reserved 1126400K
  class space    used 10004K, capacity 12274K, committed 12328K, reserved 1048576K
}

