# JRE version: Java(TM) SE Runtime Environment (8.0_66-b18) (build 1.8.0_66-b18)
# Java VM: Java HotSpot(TM) 64-Bit Server VM (25.66-b18 mixed mode windows-amd64 compressed oops)
Heap:
 PSYoungGen      total 111104K, used 37264K [0x00000000f5580000, 0x00000000fdf80000, 0x0000000100000000)
  eden space 83968K, 40% used [0x00000000f5580000,0x00000000f76c9a38,0x00000000fa780000)
  from space 27136K, 11% used [0x00000000fc500000,0x00000000fc81a688,0x00000000fdf80000)
  to   space 28672K, 0% used [0x00000000fa780000,0x00000000fa780000,0x00000000fc380000)
 ParOldGen       total 117248K, used 57331K [0x00000000e0000000, 0x00000000e7280000, 0x00000000f5580000)
  object space 117248K, 48% used [0x00000000e0000000,0x00000000e37fcfd0,0x00000000e7280000)
 Metaspace       used 85098K, capacity 92436K, committed 92584K, reserved 1130496K
  class space    used 10133K, capacity 12371K, committed 12464K, reserved 1048576K
GC Heap History (10 events):
Event: 127.026 GC heap before
{Heap before GC invocations=20 (full 5):
 PSYoungGen      total 107520K, used 2529K [0x00000000f5580000, 0x00000000fdc00000, 0x0000000100000000)
  eden space 78848K, 0% used [0x00000000f5580000,0x00000000f5580000,0x00000000fa280000)
  from space 28672K, 8% used [0x00000000fa280000,0x00000000fa4f85e0,0x00000000fbe80000)
  to   space 29184K, 0% used [0x00000000fbf80000,0x00000000fbf80000,0x00000000fdc00000)
 ParOldGen       total 117248K, used 55477K [0x00000000e0000000, 0x00000000e7280000, 0x00000000f5580000)
  object space 117248K, 47% used [0x00000000e0000000,0x00000000e362d598,0x00000000e7280000)
 Metaspace       used 80456K, capacity 87644K, committed 87976K, reserved 1126400K
  class space    used 9719K, capacity 11825K, committed 11952K, reserved 1048576K
Event: 127.406 GC heap after
Heap after GC invocations=20 (full 5):
 PSYoungGen      total 107520K, used 0K [0x00000000f5580000, 0x00000000fdc00000, 0x0000000100000000)
  eden space 78848K, 0% used [0x00000000f5580000,0x00000000f5580000,0x00000000fa280000)
  from space 28672K, 0% used [0x00000000fa280000,0x00000000fa280000,0x00000000fbe80000)
  to   space 29184K, 0% used [0x00000000fbf80000,0x00000000fbf80000,0x00000000fdc00000)
 ParOldGen       total 117248K, used 57335K [0x00000000e0000000, 0x00000000e7280000, 0x00000000f5580000)
  object space 117248K, 48% used [0x00000000e0000000,0x00000000e37fdd98,0x00000000e7280000)
 Metaspace       used 80456K, capacity 87644K, committed 87976K, reserved 1126400K
  class space    used 9719K, capacity 11825K, committed 11952K, reserved 1048576K
}
Event: 223.101 GC heap before
{Heap before GC invocations=21 (full 5):
 PSYoungGen      total 107520K, used 78848K [0x00000000f5580000, 0x00000000fdc00000, 0x0000000100000000)
  eden space 78848K, 100% used [0x00000000f5580000,0x00000000fa280000,0x00000000fa280000)
  from space 28672K, 0% used [0x00000000fa280000,0x00000000fa280000,0x00000000fbe80000)
  to   space 29184K, 0% used [0x00000000fbf80000,0x00000000fbf80000,0x00000000fdc00000)
 ParOldGen       total 117248K, used 57335K [0x00000000e0000000, 0x00000000e7280000, 0x00000000f5580000)
  object space 117248K, 48% used [0x00000000e0000000,0x00000000e37fdd98,0x00000000e7280000)
 Metaspace       used 82857K, capacity 90180K, committed 90280K, reserved 1128448K
  class space    used 9967K, capacity 12177K, committed 12208K, reserved 1048576K
Event: 223.107 GC heap after
Heap after GC invocations=21 (full 5):
 PSYoungGen      total 108544K, used 4164K [0x00000000f5580000, 0x00000000fe180000, 0x0000000100000000)
  eden space 79360K, 0% used [0x00000000f5580000,0x00000000f5580000,0x00000000fa300000)
  from space 29184K, 14% used [0x00000000fbf80000,0x00000000fc391260,0x00000000fdc00000)
  to   space 29184K, 0% used [0x00000000fa300000,0x00000000fa300000,0x00000000fbf80000)
 ParOldGen       total 117248K, used 57343K [0x00000000e0000000, 0x00000000e7280000, 0x00000000f5580000)
  object space 117248K, 48% used [0x00000000e0000000,0x00000000e37ffd98,0x00000000e7280000)
 Metaspace       used 82857K, capacity 90180K, committed 90280K, reserved 1128448K
  class space    used 9967K, capacity 12177K, committed 12208K, reserved 1048576K
}
Event: 227.771 GC heap before
{Heap before GC invocations=22 (full 5):
 PSYoungGen      total 108544K, used 19637K [0x00000000f5580000, 0x00000000fe180000, 0x0000000100000000)
  eden space 79360K, 19% used [0x00000000f5580000,0x00000000f649c2b0,0x00000000fa300000)
  from space 29184K, 14% used [0x00000000fbf80000,0x00000000fc391260,0x00000000fdc00000)
  to   space 29184K, 0% used [0x00000000fa300000,0x00000000fa300000,0x00000000fbf80000)
 ParOldGen       total 117248K, used 57343K [0x00000000e0000000, 0x00000000e7280000, 0x00000000f5580000)
  object space 117248K, 48% used [0x00000000e0000000,0x00000000e37ffd98,0x00000000e7280000)
 Metaspace       used 82998K, capacity 90308K, committed 90536K, reserved 1128448K
  class space    used 9967K, capacity 12177K, committed 12208K, reserved 1048576K
Event: 227.774 GC heap after
Heap after GC invocations=22 (full 5):
 PSYoungGen      total 108544K, used 3139K [0x00000000f5580000, 0x00000000fe180000, 0x0000000100000000)
  eden space 79360K, 0% used [0x00000000f5580000,0x00000000f5580000,0x00000000fa300000)
  from space 29184K, 10% used [0x00000000fa300000,0x00000000fa610e40,0x00000000fbf80000)
  to   space 29184K, 0% used [0x00000000fc500000,0x00000000fc500000,0x00000000fe180000)
 ParOldGen       total 117248K, used 57351K [0x00000000e0000000, 0x00000000e7280000, 0x00000000f5580000)
  object space 117248K, 48% used [0x00000000e0000000,0x00000000e3801d98,0x00000000e7280000)
 Metaspace       used 82998K, capacity 90308K, committed 90536K, reserved 1128448K
  class space    used 9967K, capacity 12177K, committed 12208K, reserved 1048576K
}
Event: 227.774 GC heap before
{Heap before GC invocations=23 (full 6):
 PSYoungGen      total 108544K, used 3139K [0x00000000f5580000, 0x00000000fe180000, 0x0000000100000000)
  eden space 79360K, 0% used [0x00000000f5580000,0x00000000f5580000,0x00000000fa300000)
  from space 29184K, 10% used [0x00000000fa300000,0x00000000fa610e40,0x00000000fbf80000)
  to   space 29184K, 0% used [0x00000000fc500000,0x00000000fc500000,0x00000000fe180000)
 ParOldGen       total 117248K, used 57351K [0x00000000e0000000, 0x00000000e7280000, 0x00000000f5580000)
  object space 117248K, 48% used [0x00000000e0000000,0x00000000e3801d98,0x00000000e7280000)
 Metaspace       used 82998K, capacity 90308K, committed 90536K, reserved 1128448K
  class space    used 9967K, capacity 12177K, committed 12208K, reserved 1048576K
Event: 228.078 GC heap after
Heap after GC invocations=23 (full 6):
 PSYoungGen      total 108544K, used 0K [0x00000000f5580000, 0x00000000fe180000, 0x0000000100000000)
  eden space 79360K, 0% used [0x00000000f5580000,0x00000000f5580000,0x00000000fa300000)
  from space 29184K, 0% used [0x00000000fa300000,0x00000000fa300000,0x00000000fbf80000)
  to   space 29184K, 0% used [0x00000000fc500000,0x00000000fc500000,0x00000000fe180000)
 ParOldGen       total 117248K, used 57259K [0x00000000e0000000, 0x00000000e7280000, 0x00000000f5580000)
  object space 117248K, 48% used [0x00000000e0000000,0x00000000e37eafc0,0x00000000e7280000)
 Metaspace       used 82998K, capacity 90308K, committed 90536K, reserved 1128448K
  class space    used 9967K, capacity 12177K, committed 12208K, reserved 1048576K
}
Event: 339.692 GC heap before
{Heap before GC invocations=24 (full 6):
 PSYoungGen      total 108544K, used 79360K [0x00000000f5580000, 0x00000000fe180000, 0x0000000100000000)
  eden space 79360K, 100% used [0x00000000f5580000,0x00000000fa300000,0x00000000fa300000)
  from space 29184K, 0% used [0x00000000fa300000,0x00000000fa300000,0x00000000fbf80000)
  to   space 29184K, 0% used [0x00000000fc500000,0x00000000fc500000,0x00000000fe180000)
 ParOldGen       total 117248K, used 57259K [0x00000000e0000000, 0x00000000e7280000, 0x00000000f5580000)
  object space 117248K, 48% used [0x00000000e0000000,0x00000000e37eafc0,0x00000000e7280000)
 Metaspace       used 84140K, capacity 91568K, committed 91944K, reserved 1128448K
  class space    used 10027K, capacity 12211K, committed 12336K, reserved 1048576K
Event: 339.697 GC heap after
Heap after GC invocations=24 (full 6):
 PSYoungGen      total 111104K, used 3177K [0x00000000f5580000, 0x00000000fdf80000, 0x0000000100000000)
  eden space 83968K, 0% used [0x00000000f5580000,0x00000000f5580000,0x00000000fa780000)
  from space 27136K, 11% used [0x00000000fc500000,0x00000000fc81a688,0x00000000fdf80000)
  to   space 28672K, 0% used [0x00000000fa780000,0x00000000fa780000,0x00000000fc380000)
 ParOldGen       total 117248K, used 57331K [0x00000000e0000000, 0x00000000e7280000, 0x00000000f5580000)
  object space 117248K, 48% used [0x00000000e0000000,0x00000000e37fcfd0,0x00000000e7280000)
 Metaspace       used 84140K, capacity 91568K, committed 91944K, reserved 1128448K
  class space    used 10027K, capacity 12211K, committed 12336K, reserved 1048576K
}

