# JRE version: Java(TM) SE Runtime Environment (8.0_66-b18) (build 1.8.0_66-b18)
# Java VM: Java HotSpot(TM) 64-Bit Server VM (25.66-b18 mixed mode windows-amd64 compressed oops)
Heap:
 PSYoungGen      total 77824K, used 29531K [0x00000000f5580000, 0x00000000faf80000, 0x0000000100000000)
  eden space 74752K, 35% used [0x00000000f5580000,0x00000000f6f59190,0x00000000f9e80000)
  from space 3072K, 99% used [0x00000000fa080000,0x00000000fa37dc70,0x00000000fa380000)
  to   space 8704K, 0% used [0x00000000fa700000,0x00000000fa700000,0x00000000faf80000)
 ParOldGen       total 115712K, used 47055K [0x00000000e0000000, 0x00000000e7100000, 0x00000000f5580000)
  object space 115712K, 40% used [0x00000000e0000000,0x00000000e2df3e80,0x00000000e7100000)
 Metaspace       used 89154K, capacity 96196K, committed 96304K, reserved 1132544K
  class space    used 10299K, capacity 12520K, committed 12592K, reserved 1048576K
GC Heap History (10 events):
Event: 2138.648 GC heap before
{Heap before GC invocations=57 (full 17):
 PSYoungGen      total 81920K, used 74776K [0x00000000f5580000, 0x00000000fb780000, 0x0000000100000000)
  eden space 78848K, 91% used [0x00000000f5580000,0x00000000f9bf9e68,0x00000000fa280000)
  from space 3072K, 84% used [0x00000000fa480000,0x00000000fa70c240,0x00000000fa780000)
  to   space 10752K, 0% used [0x00000000fad00000,0x00000000fad00000,0x00000000fb780000)
 ParOldGen       total 115712K, used 46607K [0x00000000e0000000, 0x00000000e7100000, 0x00000000f5580000)
  object space 115712K, 40% used [0x00000000e0000000,0x00000000e2d83f08,0x00000000e7100000)
 Metaspace       used 87699K, capacity 94750K, committed 95024K, reserved 1132544K
  class space    used 10152K, capacity 12294K, committed 12336K, reserved 1048576K
Event: 2138.665 GC heap after
Heap after GC invocations=57 (full 17):
 PSYoungGen      total 88576K, used 2704K [0x00000000f5580000, 0x00000000fb680000, 0x0000000100000000)
  eden space 78848K, 0% used [0x00000000f5580000,0x00000000f5580000,0x00000000fa280000)
  from space 9728K, 27% used [0x00000000fad00000,0x00000000fafa4240,0x00000000fb680000)
  to   space 10240K, 0% used [0x00000000fa280000,0x00000000fa280000,0x00000000fac80000)
 ParOldGen       total 115712K, used 46615K [0x00000000e0000000, 0x00000000e7100000, 0x00000000f5580000)
  object space 115712K, 40% used [0x00000000e0000000,0x00000000e2d85f08,0x00000000e7100000)
 Metaspace       used 87699K, capacity 94750K, committed 95024K, reserved 1132544K
  class space    used 10152K, capacity 12294K, committed 12336K, reserved 1048576K
}
Event: 2138.665 GC heap before
{Heap before GC invocations=58 (full 18):
 PSYoungGen      total 88576K, used 2704K [0x00000000f5580000, 0x00000000fb680000, 0x0000000100000000)
  eden space 78848K, 0% used [0x00000000f5580000,0x00000000f5580000,0x00000000fa280000)
  from space 9728K, 27% used [0x00000000fad00000,0x00000000fafa4240,0x00000000fb680000)
  to   space 10240K, 0% used [0x00000000fa280000,0x00000000fa280000,0x00000000fac80000)
 ParOldGen       total 115712K, used 46615K [0x00000000e0000000, 0x00000000e7100000, 0x00000000f5580000)
  object space 115712K, 40% used [0x00000000e0000000,0x00000000e2d85f08,0x00000000e7100000)
 Metaspace       used 87699K, capacity 94750K, committed 95024K, reserved 1132544K
  class space    used 10152K, capacity 12294K, committed 12336K, reserved 1048576K
Event: 2138.866 GC heap after
Heap after GC invocations=58 (full 18):
 PSYoungGen      total 88576K, used 0K [0x00000000f5580000, 0x00000000fb680000, 0x0000000100000000)
  eden space 78848K, 0% used [0x00000000f5580000,0x00000000f5580000,0x00000000fa280000)
  from space 9728K, 0% used [0x00000000fad00000,0x00000000fad00000,0x00000000fb680000)
  to   space 10240K, 0% used [0x00000000fa280000,0x00000000fa280000,0x00000000fac80000)
 ParOldGen       total 115712K, used 47031K [0x00000000e0000000, 0x00000000e7100000, 0x00000000f5580000)
  object space 115712K, 40% used [0x00000000e0000000,0x00000000e2dede80,0x00000000e7100000)
 Metaspace       used 87699K, capacity 94750K, committed 95024K, reserved 1132544K
  class space    used 10152K, capacity 12294K, committed 12336K, reserved 1048576K
}
Event: 2179.817 GC heap before
{Heap before GC invocations=59 (full 18):
 PSYoungGen      total 88576K, used 78848K [0x00000000f5580000, 0x00000000fb680000, 0x0000000100000000)
  eden space 78848K, 100% used [0x00000000f5580000,0x00000000fa280000,0x00000000fa280000)
  from space 9728K, 0% used [0x00000000fad00000,0x00000000fad00000,0x00000000fb680000)
  to   space 10240K, 0% used [0x00000000fa280000,0x00000000fa280000,0x00000000fac80000)
 ParOldGen       total 115712K, used 47031K [0x00000000e0000000, 0x00000000e7100000, 0x00000000f5580000)
  object space 115712K, 40% used [0x00000000e0000000,0x00000000e2dede80,0x00000000e7100000)
 Metaspace       used 88106K, capacity 95166K, committed 95280K, reserved 1132544K
  class space    used 10208K, capacity 12326K, committed 12336K, reserved 1048576K
Event: 2179.820 GC heap after
Heap after GC invocations=59 (full 18):
 PSYoungGen      total 89088K, used 1283K [0x00000000f5580000, 0x00000000fb600000, 0x0000000100000000)
  eden space 78848K, 0% used [0x00000000f5580000,0x00000000f5580000,0x00000000fa280000)
  from space 10240K, 12% used [0x00000000fa280000,0x00000000fa3c0cb8,0x00000000fac80000)
  to   space 9728K, 0% used [0x00000000fac80000,0x00000000fac80000,0x00000000fb600000)
 ParOldGen       total 115712K, used 47039K [0x00000000e0000000, 0x00000000e7100000, 0x00000000f5580000)
  object space 115712K, 40% used [0x00000000e0000000,0x00000000e2defe80,0x00000000e7100000)
 Metaspace       used 88106K, capacity 95166K, committed 95280K, reserved 1132544K
  class space    used 10208K, capacity 12326K, committed 12336K, reserved 1048576K
}
Event: 2382.137 GC heap before
{Heap before GC invocations=60 (full 18):
 PSYoungGen      total 89088K, used 80131K [0x00000000f5580000, 0x00000000fb600000, 0x0000000100000000)
  eden space 78848K, 100% used [0x00000000f5580000,0x00000000fa280000,0x00000000fa280000)
  from space 10240K, 12% used [0x00000000fa280000,0x00000000fa3c0cb8,0x00000000fac80000)
  to   space 9728K, 0% used [0x00000000fac80000,0x00000000fac80000,0x00000000fb600000)
 ParOldGen       total 115712K, used 47039K [0x00000000e0000000, 0x00000000e7100000, 0x00000000f5580000)
  object space 115712K, 40% used [0x00000000e0000000,0x00000000e2defe80,0x00000000e7100000)
 Metaspace       used 88201K, capacity 95294K, committed 95536K, reserved 1132544K
  class space    used 10208K, capacity 12326K, committed 12336K, reserved 1048576K
Event: 2382.143 GC heap after
Heap after GC invocations=60 (full 18):
 PSYoungGen      total 82944K, used 2743K [0x00000000f5580000, 0x00000000fb280000, 0x0000000100000000)
  eden space 76800K, 0% used [0x00000000f5580000,0x00000000f5580000,0x00000000fa080000)
  from space 6144K, 44% used [0x00000000fac80000,0x00000000faf2dc70,0x00000000fb280000)
  to   space 9216K, 0% used [0x00000000fa080000,0x00000000fa080000,0x00000000fa980000)
 ParOldGen       total 115712K, used 47047K [0x00000000e0000000, 0x00000000e7100000, 0x00000000f5580000)
  object space 115712K, 40% used [0x00000000e0000000,0x00000000e2df1e80,0x00000000e7100000)
 Metaspace       used 88201K, capacity 95294K, committed 95536K, reserved 1132544K
  class space    used 10208K, capacity 12326K, committed 12336K, reserved 1048576K
}
Event: 2423.967 GC heap before
{Heap before GC invocations=61 (full 18):
 PSYoungGen      total 82944K, used 79543K [0x00000000f5580000, 0x00000000fb280000, 0x0000000100000000)
  eden space 76800K, 100% used [0x00000000f5580000,0x00000000fa080000,0x00000000fa080000)
  from space 6144K, 44% used [0x00000000fac80000,0x00000000faf2dc70,0x00000000fb280000)
  to   space 9216K, 0% used [0x00000000fa080000,0x00000000fa080000,0x00000000fa980000)
 ParOldGen       total 115712K, used 47047K [0x00000000e0000000, 0x00000000e7100000, 0x00000000f5580000)
  object space 115712K, 40% used [0x00000000e0000000,0x00000000e2df1e80,0x00000000e7100000)
 Metaspace       used 88479K, capacity 95520K, committed 95664K, reserved 1132544K
  class space    used 10226K, capacity 12360K, committed 12464K, reserved 1048576K
Event: 2423.971 GC heap after
Heap after GC invocations=61 (full 18):
 PSYoungGen      total 77824K, used 3063K [0x00000000f5580000, 0x00000000faf80000, 0x0000000100000000)
  eden space 74752K, 0% used [0x00000000f5580000,0x00000000f5580000,0x00000000f9e80000)
  from space 3072K, 99% used [0x00000000fa080000,0x00000000fa37dc70,0x00000000fa380000)
  to   space 8704K, 0% used [0x00000000fa700000,0x00000000fa700000,0x00000000faf80000)
 ParOldGen       total 115712K, used 47055K [0x00000000e0000000, 0x00000000e7100000, 0x00000000f5580000)
  object space 115712K, 40% used [0x00000000e0000000,0x00000000e2df3e80,0x00000000e7100000)
 Metaspace       used 88479K, capacity 95520K, committed 95664K, reserved 1132544K
  class space    used 10226K, capacity 12360K, committed 12464K, reserved 1048576K
}

