# JRE version: Java(TM) SE Runtime Environment (8.0_66-b18) (build 1.8.0_66-b18)
# Java VM: Java HotSpot(TM) 64-Bit Server VM (25.66-b18 mixed mode windows-amd64 compressed oops)
Heap:
 PSYoungGen      total 98816K, used 41579K [0x00000000f5580000, 0x00000000fd280000, 0x0000000100000000)
  eden space 69632K, 59% used [0x00000000f5580000,0x00000000f7e1aee8,0x00000000f9980000)
  from space 29184K, 0% used [0x00000000fb600000,0x00000000fb600000,0x00000000fd280000)
  to   space 29184K, 0% used [0x00000000f9980000,0x00000000f9980000,0x00000000fb600000)
 ParOldGen       total 118784K, used 55407K [0x00000000e0000000, 0x00000000e7400000, 0x00000000f5580000)
  object space 118784K, 46% used [0x00000000e0000000,0x00000000e361be70,0x00000000e7400000)
 Metaspace       used 81612K, capacity 88840K, committed 89000K, reserved 1126400K
  class space    used 9931K, capacity 12159K, committed 12200K, reserved 1048576K
GC Heap History (10 events):
Event: 130.754 GC heap before
{Heap before GC invocations=19 (full 5):
 PSYoungGen      total 97280K, used 660K [0x00000000f5580000, 0x00000000fd180000, 0x0000000100000000)
  eden space 69120K, 0% used [0x00000000f5580000,0x00000000f5580000,0x00000000f9900000)
  from space 28160K, 2% used [0x00000000fb500000,0x00000000fb5a5158,0x00000000fd080000)
  to   space 28672K, 0% used [0x00000000f9900000,0x00000000f9900000,0x00000000fb500000)
 ParOldGen       total 118784K, used 57929K [0x00000000e0000000, 0x00000000e7400000, 0x00000000f5580000)
  object space 118784K, 48% used [0x00000000e0000000,0x00000000e3892760,0x00000000e7400000)
 Metaspace       used 79815K, capacity 86904K, committed 87080K, reserved 1124352K
  class space    used 9772K, capacity 11965K, committed 12072K, reserved 1048576K
Event: 131.073 GC heap after
Heap after GC invocations=19 (full 5):
 PSYoungGen      total 97280K, used 0K [0x00000000f5580000, 0x00000000fd180000, 0x0000000100000000)
  eden space 69120K, 0% used [0x00000000f5580000,0x00000000f5580000,0x00000000f9900000)
  from space 28160K, 0% used [0x00000000fb500000,0x00000000fb500000,0x00000000fd080000)
  to   space 28672K, 0% used [0x00000000f9900000,0x00000000f9900000,0x00000000fb500000)
 ParOldGen       total 118784K, used 55835K [0x00000000e0000000, 0x00000000e7400000, 0x00000000f5580000)
  object space 118784K, 47% used [0x00000000e0000000,0x00000000e3686c30,0x00000000e7400000)
 Metaspace       used 79815K, capacity 86904K, committed 87080K, reserved 1124352K
  class space    used 9772K, capacity 11965K, committed 12072K, reserved 1048576K
}
Event: 190.756 GC heap before
{Heap before GC invocations=20 (full 5):
 PSYoungGen      total 97280K, used 6634K [0x00000000f5580000, 0x00000000fd180000, 0x0000000100000000)
  eden space 69120K, 9% used [0x00000000f5580000,0x00000000f5bfa9d8,0x00000000f9900000)
  from space 28160K, 0% used [0x00000000fb500000,0x00000000fb500000,0x00000000fd080000)
  to   space 28672K, 0% used [0x00000000f9900000,0x00000000f9900000,0x00000000fb500000)
 ParOldGen       total 118784K, used 55835K [0x00000000e0000000, 0x00000000e7400000, 0x00000000f5580000)
  object space 118784K, 47% used [0x00000000e0000000,0x00000000e3686c30,0x00000000e7400000)
 Metaspace       used 79936K, capacity 87032K, committed 87336K, reserved 1124352K
  class space    used 9772K, capacity 11965K, committed 12072K, reserved 1048576K
Event: 190.759 GC heap after
Heap after GC invocations=20 (full 5):
 PSYoungGen      total 97792K, used 256K [0x00000000f5580000, 0x00000000fd280000, 0x0000000100000000)
  eden space 69120K, 0% used [0x00000000f5580000,0x00000000f5580000,0x00000000f9900000)
  from space 28672K, 0% used [0x00000000f9900000,0x00000000f9940000,0x00000000fb500000)
  to   space 29184K, 0% used [0x00000000fb600000,0x00000000fb600000,0x00000000fd280000)
 ParOldGen       total 118784K, used 55843K [0x00000000e0000000, 0x00000000e7400000, 0x00000000f5580000)
  object space 118784K, 47% used [0x00000000e0000000,0x00000000e3688c30,0x00000000e7400000)
 Metaspace       used 79936K, capacity 87032K, committed 87336K, reserved 1124352K
  class space    used 9772K, capacity 11965K, committed 12072K, reserved 1048576K
}
Event: 190.759 GC heap before
{Heap before GC invocations=21 (full 6):
 PSYoungGen      total 97792K, used 256K [0x00000000f5580000, 0x00000000fd280000, 0x0000000100000000)
  eden space 69120K, 0% used [0x00000000f5580000,0x00000000f5580000,0x00000000f9900000)
  from space 28672K, 0% used [0x00000000f9900000,0x00000000f9940000,0x00000000fb500000)
  to   space 29184K, 0% used [0x00000000fb600000,0x00000000fb600000,0x00000000fd280000)
 ParOldGen       total 118784K, used 55843K [0x00000000e0000000, 0x00000000e7400000, 0x00000000f5580000)
  object space 118784K, 47% used [0x00000000e0000000,0x00000000e3688c30,0x00000000e7400000)
 Metaspace       used 79936K, capacity 87032K, committed 87336K, reserved 1124352K
  class space    used 9772K, capacity 11965K, committed 12072K, reserved 1048576K
Event: 190.938 GC heap after
Heap after GC invocations=21 (full 6):
 PSYoungGen      total 97792K, used 0K [0x00000000f5580000, 0x00000000fd280000, 0x0000000100000000)
  eden space 69120K, 0% used [0x00000000f5580000,0x00000000f5580000,0x00000000f9900000)
  from space 28672K, 0% used [0x00000000f9900000,0x00000000f9900000,0x00000000fb500000)
  to   space 29184K, 0% used [0x00000000fb600000,0x00000000fb600000,0x00000000fd280000)
 ParOldGen       total 118784K, used 55440K [0x00000000e0000000, 0x00000000e7400000, 0x00000000f5580000)
  object space 118784K, 46% used [0x00000000e0000000,0x00000000e3624148,0x00000000e7400000)
 Metaspace       used 79936K, capacity 87032K, committed 87336K, reserved 1124352K
  class space    used 9772K, capacity 11965K, committed 12072K, reserved 1048576K
}
Event: 250.774 GC heap before
{Heap before GC invocations=22 (full 6):
 PSYoungGen      total 97792K, used 3009K [0x00000000f5580000, 0x00000000fd280000, 0x0000000100000000)
  eden space 69120K, 4% used [0x00000000f5580000,0x00000000f5870678,0x00000000f9900000)
  from space 28672K, 0% used [0x00000000f9900000,0x00000000f9900000,0x00000000fb500000)
  to   space 29184K, 0% used [0x00000000fb600000,0x00000000fb600000,0x00000000fd280000)
 ParOldGen       total 118784K, used 55440K [0x00000000e0000000, 0x00000000e7400000, 0x00000000f5580000)
  object space 118784K, 46% used [0x00000000e0000000,0x00000000e3624148,0x00000000e7400000)
 Metaspace       used 79954K, capacity 87032K, committed 87336K, reserved 1124352K
  class space    used 9772K, capacity 11965K, committed 12072K, reserved 1048576K
Event: 250.778 GC heap after
Heap after GC invocations=22 (full 6):
 PSYoungGen      total 98816K, used 320K [0x00000000f5580000, 0x00000000fd280000, 0x0000000100000000)
  eden space 69632K, 0% used [0x00000000f5580000,0x00000000f5580000,0x00000000f9980000)
  from space 29184K, 1% used [0x00000000fb600000,0x00000000fb650000,0x00000000fd280000)
  to   space 29184K, 0% used [0x00000000f9980000,0x00000000f9980000,0x00000000fb600000)
 ParOldGen       total 118784K, used 55440K [0x00000000e0000000, 0x00000000e7400000, 0x00000000f5580000)
  object space 118784K, 46% used [0x00000000e0000000,0x00000000e3624148,0x00000000e7400000)
 Metaspace       used 79954K, capacity 87032K, committed 87336K, reserved 1124352K
  class space    used 9772K, capacity 11965K, committed 12072K, reserved 1048576K
}
Event: 250.778 GC heap before
{Heap before GC invocations=23 (full 7):
 PSYoungGen      total 98816K, used 320K [0x00000000f5580000, 0x00000000fd280000, 0x0000000100000000)
  eden space 69632K, 0% used [0x00000000f5580000,0x00000000f5580000,0x00000000f9980000)
  from space 29184K, 1% used [0x00000000fb600000,0x00000000fb650000,0x00000000fd280000)
  to   space 29184K, 0% used [0x00000000f9980000,0x00000000f9980000,0x00000000fb600000)
 ParOldGen       total 118784K, used 55440K [0x00000000e0000000, 0x00000000e7400000, 0x00000000f5580000)
  object space 118784K, 46% used [0x00000000e0000000,0x00000000e3624148,0x00000000e7400000)
 Metaspace       used 79954K, capacity 87032K, committed 87336K, reserved 1124352K
  class space    used 9772K, capacity 11965K, committed 12072K, reserved 1048576K
Event: 250.949 GC heap after
Heap after GC invocations=23 (full 7):
 PSYoungGen      total 98816K, used 0K [0x00000000f5580000, 0x00000000fd280000, 0x0000000100000000)
  eden space 69632K, 0% used [0x00000000f5580000,0x00000000f5580000,0x00000000f9980000)
  from space 29184K, 0% used [0x00000000fb600000,0x00000000fb600000,0x00000000fd280000)
  to   space 29184K, 0% used [0x00000000f9980000,0x00000000f9980000,0x00000000fb600000)
 ParOldGen       total 118784K, used 55407K [0x00000000e0000000, 0x00000000e7400000, 0x00000000f5580000)
  object space 118784K, 46% used [0x00000000e0000000,0x00000000e361be70,0x00000000e7400000)
 Metaspace       used 79954K, capacity 87032K, committed 87336K, reserved 1124352K
  class space    used 9772K, capacity 11965K, committed 12072K, reserved 1048576K
}

