# JRE version: Java(TM) SE Runtime Environment (8.0_66-b18) (build 1.8.0_66-b18)
# Java VM: Java HotSpot(TM) 64-Bit Server VM (25.66-b18 mixed mode windows-amd64 compressed oops)
Heap:
 PSYoungGen      total 106496K, used 36050K [0x00000000f5580000, 0x00000000fd680000, 0x0000000100000000)
  eden space 83968K, 42% used [0x00000000f5580000,0x00000000f78b4950,0x00000000fa780000)
  from space 22528K, 0% used [0x00000000fc080000,0x00000000fc080000,0x00000000fd680000)
  to   space 24064K, 0% used [0x00000000fa780000,0x00000000fa780000,0x00000000fbf00000)
 ParOldGen       total 113152K, used 45608K [0x00000000e0000000, 0x00000000e6e80000, 0x00000000f5580000)
  object space 113152K, 40% used [0x00000000e0000000,0x00000000e2c8a048,0x00000000e6e80000)
 Metaspace       used 84047K, capacity 91096K, committed 91540K, reserved 1128448K
  class space    used 10033K, capacity 12290K, committed 12436K, reserved 1048576K
GC Heap History (10 events):
Event: 747.439 GC heap before
{Heap before GC invocations=38 (full 14):
 PSYoungGen      total 109056K, used 320K [0x00000000f5580000, 0x00000000fdb80000, 0x0000000100000000)
  eden space 83968K, 0% used [0x00000000f5580000,0x00000000f5580000,0x00000000fa780000)
  from space 25088K, 1% used [0x00000000fc300000,0x00000000fc350000,0x00000000fdb80000)
  to   space 26624K, 0% used [0x00000000fa780000,0x00000000fa780000,0x00000000fc180000)
 ParOldGen       total 113152K, used 45223K [0x00000000e0000000, 0x00000000e6e80000, 0x00000000f5580000)
  object space 113152K, 39% used [0x00000000e0000000,0x00000000e2c29f78,0x00000000e6e80000)
 Metaspace       used 82927K, capacity 89934K, committed 90388K, reserved 1128448K
  class space    used 9919K, capacity 12161K, committed 12308K, reserved 1048576K
Event: 747.613 GC heap after
Heap after GC invocations=38 (full 14):
 PSYoungGen      total 109056K, used 0K [0x00000000f5580000, 0x00000000fdb80000, 0x0000000100000000)
  eden space 83968K, 0% used [0x00000000f5580000,0x00000000f5580000,0x00000000fa780000)
  from space 25088K, 0% used [0x00000000fc300000,0x00000000fc300000,0x00000000fdb80000)
  to   space 26624K, 0% used [0x00000000fa780000,0x00000000fa780000,0x00000000fc180000)
 ParOldGen       total 113152K, used 45046K [0x00000000e0000000, 0x00000000e6e80000, 0x00000000f5580000)
  object space 113152K, 39% used [0x00000000e0000000,0x00000000e2bfd998,0x00000000e6e80000)
 Metaspace       used 82927K, capacity 89934K, committed 90388K, reserved 1128448K
  class space    used 9919K, capacity 12161K, committed 12308K, reserved 1048576K
}
Event: 807.447 GC heap before
{Heap before GC invocations=39 (full 14):
 PSYoungGen      total 109056K, used 5647K [0x00000000f5580000, 0x00000000fdb80000, 0x0000000100000000)
  eden space 83968K, 6% used [0x00000000f5580000,0x00000000f5b03ff8,0x00000000fa780000)
  from space 25088K, 0% used [0x00000000fc300000,0x00000000fc300000,0x00000000fdb80000)
  to   space 26624K, 0% used [0x00000000fa780000,0x00000000fa780000,0x00000000fc180000)
 ParOldGen       total 113152K, used 45046K [0x00000000e0000000, 0x00000000e6e80000, 0x00000000f5580000)
  object space 113152K, 39% used [0x00000000e0000000,0x00000000e2bfd998,0x00000000e6e80000)
 Metaspace       used 82943K, capacity 89998K, committed 90388K, reserved 1128448K
  class space    used 9919K, capacity 12161K, committed 12308K, reserved 1048576K
Event: 807.450 GC heap after
Heap after GC invocations=39 (full 14):
 PSYoungGen      total 84992K, used 576K [0x00000000f5580000, 0x00000000fd980000, 0x0000000100000000)
  eden space 83968K, 0% used [0x00000000f5580000,0x00000000f5580000,0x00000000fa780000)
  from space 1024K, 56% used [0x00000000fa780000,0x00000000fa810000,0x00000000fa880000)
  to   space 25600K, 0% used [0x00000000fc080000,0x00000000fc080000,0x00000000fd980000)
 ParOldGen       total 113152K, used 45046K [0x00000000e0000000, 0x00000000e6e80000, 0x00000000f5580000)
  object space 113152K, 39% used [0x00000000e0000000,0x00000000e2bfd998,0x00000000e6e80000)
 Metaspace       used 82943K, capacity 89998K, committed 90388K, reserved 1128448K
  class space    used 9919K, capacity 12161K, committed 12308K, reserved 1048576K
}
Event: 807.450 GC heap before
{Heap before GC invocations=40 (full 15):
 PSYoungGen      total 84992K, used 576K [0x00000000f5580000, 0x00000000fd980000, 0x0000000100000000)
  eden space 83968K, 0% used [0x00000000f5580000,0x00000000f5580000,0x00000000fa780000)
  from space 1024K, 56% used [0x00000000fa780000,0x00000000fa810000,0x00000000fa880000)
  to   space 25600K, 0% used [0x00000000fc080000,0x00000000fc080000,0x00000000fd980000)
 ParOldGen       total 113152K, used 45046K [0x00000000e0000000, 0x00000000e6e80000, 0x00000000f5580000)
  object space 113152K, 39% used [0x00000000e0000000,0x00000000e2bfd998,0x00000000e6e80000)
 Metaspace       used 82943K, capacity 89998K, committed 90388K, reserved 1128448K
  class space    used 9919K, capacity 12161K, committed 12308K, reserved 1048576K
Event: 807.728 GC heap after
Heap after GC invocations=40 (full 15):
 PSYoungGen      total 84992K, used 0K [0x00000000f5580000, 0x00000000fd980000, 0x0000000100000000)
  eden space 83968K, 0% used [0x00000000f5580000,0x00000000f5580000,0x00000000fa780000)
  from space 1024K, 0% used [0x00000000fa780000,0x00000000fa780000,0x00000000fa880000)
  to   space 25600K, 0% used [0x00000000fc080000,0x00000000fc080000,0x00000000fd980000)
 ParOldGen       total 113152K, used 45251K [0x00000000e0000000, 0x00000000e6e80000, 0x00000000f5580000)
  object space 113152K, 39% used [0x00000000e0000000,0x00000000e2c30fd8,0x00000000e6e80000)
 Metaspace       used 82939K, capacity 89992K, committed 90388K, reserved 1128448K
  class space    used 9919K, capacity 12160K, committed 12308K, reserved 1048576K
}
Event: 867.447 GC heap before
{Heap before GC invocations=41 (full 15):
 PSYoungGen      total 84992K, used 9123K [0x00000000f5580000, 0x00000000fd980000, 0x0000000100000000)
  eden space 83968K, 10% used [0x00000000f5580000,0x00000000f5e68e68,0x00000000fa780000)
  from space 1024K, 0% used [0x00000000fa780000,0x00000000fa780000,0x00000000fa880000)
  to   space 25600K, 0% used [0x00000000fc080000,0x00000000fc080000,0x00000000fd980000)
 ParOldGen       total 113152K, used 45251K [0x00000000e0000000, 0x00000000e6e80000, 0x00000000f5580000)
  object space 113152K, 39% used [0x00000000e0000000,0x00000000e2c30fd8,0x00000000e6e80000)
 Metaspace       used 82972K, capacity 89998K, committed 90388K, reserved 1128448K
  class space    used 9919K, capacity 12161K, committed 12308K, reserved 1048576K
Event: 867.450 GC heap after
Heap after GC invocations=41 (full 15):
 PSYoungGen      total 106496K, used 830K [0x00000000f5580000, 0x00000000fd680000, 0x0000000100000000)
  eden space 83968K, 0% used [0x00000000f5580000,0x00000000f5580000,0x00000000fa780000)
  from space 22528K, 3% used [0x00000000fc080000,0x00000000fc14fb10,0x00000000fd680000)
  to   space 24064K, 0% used [0x00000000fa780000,0x00000000fa780000,0x00000000fbf00000)
 ParOldGen       total 113152K, used 45251K [0x00000000e0000000, 0x00000000e6e80000, 0x00000000f5580000)
  object space 113152K, 39% used [0x00000000e0000000,0x00000000e2c30fd8,0x00000000e6e80000)
 Metaspace       used 82972K, capacity 89998K, committed 90388K, reserved 1128448K
  class space    used 9919K, capacity 12161K, committed 12308K, reserved 1048576K
}
Event: 867.450 GC heap before
{Heap before GC invocations=42 (full 16):
 PSYoungGen      total 106496K, used 830K [0x00000000f5580000, 0x00000000fd680000, 0x0000000100000000)
  eden space 83968K, 0% used [0x00000000f5580000,0x00000000f5580000,0x00000000fa780000)
  from space 22528K, 3% used [0x00000000fc080000,0x00000000fc14fb10,0x00000000fd680000)
  to   space 24064K, 0% used [0x00000000fa780000,0x00000000fa780000,0x00000000fbf00000)
 ParOldGen       total 113152K, used 45251K [0x00000000e0000000, 0x00000000e6e80000, 0x00000000f5580000)
  object space 113152K, 39% used [0x00000000e0000000,0x00000000e2c30fd8,0x00000000e6e80000)
 Metaspace       used 82972K, capacity 89998K, committed 90388K, reserved 1128448K
  class space    used 9919K, capacity 12161K, committed 12308K, reserved 1048576K
Event: 867.664 GC heap after
Heap after GC invocations=42 (full 16):
 PSYoungGen      total 106496K, used 0K [0x00000000f5580000, 0x00000000fd680000, 0x0000000100000000)
  eden space 83968K, 0% used [0x00000000f5580000,0x00000000f5580000,0x00000000fa780000)
  from space 22528K, 0% used [0x00000000fc080000,0x00000000fc080000,0x00000000fd680000)
  to   space 24064K, 0% used [0x00000000fa780000,0x00000000fa780000,0x00000000fbf00000)
 ParOldGen       total 113152K, used 45608K [0x00000000e0000000, 0x00000000e6e80000, 0x00000000f5580000)
  object space 113152K, 40% used [0x00000000e0000000,0x00000000e2c8a048,0x00000000e6e80000)
 Metaspace       used 82972K, capacity 89998K, committed 90388K, reserved 1128448K
  class space    used 9919K, capacity 12161K, committed 12308K, reserved 1048576K
}

