# JRE version: Java(TM) SE Runtime Environment (8.0_66-b18) (build 1.8.0_66-b18)
# Java VM: Java HotSpot(TM) 64-Bit Server VM (25.66-b18 mixed mode windows-amd64 compressed oops)
Heap:
 PSYoungGen      total 145408K, used 64169K [0x00000000f5580000, 0x00000000ffd80000, 0x0000000100000000)
  eden space 118272K, 52% used [0x00000000f5580000,0x00000000f9239988,0x00000000fc900000)
  from space 27136K, 7% used [0x00000000fc900000,0x00000000fcaf0e40,0x00000000fe380000)
  to   space 25600K, 0% used [0x00000000fe480000,0x00000000fe480000,0x00000000ffd80000)
 ParOldGen       total 104960K, used 46133K [0x00000000e0000000, 0x00000000e6680000, 0x00000000f5580000)
  object space 104960K, 43% used [0x00000000e0000000,0x00000000e2d0d4f8,0x00000000e6680000)
 Metaspace       used 87817K, capacity 94980K, committed 95272K, reserved 1132544K
  class space    used 10305K, capacity 12519K, committed 12584K, reserved 1048576K
GC Heap History (10 events):
Event: 942.270 GC heap before
{Heap before GC invocations=31 (full 9):
 PSYoungGen      total 142336K, used 2384K [0x00000000f5580000, 0x00000000ffd80000, 0x0000000100000000)
  eden space 114688K, 0% used [0x00000000f5580000,0x00000000f5580000,0x00000000fc580000)
  from space 27648K, 8% used [0x00000000fe280000,0x00000000fe4d4240,0x00000000ffd80000)
  to   space 28672K, 0% used [0x00000000fc580000,0x00000000fc580000,0x00000000fe180000)
 ParOldGen       total 104960K, used 46915K [0x00000000e0000000, 0x00000000e6680000, 0x00000000f5580000)
  object space 104960K, 44% used [0x00000000e0000000,0x00000000e2dd0d38,0x00000000e6680000)
 Metaspace       used 86432K, capacity 93672K, committed 94120K, reserved 1130496K
  class space    used 10222K, capacity 12323K, committed 12456K, reserved 1048576K
Event: 942.504 GC heap after
Heap after GC invocations=31 (full 9):
 PSYoungGen      total 142336K, used 0K [0x00000000f5580000, 0x00000000ffd80000, 0x0000000100000000)
  eden space 114688K, 0% used [0x00000000f5580000,0x00000000f5580000,0x00000000fc580000)
  from space 27648K, 0% used [0x00000000fe280000,0x00000000fe280000,0x00000000ffd80000)
  to   space 28672K, 0% used [0x00000000fc580000,0x00000000fc580000,0x00000000fe180000)
 ParOldGen       total 104960K, used 46786K [0x00000000e0000000, 0x00000000e6680000, 0x00000000f5580000)
  object space 104960K, 44% used [0x00000000e0000000,0x00000000e2db0a38,0x00000000e6680000)
 Metaspace       used 86432K, capacity 93672K, committed 94120K, reserved 1130496K
  class space    used 10222K, capacity 12323K, committed 12456K, reserved 1048576K
}
Event: 1004.504 GC heap before
{Heap before GC invocations=32 (full 9):
 PSYoungGen      total 142336K, used 114688K [0x00000000f5580000, 0x00000000ffd80000, 0x0000000100000000)
  eden space 114688K, 100% used [0x00000000f5580000,0x00000000fc580000,0x00000000fc580000)
  from space 27648K, 0% used [0x00000000fe280000,0x00000000fe280000,0x00000000ffd80000)
  to   space 28672K, 0% used [0x00000000fc580000,0x00000000fc580000,0x00000000fe180000)
 ParOldGen       total 104960K, used 46786K [0x00000000e0000000, 0x00000000e6680000, 0x00000000f5580000)
  object space 104960K, 44% used [0x00000000e0000000,0x00000000e2db0a38,0x00000000e6680000)
 Metaspace       used 86760K, capacity 93940K, committed 94376K, reserved 1130496K
  class space    used 10229K, capacity 12325K, committed 12456K, reserved 1048576K
Event: 1004.507 GC heap after
Heap after GC invocations=32 (full 9):
 PSYoungGen      total 143360K, used 864K [0x00000000f5580000, 0x00000000fff00000, 0x0000000100000000)
  eden space 114688K, 0% used [0x00000000f5580000,0x00000000f5580000,0x00000000fc580000)
  from space 28672K, 3% used [0x00000000fc580000,0x00000000fc658020,0x00000000fe180000)
  to   space 27648K, 0% used [0x00000000fe400000,0x00000000fe400000,0x00000000fff00000)
 ParOldGen       total 104960K, used 46794K [0x00000000e0000000, 0x00000000e6680000, 0x00000000f5580000)
  object space 104960K, 44% used [0x00000000e0000000,0x00000000e2db2a38,0x00000000e6680000)
 Metaspace       used 86760K, capacity 93940K, committed 94376K, reserved 1130496K
  class space    used 10229K, capacity 12325K, committed 12456K, reserved 1048576K
}
Event: 1009.330 GC heap before
{Heap before GC invocations=33 (full 9):
 PSYoungGen      total 143360K, used 13810K [0x00000000f5580000, 0x00000000fff00000, 0x0000000100000000)
  eden space 114688K, 11% used [0x00000000f5580000,0x00000000f6224ab0,0x00000000fc580000)
  from space 28672K, 3% used [0x00000000fc580000,0x00000000fc658020,0x00000000fe180000)
  to   space 27648K, 0% used [0x00000000fe400000,0x00000000fe400000,0x00000000fff00000)
 ParOldGen       total 104960K, used 46794K [0x00000000e0000000, 0x00000000e6680000, 0x00000000f5580000)
  object space 104960K, 44% used [0x00000000e0000000,0x00000000e2db2a38,0x00000000e6680000)
 Metaspace       used 86771K, capacity 93940K, committed 94376K, reserved 1130496K
  class space    used 10229K, capacity 12325K, committed 12456K, reserved 1048576K
Event: 1009.333 GC heap after
Heap after GC invocations=33 (full 9):
 PSYoungGen      total 144896K, used 1616K [0x00000000f5580000, 0x00000000ffe00000, 0x0000000100000000)
  eden space 118272K, 0% used [0x00000000f5580000,0x00000000f5580000,0x00000000fc900000)
  from space 26624K, 6% used [0x00000000fe400000,0x00000000fe594010,0x00000000ffe00000)
  to   space 27136K, 0% used [0x00000000fc900000,0x00000000fc900000,0x00000000fe380000)
 ParOldGen       total 104960K, used 46802K [0x00000000e0000000, 0x00000000e6680000, 0x00000000f5580000)
  object space 104960K, 44% used [0x00000000e0000000,0x00000000e2db4a38,0x00000000e6680000)
 Metaspace       used 86771K, capacity 93940K, committed 94376K, reserved 1130496K
  class space    used 10229K, capacity 12325K, committed 12456K, reserved 1048576K
}
Event: 1009.333 GC heap before
{Heap before GC invocations=34 (full 10):
 PSYoungGen      total 144896K, used 1616K [0x00000000f5580000, 0x00000000ffe00000, 0x0000000100000000)
  eden space 118272K, 0% used [0x00000000f5580000,0x00000000f5580000,0x00000000fc900000)
  from space 26624K, 6% used [0x00000000fe400000,0x00000000fe594010,0x00000000ffe00000)
  to   space 27136K, 0% used [0x00000000fc900000,0x00000000fc900000,0x00000000fe380000)
 ParOldGen       total 104960K, used 46802K [0x00000000e0000000, 0x00000000e6680000, 0x00000000f5580000)
  object space 104960K, 44% used [0x00000000e0000000,0x00000000e2db4a38,0x00000000e6680000)
 Metaspace       used 86771K, capacity 93940K, committed 94376K, reserved 1130496K
  class space    used 10229K, capacity 12325K, committed 12456K, reserved 1048576K
Event: 1009.514 GC heap after
Heap after GC invocations=34 (full 10):
 PSYoungGen      total 144896K, used 0K [0x00000000f5580000, 0x00000000ffe00000, 0x0000000100000000)
  eden space 118272K, 0% used [0x00000000f5580000,0x00000000f5580000,0x00000000fc900000)
  from space 26624K, 0% used [0x00000000fe400000,0x00000000fe400000,0x00000000ffe00000)
  to   space 27136K, 0% used [0x00000000fc900000,0x00000000fc900000,0x00000000fe380000)
 ParOldGen       total 104960K, used 46125K [0x00000000e0000000, 0x00000000e6680000, 0x00000000f5580000)
  object space 104960K, 43% used [0x00000000e0000000,0x00000000e2d0b4f8,0x00000000e6680000)
 Metaspace       used 86771K, capacity 93940K, committed 94376K, reserved 1130496K
  class space    used 10229K, capacity 12325K, committed 12456K, reserved 1048576K
}
Event: 1375.731 GC heap before
{Heap before GC invocations=35 (full 10):
 PSYoungGen      total 144896K, used 118272K [0x00000000f5580000, 0x00000000ffe00000, 0x0000000100000000)
  eden space 118272K, 100% used [0x00000000f5580000,0x00000000fc900000,0x00000000fc900000)
  from space 26624K, 0% used [0x00000000fe400000,0x00000000fe400000,0x00000000ffe00000)
  to   space 27136K, 0% used [0x00000000fc900000,0x00000000fc900000,0x00000000fe380000)
 ParOldGen       total 104960K, used 46125K [0x00000000e0000000, 0x00000000e6680000, 0x00000000f5580000)
  object space 104960K, 43% used [0x00000000e0000000,0x00000000e2d0b4f8,0x00000000e6680000)
 Metaspace       used 87053K, capacity 94144K, committed 94632K, reserved 1132544K
  class space    used 10231K, capacity 12327K, committed 12456K, reserved 1048576K
Event: 1375.736 GC heap after
Heap after GC invocations=35 (full 10):
 PSYoungGen      total 145408K, used 1987K [0x00000000f5580000, 0x00000000ffd80000, 0x0000000100000000)
  eden space 118272K, 0% used [0x00000000f5580000,0x00000000f5580000,0x00000000fc900000)
  from space 27136K, 7% used [0x00000000fc900000,0x00000000fcaf0e40,0x00000000fe380000)
  to   space 25600K, 0% used [0x00000000fe480000,0x00000000fe480000,0x00000000ffd80000)
 ParOldGen       total 104960K, used 46133K [0x00000000e0000000, 0x00000000e6680000, 0x00000000f5580000)
  object space 104960K, 43% used [0x00000000e0000000,0x00000000e2d0d4f8,0x00000000e6680000)
 Metaspace       used 87053K, capacity 94144K, committed 94632K, reserved 1132544K
  class space    used 10231K, capacity 12327K, committed 12456K, reserved 1048576K
}

