# JRE version: Java(TM) SE Runtime Environment (8.0_66-b18) (build 1.8.0_66-b18)
# Java VM: Java HotSpot(TM) 64-Bit Server VM (25.66-b18 mixed mode windows-amd64 compressed oops)
Heap:
 PSYoungGen      total 151040K, used 15876K [0x00000000f5580000, 0x00000000ffe80000, 0x0000000100000000)
  eden space 129024K, 8% used [0x00000000f5580000,0x00000000f5fe1328,0x00000000fd380000)
  from space 22016K, 23% used [0x00000000fe900000,0x00000000fee20038,0x00000000ffe80000)
  to   space 22016K, 0% used [0x00000000fd380000,0x00000000fd380000,0x00000000fe900000)
 ParOldGen       total 102400K, used 57318K [0x00000000e0000000, 0x00000000e6400000, 0x00000000f5580000)
  object space 102400K, 55% used [0x00000000e0000000,0x00000000e37f99f8,0x00000000e6400000)
 Metaspace       used 85651K, capacity 93080K, committed 93224K, reserved 1130496K
  class space    used 10187K, capacity 12503K, committed 12584K, reserved 1048576K
GC Heap History (10 events):
Event: 116.100 GC heap before
{Heap before GC invocations=19 (full 4):
 PSYoungGen      total 123392K, used 101376K [0x00000000f5580000, 0x00000000fe480000, 0x0000000100000000)
  eden space 101376K, 100% used [0x00000000f5580000,0x00000000fb880000,0x00000000fb880000)
  from space 22016K, 0% used [0x00000000fcf00000,0x00000000fcf00000,0x00000000fe480000)
  to   space 22528K, 0% used [0x00000000fb880000,0x00000000fb880000,0x00000000fce80000)
 ParOldGen       total 102400K, used 54505K [0x00000000e0000000, 0x00000000e6400000, 0x00000000f5580000)
  object space 102400K, 53% used [0x00000000e0000000,0x00000000e353a7c8,0x00000000e6400000)
 Metaspace       used 79338K, capacity 86052K, committed 86312K, reserved 1124352K
  class space    used 9559K, capacity 11510K, committed 11560K, reserved 1048576K
Event: 116.104 GC heap after
Heap after GC invocations=19 (full 4):
 PSYoungGen      total 123904K, used 3368K [0x00000000f5580000, 0x00000000ffc00000, 0x0000000100000000)
  eden space 101376K, 0% used [0x00000000f5580000,0x00000000f5580000,0x00000000fb880000)
  from space 22528K, 14% used [0x00000000fb880000,0x00000000fbbca188,0x00000000fce80000)
  to   space 23040K, 0% used [0x00000000fe580000,0x00000000fe580000,0x00000000ffc00000)
 ParOldGen       total 102400K, used 54513K [0x00000000e0000000, 0x00000000e6400000, 0x00000000f5580000)
  object space 102400K, 53% used [0x00000000e0000000,0x00000000e353c7c8,0x00000000e6400000)
 Metaspace       used 79338K, capacity 86052K, committed 86312K, reserved 1124352K
  class space    used 9559K, capacity 11510K, committed 11560K, reserved 1048576K
}
Event: 144.876 GC heap before
{Heap before GC invocations=20 (full 4):
 PSYoungGen      total 123904K, used 20031K [0x00000000f5580000, 0x00000000ffc00000, 0x0000000100000000)
  eden space 101376K, 16% used [0x00000000f5580000,0x00000000f65c5cf0,0x00000000fb880000)
  from space 22528K, 14% used [0x00000000fb880000,0x00000000fbbca188,0x00000000fce80000)
  to   space 23040K, 0% used [0x00000000fe580000,0x00000000fe580000,0x00000000ffc00000)
 ParOldGen       total 102400K, used 54513K [0x00000000e0000000, 0x00000000e6400000, 0x00000000f5580000)
  object space 102400K, 53% used [0x00000000e0000000,0x00000000e353c7c8,0x00000000e6400000)
 Metaspace       used 80800K, capacity 87734K, committed 87976K, reserved 1126400K
  class space    used 9746K, capacity 11855K, committed 11944K, reserved 1048576K
Event: 144.880 GC heap after
Heap after GC invocations=20 (full 4):
 PSYoungGen      total 147456K, used 4502K [0x00000000f5580000, 0x00000000ffc00000, 0x0000000100000000)
  eden space 124416K, 0% used [0x00000000f5580000,0x00000000f5580000,0x00000000fcf00000)
  from space 23040K, 19% used [0x00000000fe580000,0x00000000fe9e5848,0x00000000ffc00000)
  to   space 23040K, 0% used [0x00000000fcf00000,0x00000000fcf00000,0x00000000fe580000)
 ParOldGen       total 102400K, used 54521K [0x00000000e0000000, 0x00000000e6400000, 0x00000000f5580000)
  object space 102400K, 53% used [0x00000000e0000000,0x00000000e353e7c8,0x00000000e6400000)
 Metaspace       used 80800K, capacity 87734K, committed 87976K, reserved 1126400K
  class space    used 9746K, capacity 11855K, committed 11944K, reserved 1048576K
}
Event: 144.880 GC heap before
{Heap before GC invocations=21 (full 5):
 PSYoungGen      total 147456K, used 4502K [0x00000000f5580000, 0x00000000ffc00000, 0x0000000100000000)
  eden space 124416K, 0% used [0x00000000f5580000,0x00000000f5580000,0x00000000fcf00000)
  from space 23040K, 19% used [0x00000000fe580000,0x00000000fe9e5848,0x00000000ffc00000)
  to   space 23040K, 0% used [0x00000000fcf00000,0x00000000fcf00000,0x00000000fe580000)
 ParOldGen       total 102400K, used 54521K [0x00000000e0000000, 0x00000000e6400000, 0x00000000f5580000)
  object space 102400K, 53% used [0x00000000e0000000,0x00000000e353e7c8,0x00000000e6400000)
 Metaspace       used 80800K, capacity 87734K, committed 87976K, reserved 1126400K
  class space    used 9746K, capacity 11855K, committed 11944K, reserved 1048576K
Event: 145.249 GC heap after
Heap after GC invocations=21 (full 5):
 PSYoungGen      total 147456K, used 0K [0x00000000f5580000, 0x00000000ffc00000, 0x0000000100000000)
  eden space 124416K, 0% used [0x00000000f5580000,0x00000000f5580000,0x00000000fcf00000)
  from space 23040K, 0% used [0x00000000fe580000,0x00000000fe580000,0x00000000ffc00000)
  to   space 23040K, 0% used [0x00000000fcf00000,0x00000000fcf00000,0x00000000fe580000)
 ParOldGen       total 102400K, used 57302K [0x00000000e0000000, 0x00000000e6400000, 0x00000000f5580000)
  object space 102400K, 55% used [0x00000000e0000000,0x00000000e37f59f8,0x00000000e6400000)
 Metaspace       used 80800K, capacity 87734K, committed 87976K, reserved 1126400K
  class space    used 9746K, capacity 11855K, committed 11944K, reserved 1048576K
}
Event: 411.214 GC heap before
{Heap before GC invocations=22 (full 5):
 PSYoungGen      total 147456K, used 124405K [0x00000000f5580000, 0x00000000ffc00000, 0x0000000100000000)
  eden space 124416K, 99% used [0x00000000f5580000,0x00000000fcefd650,0x00000000fcf00000)
  from space 23040K, 0% used [0x00000000fe580000,0x00000000fe580000,0x00000000ffc00000)
  to   space 23040K, 0% used [0x00000000fcf00000,0x00000000fcf00000,0x00000000fe580000)
 ParOldGen       total 102400K, used 57302K [0x00000000e0000000, 0x00000000e6400000, 0x00000000f5580000)
  object space 102400K, 55% used [0x00000000e0000000,0x00000000e37f59f8,0x00000000e6400000)
 Metaspace       used 83964K, capacity 91454K, committed 91688K, reserved 1128448K
  class space    used 10048K, capacity 12303K, committed 12328K, reserved 1048576K
Event: 411.220 GC heap after
Heap after GC invocations=22 (full 5):
 PSYoungGen      total 147456K, used 6793K [0x00000000f5580000, 0x00000000fff00000, 0x0000000100000000)
  eden space 124416K, 0% used [0x00000000f5580000,0x00000000f5580000,0x00000000fcf00000)
  from space 23040K, 29% used [0x00000000fcf00000,0x00000000fd5a2550,0x00000000fe580000)
  to   space 22528K, 0% used [0x00000000fe900000,0x00000000fe900000,0x00000000fff00000)
 ParOldGen       total 102400K, used 57310K [0x00000000e0000000, 0x00000000e6400000, 0x00000000f5580000)
  object space 102400K, 55% used [0x00000000e0000000,0x00000000e37f79f8,0x00000000e6400000)
 Metaspace       used 83964K, capacity 91454K, committed 91688K, reserved 1128448K
  class space    used 10048K, capacity 12303K, committed 12328K, reserved 1048576K
}
Event: 565.937 GC heap before
{Heap before GC invocations=23 (full 5):
 PSYoungGen      total 147456K, used 131209K [0x00000000f5580000, 0x00000000fff00000, 0x0000000100000000)
  eden space 124416K, 100% used [0x00000000f5580000,0x00000000fcf00000,0x00000000fcf00000)
  from space 23040K, 29% used [0x00000000fcf00000,0x00000000fd5a2550,0x00000000fe580000)
  to   space 22528K, 0% used [0x00000000fe900000,0x00000000fe900000,0x00000000fff00000)
 ParOldGen       total 102400K, used 57310K [0x00000000e0000000, 0x00000000e6400000, 0x00000000f5580000)
  object space 102400K, 55% used [0x00000000e0000000,0x00000000e37f79f8,0x00000000e6400000)
 Metaspace       used 85306K, capacity 92724K, committed 92968K, reserved 1130496K
  class space    used 10149K, capacity 12471K, committed 12584K, reserved 1048576K
Event: 565.947 GC heap after
Heap after GC invocations=23 (full 5):
 PSYoungGen      total 151040K, used 5248K [0x00000000f5580000, 0x00000000ffe80000, 0x0000000100000000)
  eden space 129024K, 0% used [0x00000000f5580000,0x00000000f5580000,0x00000000fd380000)
  from space 22016K, 23% used [0x00000000fe900000,0x00000000fee20038,0x00000000ffe80000)
  to   space 22016K, 0% used [0x00000000fd380000,0x00000000fd380000,0x00000000fe900000)
 ParOldGen       total 102400K, used 57318K [0x00000000e0000000, 0x00000000e6400000, 0x00000000f5580000)
  object space 102400K, 55% used [0x00000000e0000000,0x00000000e37f99f8,0x00000000e6400000)
 Metaspace       used 85306K, capacity 92724K, committed 92968K, reserved 1130496K
  class space    used 10149K, capacity 12471K, committed 12584K, reserved 1048576K
}

