# JRE version: Java(TM) SE Runtime Environment (8.0_66-b18) (build 1.8.0_66-b18)
# Java VM: Java HotSpot(TM) 64-Bit Server VM (25.66-b18 mixed mode windows-amd64 compressed oops)
Heap:
 PSYoungGen      total 104960K, used 39105K [0x00000000f5580000, 0x00000000fd980000, 0x0000000100000000)
  eden space 76800K, 47% used [0x00000000f5580000,0x00000000f7954ec0,0x00000000fa080000)
  from space 28160K, 8% used [0x00000000fa080000,0x00000000fa2db8c0,0x00000000fbc00000)
  to   space 28160K, 0% used [0x00000000fbe00000,0x00000000fbe00000,0x00000000fd980000)
 ParOldGen       total 122880K, used 56762K [0x00000000e0000000, 0x00000000e7800000, 0x00000000f5580000)
  object space 122880K, 46% used [0x00000000e0000000,0x00000000e376eb90,0x00000000e7800000)
 Metaspace       used 84644K, capacity 91808K, committed 91944K, reserved 1128448K
  class space    used 10059K, capacity 12266K, committed 12328K, reserved 1048576K
GC Heap History (10 events):
Event: 112.757 GC heap before
{Heap before GC invocations=20 (full 4):
 PSYoungGen      total 100352K, used 77495K [0x00000000f5580000, 0x00000000fd800000, 0x0000000100000000)
  eden space 72192K, 100% used [0x00000000f5580000,0x00000000f9c00000,0x00000000f9c00000)
  from space 28160K, 18% used [0x00000000f9c00000,0x00000000fa12de48,0x00000000fb780000)
  to   space 28160K, 0% used [0x00000000fbc80000,0x00000000fbc80000,0x00000000fd800000)
 ParOldGen       total 122880K, used 56630K [0x00000000e0000000, 0x00000000e7800000, 0x00000000f5580000)
  object space 122880K, 46% used [0x00000000e0000000,0x00000000e374da00,0x00000000e7800000)
 Metaspace       used 82115K, capacity 89324K, committed 89384K, reserved 1126400K
  class space    used 9892K, capacity 12036K, committed 12072K, reserved 1048576K
Event: 112.762 GC heap after
Heap after GC invocations=20 (full 4):
 PSYoungGen      total 104448K, used 2391K [0x00000000f5580000, 0x00000000fd800000, 0x0000000100000000)
  eden space 76288K, 0% used [0x00000000f5580000,0x00000000f5580000,0x00000000fa000000)
  from space 28160K, 8% used [0x00000000fbc80000,0x00000000fbed5c70,0x00000000fd800000)
  to   space 28672K, 0% used [0x00000000fa000000,0x00000000fa000000,0x00000000fbc00000)
 ParOldGen       total 122880K, used 56638K [0x00000000e0000000, 0x00000000e7800000, 0x00000000f5580000)
  object space 122880K, 46% used [0x00000000e0000000,0x00000000e374fa00,0x00000000e7800000)
 Metaspace       used 82115K, capacity 89324K, committed 89384K, reserved 1126400K
  class space    used 9892K, capacity 12036K, committed 12072K, reserved 1048576K
}
Event: 123.163 GC heap before
{Heap before GC invocations=21 (full 4):
 PSYoungGen      total 104448K, used 50617K [0x00000000f5580000, 0x00000000fd800000, 0x0000000100000000)
  eden space 76288K, 63% used [0x00000000f5580000,0x00000000f8498b10,0x00000000fa000000)
  from space 28160K, 8% used [0x00000000fbc80000,0x00000000fbed5c70,0x00000000fd800000)
  to   space 28672K, 0% used [0x00000000fa000000,0x00000000fa000000,0x00000000fbc00000)
 ParOldGen       total 122880K, used 56638K [0x00000000e0000000, 0x00000000e7800000, 0x00000000f5580000)
  object space 122880K, 46% used [0x00000000e0000000,0x00000000e374fa00,0x00000000e7800000)
 Metaspace       used 82386K, capacity 89644K, committed 89896K, reserved 1126400K
  class space    used 9892K, capacity 12036K, committed 12072K, reserved 1048576K
Event: 123.167 GC heap after
Heap after GC invocations=21 (full 4):
 PSYoungGen      total 104960K, used 3262K [0x00000000f5580000, 0x00000000fd800000, 0x0000000100000000)
  eden space 76288K, 0% used [0x00000000f5580000,0x00000000f5580000,0x00000000fa000000)
  from space 28672K, 11% used [0x00000000fa000000,0x00000000fa32f900,0x00000000fbc00000)
  to   space 28672K, 0% used [0x00000000fbc00000,0x00000000fbc00000,0x00000000fd800000)
 ParOldGen       total 122880K, used 56646K [0x00000000e0000000, 0x00000000e7800000, 0x00000000f5580000)
  object space 122880K, 46% used [0x00000000e0000000,0x00000000e3751a00,0x00000000e7800000)
 Metaspace       used 82386K, capacity 89644K, committed 89896K, reserved 1126400K
  class space    used 9892K, capacity 12036K, committed 12072K, reserved 1048576K
}
Event: 123.167 GC heap before
{Heap before GC invocations=22 (full 5):
 PSYoungGen      total 104960K, used 3262K [0x00000000f5580000, 0x00000000fd800000, 0x0000000100000000)
  eden space 76288K, 0% used [0x00000000f5580000,0x00000000f5580000,0x00000000fa000000)
  from space 28672K, 11% used [0x00000000fa000000,0x00000000fa32f900,0x00000000fbc00000)
  to   space 28672K, 0% used [0x00000000fbc00000,0x00000000fbc00000,0x00000000fd800000)
 ParOldGen       total 122880K, used 56646K [0x00000000e0000000, 0x00000000e7800000, 0x00000000f5580000)
  object space 122880K, 46% used [0x00000000e0000000,0x00000000e3751a00,0x00000000e7800000)
 Metaspace       used 82386K, capacity 89644K, committed 89896K, reserved 1126400K
  class space    used 9892K, capacity 12036K, committed 12072K, reserved 1048576K
Event: 123.513 GC heap after
Heap after GC invocations=22 (full 5):
 PSYoungGen      total 104960K, used 0K [0x00000000f5580000, 0x00000000fd800000, 0x0000000100000000)
  eden space 76288K, 0% used [0x00000000f5580000,0x00000000f5580000,0x00000000fa000000)
  from space 28672K, 0% used [0x00000000fa000000,0x00000000fa000000,0x00000000fbc00000)
  to   space 28672K, 0% used [0x00000000fbc00000,0x00000000fbc00000,0x00000000fd800000)
 ParOldGen       total 122880K, used 56746K [0x00000000e0000000, 0x00000000e7800000, 0x00000000f5580000)
  object space 122880K, 46% used [0x00000000e0000000,0x00000000e376ab90,0x00000000e7800000)
 Metaspace       used 82386K, capacity 89644K, committed 89896K, reserved 1126400K
  class space    used 9892K, capacity 12036K, committed 12072K, reserved 1048576K
}
Event: 168.037 GC heap before
{Heap before GC invocations=23 (full 5):
 PSYoungGen      total 104960K, used 76288K [0x00000000f5580000, 0x00000000fd800000, 0x0000000100000000)
  eden space 76288K, 100% used [0x00000000f5580000,0x00000000fa000000,0x00000000fa000000)
  from space 28672K, 0% used [0x00000000fa000000,0x00000000fa000000,0x00000000fbc00000)
  to   space 28672K, 0% used [0x00000000fbc00000,0x00000000fbc00000,0x00000000fd800000)
 ParOldGen       total 122880K, used 56746K [0x00000000e0000000, 0x00000000e7800000, 0x00000000f5580000)
  object space 122880K, 46% used [0x00000000e0000000,0x00000000e376ab90,0x00000000e7800000)
 Metaspace       used 82959K, capacity 90234K, committed 90408K, reserved 1128448K
  class space    used 9900K, capacity 12040K, committed 12072K, reserved 1048576K
Event: 168.041 GC heap after
Heap after GC invocations=23 (full 5):
 PSYoungGen      total 105472K, used 1287K [0x00000000f5580000, 0x00000000fda80000, 0x0000000100000000)
  eden space 76800K, 0% used [0x00000000f5580000,0x00000000f5580000,0x00000000fa080000)
  from space 28672K, 4% used [0x00000000fbc00000,0x00000000fbd41c60,0x00000000fd800000)
  to   space 28160K, 0% used [0x00000000fa080000,0x00000000fa080000,0x00000000fbc00000)
 ParOldGen       total 122880K, used 56754K [0x00000000e0000000, 0x00000000e7800000, 0x00000000f5580000)
  object space 122880K, 46% used [0x00000000e0000000,0x00000000e376cb90,0x00000000e7800000)
 Metaspace       used 82959K, capacity 90234K, committed 90408K, reserved 1128448K
  class space    used 9900K, capacity 12040K, committed 12072K, reserved 1048576K
}
Event: 187.879 GC heap before
{Heap before GC invocations=24 (full 5):
 PSYoungGen      total 105472K, used 78087K [0x00000000f5580000, 0x00000000fda80000, 0x0000000100000000)
  eden space 76800K, 100% used [0x00000000f5580000,0x00000000fa080000,0x00000000fa080000)
  from space 28672K, 4% used [0x00000000fbc00000,0x00000000fbd41c60,0x00000000fd800000)
  to   space 28160K, 0% used [0x00000000fa080000,0x00000000fa080000,0x00000000fbc00000)
 ParOldGen       total 122880K, used 56754K [0x00000000e0000000, 0x00000000e7800000, 0x00000000f5580000)
  object space 122880K, 46% used [0x00000000e0000000,0x00000000e376cb90,0x00000000e7800000)
 Metaspace       used 83273K, capacity 90492K, committed 90664K, reserved 1128448K
  class space    used 9904K, capacity 12042K, committed 12072K, reserved 1048576K
Event: 187.883 GC heap after
Heap after GC invocations=24 (full 5):
 PSYoungGen      total 104960K, used 2414K [0x00000000f5580000, 0x00000000fd980000, 0x0000000100000000)
  eden space 76800K, 0% used [0x00000000f5580000,0x00000000f5580000,0x00000000fa080000)
  from space 28160K, 8% used [0x00000000fa080000,0x00000000fa2db8c0,0x00000000fbc00000)
  to   space 28160K, 0% used [0x00000000fbe00000,0x00000000fbe00000,0x00000000fd980000)
 ParOldGen       total 122880K, used 56762K [0x00000000e0000000, 0x00000000e7800000, 0x00000000f5580000)
  object space 122880K, 46% used [0x00000000e0000000,0x00000000e376eb90,0x00000000e7800000)
 Metaspace       used 83273K, capacity 90492K, committed 90664K, reserved 1128448K
  class space    used 9904K, capacity 12042K, committed 12072K, reserved 1048576K
}

