# JRE version: Java(TM) SE Runtime Environment (8.0_66-b18) (build 1.8.0_66-b18)
# Java VM: Java HotSpot(TM) 64-Bit Server VM (25.66-b18 mixed mode windows-amd64 compressed oops)
Heap:
 PSYoungGen      total 103424K, used 11646K [0x00000000f5580000, 0x00000000fce00000, 0x0000000100000000)
  eden space 82944K, 10% used [0x00000000f5580000,0x00000000f5dc1440,0x00000000fa680000)
  from space 20480K, 15% used [0x00000000fba00000,0x00000000fbd1e748,0x00000000fce00000)
  to   space 19968K, 0% used [0x00000000fa680000,0x00000000fa680000,0x00000000fba00000)
 ParOldGen       total 120320K, used 47088K [0x00000000e0000000, 0x00000000e7580000, 0x00000000f5580000)
  object space 120320K, 39% used [0x00000000e0000000,0x00000000e2dfc180,0x00000000e7580000)
 Metaspace       used 86353K, capacity 93474K, committed 93616K, reserved 1130496K
  class space    used 10167K, capacity 12392K, committed 12464K, reserved 1048576K
GC Heap History (10 events):
Event: 1146.670 GC heap before
{Heap before GC invocations=38 (full 12):
 PSYoungGen      total 83456K, used 3438K [0x00000000f5580000, 0x00000000fd200000, 0x0000000100000000)
  eden space 81408K, 4% used [0x00000000f5580000,0x00000000f58db920,0x00000000fa500000)
  from space 2048K, 0% used [0x00000000fa500000,0x00000000fa500000,0x00000000fa700000)
  to   space 23040K, 0% used [0x00000000fbb80000,0x00000000fbb80000,0x00000000fd200000)
 ParOldGen       total 120320K, used 46250K [0x00000000e0000000, 0x00000000e7580000, 0x00000000f5580000)
  object space 120320K, 38% used [0x00000000e0000000,0x00000000e2d2ab18,0x00000000e7580000)
 Metaspace       used 84902K, capacity 92272K, committed 92464K, reserved 1130496K
  class space    used 10021K, capacity 12228K, committed 12336K, reserved 1048576K
Event: 1146.673 GC heap after
Heap after GC invocations=38 (full 12):
 PSYoungGen      total 103424K, used 256K [0x00000000f5580000, 0x00000000fd100000, 0x0000000100000000)
  eden space 81408K, 0% used [0x00000000f5580000,0x00000000f5580000,0x00000000fa500000)
  from space 22016K, 1% used [0x00000000fbb80000,0x00000000fbbc0000,0x00000000fd100000)
  to   space 22528K, 0% used [0x00000000fa500000,0x00000000fa500000,0x00000000fbb00000)
 ParOldGen       total 120320K, used 46250K [0x00000000e0000000, 0x00000000e7580000, 0x00000000f5580000)
  object space 120320K, 38% used [0x00000000e0000000,0x00000000e2d2ab18,0x00000000e7580000)
 Metaspace       used 84902K, capacity 92272K, committed 92464K, reserved 1130496K
  class space    used 10021K, capacity 12228K, committed 12336K, reserved 1048576K
}
Event: 1146.673 GC heap before
{Heap before GC invocations=39 (full 13):
 PSYoungGen      total 103424K, used 256K [0x00000000f5580000, 0x00000000fd100000, 0x0000000100000000)
  eden space 81408K, 0% used [0x00000000f5580000,0x00000000f5580000,0x00000000fa500000)
  from space 22016K, 1% used [0x00000000fbb80000,0x00000000fbbc0000,0x00000000fd100000)
  to   space 22528K, 0% used [0x00000000fa500000,0x00000000fa500000,0x00000000fbb00000)
 ParOldGen       total 120320K, used 46250K [0x00000000e0000000, 0x00000000e7580000, 0x00000000f5580000)
  object space 120320K, 38% used [0x00000000e0000000,0x00000000e2d2ab18,0x00000000e7580000)
 Metaspace       used 84902K, capacity 92272K, committed 92464K, reserved 1130496K
  class space    used 10021K, capacity 12228K, committed 12336K, reserved 1048576K
Event: 1146.794 GC heap after
Heap after GC invocations=39 (full 13):
 PSYoungGen      total 103424K, used 0K [0x00000000f5580000, 0x00000000fd100000, 0x0000000100000000)
  eden space 81408K, 0% used [0x00000000f5580000,0x00000000f5580000,0x00000000fa500000)
  from space 22016K, 0% used [0x00000000fbb80000,0x00000000fbb80000,0x00000000fd100000)
  to   space 22528K, 0% used [0x00000000fa500000,0x00000000fa500000,0x00000000fbb00000)
 ParOldGen       total 120320K, used 46123K [0x00000000e0000000, 0x00000000e7580000, 0x00000000f5580000)
  object space 120320K, 38% used [0x00000000e0000000,0x00000000e2d0ae10,0x00000000e7580000)
 Metaspace       used 84902K, capacity 92272K, committed 92464K, reserved 1130496K
  class space    used 10021K, capacity 12228K, committed 12336K, reserved 1048576K
}
Event: 1206.678 GC heap before
{Heap before GC invocations=40 (full 13):
 PSYoungGen      total 103424K, used 25989K [0x00000000f5580000, 0x00000000fd100000, 0x0000000100000000)
  eden space 81408K, 31% used [0x00000000f5580000,0x00000000f6ee15c8,0x00000000fa500000)
  from space 22016K, 0% used [0x00000000fbb80000,0x00000000fbb80000,0x00000000fd100000)
  to   space 22528K, 0% used [0x00000000fa500000,0x00000000fa500000,0x00000000fbb00000)
 ParOldGen       total 120320K, used 46123K [0x00000000e0000000, 0x00000000e7580000, 0x00000000f5580000)
  object space 120320K, 38% used [0x00000000e0000000,0x00000000e2d0ae10,0x00000000e7580000)
 Metaspace       used 85097K, capacity 92528K, committed 92720K, reserved 1130496K
  class space    used 10032K, capacity 12228K, committed 12336K, reserved 1048576K
Event: 1206.682 GC heap after
Heap after GC invocations=40 (full 13):
 PSYoungGen      total 83968K, used 2400K [0x00000000f5580000, 0x00000000fcf00000, 0x0000000100000000)
  eden space 81408K, 0% used [0x00000000f5580000,0x00000000f5580000,0x00000000fa500000)
  from space 2560K, 93% used [0x00000000fa500000,0x00000000fa758000,0x00000000fa780000)
  to   space 21504K, 0% used [0x00000000fba00000,0x00000000fba00000,0x00000000fcf00000)
 ParOldGen       total 120320K, used 46131K [0x00000000e0000000, 0x00000000e7580000, 0x00000000f5580000)
  object space 120320K, 38% used [0x00000000e0000000,0x00000000e2d0ce10,0x00000000e7580000)
 Metaspace       used 85097K, capacity 92528K, committed 92720K, reserved 1130496K
  class space    used 10032K, capacity 12228K, committed 12336K, reserved 1048576K
}
Event: 1206.682 GC heap before
{Heap before GC invocations=41 (full 14):
 PSYoungGen      total 83968K, used 2400K [0x00000000f5580000, 0x00000000fcf00000, 0x0000000100000000)
  eden space 81408K, 0% used [0x00000000f5580000,0x00000000f5580000,0x00000000fa500000)
  from space 2560K, 93% used [0x00000000fa500000,0x00000000fa758000,0x00000000fa780000)
  to   space 21504K, 0% used [0x00000000fba00000,0x00000000fba00000,0x00000000fcf00000)
 ParOldGen       total 120320K, used 46131K [0x00000000e0000000, 0x00000000e7580000, 0x00000000f5580000)
  object space 120320K, 38% used [0x00000000e0000000,0x00000000e2d0ce10,0x00000000e7580000)
 Metaspace       used 85097K, capacity 92528K, committed 92720K, reserved 1130496K
  class space    used 10032K, capacity 12228K, committed 12336K, reserved 1048576K
Event: 1206.850 GC heap after
Heap after GC invocations=41 (full 14):
 PSYoungGen      total 83968K, used 0K [0x00000000f5580000, 0x00000000fcf00000, 0x0000000100000000)
  eden space 81408K, 0% used [0x00000000f5580000,0x00000000f5580000,0x00000000fa500000)
  from space 2560K, 0% used [0x00000000fa500000,0x00000000fa500000,0x00000000fa780000)
  to   space 21504K, 0% used [0x00000000fba00000,0x00000000fba00000,0x00000000fcf00000)
 ParOldGen       total 120320K, used 47080K [0x00000000e0000000, 0x00000000e7580000, 0x00000000f5580000)
  object space 120320K, 39% used [0x00000000e0000000,0x00000000e2dfa180,0x00000000e7580000)
 Metaspace       used 85097K, capacity 92528K, committed 92720K, reserved 1130496K
  class space    used 10032K, capacity 12228K, committed 12336K, reserved 1048576K
}
Event: 1284.466 GC heap before
{Heap before GC invocations=42 (full 14):
 PSYoungGen      total 83968K, used 81408K [0x00000000f5580000, 0x00000000fcf00000, 0x0000000100000000)
  eden space 81408K, 100% used [0x00000000f5580000,0x00000000fa500000,0x00000000fa500000)
  from space 2560K, 0% used [0x00000000fa500000,0x00000000fa500000,0x00000000fa780000)
  to   space 21504K, 0% used [0x00000000fba00000,0x00000000fba00000,0x00000000fcf00000)
 ParOldGen       total 120320K, used 47080K [0x00000000e0000000, 0x00000000e7580000, 0x00000000f5580000)
  object space 120320K, 39% used [0x00000000e0000000,0x00000000e2dfa180,0x00000000e7580000)
 Metaspace       used 86021K, capacity 93310K, committed 93616K, reserved 1130496K
  class space    used 10131K, capacity 12360K, committed 12464K, reserved 1048576K
Event: 1284.476 GC heap after
Heap after GC invocations=42 (full 14):
 PSYoungGen      total 103424K, used 3193K [0x00000000f5580000, 0x00000000fce00000, 0x0000000100000000)
  eden space 82944K, 0% used [0x00000000f5580000,0x00000000f5580000,0x00000000fa680000)
  from space 20480K, 15% used [0x00000000fba00000,0x00000000fbd1e748,0x00000000fce00000)
  to   space 19968K, 0% used [0x00000000fa680000,0x00000000fa680000,0x00000000fba00000)
 ParOldGen       total 120320K, used 47088K [0x00000000e0000000, 0x00000000e7580000, 0x00000000f5580000)
  object space 120320K, 39% used [0x00000000e0000000,0x00000000e2dfc180,0x00000000e7580000)
 Metaspace       used 86021K, capacity 93310K, committed 93616K, reserved 1130496K
  class space    used 10131K, capacity 12360K, committed 12464K, reserved 1048576K
}

