# JRE version: Java(TM) SE Runtime Environment (8.0_66-b18) (build 1.8.0_66-b18)
# Java VM: Java HotSpot(TM) 64-Bit Server VM (25.66-b18 mixed mode windows-amd64 compressed oops)
Heap:
 PSYoungGen      total 129536K, used 42518K [0x00000000f5580000, 0x00000000ffd00000, 0x0000000100000000)
  eden space 90624K, 46% used [0x00000000f5580000,0x00000000f7f05808,0x00000000fae00000)
  from space 38912K, 0% used [0x00000000fae00000,0x00000000fae00000,0x00000000fd400000)
  to   space 38400K, 0% used [0x00000000fd780000,0x00000000fd780000,0x00000000ffd00000)
 ParOldGen       total 108032K, used 65767K [0x00000000e0000000, 0x00000000e6980000, 0x00000000f5580000)
  object space 108032K, 60% used [0x00000000e0000000,0x00000000e4039d28,0x00000000e6980000)
 Metaspace       used 94064K, capacity 102308K, committed 102424K, reserved 1138688K
  class space    used 11370K, capacity 13792K, committed 13872K, reserved 1048576K
GC Heap History (10 events):
Event: 185.843 GC heap before
{Heap before GC invocations=24 (full 5):
 PSYoungGen      total 128512K, used 73050K [0x00000000f5580000, 0x00000000ffc00000, 0x0000000100000000)
  eden space 89600K, 81% used [0x00000000f5580000,0x00000000f9cd6a90,0x00000000fad00000)
  from space 38912K, 0% used [0x00000000fd400000,0x00000000fd400000,0x00000000ffa00000)
  to   space 39936K, 0% used [0x00000000fad00000,0x00000000fad00000,0x00000000fd400000)
 ParOldGen       total 108032K, used 62583K [0x00000000e0000000, 0x00000000e6980000, 0x00000000f5580000)
  object space 108032K, 57% used [0x00000000e0000000,0x00000000e3d1dd18,0x00000000e6980000)
 Metaspace       used 91554K, capacity 99466K, committed 99480K, reserved 1134592K
  class space    used 11173K, capacity 13487K, committed 13488K, reserved 1048576K
Event: 185.860 GC heap after
Heap after GC invocations=24 (full 5):
 PSYoungGen      total 129536K, used 5994K [0x00000000f5580000, 0x00000000ffa00000, 0x0000000100000000)
  eden space 89600K, 0% used [0x00000000f5580000,0x00000000f5580000,0x00000000fad00000)
  from space 39936K, 15% used [0x00000000fad00000,0x00000000fb2dab58,0x00000000fd400000)
  to   space 38912K, 0% used [0x00000000fd400000,0x00000000fd400000,0x00000000ffa00000)
 ParOldGen       total 108032K, used 62591K [0x00000000e0000000, 0x00000000e6980000, 0x00000000f5580000)
  object space 108032K, 57% used [0x00000000e0000000,0x00000000e3d1fd18,0x00000000e6980000)
 Metaspace       used 91554K, capacity 99466K, committed 99480K, reserved 1134592K
  class space    used 11173K, capacity 13487K, committed 13488K, reserved 1048576K
}
Event: 185.860 GC heap before
{Heap before GC invocations=25 (full 6):
 PSYoungGen      total 129536K, used 5994K [0x00000000f5580000, 0x00000000ffa00000, 0x0000000100000000)
  eden space 89600K, 0% used [0x00000000f5580000,0x00000000f5580000,0x00000000fad00000)
  from space 39936K, 15% used [0x00000000fad00000,0x00000000fb2dab58,0x00000000fd400000)
  to   space 38912K, 0% used [0x00000000fd400000,0x00000000fd400000,0x00000000ffa00000)
 ParOldGen       total 108032K, used 62591K [0x00000000e0000000, 0x00000000e6980000, 0x00000000f5580000)
  object space 108032K, 57% used [0x00000000e0000000,0x00000000e3d1fd18,0x00000000e6980000)
 Metaspace       used 91554K, capacity 99466K, committed 99480K, reserved 1134592K
  class space    used 11173K, capacity 13487K, committed 13488K, reserved 1048576K
Event: 186.362 GC heap after
Heap after GC invocations=25 (full 6):
 PSYoungGen      total 129536K, used 0K [0x00000000f5580000, 0x00000000ffa00000, 0x0000000100000000)
  eden space 89600K, 0% used [0x00000000f5580000,0x00000000f5580000,0x00000000fad00000)
  from space 39936K, 0% used [0x00000000fad00000,0x00000000fad00000,0x00000000fd400000)
  to   space 38912K, 0% used [0x00000000fd400000,0x00000000fd400000,0x00000000ffa00000)
 ParOldGen       total 108032K, used 67781K [0x00000000e0000000, 0x00000000e6980000, 0x00000000f5580000)
  object space 108032K, 62% used [0x00000000e0000000,0x00000000e4231450,0x00000000e6980000)
 Metaspace       used 91554K, capacity 99466K, committed 99480K, reserved 1134592K
  class space    used 11173K, capacity 13487K, committed 13488K, reserved 1048576K
}
Event: 220.643 GC heap before
{Heap before GC invocations=26 (full 6):
 PSYoungGen      total 129536K, used 89600K [0x00000000f5580000, 0x00000000ffa00000, 0x0000000100000000)
  eden space 89600K, 100% used [0x00000000f5580000,0x00000000fad00000,0x00000000fad00000)
  from space 39936K, 0% used [0x00000000fad00000,0x00000000fad00000,0x00000000fd400000)
  to   space 38912K, 0% used [0x00000000fd400000,0x00000000fd400000,0x00000000ffa00000)
 ParOldGen       total 108032K, used 67781K [0x00000000e0000000, 0x00000000e6980000, 0x00000000f5580000)
  object space 108032K, 62% used [0x00000000e0000000,0x00000000e4231450,0x00000000e6980000)
 Metaspace       used 92490K, capacity 100554K, committed 100632K, reserved 1136640K
  class space    used 11232K, capacity 13597K, committed 13616K, reserved 1048576K
Event: 220.649 GC heap after
Heap after GC invocations=26 (full 6):
 PSYoungGen      total 129536K, used 2926K [0x00000000f5580000, 0x00000000ffe00000, 0x0000000100000000)
  eden space 90624K, 0% used [0x00000000f5580000,0x00000000f5580000,0x00000000fae00000)
  from space 38912K, 7% used [0x00000000fd400000,0x00000000fd6db968,0x00000000ffa00000)
  to   space 38912K, 0% used [0x00000000fae00000,0x00000000fae00000,0x00000000fd400000)
 ParOldGen       total 108032K, used 67789K [0x00000000e0000000, 0x00000000e6980000, 0x00000000f5580000)
  object space 108032K, 62% used [0x00000000e0000000,0x00000000e4233450,0x00000000e6980000)
 Metaspace       used 92490K, capacity 100554K, committed 100632K, reserved 1136640K
  class space    used 11232K, capacity 13597K, committed 13616K, reserved 1048576K
}
Event: 247.372 GC heap before
{Heap before GC invocations=27 (full 6):
 PSYoungGen      total 129536K, used 84033K [0x00000000f5580000, 0x00000000ffe00000, 0x0000000100000000)
  eden space 90624K, 89% used [0x00000000f5580000,0x00000000fa4b4cf0,0x00000000fae00000)
  from space 38912K, 7% used [0x00000000fd400000,0x00000000fd6db968,0x00000000ffa00000)
  to   space 38912K, 0% used [0x00000000fae00000,0x00000000fae00000,0x00000000fd400000)
 ParOldGen       total 108032K, used 67789K [0x00000000e0000000, 0x00000000e6980000, 0x00000000f5580000)
  object space 108032K, 62% used [0x00000000e0000000,0x00000000e4233450,0x00000000e6980000)
 Metaspace       used 92875K, capacity 100938K, committed 101144K, reserved 1136640K
  class space    used 11244K, capacity 13597K, committed 13616K, reserved 1048576K
Event: 247.385 GC heap after
Heap after GC invocations=27 (full 6):
 PSYoungGen      total 129536K, used 2979K [0x00000000f5580000, 0x00000000ffd00000, 0x0000000100000000)
  eden space 90624K, 0% used [0x00000000f5580000,0x00000000f5580000,0x00000000fae00000)
  from space 38912K, 7% used [0x00000000fae00000,0x00000000fb0e8d60,0x00000000fd400000)
  to   space 38400K, 0% used [0x00000000fd780000,0x00000000fd780000,0x00000000ffd00000)
 ParOldGen       total 108032K, used 67797K [0x00000000e0000000, 0x00000000e6980000, 0x00000000f5580000)
  object space 108032K, 62% used [0x00000000e0000000,0x00000000e4235450,0x00000000e6980000)
 Metaspace       used 92875K, capacity 100938K, committed 101144K, reserved 1136640K
  class space    used 11244K, capacity 13597K, committed 13616K, reserved 1048576K
}
Event: 247.385 GC heap before
{Heap before GC invocations=28 (full 7):
 PSYoungGen      total 129536K, used 2979K [0x00000000f5580000, 0x00000000ffd00000, 0x0000000100000000)
  eden space 90624K, 0% used [0x00000000f5580000,0x00000000f5580000,0x00000000fae00000)
  from space 38912K, 7% used [0x00000000fae00000,0x00000000fb0e8d60,0x00000000fd400000)
  to   space 38400K, 0% used [0x00000000fd780000,0x00000000fd780000,0x00000000ffd00000)
 ParOldGen       total 108032K, used 67797K [0x00000000e0000000, 0x00000000e6980000, 0x00000000f5580000)
  object space 108032K, 62% used [0x00000000e0000000,0x00000000e4235450,0x00000000e6980000)
 Metaspace       used 92875K, capacity 100938K, committed 101144K, reserved 1136640K
  class space    used 11244K, capacity 13597K, committed 13616K, reserved 1048576K
Event: 247.721 GC heap after
Heap after GC invocations=28 (full 7):
 PSYoungGen      total 129536K, used 0K [0x00000000f5580000, 0x00000000ffd00000, 0x0000000100000000)
  eden space 90624K, 0% used [0x00000000f5580000,0x00000000f5580000,0x00000000fae00000)
  from space 38912K, 0% used [0x00000000fae00000,0x00000000fae00000,0x00000000fd400000)
  to   space 38400K, 0% used [0x00000000fd780000,0x00000000fd780000,0x00000000ffd00000)
 ParOldGen       total 108032K, used 65767K [0x00000000e0000000, 0x00000000e6980000, 0x00000000f5580000)
  object space 108032K, 60% used [0x00000000e0000000,0x00000000e4039d28,0x00000000e6980000)
 Metaspace       used 92875K, capacity 100938K, committed 101144K, reserved 1136640K
  class space    used 11244K, capacity 13597K, committed 13616K, reserved 1048576K
}

