# JRE version: Java(TM) SE Runtime Environment (8.0_66-b18) (build 1.8.0_66-b18)
# Java VM: Java HotSpot(TM) 64-Bit Server VM (25.66-b18 mixed mode windows-amd64 compressed oops)
Heap:
 PSYoungGen      total 103936K, used 41566K [0x00000000f5580000, 0x00000000fd880000, 0x0000000100000000)
  eden space 75264K, 55% used [0x00000000f5580000,0x00000000f7e17988,0x00000000f9f00000)
  from space 28672K, 0% used [0x00000000fbb80000,0x00000000fbb80000,0x00000000fd780000)
  to   space 29184K, 0% used [0x00000000f9f00000,0x00000000f9f00000,0x00000000fbb80000)
 ParOldGen       total 117248K, used 55854K [0x00000000e0000000, 0x00000000e7280000, 0x00000000f5580000)
  object space 117248K, 47% used [0x00000000e0000000,0x00000000e368bb38,0x00000000e7280000)
 Metaspace       used 81887K, capacity 88908K, committed 89136K, reserved 1126400K
  class space    used 9878K, capacity 12034K, committed 12080K, reserved 1048576K
GC Heap History (10 events):
Event: 159.667 GC heap before
{Heap before GC invocations=19 (full 5):
 PSYoungGen      total 103936K, used 4923K [0x00000000f5580000, 0x00000000fd680000, 0x0000000100000000)
  eden space 75776K, 0% used [0x00000000f5580000,0x00000000f5580000,0x00000000f9f80000)
  from space 28160K, 17% used [0x00000000fbb00000,0x00000000fbfcecf8,0x00000000fd680000)
  to   space 28160K, 0% used [0x00000000f9f80000,0x00000000f9f80000,0x00000000fbb00000)
 ParOldGen       total 117248K, used 54755K [0x00000000e0000000, 0x00000000e7280000, 0x00000000f5580000)
  object space 117248K, 46% used [0x00000000e0000000,0x00000000e3578d90,0x00000000e7280000)
 Metaspace       used 80265K, capacity 87076K, committed 87344K, reserved 1124352K
  class space    used 9721K, capacity 11806K, committed 11824K, reserved 1048576K
Event: 160.088 GC heap after
Heap after GC invocations=19 (full 5):
 PSYoungGen      total 103936K, used 0K [0x00000000f5580000, 0x00000000fd680000, 0x0000000100000000)
  eden space 75776K, 0% used [0x00000000f5580000,0x00000000f5580000,0x00000000f9f80000)
  from space 28160K, 0% used [0x00000000fbb00000,0x00000000fbb00000,0x00000000fd680000)
  to   space 28160K, 0% used [0x00000000f9f80000,0x00000000f9f80000,0x00000000fbb00000)
 ParOldGen       total 117248K, used 58401K [0x00000000e0000000, 0x00000000e7280000, 0x00000000f5580000)
  object space 117248K, 49% used [0x00000000e0000000,0x00000000e39085d8,0x00000000e7280000)
 Metaspace       used 80265K, capacity 87076K, committed 87344K, reserved 1124352K
  class space    used 9721K, capacity 11806K, committed 11824K, reserved 1048576K
}
Event: 219.667 GC heap before
{Heap before GC invocations=20 (full 5):
 PSYoungGen      total 103936K, used 5944K [0x00000000f5580000, 0x00000000fd680000, 0x0000000100000000)
  eden space 75776K, 7% used [0x00000000f5580000,0x00000000f5b4e1b8,0x00000000f9f80000)
  from space 28160K, 0% used [0x00000000fbb00000,0x00000000fbb00000,0x00000000fd680000)
  to   space 28160K, 0% used [0x00000000f9f80000,0x00000000f9f80000,0x00000000fbb00000)
 ParOldGen       total 117248K, used 58401K [0x00000000e0000000, 0x00000000e7280000, 0x00000000f5580000)
  object space 117248K, 49% used [0x00000000e0000000,0x00000000e39085d8,0x00000000e7280000)
 Metaspace       used 80278K, capacity 87076K, committed 87344K, reserved 1124352K
  class space    used 9721K, capacity 11806K, committed 11824K, reserved 1048576K
Event: 219.672 GC heap after
Heap after GC invocations=20 (full 5):
 PSYoungGen      total 103936K, used 192K [0x00000000f5580000, 0x00000000fd780000, 0x0000000100000000)
  eden space 75776K, 0% used [0x00000000f5580000,0x00000000f5580000,0x00000000f9f80000)
  from space 28160K, 0% used [0x00000000f9f80000,0x00000000f9fb0000,0x00000000fbb00000)
  to   space 28672K, 0% used [0x00000000fbb80000,0x00000000fbb80000,0x00000000fd780000)
 ParOldGen       total 117248K, used 58401K [0x00000000e0000000, 0x00000000e7280000, 0x00000000f5580000)
  object space 117248K, 49% used [0x00000000e0000000,0x00000000e39085d8,0x00000000e7280000)
 Metaspace       used 80278K, capacity 87076K, committed 87344K, reserved 1124352K
  class space    used 9721K, capacity 11806K, committed 11824K, reserved 1048576K
}
Event: 219.672 GC heap before
{Heap before GC invocations=21 (full 6):
 PSYoungGen      total 103936K, used 192K [0x00000000f5580000, 0x00000000fd780000, 0x0000000100000000)
  eden space 75776K, 0% used [0x00000000f5580000,0x00000000f5580000,0x00000000f9f80000)
  from space 28160K, 0% used [0x00000000f9f80000,0x00000000f9fb0000,0x00000000fbb00000)
  to   space 28672K, 0% used [0x00000000fbb80000,0x00000000fbb80000,0x00000000fd780000)
 ParOldGen       total 117248K, used 58401K [0x00000000e0000000, 0x00000000e7280000, 0x00000000f5580000)
  object space 117248K, 49% used [0x00000000e0000000,0x00000000e39085d8,0x00000000e7280000)
 Metaspace       used 80278K, capacity 87076K, committed 87344K, reserved 1124352K
  class space    used 9721K, capacity 11806K, committed 11824K, reserved 1048576K
Event: 219.986 GC heap after
Heap after GC invocations=21 (full 6):
 PSYoungGen      total 103936K, used 0K [0x00000000f5580000, 0x00000000fd780000, 0x0000000100000000)
  eden space 75776K, 0% used [0x00000000f5580000,0x00000000f5580000,0x00000000f9f80000)
  from space 28160K, 0% used [0x00000000f9f80000,0x00000000f9f80000,0x00000000fbb00000)
  to   space 28672K, 0% used [0x00000000fbb80000,0x00000000fbb80000,0x00000000fd780000)
 ParOldGen       total 117248K, used 55863K [0x00000000e0000000, 0x00000000e7280000, 0x00000000f5580000)
  object space 117248K, 47% used [0x00000000e0000000,0x00000000e368df70,0x00000000e7280000)
 Metaspace       used 80278K, capacity 87076K, committed 87344K, reserved 1124352K
  class space    used 9721K, capacity 11806K, committed 11824K, reserved 1048576K
}
Event: 279.675 GC heap before
{Heap before GC invocations=22 (full 6):
 PSYoungGen      total 103936K, used 5355K [0x00000000f5580000, 0x00000000fd780000, 0x0000000100000000)
  eden space 75776K, 7% used [0x00000000f5580000,0x00000000f5abac98,0x00000000f9f80000)
  from space 28160K, 0% used [0x00000000f9f80000,0x00000000f9f80000,0x00000000fbb00000)
  to   space 28672K, 0% used [0x00000000fbb80000,0x00000000fbb80000,0x00000000fd780000)
 ParOldGen       total 117248K, used 55863K [0x00000000e0000000, 0x00000000e7280000, 0x00000000f5580000)
  object space 117248K, 47% used [0x00000000e0000000,0x00000000e368df70,0x00000000e7280000)
 Metaspace       used 80302K, capacity 87076K, committed 87344K, reserved 1124352K
  class space    used 9721K, capacity 11806K, committed 11824K, reserved 1048576K
Event: 279.679 GC heap after
Heap after GC invocations=22 (full 6):
 PSYoungGen      total 103936K, used 288K [0x00000000f5580000, 0x00000000fd880000, 0x0000000100000000)
  eden space 75264K, 0% used [0x00000000f5580000,0x00000000f5580000,0x00000000f9f00000)
  from space 28672K, 1% used [0x00000000fbb80000,0x00000000fbbc8000,0x00000000fd780000)
  to   space 29184K, 0% used [0x00000000f9f00000,0x00000000f9f00000,0x00000000fbb80000)
 ParOldGen       total 117248K, used 55871K [0x00000000e0000000, 0x00000000e7280000, 0x00000000f5580000)
  object space 117248K, 47% used [0x00000000e0000000,0x00000000e368ff70,0x00000000e7280000)
 Metaspace       used 80302K, capacity 87076K, committed 87344K, reserved 1124352K
  class space    used 9721K, capacity 11806K, committed 11824K, reserved 1048576K
}
Event: 279.679 GC heap before
{Heap before GC invocations=23 (full 7):
 PSYoungGen      total 103936K, used 288K [0x00000000f5580000, 0x00000000fd880000, 0x0000000100000000)
  eden space 75264K, 0% used [0x00000000f5580000,0x00000000f5580000,0x00000000f9f00000)
  from space 28672K, 1% used [0x00000000fbb80000,0x00000000fbbc8000,0x00000000fd780000)
  to   space 29184K, 0% used [0x00000000f9f00000,0x00000000f9f00000,0x00000000fbb80000)
 ParOldGen       total 117248K, used 55871K [0x00000000e0000000, 0x00000000e7280000, 0x00000000f5580000)
  object space 117248K, 47% used [0x00000000e0000000,0x00000000e368ff70,0x00000000e7280000)
 Metaspace       used 80302K, capacity 87076K, committed 87344K, reserved 1124352K
  class space    used 9721K, capacity 11806K, committed 11824K, reserved 1048576K
Event: 279.815 GC heap after
Heap after GC invocations=23 (full 7):
 PSYoungGen      total 103936K, used 0K [0x00000000f5580000, 0x00000000fd880000, 0x0000000100000000)
  eden space 75264K, 0% used [0x00000000f5580000,0x00000000f5580000,0x00000000f9f00000)
  from space 28672K, 0% used [0x00000000fbb80000,0x00000000fbb80000,0x00000000fd780000)
  to   space 29184K, 0% used [0x00000000f9f00000,0x00000000f9f00000,0x00000000fbb80000)
 ParOldGen       total 117248K, used 55854K [0x00000000e0000000, 0x00000000e7280000, 0x00000000f5580000)
  object space 117248K, 47% used [0x00000000e0000000,0x00000000e368bb38,0x00000000e7280000)
 Metaspace       used 80302K, capacity 87076K, committed 87344K, reserved 1124352K
  class space    used 9721K, capacity 11806K, committed 11824K, reserved 1048576K
}

