# JRE version: Java(TM) SE Runtime Environment (8.0_66-b18) (build 1.8.0_66-b18)
# Java VM: Java HotSpot(TM) 64-Bit Server VM (25.66-b18 mixed mode windows-amd64 compressed oops)
Heap:
 PSYoungGen      total 140800K, used 43714K [0x00000000f5580000, 0x00000000ff300000, 0x0000000100000000)
  eden space 122368K, 33% used [0x00000000f5580000,0x00000000f7d8cb38,0x00000000fcd00000)
  from space 18432K, 14% used [0x00000000fe100000,0x00000000fe3a3d20,0x00000000ff300000)
  to   space 19456K, 0% used [0x00000000fcd00000,0x00000000fcd00000,0x00000000fe000000)
 ParOldGen       total 103936K, used 47787K [0x00000000e0000000, 0x00000000e6580000, 0x00000000f5580000)
  object space 103936K, 45% used [0x00000000e0000000,0x00000000e2eaaff8,0x00000000e6580000)
 Metaspace       used 87225K, capacity 94376K, committed 94632K, reserved 1132544K
  class space    used 10205K, capacity 12439K, committed 12456K, reserved 1048576K
GC Heap History (10 events):
Event: 524.071 GC heap before
{Heap before GC invocations=31 (full 10):
 PSYoungGen      total 118784K, used 1827K [0x00000000f5580000, 0x00000000ff380000, 0x0000000100000000)
  eden space 116736K, 0% used [0x00000000f5580000,0x00000000f5580000,0x00000000fc780000)
  from space 2048K, 89% used [0x00000000fc780000,0x00000000fc948e40,0x00000000fc980000)
  to   space 22528K, 0% used [0x00000000fdd80000,0x00000000fdd80000,0x00000000ff380000)
 ParOldGen       total 103936K, used 58207K [0x00000000e0000000, 0x00000000e6580000, 0x00000000f5580000)
  object space 103936K, 56% used [0x00000000e0000000,0x00000000e38d7d58,0x00000000e6580000)
 Metaspace       used 85342K, capacity 92678K, committed 92968K, reserved 1130496K
  class space    used 10094K, capacity 12217K, committed 12328K, reserved 1048576K
Event: 524.353 GC heap after
Heap after GC invocations=31 (full 10):
 PSYoungGen      total 118784K, used 0K [0x00000000f5580000, 0x00000000ff380000, 0x0000000100000000)
  eden space 116736K, 0% used [0x00000000f5580000,0x00000000f5580000,0x00000000fc780000)
  from space 2048K, 0% used [0x00000000fc780000,0x00000000fc780000,0x00000000fc980000)
  to   space 22528K, 0% used [0x00000000fdd80000,0x00000000fdd80000,0x00000000ff380000)
 ParOldGen       total 103936K, used 47729K [0x00000000e0000000, 0x00000000e6580000, 0x00000000f5580000)
  object space 103936K, 45% used [0x00000000e0000000,0x00000000e2e9c538,0x00000000e6580000)
 Metaspace       used 85307K, capacity 92620K, committed 92968K, reserved 1130496K
  class space    used 10087K, capacity 12204K, committed 12328K, reserved 1048576K
}
Event: 573.196 GC heap before
{Heap before GC invocations=32 (full 10):
 PSYoungGen      total 118784K, used 116736K [0x00000000f5580000, 0x00000000ff380000, 0x0000000100000000)
  eden space 116736K, 100% used [0x00000000f5580000,0x00000000fc780000,0x00000000fc780000)
  from space 2048K, 0% used [0x00000000fc780000,0x00000000fc780000,0x00000000fc980000)
  to   space 22528K, 0% used [0x00000000fdd80000,0x00000000fdd80000,0x00000000ff380000)
 ParOldGen       total 103936K, used 47729K [0x00000000e0000000, 0x00000000e6580000, 0x00000000f5580000)
  object space 103936K, 45% used [0x00000000e0000000,0x00000000e2e9c538,0x00000000e6580000)
 Metaspace       used 85756K, capacity 93092K, committed 93224K, reserved 1130496K
  class space    used 10095K, capacity 12272K, committed 12328K, reserved 1048576K
Event: 573.200 GC heap after
Heap after GC invocations=32 (full 10):
 PSYoungGen      total 140288K, used 2009K [0x00000000f5580000, 0x00000000ff700000, 0x0000000100000000)
  eden space 117760K, 0% used [0x00000000f5580000,0x00000000f5580000,0x00000000fc880000)
  from space 22528K, 8% used [0x00000000fdd80000,0x00000000fdf765d0,0x00000000ff380000)
  to   space 21504K, 0% used [0x00000000fc880000,0x00000000fc880000,0x00000000fdd80000)
 ParOldGen       total 103936K, used 47737K [0x00000000e0000000, 0x00000000e6580000, 0x00000000f5580000)
  object space 103936K, 45% used [0x00000000e0000000,0x00000000e2e9e538,0x00000000e6580000)
 Metaspace       used 85756K, capacity 93092K, committed 93224K, reserved 1130496K
  class space    used 10095K, capacity 12272K, committed 12328K, reserved 1048576K
}
Event: 604.827 GC heap before
{Heap before GC invocations=33 (full 10):
 PSYoungGen      total 140288K, used 76490K [0x00000000f5580000, 0x00000000ff700000, 0x0000000100000000)
  eden space 117760K, 63% used [0x00000000f5580000,0x00000000f9e3c5d8,0x00000000fc880000)
  from space 22528K, 8% used [0x00000000fdd80000,0x00000000fdf765d0,0x00000000ff380000)
  to   space 21504K, 0% used [0x00000000fc880000,0x00000000fc880000,0x00000000fdd80000)
 ParOldGen       total 103936K, used 47737K [0x00000000e0000000, 0x00000000e6580000, 0x00000000f5580000)
  object space 103936K, 45% used [0x00000000e0000000,0x00000000e2e9e538,0x00000000e6580000)
 Metaspace       used 86029K, capacity 93286K, committed 93480K, reserved 1130496K
  class space    used 10099K, capacity 12274K, committed 12328K, reserved 1048576K
Event: 604.831 GC heap after
Heap after GC invocations=33 (full 10):
 PSYoungGen      total 139264K, used 2500K [0x00000000f5580000, 0x00000000ff500000, 0x0000000100000000)
  eden space 117760K, 0% used [0x00000000f5580000,0x00000000f5580000,0x00000000fc880000)
  from space 21504K, 11% used [0x00000000fc880000,0x00000000fcaf1070,0x00000000fdd80000)
  to   space 20480K, 0% used [0x00000000fe100000,0x00000000fe100000,0x00000000ff500000)
 ParOldGen       total 103936K, used 47745K [0x00000000e0000000, 0x00000000e6580000, 0x00000000f5580000)
  object space 103936K, 45% used [0x00000000e0000000,0x00000000e2ea0538,0x00000000e6580000)
 Metaspace       used 86029K, capacity 93286K, committed 93480K, reserved 1130496K
  class space    used 10099K, capacity 12274K, committed 12328K, reserved 1048576K
}
Event: 604.831 GC heap before
{Heap before GC invocations=34 (full 11):
 PSYoungGen      total 139264K, used 2500K [0x00000000f5580000, 0x00000000ff500000, 0x0000000100000000)
  eden space 117760K, 0% used [0x00000000f5580000,0x00000000f5580000,0x00000000fc880000)
  from space 21504K, 11% used [0x00000000fc880000,0x00000000fcaf1070,0x00000000fdd80000)
  to   space 20480K, 0% used [0x00000000fe100000,0x00000000fe100000,0x00000000ff500000)
 ParOldGen       total 103936K, used 47745K [0x00000000e0000000, 0x00000000e6580000, 0x00000000f5580000)
  object space 103936K, 45% used [0x00000000e0000000,0x00000000e2ea0538,0x00000000e6580000)
 Metaspace       used 86029K, capacity 93286K, committed 93480K, reserved 1130496K
  class space    used 10099K, capacity 12274K, committed 12328K, reserved 1048576K
Event: 605.134 GC heap after
Heap after GC invocations=34 (full 11):
 PSYoungGen      total 139264K, used 0K [0x00000000f5580000, 0x00000000ff500000, 0x0000000100000000)
  eden space 117760K, 0% used [0x00000000f5580000,0x00000000f5580000,0x00000000fc880000)
  from space 21504K, 0% used [0x00000000fc880000,0x00000000fc880000,0x00000000fdd80000)
  to   space 20480K, 0% used [0x00000000fe100000,0x00000000fe100000,0x00000000ff500000)
 ParOldGen       total 103936K, used 47779K [0x00000000e0000000, 0x00000000e6580000, 0x00000000f5580000)
  object space 103936K, 45% used [0x00000000e0000000,0x00000000e2ea8ff8,0x00000000e6580000)
 Metaspace       used 86029K, capacity 93286K, committed 93480K, reserved 1130496K
  class space    used 10099K, capacity 12274K, committed 12328K, reserved 1048576K
}
Event: 635.103 GC heap before
{Heap before GC invocations=35 (full 11):
 PSYoungGen      total 139264K, used 117760K [0x00000000f5580000, 0x00000000ff500000, 0x0000000100000000)
  eden space 117760K, 100% used [0x00000000f5580000,0x00000000fc880000,0x00000000fc880000)
  from space 21504K, 0% used [0x00000000fc880000,0x00000000fc880000,0x00000000fdd80000)
  to   space 20480K, 0% used [0x00000000fe100000,0x00000000fe100000,0x00000000ff500000)
 ParOldGen       total 103936K, used 47779K [0x00000000e0000000, 0x00000000e6580000, 0x00000000f5580000)
  object space 103936K, 45% used [0x00000000e0000000,0x00000000e2ea8ff8,0x00000000e6580000)
 Metaspace       used 86403K, capacity 93598K, committed 93736K, reserved 1130496K
  class space    used 10110K, capacity 12310K, committed 12328K, reserved 1048576K
Event: 635.108 GC heap after
Heap after GC invocations=35 (full 11):
 PSYoungGen      total 140800K, used 2703K [0x00000000f5580000, 0x00000000ff300000, 0x0000000100000000)
  eden space 122368K, 0% used [0x00000000f5580000,0x00000000f5580000,0x00000000fcd00000)
  from space 18432K, 14% used [0x00000000fe100000,0x00000000fe3a3d20,0x00000000ff300000)
  to   space 19456K, 0% used [0x00000000fcd00000,0x00000000fcd00000,0x00000000fe000000)
 ParOldGen       total 103936K, used 47787K [0x00000000e0000000, 0x00000000e6580000, 0x00000000f5580000)
  object space 103936K, 45% used [0x00000000e0000000,0x00000000e2eaaff8,0x00000000e6580000)
 Metaspace       used 86403K, capacity 93598K, committed 93736K, reserved 1130496K
  class space    used 10110K, capacity 12310K, committed 12328K, reserved 1048576K
}

