# JRE version: Java(TM) SE Runtime Environment (8.0_66-b18) (build 1.8.0_66-b18)
# Java VM: Java HotSpot(TM) 64-Bit Server VM (25.66-b18 mixed mode windows-amd64 compressed oops)
Heap:
 PSYoungGen      total 107008K, used 38523K [0x00000000f5580000, 0x00000000fe100000, 0x0000000100000000)
  eden space 77312K, 49% used [0x00000000f5580000,0x00000000f7b1ef58,0x00000000fa100000)
  from space 29696K, 0% used [0x00000000fc000000,0x00000000fc000000,0x00000000fdd00000)
  to   space 31744K, 0% used [0x00000000fa100000,0x00000000fa100000,0x00000000fc000000)
 ParOldGen       total 116736K, used 57578K [0x00000000e0000000, 0x00000000e7200000, 0x00000000f5580000)
  object space 116736K, 49% used [0x00000000e0000000,0x00000000e383aba8,0x00000000e7200000)
 Metaspace       used 81314K, capacity 88114K, committed 88232K, reserved 1126400K
  class space    used 9801K, capacity 11915K, committed 11944K, reserved 1048576K
GC Heap History (10 events):
Event: 7.745 GC heap before
{Heap before GC invocations=14 (full 3):
 PSYoungGen      total 86016K, used 81177K [0x00000000f5580000, 0x00000000fc080000, 0x0000000100000000)
  eden space 64512K, 100% used [0x00000000f5580000,0x00000000f9480000,0x00000000f9480000)
  from space 21504K, 77% used [0x00000000fab00000,0x00000000fbb46400,0x00000000fc000000)
  to   space 22528K, 0% used [0x00000000f9480000,0x00000000f9480000,0x00000000faa80000)
 ParOldGen       total 116736K, used 41347K [0x00000000e0000000, 0x00000000e7200000, 0x00000000f5580000)
  object space 116736K, 35% used [0x00000000e0000000,0x00000000e2860fe0,0x00000000e7200000)
 Metaspace       used 71657K, capacity 77828K, committed 77992K, reserved 1116160K
  class space    used 8738K, capacity 10650K, committed 10664K, reserved 1048576K
Event: 7.765 GC heap after
Heap after GC invocations=14 (full 3):
 PSYoungGen      total 87040K, used 21570K [0x00000000f5580000, 0x00000000fd080000, 0x0000000100000000)
  eden space 64512K, 0% used [0x00000000f5580000,0x00000000f5580000,0x00000000f9480000)
  from space 22528K, 95% used [0x00000000f9480000,0x00000000fa990938,0x00000000faa80000)
  to   space 25600K, 0% used [0x00000000fb780000,0x00000000fb780000,0x00000000fd080000)
 ParOldGen       total 116736K, used 41355K [0x00000000e0000000, 0x00000000e7200000, 0x00000000f5580000)
  object space 116736K, 35% used [0x00000000e0000000,0x00000000e2862fe0,0x00000000e7200000)
 Metaspace       used 71657K, capacity 77828K, committed 77992K, reserved 1116160K
  class space    used 8738K, capacity 10650K, committed 10664K, reserved 1048576K
}
Event: 27.515 GC heap before
{Heap before GC invocations=15 (full 3):
 PSYoungGen      total 87040K, used 86082K [0x00000000f5580000, 0x00000000fd080000, 0x0000000100000000)
  eden space 64512K, 100% used [0x00000000f5580000,0x00000000f9480000,0x00000000f9480000)
  from space 22528K, 95% used [0x00000000f9480000,0x00000000fa990938,0x00000000faa80000)
  to   space 25600K, 0% used [0x00000000fb780000,0x00000000fb780000,0x00000000fd080000)
 ParOldGen       total 116736K, used 41355K [0x00000000e0000000, 0x00000000e7200000, 0x00000000f5580000)
  object space 116736K, 35% used [0x00000000e0000000,0x00000000e2862fe0,0x00000000e7200000)
 Metaspace       used 76343K, capacity 82702K, committed 82728K, reserved 1120256K
  class space    used 9307K, capacity 11294K, committed 11304K, reserved 1048576K
Event: 27.529 GC heap after
Heap after GC invocations=15 (full 3):
 PSYoungGen      total 97792K, used 22333K [0x00000000f5580000, 0x00000000fd380000, 0x0000000100000000)
  eden space 72192K, 0% used [0x00000000f5580000,0x00000000f5580000,0x00000000f9c00000)
  from space 25600K, 87% used [0x00000000fb780000,0x00000000fcd4f770,0x00000000fd080000)
  to   space 28160K, 0% used [0x00000000f9c00000,0x00000000f9c00000,0x00000000fb780000)
 ParOldGen       total 116736K, used 41363K [0x00000000e0000000, 0x00000000e7200000, 0x00000000f5580000)
  object space 116736K, 35% used [0x00000000e0000000,0x00000000e2864fe0,0x00000000e7200000)
 Metaspace       used 76343K, capacity 82702K, committed 82728K, reserved 1120256K
  class space    used 9307K, capacity 11294K, committed 11304K, reserved 1048576K
}
Event: 37.089 GC heap before
{Heap before GC invocations=16 (full 3):
 PSYoungGen      total 97792K, used 94525K [0x00000000f5580000, 0x00000000fd380000, 0x0000000100000000)
  eden space 72192K, 100% used [0x00000000f5580000,0x00000000f9c00000,0x00000000f9c00000)
  from space 25600K, 87% used [0x00000000fb780000,0x00000000fcd4f770,0x00000000fd080000)
  to   space 28160K, 0% used [0x00000000f9c00000,0x00000000f9c00000,0x00000000fb780000)
 ParOldGen       total 116736K, used 41363K [0x00000000e0000000, 0x00000000e7200000, 0x00000000f5580000)
  object space 116736K, 35% used [0x00000000e0000000,0x00000000e2864fe0,0x00000000e7200000)
 Metaspace       used 78213K, capacity 84582K, committed 84648K, reserved 1122304K
  class space    used 9453K, capacity 11428K, committed 11432K, reserved 1048576K
Event: 37.102 GC heap after
Heap after GC invocations=16 (full 3):
 PSYoungGen      total 100352K, used 21976K [0x00000000f5580000, 0x00000000fdd00000, 0x0000000100000000)
  eden space 72192K, 0% used [0x00000000f5580000,0x00000000f5580000,0x00000000f9c00000)
  from space 28160K, 78% used [0x00000000f9c00000,0x00000000fb176200,0x00000000fb780000)
  to   space 29696K, 0% used [0x00000000fc000000,0x00000000fc000000,0x00000000fdd00000)
 ParOldGen       total 116736K, used 41371K [0x00000000e0000000, 0x00000000e7200000, 0x00000000f5580000)
  object space 116736K, 35% used [0x00000000e0000000,0x00000000e2866fe0,0x00000000e7200000)
 Metaspace       used 78213K, capacity 84582K, committed 84648K, reserved 1122304K
  class space    used 9453K, capacity 11428K, committed 11432K, reserved 1048576K
}
Event: 63.403 GC heap before
{Heap before GC invocations=17 (full 3):
 PSYoungGen      total 100352K, used 52663K [0x00000000f5580000, 0x00000000fdd00000, 0x0000000100000000)
  eden space 72192K, 42% used [0x00000000f5580000,0x00000000f7377d20,0x00000000f9c00000)
  from space 28160K, 78% used [0x00000000f9c00000,0x00000000fb176200,0x00000000fb780000)
  to   space 29696K, 0% used [0x00000000fc000000,0x00000000fc000000,0x00000000fdd00000)
 ParOldGen       total 116736K, used 41371K [0x00000000e0000000, 0x00000000e7200000, 0x00000000f5580000)
  object space 116736K, 35% used [0x00000000e0000000,0x00000000e2866fe0,0x00000000e7200000)
 Metaspace       used 79935K, capacity 86540K, committed 86824K, reserved 1124352K
  class space    used 9659K, capacity 11689K, committed 11816K, reserved 1048576K
Event: 63.416 GC heap after
Heap after GC invocations=17 (full 3):
 PSYoungGen      total 107008K, used 23146K [0x00000000f5580000, 0x00000000fe100000, 0x0000000100000000)
  eden space 77312K, 0% used [0x00000000f5580000,0x00000000f5580000,0x00000000fa100000)
  from space 29696K, 77% used [0x00000000fc000000,0x00000000fd69a988,0x00000000fdd00000)
  to   space 31744K, 0% used [0x00000000fa100000,0x00000000fa100000,0x00000000fc000000)
 ParOldGen       total 116736K, used 41379K [0x00000000e0000000, 0x00000000e7200000, 0x00000000f5580000)
  object space 116736K, 35% used [0x00000000e0000000,0x00000000e2868fe0,0x00000000e7200000)
 Metaspace       used 79935K, capacity 86540K, committed 86824K, reserved 1124352K
  class space    used 9659K, capacity 11689K, committed 11816K, reserved 1048576K
}
Event: 63.416 GC heap before
{Heap before GC invocations=18 (full 4):
 PSYoungGen      total 107008K, used 23146K [0x00000000f5580000, 0x00000000fe100000, 0x0000000100000000)
  eden space 77312K, 0% used [0x00000000f5580000,0x00000000f5580000,0x00000000fa100000)
  from space 29696K, 77% used [0x00000000fc000000,0x00000000fd69a988,0x00000000fdd00000)
  to   space 31744K, 0% used [0x00000000fa100000,0x00000000fa100000,0x00000000fc000000)
 ParOldGen       total 116736K, used 41379K [0x00000000e0000000, 0x00000000e7200000, 0x00000000f5580000)
  object space 116736K, 35% used [0x00000000e0000000,0x00000000e2868fe0,0x00000000e7200000)
 Metaspace       used 79935K, capacity 86540K, committed 86824K, reserved 1124352K
  class space    used 9659K, capacity 11689K, committed 11816K, reserved 1048576K
Event: 63.762 GC heap after
Heap after GC invocations=18 (full 4):
 PSYoungGen      total 107008K, used 0K [0x00000000f5580000, 0x00000000fe100000, 0x0000000100000000)
  eden space 77312K, 0% used [0x00000000f5580000,0x00000000f5580000,0x00000000fa100000)
  from space 29696K, 0% used [0x00000000fc000000,0x00000000fc000000,0x00000000fdd00000)
  to   space 31744K, 0% used [0x00000000fa100000,0x00000000fa100000,0x00000000fc000000)
 ParOldGen       total 116736K, used 57578K [0x00000000e0000000, 0x00000000e7200000, 0x00000000f5580000)
  object space 116736K, 49% used [0x00000000e0000000,0x00000000e383aba8,0x00000000e7200000)
 Metaspace       used 79935K, capacity 86540K, committed 86824K, reserved 1124352K
  class space    used 9659K, capacity 11689K, committed 11816K, reserved 1048576K
}

